<?xml version="1.0" encoding="UTF-8"?>

<result>
  <events>
    <event>
      <id>E0-001-060179278-3</id>
      <url>http://eventful.com/louisville_ky/events/2014-pga-championship-thursday-competition-/E0-001-060179278-3?utm_source=apis&amp;utm_medium=apim&amp;utm_campaign=apic</url>
      <title>2014 PGA Championship Thursday Competition</title>
      <description></description>
      <start_time>2014-08-07 08:00:00</start_time>
      <stop_time></stop_time>
      <venue_id>V0-001-000810991-7</venue_id>
      <all_day>0</all_day>
      <recur_string></recur_string>
      <created>2013-08-15 13:03:44</created>
      <owner>evdb</owner>
      <privacy>1</privacy>
      <free></free>
      <price></price>
      <modified>2013-08-15 13:03:44</modified>
      <popularity>0069</popularity>
      <performers></performers>
      <tickets>
        <link>
          <url>http://www.vividseats.com/pga-golf/pga-championship-tickets/pga-championship-8-7-1471403.html?utm_source=eventful&amp;utm_medium=cpc&amp;utm_campaign=Sport&amp;utm_term=PGA+Championship&amp;wsUser=172</url>
          <description></description>
          <provider>vividseats.com</provider>
          <time>2013-09-30 20:26:47</time>
        </link>
        <link>
          <url>http://stubhub.com/?event_id=4338279</url>
          <description></description>
          <provider>stubhub.com</provider>
          <time>2013-08-15 13:03:48</time>
        </link>
        <link>
          <url>http://www.gigaticket.com/ResultsTicket.aspx?evtid=2152444&amp;ppcsrc=eventful</url>
          <description></description>
          <provider>gigaticket.com</provider>
          <time>2013-08-20 06:18:48</time>
        </link>
      </tickets>
      <image></image>
      <categories>
        <category>
          <id>sports</id>
          <name>Sports</name>
        </category>
      </categories>
      <subcategories>
        <subcategory>
          <id>sports_golf</id>
          <parent>sports</parent>
          <name>Sports: Golf</name>
          <short_name>Golf</short_name>
        </subcategory>
      </subcategories>
    </event>
    <event>
      <id>E0-001-060116380-2</id>
      <url>http://eventful.com/louisville_ky/events/2014-pga-championship-monday-practice-/E0-001-060116380-2?utm_source=apis&amp;utm_medium=apim&amp;utm_campaign=apic</url>
      <title>2014 PGA Championship Monday Practice</title>
      <description></description>
      <start_time>2014-08-04 08:00:00</start_time>
      <stop_time></stop_time>
      <venue_id>V0-001-000810991-7</venue_id>
      <all_day>0</all_day>
      <recur_string></recur_string>
      <created>2013-08-13 10:07:00</created>
      <owner>evdb</owner>
      <privacy>1</privacy>
      <free></free>
      <price></price>
      <modified>2013-08-13 10:17:02</modified>
      <popularity>0069</popularity>
      <performers></performers>
      <tickets>
        <link>
          <url>http://www.vividseats.com/pga-golf/pga-championship-tickets/pga-championship-8-4-1471383.html?utm_source=eventful&amp;utm_medium=cpc&amp;utm_campaign=Sport&amp;utm_term=PGA+Championship&amp;wsUser=172</url>
          <description></description>
          <provider>vividseats.com</provider>
          <time>2013-10-01 11:03:31</time>
        </link>
        <link>
          <url>http://stubhub.com/?event_id=4338276</url>
          <description></description>
          <provider>stubhub.com</provider>
          <time>2013-08-13 10:07:04</time>
        </link>
        <link>
          <url>http://www.gigaticket.com/ResultsTicket.aspx?evtid=2151097&amp;ppcsrc=eventful</url>
          <description></description>
          <provider>gigaticket.com</provider>
          <time>2013-08-13 23:11:54</time>
        </link>
        <link>
          <url>http://www.gigaticket.com/ResultsTicket.aspx?evtid=2152633&amp;ppcsrc=eventful</url>
          <description></description>
          <provider>gigaticket.com</provider>
          <time>2013-08-26 12:04:06</time>
        </link>
      </tickets>
      <image></image>
      <categories>
        <category>
          <id>sports</id>
          <name>Sports</name>
        </category>
      </categories>
      <subcategories>
        <subcategory>
          <id>sports_golf</id>
          <parent>sports</parent>
          <name>Sports: Golf</name>
          <short_name>Golf</short_name>
        </subcategory>
      </subcategories>
    </event>
    <event>
      <id>E0-001-052407295-5@2014041618</id>
      <url>http://eventful.com/frenchtown/events/yoga-healthy-back-supath-/E0-001-052407295-5@2014041618?utm_source=apis&amp;utm_medium=apim&amp;utm_campaign=apic</url>
      <title>Yoga for a Healthy Back - Supatha YOGA | Hunterdon County NJ</title>
      <description>Explore the therapeutic benefits of Supatha yoga back care sequences.
	You will learn poses to strengthening the back extensors; that deep layer of back muscles that hold the body up against the force of gravity, while stretching certain areas to restore normal body alignment. 

This class is designed for people who would like to explore the therapeutic benefits of yoga and promote healing for back injuries or to prevent back pain and weakness, while protecting pre existing injuries.

Every Wednesday at 6:00 pm</description>
      <start_time>2014-04-16 18:00:00</start_time>
      <stop_time>2014-04-16 19:00:00</stop_time>
      <venue_id>V0-001-005317854-6</venue_id>
      <all_day>0</all_day>
      <recur_string>weekly on Wednesdays for 9999999 times</recur_string>
      <created>2012-11-09 17:59:26</created>
      <owner>Supatha</owner>
      <privacy>1</privacy>
      <free>0</free>
      <price>$8 - $17</price>
      <modified>2012-11-09 17:59:26</modified>
      <popularity>0047</popularity>
      <performers></performers>
      <tickets></tickets>
      <image>
        <url>http://s2.evcdn.com/images/block/I0-001/012/630/561-9.jpeg_/yoga-healthy-back-supatha-yoga-hunte-61.jpeg</url>
        <width>128</width>
        <height>128</height>
        <block>
          <url>http://s2.evcdn.com/images/block/I0-001/012/630/561-9.jpeg_/yoga-healthy-back-supatha-yoga-hunte-61.jpeg</url>
          <width>128</width>
          <height>128</height>
        </block>
        <large>
          <url>http://s2.evcdn.com/images/large/I0-001/012/630/561-9.jpeg_/yoga-healthy-back-supatha-yoga-hunte-61.jpeg</url>
          <width>480</width>
          <height>480</height>
        </large>
      </image>
      <categories>
        <category>
          <id>sports</id>
          <name>Sports</name>
        </category>
      </categories>
      <subcategories></subcategories>
    </event>
    <event>
      <id>E0-001-052407299-1@2014041617</id>
      <url>http://eventful.com/frenchtown/events/pilates-inspiredstrengthe-/E0-001-052407299-1@2014041617?utm_source=apis&amp;utm_medium=apim&amp;utm_campaign=apic</url>
      <title>Pilates Inspired…Strengthen-TONE-Sculpt - Supatha YOGA | Hunterdon NJ</title>
      <description>Get fit…Have fun…Core stabilization, postural alignment, and balance. Our Pilates inspired Supatha method of body conditioning is fueled by core breathing techniques, proper structural positioning, repetitive movements and gravity to help strengthen and tone the muscles.
Tension rings, balls, bands and weighted bars are incorporated for greater resistance, overall body fitness, flexibility and coordination. A pleasing body shape is an added benefit :) 
All levels welcome…
Every Monday and Wednesday at 5:00pm</description>
      <start_time>2014-04-16 17:00:00</start_time>
      <stop_time>2014-04-16 18:00:00</stop_time>
      <venue_id>V0-001-005317854-6</venue_id>
      <all_day>0</all_day>
      <recur_string>weekly on Wednesdays for 9999999 times</recur_string>
      <created>2012-11-09 18:03:28</created>
      <owner>Supatha</owner>
      <privacy>1</privacy>
      <free>0</free>
      <price>$8 - 417</price>
      <modified>2012-11-09 18:03:28</modified>
      <popularity>0047</popularity>
      <performers></performers>
      <tickets></tickets>
      <image>
        <url>http://s2.evcdn.com/images/block/I0-001/012/630/633-5.jpeg_/pilates-inspiredstrengthentonesculpt-33.jpeg</url>
        <width>128</width>
        <height>128</height>
        <block>
          <url>http://s2.evcdn.com/images/block/I0-001/012/630/633-5.jpeg_/pilates-inspiredstrengthentonesculpt-33.jpeg</url>
          <width>128</width>
          <height>128</height>
        </block>
        <large>
          <url>http://s2.evcdn.com/images/large/I0-001/012/630/633-5.jpeg_/pilates-inspiredstrengthentonesculpt-33.jpeg</url>
          <width>480</width>
          <height>480</height>
        </large>
      </image>
      <categories>
        <category>
          <id>sports</id>
          <name>Sports</name>
        </category>
      </categories>
      <subcategories></subcategories>
    </event>
    <event>
      <id>E0-001-058101842-8@2014092115</id>
      <url>http://eventful.com/philadelphia_pa/events/walnut-street-theatr-/E0-001-058101842-8@2014092115?utm_source=apis&amp;utm_medium=apim&amp;utm_campaign=apic</url>
      <title>Walnut Street Theatre's Seussical Jr.</title>
      <description></description>
      <start_time>2014-09-21 15:30:00</start_time>
      <stop_time></stop_time>
      <venue_id>V0-001-000219598-5</venue_id>
      <all_day>0</all_day>
      <recur_string>on various days</recur_string>
      <created>2013-06-08 13:28:48</created>
      <owner>evdb</owner>
      <privacy>1</privacy>
      <free></free>
      <price>USD 10.00</price>
      <modified>2013-06-08 13:28:52</modified>
      <popularity>0047</popularity>
      <performers></performers>
      <tickets></tickets>
      <image>
        <url>http://s4.evcdn.com/images/block/I0-001/014/690/363-1.jpeg_/walnut-street-theatres-seussical-jr-63.jpeg</url>
        <width>128</width>
        <height>128</height>
        <block>
          <url>http://s4.evcdn.com/images/block/I0-001/014/690/363-1.jpeg_/walnut-street-theatres-seussical-jr-63.jpeg</url>
          <width>128</width>
          <height>128</height>
        </block>
        <large>
          <url>http://s4.evcdn.com/images/large/I0-001/014/690/363-1.jpeg_/walnut-street-theatres-seussical-jr-63.jpeg</url>
          <width>480</width>
          <height>480</height>
        </large>
      </image>
      <categories>
        <category>
          <id>performing_arts</id>
          <name>Performing Arts</name>
        </category>
      </categories>
      <subcategories>
        <subcategory>
          <id>performing_arts_theatre</id>
          <parent>performing_arts</parent>
          <name>Performing Arts: Theatre</name>
          <short_name>Theatre</short_name>
        </subcategory>
      </subcategories>
    </event>
    <event>
      <id>E0-001-052850599-2</id>
      <url>http://eventful.com/eaststroudsburg/events/twisting-life-/E0-001-052850599-2?utm_source=apis&amp;utm_medium=apim&amp;utm_campaign=apic</url>
      <title>TWISTING LIFE</title>
      <description></description>
      <start_time>2014-12-28 19:00:00</start_time>
      <stop_time></stop_time>
      <venue_id>V0-001-000781648-1</venue_id>
      <all_day>0</all_day>
      <recur_string></recur_string>
      <created>2012-12-01 04:44:52</created>
      <owner>evdb</owner>
      <privacy>1</privacy>
      <free></free>
      <price>USD 8.00</price>
      <modified>2013-02-14 15:19:39</modified>
      <popularity>0047</popularity>
      <performers></performers>
      <tickets></tickets>
      <image>
        <url>http://s4.evcdn.com/images/block/I0-001/013/555/471-2.jpeg_/twisting-life-71.jpeg</url>
        <width>128</width>
        <height>128</height>
        <block>
          <url>http://s4.evcdn.com/images/block/I0-001/013/555/471-2.jpeg_/twisting-life-71.jpeg</url>
          <width>128</width>
          <height>128</height>
        </block>
        <large>
          <url>http://s4.evcdn.com/images/large/I0-001/013/555/471-2.jpeg_/twisting-life-71.jpeg</url>
          <width>480</width>
          <height>480</height>
        </large>
      </image>
      <categories>
        <category>
          <id>music</id>
          <name>Concerts &amp;amp; Tour Dates</name>
        </category>
      </categories>
      <subcategories>
        <subcategory>
          <id>music_rock</id>
          <parent>music</parent>
          <name>Concerts &amp;amp; Tour Dates: Rock</name>
          <short_name>Rock</short_name>
        </subcategory>
        <subcategory>
          <id>music_pop</id>
          <parent>music</parent>
          <name>Concerts &amp;amp; Tour Dates: Pop</name>
          <short_name>Pop</short_name>
        </subcategory>
      </subcategories>
    </event>
    <event>
      <id>E0-001-058390199-1</id>
      <url>http://eventful.com/littlerock_ar/events/ztm-uatpaul-/E0-001-058390199-1?utm_source=apis&amp;utm_medium=apim&amp;utm_campaign=apic</url>
      <title>ZTM UATPaul</title>
      <description></description>
      <start_time>2015-04-05 20:00:00</start_time>
      <stop_time></stop_time>
      <venue_id>V0-001-007075461-7</venue_id>
      <all_day>0</all_day>
      <recur_string></recur_string>
      <created>2013-06-18 16:22:01</created>
      <owner>evdb</owner>
      <privacy>1</privacy>
      <free></free>
      <price>USD 1.00</price>
      <modified>2013-07-04 23:34:13</modified>
      <popularity>0047</popularity>
      <performers></performers>
      <tickets></tickets>
      <image></image>
      <categories>
        <category>
          <id>sports</id>
          <name>Sports</name>
        </category>
      </categories>
      <subcategories></subcategories>
    </event>
    <event>
      <id>E0-001-051096178-6@2014042118</id>
      <url>http://eventful.com/frenchtown/events/therapeutic-flow-yoga-/E0-001-051096178-6@2014042118?utm_source=apis&amp;utm_medium=apim&amp;utm_campaign=apic</url>
      <title>Therapeutic Flow Yoga</title>
      <description>Specific postures and sequencing to promote spinal stability, strength and flexibility while protecting any per-existing condition. Helps heal back, joint &amp; muscle injuries and weakness and increases Healthy Joint Range of Motion, Postural Alignment and Balance. This class incorporates the use of a chair and props for added support and comfort. Gentle but Challenging
(PREGNANCY WELCOME 12 weeks +) Every Monday at 6:00pm</description>
      <start_time>2014-04-21 18:00:00</start_time>
      <stop_time>2014-04-21 19:00:00</stop_time>
      <venue_id>V0-001-005317854-6</venue_id>
      <all_day>0</all_day>
      <recur_string>weekly on Mondays for 99999999 times</recur_string>
      <created>2012-09-09 09:41:28</created>
      <owner>Supatha</owner>
      <privacy>1</privacy>
      <free></free>
      <price>$17 drop-in Rate…Discount Packages available</price>
      <modified>2012-09-09 09:41:28</modified>
      <popularity>0047</popularity>
      <performers></performers>
      <tickets></tickets>
      <image>
        <url>http://s4.evcdn.com/images/block/I0-001/011/055/415-3.jpeg_/therapeutic-flow-yoga-15.jpeg</url>
        <width>128</width>
        <height>128</height>
        <block>
          <url>http://s4.evcdn.com/images/block/I0-001/011/055/415-3.jpeg_/therapeutic-flow-yoga-15.jpeg</url>
          <width>128</width>
          <height>128</height>
        </block>
        <large>
          <url>http://s4.evcdn.com/images/large/I0-001/011/055/415-3.jpeg_/therapeutic-flow-yoga-15.jpeg</url>
          <width>480</width>
          <height>480</height>
        </large>
      </image>
      <categories>
        <category>
          <id>sports</id>
          <name>Sports</name>
        </category>
      </categories>
      <subcategories></subcategories>
    </event>
    <event>
      <id>E0-001-056428398-2</id>
      <url>http://eventful.com/baltimore_md/events/baltimore-bohemians-v-jersey-express-/E0-001-056428398-2?utm_source=apis&amp;utm_medium=apim&amp;utm_campaign=apic</url>
      <title>Baltimore Bohemians v. Jersey Express</title>
      <description></description>
      <start_time>2015-06-09 19:00:00</start_time>
      <stop_time></stop_time>
      <venue_id>V0-001-002945057-9</venue_id>
      <all_day>0</all_day>
      <recur_string></recur_string>
      <created>2013-04-16 19:01:31</created>
      <owner>evdb</owner>
      <privacy>1</privacy>
      <free></free>
      <price>USD 0.00</price>
      <modified>2013-06-12 20:19:39</modified>
      <popularity>0047</popularity>
      <performers></performers>
      <tickets></tickets>
      <image></image>
      <categories>
        <category>
          <id>sports</id>
          <name>Sports</name>
        </category>
      </categories>
      <subcategories>
        <subcategory>
          <id>sports_football</id>
          <parent>sports</parent>
          <name>Sports: Football</name>
          <short_name>Football</short_name>
        </subcategory>
      </subcategories>
    </event>
    <event>
      <id>E0-001-038788586-4@2013080714</id>
      <url>http://eventful.com/newyork_ny/events/book-mormon-/E0-001-038788586-4@2013080714?utm_source=apis&amp;utm_medium=apim&amp;utm_campaign=apic</url>
      <title>The Book Of Mormon</title>
      <description>When &amp;quot;South Park&amp;quot; creators Trey Parker and Matt Stone announced their plans to write a new Broadway musical called The Book of Mormon, industry folks told them: &amp;quot;Well, Broadway&amp;#39;s an older crowd.&amp;quot;</description>
      <start_time>2013-08-07 14:00:00</start_time>
      <stop_time></stop_time>
      <venue_id>V0-001-000443156-2</venue_id>
      <all_day>0</all_day>
      <recur_string>on various days</recur_string>
      <created>2011-05-03 05:47:07</created>
      <owner>mark114</owner>
      <privacy>1</privacy>
      <free></free>
      <price>  Telecharge - e-tickets; can mail to purchaser Book of Mormon 185.62 &lt;br&gt;&lt;br&gt;
</price>
      <modified>2014-04-15 01:30:33</modified>
      <popularity>0040</popularity>
      <performers>
        <performer>
          <id>P0-001-000247555-3</id>
        </performer>
      </performers>
      <tickets>
        <link>
          <url>http://stubhub.com/?event_id=4331226</url>
          <description></description>
          <provider>stubhub.com</provider>
          <time>2013-12-10 03:37:58</time>
        </link>
        <link>
          <url>http://stubhub.com/?event_id=4331232</url>
          <description></description>
          <provider>stubhub.com</provider>
          <time>2013-12-09 07:01:45</time>
        </link>
        <link>
          <url>http://stubhub.com/?event_id=4331231</url>
          <description></description>
          <provider>stubhub.com</provider>
          <time>2013-12-10 03:38:01</time>
        </link>
        <link>
          <url>http://stubhub.com/?event_id=4331239</url>
          <description></description>
          <provider>stubhub.com</provider>
          <time>2013-12-09 07:01:50</time>
        </link>
        <link>
          <url>http://stubhub.com/?event_id=4331224</url>
          <description></description>
          <provider>stubhub.com</provider>
          <time>2013-12-09 07:01:40</time>
        </link>
        <link>
          <url>http://stubhub.com/?event_id=4331233</url>
          <description></description>
          <provider>stubhub.com</provider>
          <time>2013-12-09 07:01:46</time>
        </link>
        <link>
          <url>http://stubhub.com/?event_id=4331234</url>
          <description></description>
          <provider>stubhub.com</provider>
          <time>2013-12-09 07:01:46</time>
        </link>
        <link>
          <url>http://stubhub.com/?event_id=4331225</url>
          <description></description>
          <provider>stubhub.com</provider>
          <time>2013-12-10 03:37:57</time>
        </link>
        <link>
          <url>http://stubhub.com/?event_id=4331237</url>
          <description></description>
          <provider>stubhub.com</provider>
          <time>2013-12-09 07:01:48</time>
        </link>
        <link>
          <url>http://stubhub.com/?event_id=4331230</url>
          <description></description>
          <provider>stubhub.com</provider>
          <time>2013-12-10 03:38:01</time>
        </link>
        <link>
          <url>http://stubhub.com/?event_id=4331227</url>
          <description></description>
          <provider>stubhub.com</provider>
          <time>2013-12-10 03:37:58</time>
        </link>
        <link>
          <url>http://stubhub.com/?event_id=4331229</url>
          <description></description>
          <provider>stubhub.com</provider>
          <time>2013-12-09 07:01:43</time>
        </link>
        <link>
          <url>http://stubhub.com/?event_id=4331238</url>
          <description></description>
          <provider>stubhub.com</provider>
          <time>2013-12-09 07:01:49</time>
        </link>
        <link>
          <url>http://stubhub.com/?event_id=4331236</url>
          <description></description>
          <provider>stubhub.com</provider>
          <time>2013-12-09 07:01:48</time>
        </link>
        <link>
          <url>http://stubhub.com/?event_id=4331235</url>
          <description></description>
          <provider>stubhub.com</provider>
          <time>2013-12-09 07:01:47</time>
        </link>
        <link>
          <url>http://stubhub.com/?event_id=4331228</url>
          <description></description>
          <provider>stubhub.com</provider>
          <time>2013-12-10 03:37:59</time>
        </link>
      </tickets>
      <image>
        <url>http://s1.evcdn.com/images/block/I0-001/004/097/144-8.jpeg_/the-book-of-mormon-44.jpeg</url>
        <width>128</width>
        <height>128</height>
        <block>
          <url>http://s1.evcdn.com/images/block/I0-001/004/097/144-8.jpeg_/the-book-of-mormon-44.jpeg</url>
          <width>128</width>
          <height>128</height>
        </block>
        <large>
          <url>http://s1.evcdn.com/images/large/I0-001/004/097/144-8.jpeg_/the-book-of-mormon-44.jpeg</url>
          <width>480</width>
          <height>480</height>
        </large>
      </image>
      <categories>
        <category>
          <id>performing_arts</id>
          <name>Performing Arts</name>
        </category>
      </categories>
      <subcategories>
        <subcategory>
          <id>performing_arts_musical</id>
          <parent>performing_arts</parent>
          <name>Performing Arts: Musical</name>
          <short_name>Musical</short_name>
        </subcategory>
        <subcategory>
          <id>performing_arts_theatre</id>
          <parent>performing_arts</parent>
          <name>Performing Arts: Theatre</name>
          <short_name>Theatre</short_name>
        </subcategory>
      </subcategories>
    </event>
    <event>
      <id>E0-001-061788005-2</id>
      <url>http://eventful.com/atlanta_ga/events/tour-championship-sunday-competition-/E0-001-061788005-2?utm_source=apis&amp;utm_medium=apim&amp;utm_campaign=apic</url>
      <title>The TOUR Championship Sunday Competition</title>
      <description></description>
      <start_time>2014-09-14 10:00:00</start_time>
      <stop_time></stop_time>
      <venue_id>V0-001-000183521-7</venue_id>
      <all_day>0</all_day>
      <recur_string></recur_string>
      <created>2013-09-28 01:22:14</created>
      <owner>evdb</owner>
      <privacy>1</privacy>
      <free></free>
      <price></price>
      <modified>2013-09-28 01:22:14</modified>
      <popularity>0040</popularity>
      <performers></performers>
      <tickets>
        <link>
          <url>http://stubhub.com/?event_id=4363917</url>
          <description></description>
          <provider>stubhub.com</provider>
          <time>2013-09-28 01:22:27</time>
        </link>
      </tickets>
      <image></image>
      <categories>
        <category>
          <id>sports</id>
          <name>Sports</name>
        </category>
      </categories>
      <subcategories></subcategories>
    </event>
    <event>
      <id>E0-001-061906817-7</id>
      <url>http://eventful.com/atlanta_ga/events/tour-championship-friday-competition-/E0-001-061906817-7?utm_source=apis&amp;utm_medium=apim&amp;utm_campaign=apic</url>
      <title>The TOUR Championship Friday Competition</title>
      <description></description>
      <start_time>2014-09-12 10:00:00</start_time>
      <stop_time></stop_time>
      <venue_id>V0-001-000183521-7</venue_id>
      <all_day>0</all_day>
      <recur_string></recur_string>
      <created>2013-10-01 02:37:10</created>
      <owner>evdb</owner>
      <privacy>1</privacy>
      <free></free>
      <price></price>
      <modified>2013-10-01 02:37:10</modified>
      <popularity>0040</popularity>
      <performers></performers>
      <tickets>
        <link>
          <url>http://stubhub.com/?event_id=4363914</url>
          <description></description>
          <provider>stubhub.com</provider>
          <time>2013-10-01 02:37:17</time>
        </link>
      </tickets>
      <image></image>
      <categories>
        <category>
          <id>sports</id>
          <name>Sports</name>
        </category>
      </categories>
      <subcategories></subcategories>
    </event>
    <event>
      <id>E0-001-061787997-7</id>
      <url>http://eventful.com/atlanta_ga/events/tour-championship-saturday-competition-/E0-001-061787997-7?utm_source=apis&amp;utm_medium=apim&amp;utm_campaign=apic</url>
      <title>The TOUR Championship Saturday Competition</title>
      <description></description>
      <start_time>2014-09-13 10:00:00</start_time>
      <stop_time></stop_time>
      <venue_id>V0-001-000183521-7</venue_id>
      <all_day>0</all_day>
      <recur_string></recur_string>
      <created>2013-09-28 01:21:48</created>
      <owner>evdb</owner>
      <privacy>1</privacy>
      <free></free>
      <price></price>
      <modified>2013-09-28 01:21:48</modified>
      <popularity>0040</popularity>
      <performers></performers>
      <tickets>
        <link>
          <url>http://stubhub.com/?event_id=4363916</url>
          <description></description>
          <provider>stubhub.com</provider>
          <time>2013-09-28 01:22:12</time>
        </link>
      </tickets>
      <image></image>
      <categories>
        <category>
          <id>sports</id>
          <name>Sports</name>
        </category>
      </categories>
      <subcategories></subcategories>
    </event>
    <event>
      <id>E0-001-060179752-0</id>
      <url>http://eventful.com/tempe/events/jersey-boys-tempe-/E0-001-060179752-0?utm_source=apis&amp;utm_medium=apim&amp;utm_campaign=apic</url>
      <title>Jersey Boys Tempe</title>
      <description></description>
      <start_time>2014-07-26 14:00:00</start_time>
      <stop_time></stop_time>
      <venue_id>V0-001-000249463-7</venue_id>
      <all_day>0</all_day>
      <recur_string></recur_string>
      <created>2013-08-15 13:19:03</created>
      <owner>evdb</owner>
      <privacy>1</privacy>
      <free></free>
      <price></price>
      <modified>2013-08-15 13:29:21</modified>
      <popularity>0040</popularity>
      <performers></performers>
      <tickets>
        <link>
          <url>http://stubhub.com/?event_id=4338540</url>
          <description></description>
          <provider>stubhub.com</provider>
          <time>2013-08-15 13:19:22</time>
        </link>
      </tickets>
      <image></image>
      <categories>
        <category>
          <id>performing_arts</id>
          <name>Performing Arts</name>
        </category>
      </categories>
      <subcategories>
        <subcategory>
          <id>performing_arts_theatre</id>
          <parent>performing_arts</parent>
          <name>Performing Arts: Theatre</name>
          <short_name>Theatre</short_name>
        </subcategory>
      </subcategories>
    </event>
    <event>
      <id>E0-001-059616714-4</id>
      <url>http://eventful.com/events/head-smash-movie-/E0-001-059616714-4?utm_source=apis&amp;utm_medium=apim&amp;utm_campaign=apic</url>
      <title>Head Smash The Movie</title>
      <description>Head Smash the Movie coming to a theatre near you. The Graphic novel releases July 31st, 2013. head over to Headsmash.net for more info</description>
      <start_time>2015-01-14 00:00:00</start_time>
      <stop_time></stop_time>
      <venue_id>V0-001-000215898-4</venue_id>
      <all_day>1</all_day>
      <recur_string></recur_string>
      <created>2013-07-29 06:47:38</created>
      <owner>Vlad25fde</owner>
      <privacy>1</privacy>
      <free></free>
      <price></price>
      <modified>2013-07-29 06:47:38</modified>
      <popularity>0033</popularity>
      <performers></performers>
      <tickets></tickets>
      <image></image>
      <categories>
        <category>
          <id>movies_film</id>
          <name>Film</name>
        </category>
      </categories>
      <subcategories></subcategories>
    </event>
    <event>
      <id>E0-001-059872417-4</id>
      <url>http://eventful.com/tempe/events/jersey-boys-/E0-001-059872417-4?utm_source=apis&amp;utm_medium=apim&amp;utm_campaign=apic</url>
      <title>JERSEY BOYS</title>
      <description> &lt;p&gt;2 hours and 30 minutes, including a 15-minute intermission.&lt;p&gt;“TOO GOOD TO BE TRUE!” raves the New York Post for JERSEY BOYS, the 2006 Tony Award®-winning Best Musical about Rock and Roll Hall of Famers The Four Seasons: Frankie Valli, Bob Gaudio, Tommy DeVito and Nick Massi. This is the story of how four blue collar kids became one of the greatest successes in pop music history. They wrote their own songs, invented their own sounds and sold 175 million records worldwide – all before they were 30! JERSEY BOYS, winner of the 2006 Grammy® Award for Best Musical Show Album and most recently, the 2009 Olivier Award for Best New Musical, features their hit songs “Sherry,” “Big Girls Don’t Cry,” “Rag Doll,” “Oh What a Night” and “Can’t Take My Eyes Off You.” “IT WILL RUN FOR CENTURIES!” proclaims TIME Magazine.&lt;p&gt;The JERSEY BOYS creative team comprises two–time Tony Award®–winning director Des McAnuff, book writers Marshall Brickman and Rick Elice, composer Bob Gaudio, lyricist Bob Crewe and choreography by Sergio Trujillo.&lt;p&gt;Contains Adult Content. Visit the content guide on asugammage.com for more information. &lt;br&gt;&lt;br&gt; &lt;br&gt; When: July 22 - August 10 , 2014 &lt;br&gt; Location: ASU Gammage &lt;br&gt; Details: &lt;/p&gt;&lt;/p&gt;&lt;/p&gt;&lt;/p&gt;</description>
      <start_time>2014-07-22 00:00:00</start_time>
      <stop_time>2014-08-10 00:00:00</stop_time>
      <venue_id>V0-001-000249463-7</venue_id>
      <all_day>2</all_day>
      <recur_string></recur_string>
      <created>2013-08-06 08:54:49</created>
      <owner>evdb</owner>
      <privacy>1</privacy>
      <free></free>
      <price></price>
      <modified>2013-08-06 09:05:04</modified>
      <popularity>0033</popularity>
      <performers></performers>
      <tickets></tickets>
      <image></image>
      <categories>
        <category>
          <id>performing_arts</id>
          <name>Performing Arts</name>
        </category>
      </categories>
      <subcategories>
        <subcategory>
          <id>performing_arts_theatre</id>
          <parent>performing_arts</parent>
          <name>Performing Arts: Theatre</name>
          <short_name>Theatre</short_name>
        </subcategory>
      </subcategories>
    </event>
    <event>
      <id>E0-001-062508893-2</id>
      <url>http://eventful.com/newyork_ny/events/widgets4site-drink-up-/E0-001-062508893-2?utm_source=apis&amp;utm_medium=apim&amp;utm_campaign=apic</url>
      <title>Widgets4Site Drink Up!</title>
      <description> &lt;p&gt;Join Widgets4Site in New York on Thursday, January 1st for an evening filled with website widgets! Meet widget developers and enjoy great beer and delicious food.&lt;/p&gt;</description>
      <start_time>2015-01-01 19:00:00</start_time>
      <stop_time>2015-01-01 22:00:00</stop_time>
      <venue_id>V0-001-007401027-4</venue_id>
      <all_day>0</all_day>
      <recur_string></recur_string>
      <created>2013-10-17 01:58:29</created>
      <owner>evdb</owner>
      <privacy>1</privacy>
      <free></free>
      <price>   0.00 Widgets4Site Drink Up 0.00 &lt;br&gt;&lt;br&gt;
</price>
      <modified>2013-10-17 01:58:29</modified>
      <popularity>0004</popularity>
      <performers></performers>
      <tickets>
        <link>
          <url>http://widgets4site-eventful.eventbrite.com/r/eventful</url>
          <description></description>
          <provider>eventbrite.com</provider>
          <time>2013-10-17 01:58:40</time>
        </link>
      </tickets>
      <image>
        <url>http://s4.evcdn.com/images/block/I0-001/014/875/731-9.png_/widgets4site-drink-up-31.png</url>
        <width>128</width>
        <height>128</height>
        <block>
          <url>http://s4.evcdn.com/images/block/I0-001/014/875/731-9.png_/widgets4site-drink-up-31.png</url>
          <width>128</width>
          <height>128</height>
        </block>
        <large>
          <url>http://s4.evcdn.com/images/large/I0-001/014/875/731-9.png_/widgets4site-drink-up-31.png</url>
          <width>480</width>
          <height>480</height>
        </large>
      </image>
      <categories>
        <category>
          <id>conference</id>
          <name>Conferences &amp;amp; Tradeshows</name>
        </category>
        <category>
          <id>food</id>
          <name>Food &amp;amp; Wine</name>
        </category>
      </categories>
      <subcategories></subcategories>
    </event>
    <event>
      <id>E0-001-061381180-5</id>
      <url>http://eventful.com/arlington/events/fake-city-ut-71714-smith-system-driver-safety-t-/E0-001-061381180-5?utm_source=apis&amp;utm_medium=apim&amp;utm_campaign=apic</url>
      <title>Fake City, UT - 7/17/14 - Smith System Driver Safety Training</title>
      <description> &lt;p&gt;&lt;strong&gt;The Smith System&lt;/strong&gt;&lt;strong&gt; Driver Safety Course&lt;/strong&gt;&lt;p&gt;On behalf of the entire Smith System team, we would like thank you for participating in our driver safety course that is sponsored by Lilly. This course shows the importance Lilly places on your safety and well being. &lt;p&gt;At Smith, we have seen the results of our training over a 61-year period. We know this training will give you a new awareness of how you drive and what you can do to be safer on the road. That’s important for you and for Lilly, but we also know that this training will apply to your families as well. This course will teach you see what other drivers do not see and you will realize that driving is not hands-feet but eye-mind.&lt;p&gt;If you have any questions, please contact Linda Laws or Becky Long at 800-777-7648. &lt;/p&gt;&lt;/p&gt;&lt;/p&gt;&lt;/p&gt;</description>
      <start_time>2014-07-17 08:00:00</start_time>
      <stop_time>2014-07-17 17:00:00</stop_time>
      <venue_id>V0-001-007317083-4</venue_id>
      <all_day>0</all_day>
      <recur_string></recur_string>
      <created>2013-09-18 00:44:33</created>
      <owner>evdb</owner>
      <privacy>1</privacy>
      <free></free>
      <price>  Once registered, there will be fees involved for Lilly Company for any changes or cancellations.  0.00 Lilly or Elanco Rep 0.00 &lt;br&gt;&lt;br&gt;
</price>
      <modified>2013-09-18 00:44:33</modified>
      <popularity>0004</popularity>
      <performers></performers>
      <tickets>
        <link>
          <url>http://www.eventbrite.com/event/8377552485/eventful/r/eventful</url>
          <description></description>
          <provider>eventbrite.com</provider>
          <time>2013-09-18 00:44:36</time>
        </link>
      </tickets>
      <image>
        <url>http://s1.evcdn.com/images/block/I0-001/014/711/420-7.png_/fake-city-ut-71714-smith-system-driver-safety-tr-20.png</url>
        <width>128</width>
        <height>128</height>
        <block>
          <url>http://s1.evcdn.com/images/block/I0-001/014/711/420-7.png_/fake-city-ut-71714-smith-system-driver-safety-tr-20.png</url>
          <width>128</width>
          <height>128</height>
        </block>
        <large>
          <url>http://s1.evcdn.com/images/large/I0-001/014/711/420-7.png_/fake-city-ut-71714-smith-system-driver-safety-tr-20.png</url>
          <width>480</width>
          <height>480</height>
        </large>
      </image>
      <categories>
        <category>
          <id>conference</id>
          <name>Conferences &amp;amp; Tradeshows</name>
        </category>
      </categories>
      <subcategories></subcategories>
    </event>
    <event>
      <id>E0-001-061339058-8</id>
      <url>http://eventful.com/newyork_ny/events/haitink-conducts-mahlers-symphony-no-3-/E0-001-061339058-8?utm_source=apis&amp;utm_medium=apim&amp;utm_campaign=apic</url>
      <title>Haitink Conducts Mahler's Symphony No. 3</title>
      <description> New York Philharmonic presents: Mahler: Symphony no 3 in D minor
</description>
      <start_time>2014-05-16 20:00:00</start_time>
      <stop_time></stop_time>
      <venue_id>V0-001-000349552-7</venue_id>
      <all_day>0</all_day>
      <recur_string></recur_string>
      <created>2013-09-17 05:54:35</created>
      <owner>evdb</owner>
      <privacy>1</privacy>
      <free></free>
      <price></price>
      <modified>2013-09-17 11:16:51</modified>
      <popularity>0004</popularity>
      <performers></performers>
      <tickets></tickets>
      <image>
        <url>http://s1.evcdn.com/images/block/I0-001/014/706/760-8.jpeg_/haitink-conducts-mahlers-symphony-no-3-60.jpeg</url>
        <width>128</width>
        <height>128</height>
        <block>
          <url>http://s1.evcdn.com/images/block/I0-001/014/706/760-8.jpeg_/haitink-conducts-mahlers-symphony-no-3-60.jpeg</url>
          <width>128</width>
          <height>128</height>
        </block>
        <large>
          <url>http://s1.evcdn.com/images/large/I0-001/014/706/760-8.jpeg_/haitink-conducts-mahlers-symphony-no-3-60.jpeg</url>
          <width>480</width>
          <height>480</height>
        </large>
      </image>
      <categories>
        <category>
          <id>performing_arts</id>
          <name>Performing Arts</name>
        </category>
      </categories>
      <subcategories></subcategories>
    </event>
    <event>
      <id>E0-001-061339053-3</id>
      <url>http://eventful.com/newyork_ny/events/haitink-conducts-mahlers-symphony-no-3-/E0-001-061339053-3?utm_source=apis&amp;utm_medium=apim&amp;utm_campaign=apic</url>
      <title>Haitink Conducts Mahler's Symphony No. 3</title>
      <description> New York Philharmonic presents: Mahler: Symphony no 3 in D minor
</description>
      <start_time>2014-05-15 19:30:00</start_time>
      <stop_time></stop_time>
      <venue_id>V0-001-000349552-7</venue_id>
      <all_day>0</all_day>
      <recur_string></recur_string>
      <created>2013-09-17 05:54:23</created>
      <owner>evdb</owner>
      <privacy>1</privacy>
      <free></free>
      <price></price>
      <modified>2013-09-17 05:54:23</modified>
      <popularity>0004</popularity>
      <performers></performers>
      <tickets></tickets>
      <image>
        <url>http://s1.evcdn.com/images/block/I0-001/014/706/760-8.jpeg_/haitink-conducts-mahlers-symphony-no-3-60.jpeg</url>
        <width>128</width>
        <height>128</height>
        <block>
          <url>http://s1.evcdn.com/images/block/I0-001/014/706/760-8.jpeg_/haitink-conducts-mahlers-symphony-no-3-60.jpeg</url>
          <width>128</width>
          <height>128</height>
        </block>
        <large>
          <url>http://s1.evcdn.com/images/large/I0-001/014/706/760-8.jpeg_/haitink-conducts-mahlers-symphony-no-3-60.jpeg</url>
          <width>480</width>
          <height>480</height>
        </large>
      </image>
      <categories>
        <category>
          <id>performing_arts</id>
          <name>Performing Arts</name>
        </category>
      </categories>
      <subcategories></subcategories>
    </event>
    <event>
      <id>E0-001-057293094-2</id>
      <url>http://eventful.com/portsmouth_nh/events/la-cenerentola-rossini-/E0-001-057293094-2?utm_source=apis&amp;utm_medium=apim&amp;utm_campaign=apic</url>
      <title>La Cenerentola (Rossini)</title>
      <description>  &lt;p&gt;Joyce DiDonato sings her first Met performances of the title character in Rossini’s Cinderella story, with bel canto master Juan Diego Flórez as her dashing prince. Met Principal Conductor Fabio Luisi leads a cast that also includes Pietro Spagnoli in his Met debut as the servant Dandini, Alessandro Corbelli as Cenerentola’s stepfather Don Magnifico, and Luca Pisaroni as Don Ramiro’s tutor, Alidoro. &lt;p&gt;&lt;strong&gt;Approximate running time:&lt;/strong&gt; 3:40&lt;p&gt;&lt;strong&gt;Conductor: &lt;/strong&gt;Fabio Luisi&lt;br&gt;&lt;strong&gt;Production: &lt;/strong&gt;Cesare Lievi &lt;br&gt;&lt;strong&gt;Designer: &lt;/strong&gt;Maurizio Balò&lt;br&gt;&lt;strong&gt;Lighting Designer:&lt;/strong&gt; Gigi Saccomandi &lt;br&gt;&lt;strong&gt;Choreographer:&lt;/strong&gt; Daniela Schiavone &lt;br&gt;&lt;strong&gt;Cast:&lt;/strong&gt; Joyce DiDonato (Angelina), Juan Diego Flórez (Don Ramiro), Pietro Spagnoli (Dandini), Alessandro Corbelli (Don Magnifico), Luca Pisaroni (Alidoro) &lt;p&gt;&lt;/p&gt;&lt;/p&gt;&lt;/p&gt;&lt;/p&gt;</description>
      <start_time>2014-05-10 13:00:00</start_time>
      <stop_time></stop_time>
      <venue_id>V0-001-000116546-4</venue_id>
      <all_day>0</all_day>
      <recur_string></recur_string>
      <created>2013-05-11 23:53:27</created>
      <owner>evdb</owner>
      <privacy>1</privacy>
      <free></free>
      <price>&lt;p&gt;&lt;strong&gt;Prices:&lt;/strong&gt;&lt;p&gt;&lt;strong&gt;$27.50 ($24.50 members)&lt;/strong&gt;&lt;br&gt;&lt;strong&gt;$15 for 18 &amp; under&lt;br&gt;&lt;/strong&gt;On Sale&lt;p&gt;• Sat., May 11 at noon for NEW Subscribers (members only—same seats for all Met shows) Not available online&lt;br&gt; • Sat., May 18 at noon for Members (who want only some Operas)&lt;br&gt; • Sat., May 25 at noon for Non-Members&lt;p&gt;&lt;em&gt;Already a subscriber? We’ll contact you about renewing!&lt;br&gt;&lt;/em&gt;&lt;br&gt; Buy tickets online, over the phone or in person.&lt;br&gt; Members get the best seats.Not a member yet, but still want to get tickets?&lt;p&gt;&lt;a href="http://www.themusichall.org/support_us/memberships" rel="nofollow"&gt;Join or Renew&lt;/a&gt;&lt;/p&gt;&lt;/p&gt;&lt;/p&gt;&lt;/p&gt;&lt;/p&gt;</price>
      <modified>2013-10-19 16:25:44</modified>
      <popularity>0004</popularity>
      <performers></performers>
      <tickets></tickets>
      <image>
        <url>http://s1.evcdn.com/images/block/I0-001/014/082/852-3.jpeg_/la-cenerentola-rossini-52.jpeg</url>
        <width>128</width>
        <height>128</height>
        <block>
          <url>http://s1.evcdn.com/images/block/I0-001/014/082/852-3.jpeg_/la-cenerentola-rossini-52.jpeg</url>
          <width>128</width>
          <height>128</height>
        </block>
        <large>
          <url>http://s1.evcdn.com/images/large/I0-001/014/082/852-3.jpeg_/la-cenerentola-rossini-52.jpeg</url>
          <width>480</width>
          <height>480</height>
        </large>
      </image>
      <categories>
        <category>
          <id>performing_arts</id>
          <name>Performing Arts</name>
        </category>
      </categories>
      <subcategories></subcategories>
    </event>
    <event>
      <id>E0-001-057293099-7</id>
      <url>http://eventful.com/portsmouth_nh/events/opera-connection-cosi-fan-tutte-/E0-001-057293099-7?utm_source=apis&amp;utm_medium=apim&amp;utm_campaign=apic</url>
      <title>Opera Connection: Cosi Fan Tutte</title>
      <description>  &lt;p&gt;Opera expert/writer-producer Dennis Kleinman will lead a lively discussion on Cosi Fan Tutte. Doors open an hour before – come early for coffee and pastries!&lt;p&gt;Whether you are a seasoned Opera buff or someone who has always wondered ‘What’s the fuss?’, ‘What’s a libretto?’ or maybe even ‘Why the funny hats?’, The Opera Connection will give you something to sing about. Hosted by cultural historian/composer Dennis Neil Kleinman, the Opera Connection will present lively, engaging, jargon-free discussions before selected Met @ The Music Hall broadcasts this season, the perfect way to enhance and enrich your enjoyment of these magnificent works. So if you don’t get opera, or if you want to get it on a whole new level…Get Connected!Opera Connection for 2012-2013&lt;p&gt;&lt;a href="http://www.themusichall.org/calendar/event/opera_connection_tosca" rel="nofollow"&gt;Tosca (Puccini)&lt;/a&gt; • Sat., November 9, 2013 • 11:30am • Loft&lt;br&gt;&lt;a href="http://www.themusichall.org/calendar/event/opera_connection_falstaff" rel="nofollow"&gt;Falstaff (Verdi)&lt;/a&gt; • Sun., December 22, 2013 • 10:30am • Loft&lt;br&gt;&lt;a href="http://www.themusichall.org/calendar/event/opera_connection_prince_igor" rel="nofollow"&gt;Prince Igor (Borodin)&lt;/a&gt; • Sun., March 2, 2013 • 10:30am • Loft&lt;br&gt;&lt;a href="http://www.themusichall.org/calendar/event/opera_connection_cosi_fan_tutte" rel="nofollow"&gt;Cosi Fan Tutte (Mozart)&lt;/a&gt; • Sun., May 4, 2013 • 10:30am • LoftAbout our Moderator&lt;p&gt;Dennis Kleinman is a writer/producer whose work has appeared on The Disney Channel, Showtime and The History Channel. Kids know Dennis best for writing the theme song for the multi-Emmy Award-winning PBS series Reading Rainbow.&lt;/p&gt;&lt;/p&gt;&lt;/p&gt;&lt;/p&gt;</description>
      <start_time>2014-05-04 10:30:00</start_time>
      <stop_time></stop_time>
      <venue_id>V0-001-000116546-4</venue_id>
      <all_day>0</all_day>
      <recur_string></recur_string>
      <created>2013-05-11 23:53:39</created>
      <owner>evdb</owner>
      <privacy>1</privacy>
      <free></free>
      <price>&lt;p&gt;&lt;strong&gt;Prices:&lt;/strong&gt;&lt;p&gt;$14&lt;br&gt; includes admission &amp; light breakfast fareOn Sale&lt;p&gt;• Sat., May 18 at noon for Members&lt;br&gt; • Sat., May 25 at noon for Non-Members&lt;p&gt;&lt;em&gt;Already a subscriber? We’ll contact you about renewing!&lt;br&gt;&lt;/em&gt;&lt;br&gt; Buy tickets online, over the phone or in person.&lt;br&gt; Members get the best seats.Not a member yet, but still want to get tickets?&lt;p&gt;&lt;a href="http://www.themusichall.org/support_us/memberships" rel="nofollow"&gt;Join or Renew&lt;/a&gt;&lt;/p&gt;&lt;/p&gt;&lt;/p&gt;&lt;/p&gt;&lt;/p&gt;</price>
      <modified>2013-10-19 16:25:56</modified>
      <popularity>0004</popularity>
      <performers></performers>
      <tickets></tickets>
      <image>
        <url>http://s3.evcdn.com/images/block/I0-001/014/082/854-1.jpeg_/opera-connection-cosi-fan-tutte-54.jpeg</url>
        <width>128</width>
        <height>128</height>
        <block>
          <url>http://s3.evcdn.com/images/block/I0-001/014/082/854-1.jpeg_/opera-connection-cosi-fan-tutte-54.jpeg</url>
          <width>128</width>
          <height>128</height>
        </block>
        <large>
          <url>http://s3.evcdn.com/images/large/I0-001/014/082/854-1.jpeg_/opera-connection-cosi-fan-tutte-54.jpeg</url>
          <width>480</width>
          <height>480</height>
        </large>
      </image>
      <categories>
        <category>
          <id>performing_arts</id>
          <name>Performing Arts</name>
        </category>
      </categories>
      <subcategories></subcategories>
    </event>
    <event>
      <id>E0-001-055324444-6</id>
      <url>http://eventful.com/chicago_il/events/first-band-bang-bangs-/E0-001-055324444-6?utm_source=apis&amp;utm_medium=apim&amp;utm_campaign=apic</url>
      <title>First Band - The Bang Bangs</title>
      <description> &lt;b&gt;Age Limit: &lt;/b&gt; All Ages&lt;br&gt; &lt;br&gt; First Band&lt;br&gt; &lt;br&gt; The Bang Bangswebsite: Crazy Driverswebsite:&lt;br&gt; &lt;br&gt;</description>
      <start_time>2015-03-19 20:00:00</start_time>
      <stop_time></stop_time>
      <venue_id>V0-001-001507270-9</venue_id>
      <all_day>0</all_day>
      <recur_string></recur_string>
      <created>2013-03-20 04:44:36</created>
      <owner>evdb</owner>
      <privacy>1</privacy>
      <free></free>
      <price>$25</price>
      <modified>2013-08-28 22:00:48</modified>
      <popularity>0004</popularity>
      <performers>
        <performer>
          <id>P0-001-000195833-2</id>
        </performer>
        <performer>
          <id>P0-001-000219072-2</id>
        </performer>
      </performers>
      <tickets></tickets>
      <image>
        <url>http://s4.evcdn.com/images/block/I0-001/001/746/279-3.jpeg_/first-band-79.jpeg</url>
        <width>128</width>
        <height>128</height>
        <block>
          <url>http://s4.evcdn.com/images/block/I0-001/001/746/279-3.jpeg_/first-band-79.jpeg</url>
          <width>128</width>
          <height>128</height>
        </block>
        <large>
          <url>http://s4.evcdn.com/images/large/I0-001/001/746/279-3.jpeg_/first-band-79.jpeg</url>
          <width>480</width>
          <height>480</height>
        </large>
      </image>
      <categories>
        <category>
          <id>music</id>
          <name>Concerts &amp;amp; Tour Dates</name>
        </category>
      </categories>
      <subcategories>
        <subcategory>
          <id>music_alternative</id>
          <parent>music</parent>
          <name>Concerts &amp;amp; Tour Dates: Alternative</name>
          <short_name>Alternative</short_name>
        </subcategory>
      </subcategories>
    </event>
    <event>
      <id>E0-001-060538681-8</id>
      <url>http://eventful.com/nellysford/events/hops-habitat-pacific-wolf-coalition-wild-wolf-br-/E0-001-060538681-8?utm_source=apis&amp;utm_medium=apim&amp;utm_campaign=apic</url>
      <title>Hops for Habitat (Pacific Wolf Coalition) at Wild Wolf Brewing Company</title>
      <description> &lt;p&gt;Hops for Habitat (Pacific Wolf Coalition) at Wild Wolf Brewing Company.&lt;br&gt;&lt;br&gt;&lt;br&gt;Last Updated: 8/21/2013 2:57 PM
&lt;/p&gt;</description>
      <start_time>2014-11-06 19:00:00</start_time>
      <stop_time>2014-11-06 22:00:00</stop_time>
      <venue_id>V0-001-005357978-1</venue_id>
      <all_day>0</all_day>
      <recur_string></recur_string>
      <created>2013-08-25 10:26:09</created>
      <owner>evdb</owner>
      <privacy>1</privacy>
      <free></free>
      <price></price>
      <modified>2013-08-25 10:26:09</modified>
      <popularity>0004</popularity>
      <performers></performers>
      <tickets></tickets>
      <image>
        <url>http://s1.evcdn.com/images/block/I0-001/014/545/584-5.jpeg_/hops-habitat-pacific-wolf-coalition-wild-wolf-brew-84.jpeg</url>
        <width>128</width>
        <height>128</height>
        <block>
          <url>http://s1.evcdn.com/images/block/I0-001/014/545/584-5.jpeg_/hops-habitat-pacific-wolf-coalition-wild-wolf-brew-84.jpeg</url>
          <width>128</width>
          <height>128</height>
        </block>
        <large>
          <url>http://s1.evcdn.com/images/large/I0-001/014/545/584-5.jpeg_/hops-habitat-pacific-wolf-coalition-wild-wolf-brew-84.jpeg</url>
          <width>480</width>
          <height>480</height>
        </large>
      </image>
      <categories>
        <category>
          <id>community</id>
          <name>Neighborhood</name>
        </category>
      </categories>
      <subcategories></subcategories>
    </event>
    <event>
      <id>E0-001-061381193-9</id>
      <url>http://eventful.com/arlington/events/fake-city-nd-71514-smith-system-driver-safety-t-/E0-001-061381193-9?utm_source=apis&amp;utm_medium=apim&amp;utm_campaign=apic</url>
      <title>Fake City, ND - 7/15/14 - Smith System Driver Safety Training</title>
      <description> &lt;p&gt;&lt;strong&gt;The Smith System&lt;/strong&gt;&lt;strong&gt; Driver Safety Course&lt;/strong&gt;&lt;p&gt;On behalf of the entire Smith System team, we would like thank you for participating in our driver safety course that is sponsored by Lilly. This course shows the importance Lilly places on your safety and well being. &lt;p&gt;At Smith, we have seen the results of our training over a 61-year period. We know this training will give you a new awareness of how you drive and what you can do to be safer on the road. That’s important for you and for Lilly, but we also know that this training will apply to your families as well. This course will teach you see what other drivers do not see and you will realize that driving is not hands-feet but eye-mind.&lt;p&gt;If you have any questions, please contact Linda Laws or Becky Long at 800-777-7648. &lt;/p&gt;&lt;/p&gt;&lt;/p&gt;&lt;/p&gt;</description>
      <start_time>2014-07-15 08:00:00</start_time>
      <stop_time>2014-07-15 17:00:00</stop_time>
      <venue_id>V0-001-007317084-3</venue_id>
      <all_day>0</all_day>
      <recur_string></recur_string>
      <created>2013-09-18 00:44:47</created>
      <owner>evdb</owner>
      <privacy>1</privacy>
      <free></free>
      <price>  Once registered, there will be fees involved for Lilly Company for any changes or cancellations.  0.00 Lilly or Elanco Rep 0.00 &lt;br&gt;&lt;br&gt;
</price>
      <modified>2013-09-18 00:44:47</modified>
      <popularity>0004</popularity>
      <performers></performers>
      <tickets>
        <link>
          <url>http://www.eventbrite.com/event/8377584581/eventful/r/eventful</url>
          <description></description>
          <provider>eventbrite.com</provider>
          <time>2013-09-18 00:44:51</time>
        </link>
      </tickets>
      <image>
        <url>http://s4.evcdn.com/images/block/I0-001/014/711/423-4.png_/fake-city-nd-71514-smith-system-driver-safety-tr-23.png</url>
        <width>128</width>
        <height>128</height>
        <block>
          <url>http://s4.evcdn.com/images/block/I0-001/014/711/423-4.png_/fake-city-nd-71514-smith-system-driver-safety-tr-23.png</url>
          <width>128</width>
          <height>128</height>
        </block>
        <large>
          <url>http://s4.evcdn.com/images/large/I0-001/014/711/423-4.png_/fake-city-nd-71514-smith-system-driver-safety-tr-23.png</url>
          <width>480</width>
          <height>480</height>
        </large>
      </image>
      <categories>
        <category>
          <id>conference</id>
          <name>Conferences &amp;amp; Tradeshows</name>
        </category>
      </categories>
      <subcategories></subcategories>
    </event>
    <event>
      <id>E0-001-060268102-2</id>
      <url>http://eventful.com/nellysford/events/halloween-party-wild-wolf-brewing-company-/E0-001-060268102-2?utm_source=apis&amp;utm_medium=apim&amp;utm_campaign=apic</url>
      <title>Halloween Party at Wild Wolf Brewing Company</title>
      <description> &lt;p&gt;Halloween Party at Wild Wolf Brewing Company. Celebrate with food and drink specials and live music.&lt;br&gt;&lt;br&gt;&lt;br&gt;Last Updated: 8/21/2013 12:57 PM
&lt;/p&gt;</description>
      <start_time>2014-10-31 19:00:00</start_time>
      <stop_time>2014-10-31 22:00:00</stop_time>
      <venue_id>V0-001-005357978-1</venue_id>
      <all_day>0</all_day>
      <recur_string></recur_string>
      <created>2013-08-17 20:57:46</created>
      <owner>evdb</owner>
      <privacy>1</privacy>
      <free></free>
      <price></price>
      <modified>2013-08-25 10:24:42</modified>
      <popularity>0004</popularity>
      <performers></performers>
      <tickets></tickets>
      <image>
        <url>http://s1.evcdn.com/images/block/I0-001/014/545/584-5.jpeg_/halloween-party-wild-wolf-brewing-company-84.jpeg</url>
        <width>128</width>
        <height>128</height>
        <block>
          <url>http://s1.evcdn.com/images/block/I0-001/014/545/584-5.jpeg_/halloween-party-wild-wolf-brewing-company-84.jpeg</url>
          <width>128</width>
          <height>128</height>
        </block>
        <large>
          <url>http://s1.evcdn.com/images/large/I0-001/014/545/584-5.jpeg_/halloween-party-wild-wolf-brewing-company-84.jpeg</url>
          <width>480</width>
          <height>480</height>
        </large>
      </image>
      <categories>
        <category>
          <id>holiday</id>
          <name>Holiday</name>
        </category>
        <category>
          <id>community</id>
          <name>Neighborhood</name>
        </category>
      </categories>
      <subcategories>
        <subcategory>
          <id>community_holiday</id>
          <parent>community</parent>
          <name>Neighborhood: Holiday</name>
          <short_name>Holiday</short_name>
        </subcategory>
      </subcategories>
    </event>
    <event>
      <id>E0-001-054941443-7</id>
      <url>http://eventful.com/healdsburg/events/davis-fantastic-voyage-/E0-001-054941443-7?utm_source=apis&amp;utm_medium=apim&amp;utm_campaign=apic</url>
      <title>Davis' Fantastic Voyage</title>
      <description> &lt;p&gt;Overlooking the undulating vineyards rippling out like waves in front of you, in an instant your mind is clear and awake, and everything seems to make sense. Maybe it&amp;#39;s the cherry tomato that you ate off the vine at lunch or perhaps it&amp;#39;s the discussion you had with the participant from Chicago at happy hour before dinner last night, but you&amp;#39;re feeling alive today. For some of us, learning isn&amp;#39;t just about getting a job–it&amp;#39;s an integral part of being alive. When you look around though, where can you go to learn that also offers a sense of escape, time to ponder, opportunities to connect with other smart people, and all of the elements that make a healthy mind, body, and spirit? The Senseful Company was created for people who are thrilled to learn, who seek to delve deeply into their passions, and who want to do something fulfilling with their time. The Company was created by Ludell Maggard and Davis Jones to provide learnful seminars, workshops, and courses for people who want to excite their minds and want to spend time in one of the most beautiful places in Healdsburg–one of the most beautiful places in the world.&lt;/p&gt;</description>
      <start_time>2014-06-11 19:00:00</start_time>
      <stop_time>2014-06-11 22:00:00</stop_time>
      <venue_id>V0-001-006758209-2</venue_id>
      <all_day>0</all_day>
      <recur_string></recur_string>
      <created>2013-03-04 07:55:58</created>
      <owner>evdb</owner>
      <privacy>1</privacy>
      <free></free>
      <price>   Full Price 1,509.95 &lt;br&gt;&lt;br&gt;   No Accomodations 909.95 &lt;br&gt;&lt;br&gt;
</price>
      <modified>2013-04-16 21:07:07</modified>
      <popularity>0004</popularity>
      <performers></performers>
      <tickets>
        <link>
          <url>http://sensefultest-eventful.eventbrite.com/r/eventful</url>
          <description></description>
          <provider>eventbrite.com</provider>
          <time>2013-03-04 07:56:04</time>
        </link>
      </tickets>
      <image>
        <url>http://s3.evcdn.com/images/block/I0-001/013/715/634-7.jpeg_/davis-fantastic-voyage-34.jpeg</url>
        <width>128</width>
        <height>128</height>
        <block>
          <url>http://s3.evcdn.com/images/block/I0-001/013/715/634-7.jpeg_/davis-fantastic-voyage-34.jpeg</url>
          <width>128</width>
          <height>128</height>
        </block>
        <large>
          <url>http://s3.evcdn.com/images/large/I0-001/013/715/634-7.jpeg_/davis-fantastic-voyage-34.jpeg</url>
          <width>480</width>
          <height>480</height>
        </large>
      </image>
      <categories>
        <category>
          <id>conference</id>
          <name>Conferences &amp;amp; Tradeshows</name>
        </category>
        <category>
          <id>sales</id>
          <name>Sales &amp;amp; Retail</name>
        </category>
      </categories>
      <subcategories></subcategories>
    </event>
    <event>
      <id>E0-001-054068656-3</id>
      <url>http://eventful.com/shenandoah_va/events/shenandoah-5-mile-riverfront-run-/E0-001-054068656-3?utm_source=apis&amp;utm_medium=apim&amp;utm_campaign=apic</url>
      <title>Shenandoah 5 mile Riverfront Run</title>
      <description> &lt;p&gt;A scenic and challenging 5 mile run along the gorgeous Shenandoah River and through the historic downtown Shenandoah Virginia.  Also, a 2 mile walk for non-runners.  Tee shirts guaranteed to first 50 registered, finishing medals, door prizes and food after the race.  You will truly enjoy this unique experience in one of the most picturesque Towns in Virginia! &lt;br&gt;&lt;br&gt;&lt;strong&gt;Admission Fee: &lt;/strong&gt;$20 per runner and $15 per walker &lt;br&gt;Last Updated: 7/22/2013 2:14 PM
&lt;/p&gt;</description>
      <start_time>2014-07-12 07:30:00</start_time>
      <stop_time></stop_time>
      <venue_id>V0-001-006694774-2</venue_id>
      <all_day>0</all_day>
      <recur_string></recur_string>
      <created>2013-01-26 07:36:24</created>
      <owner>evdb</owner>
      <privacy>1</privacy>
      <free></free>
      <price>$20 per runner and $15 per walker</price>
      <modified>2013-07-28 07:54:22</modified>
      <popularity>0004</popularity>
      <performers></performers>
      <tickets></tickets>
      <image>
        <url>http://s3.evcdn.com/images/block/I0-001/013/533/550-6.jpeg_/shenandoah-5-mile-riverfront-run-50.jpeg</url>
        <width>128</width>
        <height>128</height>
        <block>
          <url>http://s3.evcdn.com/images/block/I0-001/013/533/550-6.jpeg_/shenandoah-5-mile-riverfront-run-50.jpeg</url>
          <width>128</width>
          <height>128</height>
        </block>
        <large>
          <url>http://s3.evcdn.com/images/large/I0-001/013/533/550-6.jpeg_/shenandoah-5-mile-riverfront-run-50.jpeg</url>
          <width>480</width>
          <height>480</height>
        </large>
      </image>
      <categories>
        <category>
          <id>community</id>
          <name>Neighborhood</name>
        </category>
      </categories>
      <subcategories></subcategories>
    </event>
    <event>
      <id>E0-001-060841422-8</id>
      <url>http://eventful.com/newyork_ny/events/cd-release-partyrecital-dimenna-center-/E0-001-060841422-8?utm_source=apis&amp;utm_medium=apim&amp;utm_campaign=apic</url>
      <title>CD Release Party/Recital at the DiMenna Center</title>
      <description> Concert Artists Guild presents: Schubert: Impromptu no 3 in B flat major, Op. 142; Perle: Six Celebratory Inventions; Brown: Folk Variations; Copland: Variations for Piano; Adler: Fantasy; Perle: T...
</description>
      <start_time>2014-05-07 19:30:00</start_time>
      <stop_time></stop_time>
      <venue_id>V0-001-000223987-2</venue_id>
      <all_day>0</all_day>
      <recur_string></recur_string>
      <created>2013-09-04 01:29:31</created>
      <owner>evdb</owner>
      <privacy>1</privacy>
      <free></free>
      <price></price>
      <modified>2013-09-04 01:29:31</modified>
      <popularity>0004</popularity>
      <performers></performers>
      <tickets></tickets>
      <image>
        <url>http://s3.evcdn.com/images/block/I0-001/014/627/890-6.jpeg_/cd-release-partyrecital-dimenna-center-90.jpeg</url>
        <width>128</width>
        <height>128</height>
        <block>
          <url>http://s3.evcdn.com/images/block/I0-001/014/627/890-6.jpeg_/cd-release-partyrecital-dimenna-center-90.jpeg</url>
          <width>128</width>
          <height>128</height>
        </block>
        <large>
          <url>http://s3.evcdn.com/images/large/I0-001/014/627/890-6.jpeg_/cd-release-partyrecital-dimenna-center-90.jpeg</url>
          <width>480</width>
          <height>480</height>
        </large>
      </image>
      <categories>
        <category>
          <id>performing_arts</id>
          <name>Performing Arts</name>
        </category>
      </categories>
      <subcategories>
        <subcategory>
          <id>performing_arts_theatre</id>
          <parent>performing_arts</parent>
          <name>Performing Arts: Theatre</name>
          <short_name>Theatre</short_name>
        </subcategory>
      </subcategories>
    </event>
    <event>
      <id>E0-001-059064586-2</id>
      <url>http://eventful.com/newyork_ny/events/underwood-new-music-readings-/E0-001-059064586-2?utm_source=apis&amp;utm_medium=apim&amp;utm_campaign=apic</url>
      <title>Underwood New Music Readings</title>
      <description> American Composers Orchestra; The Dimenna Center presents: Program TBA
</description>
      <start_time>2014-06-06 10:00:00</start_time>
      <stop_time></stop_time>
      <venue_id>V0-001-000223987-2</venue_id>
      <all_day>0</all_day>
      <recur_string></recur_string>
      <created>2013-07-11 14:38:04</created>
      <owner>evdb</owner>
      <privacy>1</privacy>
      <free></free>
      <price></price>
      <modified>2013-07-11 14:38:04</modified>
      <popularity>0004</popularity>
      <performers></performers>
      <tickets></tickets>
      <image>
        <url>http://s4.evcdn.com/images/block/I0-001/002/140/979-1.jpeg_/underwood-new-music-readings-79.jpeg</url>
        <width>128</width>
        <height>128</height>
        <block>
          <url>http://s4.evcdn.com/images/block/I0-001/002/140/979-1.jpeg_/underwood-new-music-readings-79.jpeg</url>
          <width>128</width>
          <height>128</height>
        </block>
        <large>
          <url>http://s4.evcdn.com/images/large/I0-001/002/140/979-1.jpeg_/underwood-new-music-readings-79.jpeg</url>
          <width>480</width>
          <height>480</height>
        </large>
      </image>
      <categories>
        <category>
          <id>performing_arts</id>
          <name>Performing Arts</name>
        </category>
      </categories>
      <subcategories>
        <subcategory>
          <id>performing_arts_theatre</id>
          <parent>performing_arts</parent>
          <name>Performing Arts: Theatre</name>
          <short_name>Theatre</short_name>
        </subcategory>
      </subcategories>
    </event>
    <event>
      <id>E0-001-059072919-1</id>
      <url>http://eventful.com/fortlauderdale/events/friends-family-flag-/E0-001-059072919-1?utm_source=apis&amp;utm_medium=apim&amp;utm_campaign=apic</url>
      <title>Friends &amp; Family of the Flag</title>
      <description> &lt;p&gt;5 Day Western Caribbean Cruise&lt;p&gt;First 16 to sign up have a 1 in 16 chance to sail free&lt;/p&gt;&lt;/p&gt;</description>
      <start_time>2015-01-17 19:00:00</start_time>
      <stop_time>2015-01-17 22:00:00</stop_time>
      <venue_id>V0-001-007135784-6</venue_id>
      <all_day>0</all_day>
      <recur_string></recur_string>
      <created>2013-07-11 20:00:54</created>
      <owner>evdb</owner>
      <privacy>1</privacy>
      <free></free>
      <price>   5 Day Cruise 0.00 &lt;br&gt;&lt;br&gt;
</price>
      <modified>2013-07-11 20:00:54</modified>
      <popularity>0004</popularity>
      <performers></performers>
      <tickets>
        <link>
          <url>http://www.eventbrite.com/event/7431563005/eventful/r/eventful</url>
          <description></description>
          <provider>eventbrite.com</provider>
          <time>2013-07-11 20:00:58</time>
        </link>
      </tickets>
      <image>
        <url>http://s1.evcdn.com/images/block/I0-001/014/367/672-7.jpeg_/friends-family-flag-72.jpeg</url>
        <width>128</width>
        <height>128</height>
        <block>
          <url>http://s1.evcdn.com/images/block/I0-001/014/367/672-7.jpeg_/friends-family-flag-72.jpeg</url>
          <width>128</width>
          <height>128</height>
        </block>
        <large>
          <url>http://s1.evcdn.com/images/large/I0-001/014/367/672-7.jpeg_/friends-family-flag-72.jpeg</url>
          <width>480</width>
          <height>480</height>
        </large>
      </image>
      <categories>
        <category>
          <id>other</id>
          <name>Other &amp;amp; Miscellaneous</name>
        </category>
      </categories>
      <subcategories></subcategories>
    </event>
    <event>
      <id>E0-001-061770349-8</id>
      <url>http://eventful.com/sacramento_ca/events/planning-and-preparing-ecological-risk-assess-/E0-001-061770349-8?utm_source=apis&amp;utm_medium=apim&amp;utm_campaign=apic</url>
      <title>Planning and Preparing an Ecological Risk Assessment</title>
      <description> n this 2-day course, attendees will learn and review both the technical and regulatory approaches to completing ecological risk assessments. Participants will come away with an understanding of the planning and preparation process for the completion of an ERA, including data development needs, selection of endpoints, and the development of lines of evidence. Understanding the topics covered will give attendees the ability to accurately assess the potential for ecological risk, which is paramount to the remedial decision-making process. In today’s environmental project planning, this can make the difference between the success or failure of a recommended action or approach. During the course, attendees will examine the development of ERAs in both aquatic and terrestrial settings, and will receive a broad overview of the ecological risk assessment (ERA) process as it is used in evaluating potential environmental risks and liabilities associated with hazardous waste sites.</description>
      <start_time>2014-11-05 00:00:00</start_time>
      <stop_time>2014-11-06 00:00:00</stop_time>
      <venue_id>V0-001-006659681-2</venue_id>
      <all_day>2</all_day>
      <recur_string></recur_string>
      <created>2013-09-27 14:38:22</created>
      <owner>evdb</owner>
      <privacy>1</privacy>
      <free></free>
      <price></price>
      <modified>2013-10-06 05:59:59</modified>
      <popularity>0004</popularity>
      <performers></performers>
      <tickets></tickets>
      <image>
        <url>http://s3.evcdn.com/images/block/I0-001/009/924/310-3.jpeg_/planning-and-preparing-ecological-risk-assessment-10.jpeg</url>
        <width>128</width>
        <height>128</height>
        <block>
          <url>http://s3.evcdn.com/images/block/I0-001/009/924/310-3.jpeg_/planning-and-preparing-ecological-risk-assessment-10.jpeg</url>
          <width>128</width>
          <height>128</height>
        </block>
        <large>
          <url>http://s3.evcdn.com/images/large/I0-001/009/924/310-3.jpeg_/planning-and-preparing-ecological-risk-assessment-10.jpeg</url>
          <width>480</width>
          <height>480</height>
        </large>
      </image>
      <categories>
        <category>
          <id>conference</id>
          <name>Conferences &amp;amp; Tradeshows</name>
        </category>
      </categories>
      <subcategories></subcategories>
    </event>
    <event>
      <id>E0-001-059064591-4</id>
      <url>http://eventful.com/newyork_ny/events/underwood-new-music-readings-/E0-001-059064591-4?utm_source=apis&amp;utm_medium=apim&amp;utm_campaign=apic</url>
      <title>Underwood New Music Readings</title>
      <description> American Composers Orchestra; The Dimenna Center presents: Program TBA
</description>
      <start_time>2014-06-07 19:30:00</start_time>
      <stop_time></stop_time>
      <venue_id>V0-001-000223987-2</venue_id>
      <all_day>0</all_day>
      <recur_string></recur_string>
      <created>2013-07-11 14:38:24</created>
      <owner>evdb</owner>
      <privacy>1</privacy>
      <free></free>
      <price></price>
      <modified>2013-07-11 14:48:26</modified>
      <popularity>0004</popularity>
      <performers></performers>
      <tickets></tickets>
      <image>
        <url>http://s4.evcdn.com/images/block/I0-001/002/140/979-1.jpeg_/underwood-new-music-readings-79.jpeg</url>
        <width>128</width>
        <height>128</height>
        <block>
          <url>http://s4.evcdn.com/images/block/I0-001/002/140/979-1.jpeg_/underwood-new-music-readings-79.jpeg</url>
          <width>128</width>
          <height>128</height>
        </block>
        <large>
          <url>http://s4.evcdn.com/images/large/I0-001/002/140/979-1.jpeg_/underwood-new-music-readings-79.jpeg</url>
          <width>480</width>
          <height>480</height>
        </large>
      </image>
      <categories>
        <category>
          <id>performing_arts</id>
          <name>Performing Arts</name>
        </category>
      </categories>
      <subcategories>
        <subcategory>
          <id>performing_arts_theatre</id>
          <parent>performing_arts</parent>
          <name>Performing Arts: Theatre</name>
          <short_name>Theatre</short_name>
        </subcategory>
      </subcategories>
    </event>
    <event>
      <id>E0-001-061791585-3</id>
      <url>http://eventful.com/prospectpark/events/grind-bases-charity-soft-ball-tournament-/E0-001-061791585-3?utm_source=apis&amp;utm_medium=apim&amp;utm_campaign=apic</url>
      <title>Grind the Bases Charity Soft Ball Tournament</title>
      <description> &lt;p&gt; Grind the Bases is a Charity Soft Ball to help raise money for &amp;quot;Pitch In For Baseball&amp;quot;. Pitch In For Baseball is a charity that spreads America&amp;#39;s pastime to kids all over the world. From getting out and having fun, to learning about sportsmanship and teamwork, baseball is a great activity for all kids. To share our beloved sport, we collect and redistribute new and gently-used youth baseball and softball equipment to underserved communities here in the United States and around the globe.&lt;br&gt;&lt;br&gt;Help Dark Friday Entertainment, Hostile City, USA, &amp; the Hostile City Honeys help kids have a chance to play ball.&lt;br&gt;&lt;br&gt;The tournament consists of 12 teams playing for the number 1 spot as the GTB Champions and a chance to play the Honeys in a Bonus round.&lt;br&gt;&lt;br&gt;Donations:&lt;br&gt;&lt;br&gt;$125.00 per Team (9 players only)&lt;br&gt;&lt;br&gt;All participants receive a shirt for participating in the events, which doubles as their teams jersey.&lt;br&gt;&lt;br&gt;The winning team will also receive individual trophies and a championship T-shirt and bonus round game with the Hostile City Honeys.&lt;br&gt;&lt;br&gt;If the team wins they receive free entry into Insatanity&amp;#39;s CD release party and a copy of their new Album. Also a T-shirt stating, &amp;quot;We Grinded the Honeys&amp;quot;.&lt;br&gt;&lt;br&gt;If the team loses, they still get a T-shirt but this one states, &amp;quot;We won the game, but lost Our Balls&amp;quot;&lt;/p&gt;</description>
      <start_time>2014-07-13 14:00:00</start_time>
      <stop_time>2014-08-17 17:00:00</stop_time>
      <venue_id>V0-001-007044976-0</venue_id>
      <all_day>0</all_day>
      <recur_string></recur_string>
      <created>2013-09-28 02:57:59</created>
      <owner>evdb</owner>
      <privacy>1</privacy>
      <free></free>
      <price>Visit EventBrite.com for pricing.</price>
      <modified>2013-09-28 02:57:59</modified>
      <popularity>0004</popularity>
      <performers></performers>
      <tickets>
        <link>
          <url>http://www.eventbrite.com/event/6954411833/eventful/r/eventful</url>
          <description></description>
          <provider>eventbrite.com</provider>
          <time>2013-09-28 02:59:17</time>
        </link>
      </tickets>
      <image>
        <url>http://s1.evcdn.com/images/block/I0-001/014/192/376-4.jpeg_/grind-bases-charity-soft-ball-tournament-76.jpeg</url>
        <width>128</width>
        <height>128</height>
        <block>
          <url>http://s1.evcdn.com/images/block/I0-001/014/192/376-4.jpeg_/grind-bases-charity-soft-ball-tournament-76.jpeg</url>
          <width>128</width>
          <height>128</height>
        </block>
        <large>
          <url>http://s1.evcdn.com/images/large/I0-001/014/192/376-4.jpeg_/grind-bases-charity-soft-ball-tournament-76.jpeg</url>
          <width>480</width>
          <height>480</height>
        </large>
      </image>
      <categories>
        <category>
          <id>other</id>
          <name>Other &amp;amp; Miscellaneous</name>
        </category>
      </categories>
      <subcategories></subcategories>
    </event>
    <event>
      <id>E0-001-061790192-0</id>
      <url>http://eventful.com/providence_ri/events/discover-ri-providence-walking-tour-/E0-001-061790192-0?utm_source=apis&amp;utm_medium=apim&amp;utm_campaign=apic</url>
      <title>Discover RI: Providence Walking Tour</title>
      <description> &lt;p&gt;Join us for this wonderful tour of the City of Providence presented by the RI Historical Society under the aegis of the RI Film &amp; Television Office.&lt;p&gt;Discover why Providence is truly a Hollywood backlot, learn about its history, and find out about some of our state&amp;#39;s most notable and colorful characters. The goal for the tour is to provide filmmakers with an “insider’s” view of the downcity and riverwalk area with an eye toward what would be interesting/unanticipated places for filming. &lt;br&gt;&lt;br&gt;The tour will leave from the Lobby of the Biltmore Hotel.&lt;br&gt;&lt;br&gt;Date: Wednesday, August 6th, 2014 at 11:00 a.m., &lt;br&gt;&lt;br&gt;The Providence Biltmore 11 Dorrance Street, PROVIDENCE&lt;p&gt; &lt;p&gt;NO EXCHANGES OR REFUNDS. ALL SALES ARE FINAL. QUANTITIES ARE LIMITED AND MAY SELL OUT AT ANY TIME&lt;/p&gt;&lt;/p&gt;&lt;/p&gt;&lt;/p&gt;</description>
      <start_time>2014-08-06 11:00:00</start_time>
      <stop_time>2014-08-06 14:00:00</stop_time>
      <venue_id>V0-001-000254693-0</venue_id>
      <all_day>0</all_day>
      <recur_string></recur_string>
      <created>2013-09-28 02:23:42</created>
      <owner>evdb</owner>
      <privacy>1</privacy>
      <free></free>
      <price>  Join us for this wonderful tour of the City of Providence presented by the RI Historical Society under the aegis of the RI Film &amp; Television Office.� 15.00 2013 Discover RI: Providence Walking Tour 16.37 &lt;br&gt;&lt;br&gt;
</price>
      <modified>2013-09-28 02:23:42</modified>
      <popularity>0004</popularity>
      <performers></performers>
      <tickets>
        <link>
          <url>http://www.eventbrite.com/event/6629837021/eventful/r/eventful</url>
          <description></description>
          <provider>eventbrite.com</provider>
          <time>2013-09-28 02:23:50</time>
        </link>
      </tickets>
      <image>
        <url>http://s3.evcdn.com/images/block/I0-001/014/767/174-8.jpeg_/discover-ri-providence-walking-tour-74.jpeg</url>
        <width>128</width>
        <height>128</height>
        <block>
          <url>http://s3.evcdn.com/images/block/I0-001/014/767/174-8.jpeg_/discover-ri-providence-walking-tour-74.jpeg</url>
          <width>128</width>
          <height>128</height>
        </block>
        <large>
          <url>http://s3.evcdn.com/images/large/I0-001/014/767/174-8.jpeg_/discover-ri-providence-walking-tour-74.jpeg</url>
          <width>480</width>
          <height>480</height>
        </large>
      </image>
      <categories>
        <category>
          <id>other</id>
          <name>Other &amp;amp; Miscellaneous</name>
        </category>
      </categories>
      <subcategories></subcategories>
    </event>
    <event>
      <id>E0-001-061918215-8</id>
      <url>http://eventful.com/batavia_il/events/smokin-gunz-/E0-001-061918215-8?utm_source=apis&amp;utm_medium=apim&amp;utm_campaign=apic</url>
      <title>Smokin Gunz</title>
      <description> &lt;b&gt;Age Limit: &lt;/b&gt; All Ages&lt;br&gt; &lt;br&gt; Smokin Gunz&lt;br&gt; &lt;br&gt; &lt;br&gt; &lt;br&gt;</description>
      <start_time>2014-07-26 20:30:00</start_time>
      <stop_time></stop_time>
      <venue_id>V0-001-007356948-1</venue_id>
      <all_day>0</all_day>
      <recur_string></recur_string>
      <created>2013-10-01 10:42:45</created>
      <owner>evdb</owner>
      <privacy>1</privacy>
      <free></free>
      <price></price>
      <modified>2013-10-03 05:00:38</modified>
      <popularity>0004</popularity>
      <performers>
        <performer>
          <id>P0-001-000191509-0</id>
        </performer>
      </performers>
      <tickets></tickets>
      <image>
        <url>http://s2.evcdn.com/images/block/I0-001/001/634/441-8.jpeg_/smokin-gunz-41.jpeg</url>
        <width>128</width>
        <height>128</height>
        <block>
          <url>http://s2.evcdn.com/images/block/I0-001/001/634/441-8.jpeg_/smokin-gunz-41.jpeg</url>
          <width>128</width>
          <height>128</height>
        </block>
        <large>
          <url>http://s2.evcdn.com/images/large/I0-001/001/634/441-8.jpeg_/smokin-gunz-41.jpeg</url>
          <width>480</width>
          <height>480</height>
        </large>
      </image>
      <categories>
        <category>
          <id>music</id>
          <name>Concerts &amp;amp; Tour Dates</name>
        </category>
      </categories>
      <subcategories>
        <subcategory>
          <id>music_country</id>
          <parent>music</parent>
          <name>Concerts &amp;amp; Tour Dates: Country</name>
          <short_name>Country</short_name>
        </subcategory>
      </subcategories>
    </event>
    <event>
      <id>E0-001-059703589-7</id>
      <url>http://eventful.com/kingsbury_tx/events/clint-taft-buck-wild-band-/E0-001-059703589-7?utm_source=apis&amp;utm_medium=apim&amp;utm_campaign=apic</url>
      <title>Clint Taft &amp; the Buck Wild Band</title>
      <description> &lt;b&gt;Age Limit: &lt;/b&gt; All Ages&lt;br&gt; &lt;br&gt; Clint Taft &amp; the Buck Wild Band&lt;br&gt; &lt;br&gt; &lt;br&gt; &lt;br&gt;</description>
      <start_time>2014-07-26 21:00:00</start_time>
      <stop_time></stop_time>
      <venue_id>V0-001-004130068-3</venue_id>
      <all_day>0</all_day>
      <recur_string></recur_string>
      <created>2013-08-01 05:41:40</created>
      <owner>evdb</owner>
      <privacy>1</privacy>
      <free></free>
      <price>FREE</price>
      <modified>2013-08-28 11:18:43</modified>
      <popularity>0004</popularity>
      <performers>
        <performer>
          <id>P0-001-000172155-2</id>
        </performer>
      </performers>
      <tickets></tickets>
      <image>
        <url>http://s2.evcdn.com/images/block/I0-001/002/922/269-3.jpeg_/clint-taft-the-buck-wild-band-69.jpeg</url>
        <width>128</width>
        <height>128</height>
        <block>
          <url>http://s2.evcdn.com/images/block/I0-001/002/922/269-3.jpeg_/clint-taft-the-buck-wild-band-69.jpeg</url>
          <width>128</width>
          <height>128</height>
        </block>
        <large>
          <url>http://s2.evcdn.com/images/large/I0-001/002/922/269-3.jpeg_/clint-taft-the-buck-wild-band-69.jpeg</url>
          <width>480</width>
          <height>480</height>
        </large>
      </image>
      <categories>
        <category>
          <id>music</id>
          <name>Concerts &amp;amp; Tour Dates</name>
        </category>
      </categories>
      <subcategories>
        <subcategory>
          <id>music_country</id>
          <parent>music</parent>
          <name>Concerts &amp;amp; Tour Dates: Country</name>
          <short_name>Country</short_name>
        </subcategory>
        <subcategory>
          <id>music_rock</id>
          <parent>music</parent>
          <name>Concerts &amp;amp; Tour Dates: Rock</name>
          <short_name>Rock</short_name>
        </subcategory>
        <subcategory>
          <id>music_pop</id>
          <parent>music</parent>
          <name>Concerts &amp;amp; Tour Dates: Pop</name>
          <short_name>Pop</short_name>
        </subcategory>
      </subcategories>
    </event>
    <event>
      <id>E0-001-047202733-9</id>
      <url>http://eventful.com/wallopsisland/events/beginners-kayaking-campsummer-camp-ages-1318-/E0-001-047202733-9?utm_source=apis&amp;utm_medium=apim&amp;utm_campaign=apic</url>
      <title>Beginner's Kayaking Camp-Summer Camp Ages 13-18- Marine Science Consortium</title>
      <description> &lt;p&gt;See the Shore from a new perspective! Paddle through areas only accessible by kayak, visit our salt marshes, secluded beaches and more during this week-long adventure. Participants will split their time between campus classrooms and the great outdoor classrooms of Eastern Shore waterways. They will also get to trade in their kayaks for a ½ day boat trip on one of our research vessels to collect marine plants and animals. We will cover proper paddling instruction and nautical skills, so beginners and experienced paddlers alike are welcome to join us for the week!Ages 13-18&lt;br&gt;&lt;a href="https://msconsortium.wufoo.com/forms/residential-summer-camp-2013-application-form/" rel="nofollow"&gt;&lt;/a&gt;&lt;br&gt;&lt;strong&gt;Admission Fee: &lt;/strong&gt;$599/person &lt;br&gt;&lt;/p&gt;</description>
      <start_time>2014-07-13 00:00:00</start_time>
      <stop_time>2014-07-18 00:00:00</stop_time>
      <venue_id>V0-001-005152033-8</venue_id>
      <all_day>2</all_day>
      <recur_string></recur_string>
      <created>2012-03-31 13:40:20</created>
      <owner>evdb</owner>
      <privacy>1</privacy>
      <free></free>
      <price>$599/person</price>
      <modified>2013-09-16 12:09:39</modified>
      <popularity>0004</popularity>
      <performers></performers>
      <tickets></tickets>
      <image>
        <url>http://s1.evcdn.com/images/block/I0-001/007/433/708-3.jpeg_/beginners-kayaking-campsummer-camp-ages-1318-marin-08.jpeg</url>
        <width>128</width>
        <height>128</height>
        <block>
          <url>http://s1.evcdn.com/images/block/I0-001/007/433/708-3.jpeg_/beginners-kayaking-campsummer-camp-ages-1318-marin-08.jpeg</url>
          <width>128</width>
          <height>128</height>
        </block>
        <large>
          <url>http://s1.evcdn.com/images/large/I0-001/007/433/708-3.jpeg_/beginners-kayaking-campsummer-camp-ages-1318-marin-08.jpeg</url>
          <width>480</width>
          <height>480</height>
        </large>
      </image>
      <categories>
        <category>
          <id>community</id>
          <name>Neighborhood</name>
        </category>
      </categories>
      <subcategories></subcategories>
    </event>
    <event>
      <id>E0-001-053540676-9</id>
      <url>http://eventful.com/wallopsisland/events/coastal-studies-day-camp-ages-1215-/E0-001-053540676-9?utm_source=apis&amp;utm_medium=apim&amp;utm_campaign=apic</url>
      <title>Coastal Studies Day Camp, Ages 12-15</title>
      <description> &lt;p&gt;The Marine Science Consortium is offering a week of Coastal Studies Summer Day Camp for kids age 12-15 on the Eastern Shore. Explore the many habitats of the Eastern Shore and learn about the plants and animals that call this unique region home. Explore new ecosystems and learn about a new set of organisms each day. Kayak in one of the northernmost Cyprus swamps, take a cruise on one of our research vessels, hike through the maritime forest, bird-watch at the Chincoteague National Wildlife Refuge, and much more! We&amp;#39;ll explore on a microscopic scale as well – have you ever looked at a copepod? Do you even know what a copepod is? This is your chance to find out! Lunch and Snacks are included. Space is Limited.&lt;br&gt;&lt;a href="https://msconsortium.wufoo.com/forms/special-programs-day-camps-application-form/" rel="nofollow"&gt;&lt;/a&gt;&lt;br&gt;&lt;strong&gt;Admission Fee: &lt;/strong&gt;$275/camper &lt;br&gt;&lt;/p&gt;</description>
      <start_time>2014-08-11 00:00:00</start_time>
      <stop_time>2014-08-15 00:00:00</stop_time>
      <venue_id>V0-001-005152033-8</venue_id>
      <all_day>2</all_day>
      <recur_string></recur_string>
      <created>2013-01-04 20:35:51</created>
      <owner>evdb</owner>
      <privacy>1</privacy>
      <free></free>
      <price>$275/camper</price>
      <modified>2013-09-16 12:16:02</modified>
      <popularity>0004</popularity>
      <performers></performers>
      <tickets></tickets>
      <image>
        <url>http://s4.evcdn.com/images/block/I0-001/013/446/547-5.jpeg_/coastal-studies-day-camp-ages-1215-47.jpeg</url>
        <width>128</width>
        <height>128</height>
        <block>
          <url>http://s4.evcdn.com/images/block/I0-001/013/446/547-5.jpeg_/coastal-studies-day-camp-ages-1215-47.jpeg</url>
          <width>128</width>
          <height>128</height>
        </block>
        <large>
          <url>http://s4.evcdn.com/images/large/I0-001/013/446/547-5.jpeg_/coastal-studies-day-camp-ages-1215-47.jpeg</url>
          <width>480</width>
          <height>480</height>
        </large>
      </image>
      <categories>
        <category>
          <id>family_fun_kids</id>
          <name>Kids &amp;amp; Family</name>
        </category>
        <category>
          <id>community</id>
          <name>Neighborhood</name>
        </category>
      </categories>
      <subcategories></subcategories>
    </event>
    <event>
      <id>E0-001-044421350-8</id>
      <url>http://eventful.com/boston_ma/events/cantata-singers-/E0-001-044421350-8?utm_source=apis&amp;utm_medium=apim&amp;utm_campaign=apic</url>
      <title>Cantata Singers</title>
      <description> &lt;strong&gt;Location:&lt;/strong&gt; NEC’s Jordan Hall&lt;br&gt;  &lt;strong&gt;Cantata Singers &lt;/strong&gt;presents&lt;strong&gt;Bach, Zelenka, and Harbison World Premiere&lt;/strong&gt;&lt;p&gt;Bach: Chorale Prelude BWV 649, “Ach, bleib bei uns” orchestrated by David Hoose&lt;br&gt;Jan Dismas Zelenka: Miserere in C minor, ZWV 57&lt;br&gt;John Harbison: Supper at Emmaus **world premiere&lt;br&gt;Zelenka: Motets from Responsoria pro Hebdomada Sancta, ZWV 55&lt;br&gt;Bach: Cantata BWV 6, “Bleib bei uns, den es will Abend werden”&lt;p&gt;Cantata Singers announces its 50th Anniversary Season in 2013-14 – a celebration of the organization’s longstanding and varied musical contributions and leadership.&lt;br&gt;&lt;br&gt;“This 50th anniversary season connects us to the founding principle of Cantata Singers, the depth and richness of J.S. Bach,” said Music Director David Hoose. “In fact, the entire season is bound together by his spirit.”&lt;br&gt;&lt;br&gt;The 50th Anniversary Season will commence on Friday, September 20, 2013 at 8:00pm at NEC’s Jordan Hall in Boston with a reprise of Cantata Singers’ inaugural program. Cantata Singers’ first concert, presented in November of 1964 at the First Church in Boston, featured Bach’s Cantata BWV 131 “Aus der Tiefen,” Cantata BWV 82 “Ich habe genug,” and Cantata BWV 72 “Alles nur nach Gottes Willen.” Cantata Singers’ 50th anniversary “Celebration of Bach Cantatas” will feature those same three exquisite cantatas. Beloved baritone and Bach specialist James Maddalena will join Cantata Singers to perform Cantata 82.&lt;br&gt;&lt;br&gt;Cantata Singers will give its’ first-ever holiday concert—Claudio Monteverdi’s stunning Vespers of 1610 (Vespro della Beata Vergine)—in the beautiful acoustics of St. Paul’s Church in Cambridge on Saturday, December 7, 2013 at 8:00pm. Monteverdi’s Vespers, which was last performed by the ensemble in 1992, will be presented with a full period instrument ensemble.&lt;br&gt;&lt;br&gt;Then, in the spirit of Cantata Singers’ groundbreaking performances of the Brahms Requiem, Beethoven’s Missa Solemnis, and the Verdi Requiem, Cantata Singers will present a free performance of another choral icon, Felix Mendelssohn’s Elijah, in the original German. Elijah is one of the few choral-orchestral icons of the classical canon that Cantata Singers has never tackled in its 50-year history. “Mendelssohn’s efforts to present and promote J.S. Bach’s music are credited for reviving Bach’s reputation and popularity in the 19th century. It was Mendelssohn who presented the first performance of the St. Matthew Passion after Bach’s death” said Music Director David Hoose. “Elijah is a fitting musical centerpiece for Cantata Singers’ 50th Anniversary Season, and it will be a rare opportunity to hear the work in German, the language that Mendelssohn conceived the music for.” With the support of the Free for All Concert Fund, this special performance will be presented for free on Saturday, February 22, 2014 at 8:00pm at NEC’s Jordan Hall.  Mark Andrew Cleveland will sing the title role.&lt;br&gt;&lt;br&gt;With its final concert of the 50th Anniversary Season, Cantata Singers will celebrate its commitment to the continually rewarding exploration of Bach’s cantatas as well as to the creation of new repertoire for the canon. Cantata Singers and Emmanuel Music have co-commissioned Pulitzer Prize-winning composer John Harbison to write The Supper at Emmaus, a new work for soloists, chorus and chamber orchestra. The world premiere performance of Harbison’s new work will be paired with Bach’s Chorale Prelude BWV 649, “Ach, bleib bei uns” orchestrated by David Hoose, Jan Dismas Zelenka’s Miserere in C minor, ZWV 57, Zelenka’s Motets from Responsoria pro Hebdomada Sancta, ZWV 55, and Bach’s Cantata BWV 6, “Bleib bei uns, den es will Abend werden” (which is Bach’s setting of the same text as Harbison’s Supper at Emmaus) and will be held on Friday, May 9 at 8:00pm at NEC’s Jordan Hall.
&lt;/p&gt;&lt;/p&gt;</description>
      <start_time>2014-05-09 20:00:00</start_time>
      <stop_time></stop_time>
      <venue_id>V0-001-000325909-5</venue_id>
      <all_day>0</all_day>
      <recur_string></recur_string>
      <created>2011-12-13 17:05:21</created>
      <owner>evdb</owner>
      <privacy>1</privacy>
      <free></free>
      <price>TBD</price>
      <modified>2013-08-11 11:18:13</modified>
      <popularity>0004</popularity>
      <performers></performers>
      <tickets></tickets>
      <image>
        <url>http://s4.evcdn.com/images/block/I0-001/014/514/359-7.jpeg_/cantata-singers-59.jpeg</url>
        <width>128</width>
        <height>128</height>
        <block>
          <url>http://s4.evcdn.com/images/block/I0-001/014/514/359-7.jpeg_/cantata-singers-59.jpeg</url>
          <width>128</width>
          <height>128</height>
        </block>
        <large>
          <url>http://s4.evcdn.com/images/large/I0-001/014/514/359-7.jpeg_/cantata-singers-59.jpeg</url>
          <width>480</width>
          <height>480</height>
        </large>
      </image>
      <categories>
        <category>
          <id>music</id>
          <name>Concerts &amp;amp; Tour Dates</name>
        </category>
      </categories>
      <subcategories></subcategories>
    </event>
    <event>
      <id>E0-001-059812490-3</id>
      <url>http://eventful.com/philadelphia_pa/events/msica-tus-manos-/E0-001-059812490-3?utm_source=apis&amp;utm_medium=apim&amp;utm_campaign=apic</url>
      <title>Msica en tus Manos</title>
      <description> Dolce Suono Ensemble presents: Len: Alma; Bolling: Suite for Flute and Jazz Trio; Villa-Lobos: Assobio a Jato, W 493 (The Jet Whistle)
</description>
      <start_time>2014-05-31 20:00:00</start_time>
      <stop_time></stop_time>
      <venue_id>V0-001-000571992-6</venue_id>
      <all_day>0</all_day>
      <recur_string></recur_string>
      <created>2013-08-05 03:14:42</created>
      <owner>evdb</owner>
      <privacy>1</privacy>
      <free></free>
      <price></price>
      <modified>2013-08-05 03:14:42</modified>
      <popularity>0004</popularity>
      <performers></performers>
      <tickets></tickets>
      <image>
        <url></url>
        <width>128</width>
        <height>128</height>
        <block>
          <url></url>
          <width>128</width>
          <height>128</height>
        </block>
        <large>
          <url></url>
          <width>480</width>
          <height>480</height>
        </large>
      </image>
      <categories>
        <category>
          <id>performing_arts</id>
          <name>Performing Arts</name>
        </category>
      </categories>
      <subcategories></subcategories>
    </event>
    <event>
      <id>E0-001-061206845-1</id>
      <url>http://eventful.com/norristown/events/2014-planning-law-review-/E0-001-061206845-1?utm_source=apis&amp;utm_medium=apim&amp;utm_campaign=apic</url>
      <title>2014 Planning Law Review</title>
      <description> This event offers 1.5 AICP CM Law credits. 3:30 - 3:45 PM: Registration 3:45 - 4:00 PM: DVRPC Presentation 4:00 - 5:30 PM: Live viewing of APA Audio/Webconference In this annual review, planning attorneys assess the impacts on planning of U.S. Supreme Court, federal district court, and state court decisions. Topics will range from First Amendment issues to environmental actions, and from housing to equal access. Panelists also will discuss APA&amp;#39;s amicus filings and significant legislative actions. The program website contains links to or copies of all cases discussed and suggestions for further reading. It&amp;#39;s a lively, highly informative program that you and your staff, colleagues, and officials won&amp;#39;t want to miss. In person attendee - $0.00 Waitlist - $0.00</description>
      <start_time>2014-06-25 15:45:00</start_time>
      <stop_time></stop_time>
      <venue_id>V0-001-007362210-6</venue_id>
      <all_day>0</all_day>
      <recur_string></recur_string>
      <created>2013-09-14 03:56:32</created>
      <owner>evdb</owner>
      <privacy>1</privacy>
      <free></free>
      <price>$0</price>
      <modified>2013-10-04 03:34:35</modified>
      <popularity>0004</popularity>
      <performers></performers>
      <tickets>
        <link>
          <url>http://dvrpc.ticketleap.com/2014law/</url>
          <description></description>
          <provider>ticketleap.com</provider>
          <time>2013-09-14 03:56:38</time>
        </link>
      </tickets>
      <image>
        <url>http://s3.evcdn.com/images/block/I0-001/014/597/066-3.jpeg_/2014-planning-law-review-66.jpeg</url>
        <width>128</width>
        <height>128</height>
        <block>
          <url>http://s3.evcdn.com/images/block/I0-001/014/597/066-3.jpeg_/2014-planning-law-review-66.jpeg</url>
          <width>128</width>
          <height>128</height>
        </block>
        <large>
          <url>http://s3.evcdn.com/images/large/I0-001/014/597/066-3.jpeg_/2014-planning-law-review-66.jpeg</url>
          <width>480</width>
          <height>480</height>
        </large>
      </image>
      <categories>
        <category>
          <id>other</id>
          <name>Other &amp;amp; Miscellaneous</name>
        </category>
      </categories>
      <subcategories></subcategories>
    </event>
    <event>
      <id>E0-001-057227307-8</id>
      <url>http://eventful.com/austin_tx/events/pianist-gabriela-montero-performs-mozarts-piano-c-/E0-001-057227307-8?utm_source=apis&amp;utm_medium=apim&amp;utm_campaign=apic</url>
      <title>Pianist Gabriela Montero performs Mozart's Piano Concerto No. 20</title>
      <description> Austin Symphony Orchestra presents: Paterson: Dark Mountains; Mozart: Concerto for Piano no 20 in D minor, K 466; Strauss: Also sprach Zarathustra, Op. 30
</description>
      <start_time>2014-05-17 20:00:00</start_time>
      <stop_time></stop_time>
      <venue_id>V0-001-003753446-9</venue_id>
      <all_day>0</all_day>
      <recur_string></recur_string>
      <created>2013-05-10 02:58:01</created>
      <owner>evdb</owner>
      <privacy>1</privacy>
      <free></free>
      <price></price>
      <modified>2013-05-10 05:48:28</modified>
      <popularity>0004</popularity>
      <performers></performers>
      <tickets></tickets>
      <image>
        <url>http://s3.evcdn.com/images/block/I0-001/014/074/446-1.jpeg_/pianist-gabriela-montero-performs-mozarts-piano-co-46.jpeg</url>
        <width>128</width>
        <height>128</height>
        <block>
          <url>http://s3.evcdn.com/images/block/I0-001/014/074/446-1.jpeg_/pianist-gabriela-montero-performs-mozarts-piano-co-46.jpeg</url>
          <width>128</width>
          <height>128</height>
        </block>
        <large>
          <url>http://s3.evcdn.com/images/large/I0-001/014/074/446-1.jpeg_/pianist-gabriela-montero-performs-mozarts-piano-co-46.jpeg</url>
          <width>480</width>
          <height>480</height>
        </large>
      </image>
      <categories>
        <category>
          <id>performing_arts</id>
          <name>Performing Arts</name>
        </category>
      </categories>
      <subcategories></subcategories>
    </event>
    <event>
      <id>E0-001-055285045-3</id>
      <url>http://eventful.com/miamibeach/events/vivido-presents-sydney-blu-stonebridge-featurin-/E0-001-055285045-3?utm_source=apis&amp;utm_medium=apim&amp;utm_campaign=apic</url>
      <title>Vivido presents Sydney Blu &amp; StoneBridge featuring Krista Richards</title>
      <description>  &lt;p&gt;&lt;b&gt;Info:&lt;/b&gt; &lt;br&gt;&lt;p&gt;Radio4by4 in association with Vivido presents a stellar line up live from legendary Clevelander Pool &amp; Patio&lt;p&gt;featuring performances by the tribe,&lt;p&gt;Live vocals by lovely Krista Richards&lt;p&gt;and of course an amazing selection of music from;&lt;p&gt; &lt;ul&gt;&lt;li&gt;Sydney Blu ( https://www.facebook.com/djsydneyblu )&lt;li&gt;StoneBridge ( https://www.facebook.com/RealStoneBridge )&lt;li&gt;George Vidal&lt;li&gt;Nathan Scott&lt;li&gt;Hugo Bianco&lt;li&gt;Hito Mix&lt;li&gt;Vivido&lt;/li&gt;&lt;/li&gt;&lt;/li&gt;&lt;/li&gt;&lt;/li&gt;&lt;/li&gt;&lt;/li&gt;&lt;/ul&gt;&lt;p&gt; &lt;p&gt;ATEND THIS EVENT OR WATCH IT ONLINE @ RADIO4by4.com&lt;p&gt;www.FB.COM/RADIO4by4
 &lt;p&gt;&lt;b&gt;Minimum Age:&lt;/b&gt; 21Over
&lt;/p&gt;&lt;/p&gt;&lt;/p&gt;&lt;/p&gt;&lt;/p&gt;&lt;/p&gt;&lt;/p&gt;&lt;/p&gt;&lt;/p&gt;&lt;/p&gt;</description>
      <start_time>2014-08-14 22:15:00</start_time>
      <stop_time></stop_time>
      <venue_id>V0-001-001379167-9</venue_id>
      <all_day>0</all_day>
      <recur_string></recur_string>
      <created>2013-03-18 01:01:56</created>
      <owner>evdb</owner>
      <privacy>1</privacy>
      <free></free>
      <price></price>
      <modified>2013-03-18 01:01:56</modified>
      <popularity>0004</popularity>
      <performers></performers>
      <tickets>
        <link>
          <url>http://www.wantickets.com/Events/ShowEvent.aspx?eventId=124162&amp;affCode=3e8236b52bf14afabf82</url>
          <description></description>
          <provider>wantickets.com</provider>
          <time>2013-03-18 01:02:15</time>
        </link>
      </tickets>
      <image>
        <url>http://s1.evcdn.com/images/block/I0-001/013/790/864-3.jpeg_/vivido-presents-sydney-blu-stonebridge-featuring-64.jpeg</url>
        <width>128</width>
        <height>128</height>
        <block>
          <url>http://s1.evcdn.com/images/block/I0-001/013/790/864-3.jpeg_/vivido-presents-sydney-blu-stonebridge-featuring-64.jpeg</url>
          <width>128</width>
          <height>128</height>
        </block>
        <large>
          <url>http://s1.evcdn.com/images/large/I0-001/013/790/864-3.jpeg_/vivido-presents-sydney-blu-stonebridge-featuring-64.jpeg</url>
          <width>480</width>
          <height>480</height>
        </large>
      </image>
      <categories>
        <category>
          <id>singles_social</id>
          <name>Nightlife &amp;amp; Singles</name>
        </category>
      </categories>
      <subcategories></subcategories>
    </event>
    <event>
      <id>E0-001-062471303-1</id>
      <url>http://eventful.com/milwaukee_wi/events/marquette-service-learning-signup-night-/E0-001-062471303-1?utm_source=apis&amp;utm_medium=apim&amp;utm_campaign=apic</url>
      <title>Marquette Service Learning Sign-up Night</title>
      <description> &lt;p&gt;At this event you will sign-up for service learning.&lt;p&gt;&lt;strong&gt;Please Note: Filling out this form is NOT sign-up for service learning. You MUST attend Sign-up Night to select an agency. To enter Sign-up Night, you MUST arrive with your eventbrite ticket and MUID at or after the ticket time.&lt;/strong&gt;&lt;p&gt;If you have any questions, comments or concerns, please contact the Service Learning Program office at 414-288-3262.&lt;p&gt;&lt;strong&gt;&lt;br&gt;&lt;/strong&gt;&lt;/p&gt;&lt;/p&gt;&lt;/p&gt;&lt;/p&gt;</description>
      <start_time>2014-09-03 17:30:00</start_time>
      <stop_time>2014-09-03 20:30:00</stop_time>
      <venue_id>V0-001-000459139-6</venue_id>
      <all_day>0</all_day>
      <recur_string></recur_string>
      <created>2013-10-16 08:38:26</created>
      <owner>evdb</owner>
      <privacy>1</privacy>
      <free></free>
      <price>Visit EventBrite.com for pricing.</price>
      <modified>2013-10-16 08:38:26</modified>
      <popularity>0004</popularity>
      <performers></performers>
      <tickets>
        <link>
          <url>http://marquette-service-learning-fall-2013-eventful.eventbrite.com/r/eventful</url>
          <description></description>
          <provider>eventbrite.com</provider>
          <time>2013-10-16 08:38:33</time>
        </link>
      </tickets>
      <image>
        <url>http://s3.evcdn.com/images/block/I0-001/014/621/354-7.jpeg_/marquette-service-learning-signup-night-54.jpeg</url>
        <width>128</width>
        <height>128</height>
        <block>
          <url>http://s3.evcdn.com/images/block/I0-001/014/621/354-7.jpeg_/marquette-service-learning-signup-night-54.jpeg</url>
          <width>128</width>
          <height>128</height>
        </block>
        <large>
          <url>http://s3.evcdn.com/images/large/I0-001/014/621/354-7.jpeg_/marquette-service-learning-signup-night-54.jpeg</url>
          <width>480</width>
          <height>480</height>
        </large>
      </image>
      <categories>
        <category>
          <id>fundraisers</id>
          <name>Fundraising &amp;amp; Charity</name>
        </category>
      </categories>
      <subcategories></subcategories>
    </event>
    <event>
      <id>E0-001-061795013-9</id>
      <url>http://eventful.com/medway/events/october-2014-weekend-/E0-001-061795013-9?utm_source=apis&amp;utm_medium=apim&amp;utm_campaign=apic</url>
      <title>October 2014 Weekend</title>
      <description> Engaged Encounter Weekend June 7th - 9th 2013 Betania II Marian Center, Medway, MA Engaged Couple - $350.00</description>
      <start_time>2014-10-24 19:00:00</start_time>
      <stop_time></stop_time>
      <venue_id>V0-001-006686621-6</venue_id>
      <all_day>0</all_day>
      <recur_string></recur_string>
      <created>2013-09-28 04:35:54</created>
      <owner>evdb</owner>
      <privacy>1</privacy>
      <free></free>
      <price>$350.00</price>
      <modified>2013-09-28 04:35:54</modified>
      <popularity>0004</popularity>
      <performers></performers>
      <tickets>
        <link>
          <url>http://bcee.ticketleap.com/october-2014/</url>
          <description></description>
          <provider>ticketleap.com</provider>
          <time>2013-09-28 04:36:04</time>
        </link>
      </tickets>
      <image>
        <url>http://s2.evcdn.com/images/block/I0-001/013/693/425-2.jpeg_/october-2014-weekend-25.jpeg</url>
        <width>128</width>
        <height>128</height>
        <block>
          <url>http://s2.evcdn.com/images/block/I0-001/013/693/425-2.jpeg_/october-2014-weekend-25.jpeg</url>
          <width>128</width>
          <height>128</height>
        </block>
        <large>
          <url>http://s2.evcdn.com/images/large/I0-001/013/693/425-2.jpeg_/october-2014-weekend-25.jpeg</url>
          <width>480</width>
          <height>480</height>
        </large>
      </image>
      <categories>
        <category>
          <id>other</id>
          <name>Other &amp;amp; Miscellaneous</name>
        </category>
      </categories>
      <subcategories></subcategories>
    </event>
    <event>
      <id>E0-001-059251864-1</id>
      <url>http://eventful.com/seattle_wa/events/tax-tips-medical-professionals-/E0-001-059251864-1?utm_source=apis&amp;utm_medium=apim&amp;utm_campaign=apic</url>
      <title>Tax Tips for Medical Professionals</title>
      <description>In this webcast, Seattle CPA, Jessica Chisholm, will discuss tax tips for Medical Professionals. Jessica will discuss entity selection, auto deduction, leasing vs. buying equipment, and more. She will also discuss hiring family members and the tax savings that can provide Doctors, Dentists, and other Medical Professionals who own their own practices. If you are in the medical field and own your own practice, or want to own your own practice in the future then this webcast can provide you with valuable information on how to save tax dollars and maximize your tax deductions.
This is a webcast!!
Register for free at: http://smallbusinesswebcast.com
All Webcasts are presented in Pacific Standard Time.</description>
      <start_time>2014-05-13 09:00:00</start_time>
      <stop_time>2014-05-13 10:00:00</stop_time>
      <venue_id>V0-001-003443209-0</venue_id>
      <all_day>0</all_day>
      <recur_string></recur_string>
      <created>2013-07-17 15:41:56</created>
      <owner>SmallBusinessWebcast</owner>
      <privacy>1</privacy>
      <free>1</free>
      <price></price>
      <modified>2013-07-17 15:41:56</modified>
      <popularity>0004</popularity>
      <performers></performers>
      <tickets></tickets>
      <image>
        <url>http://s3.evcdn.com/images/block/I0-001/014/394/538-0.jpeg_/tax-tips-medical-professionals-38.jpeg</url>
        <width>128</width>
        <height>128</height>
        <block>
          <url>http://s3.evcdn.com/images/block/I0-001/014/394/538-0.jpeg_/tax-tips-medical-professionals-38.jpeg</url>
          <width>128</width>
          <height>128</height>
        </block>
        <large>
          <url>http://s3.evcdn.com/images/large/I0-001/014/394/538-0.jpeg_/tax-tips-medical-professionals-38.jpeg</url>
          <width>480</width>
          <height>480</height>
        </large>
      </image>
      <categories>
        <category>
          <id>conference</id>
          <name>Conferences &amp;amp; Tradeshows</name>
        </category>
        <category>
          <id>learning_education</id>
          <name>Education</name>
        </category>
        <category>
          <id>business</id>
          <name>Business &amp;amp; Networking</name>
        </category>
      </categories>
      <subcategories></subcategories>
    </event>
    <event>
      <id>E0-001-062192738-7</id>
      <url>http://eventful.com/strasburg_pa/events/strasburg-road-race-/E0-001-062192738-7?utm_source=apis&amp;utm_medium=apim&amp;utm_campaign=apic</url>
      <title>Strasburg Road Race™</title>
      <description> Presented by&lt;br&gt;Bike Line&lt;br&gt;&lt;br&gt; </description>
      <start_time>2014-08-30 00:00:00</start_time>
      <stop_time>2014-08-30 00:00:00</stop_time>
      <venue_id>V0-001-000182282-4</venue_id>
      <all_day>2</all_day>
      <recur_string></recur_string>
      <created>2013-10-08 14:46:58</created>
      <owner>evdb</owner>
      <privacy>1</privacy>
      <free></free>
      <price></price>
      <modified>2013-10-08 14:46:58</modified>
      <popularity>0004</popularity>
      <performers></performers>
      <tickets></tickets>
      <image>
        <url>http://s2.evcdn.com/images/block/I0-001/012/853/337-7.png_/strasburg-road-race-37.png</url>
        <width>128</width>
        <height>128</height>
        <block>
          <url>http://s2.evcdn.com/images/block/I0-001/012/853/337-7.png_/strasburg-road-race-37.png</url>
          <width>128</width>
          <height>128</height>
        </block>
        <large>
          <url>http://s2.evcdn.com/images/large/I0-001/012/853/337-7.png_/strasburg-road-race-37.png</url>
          <width>480</width>
          <height>480</height>
        </large>
      </image>
      <categories>
        <category>
          <id>outdoors_recreation</id>
          <name>Outdoors &amp;amp; Recreation</name>
        </category>
        <category>
          <id>sports</id>
          <name>Sports</name>
        </category>
      </categories>
      <subcategories></subcategories>
    </event>
    <event>
      <id>E0-001-057866399-0</id>
      <url>http://eventful.com/indianapolis_in/events/music-masters-mozart-beethoven-/E0-001-057866399-0?utm_source=apis&amp;utm_medium=apim&amp;utm_campaign=apic</url>
      <title>MUSIC OF THE MASTERS: MOZART &amp; BEETHOVEN</title>
      <description> Indianapolis Symphony Orchestra; Lilly Classical Series presents: Schumann: Overture to Manfred, op. 115; Mozart: Concerto for Piano no 25 in C major, K 503; Beethoven: Symphony no 4 in B flat majo...
</description>
      <start_time>2014-05-16 20:00:00</start_time>
      <stop_time></stop_time>
      <venue_id>V0-001-000398154-7</venue_id>
      <all_day>0</all_day>
      <recur_string></recur_string>
      <created>2013-06-01 01:33:08</created>
      <owner>evdb</owner>
      <privacy>1</privacy>
      <free></free>
      <price></price>
      <modified>2013-06-01 01:33:08</modified>
      <popularity>0004</popularity>
      <performers></performers>
      <tickets></tickets>
      <image>
        <url>http://s1.evcdn.com/images/block/I0-001/014/171/800-1.jpeg_/music-masters-mozart-beethoven-00.jpeg</url>
        <width>128</width>
        <height>128</height>
        <block>
          <url>http://s1.evcdn.com/images/block/I0-001/014/171/800-1.jpeg_/music-masters-mozart-beethoven-00.jpeg</url>
          <width>128</width>
          <height>128</height>
        </block>
        <large>
          <url>http://s1.evcdn.com/images/large/I0-001/014/171/800-1.jpeg_/music-masters-mozart-beethoven-00.jpeg</url>
          <width>480</width>
          <height>480</height>
        </large>
      </image>
      <categories>
        <category>
          <id>performing_arts</id>
          <name>Performing Arts</name>
        </category>
      </categories>
      <subcategories></subcategories>
    </event>
    <event>
      <id>E0-001-059120917-1</id>
      <url>http://eventful.com/indianapolis_in/events/cole-porters-anything-goes-concert-/E0-001-059120917-1?utm_source=apis&amp;utm_medium=apim&amp;utm_campaign=apic</url>
      <title>COLE PORTER'S ANYTHING GOES IN CONCERT</title>
      <description> Indianapolis Symphony Orchestra; Printing Partners Pops Series presents: Program TBA
</description>
      <start_time>2014-05-10 20:00:00</start_time>
      <stop_time></stop_time>
      <venue_id>V0-001-000398154-7</venue_id>
      <all_day>0</all_day>
      <recur_string></recur_string>
      <created>2013-07-13 11:10:47</created>
      <owner>evdb</owner>
      <privacy>1</privacy>
      <free></free>
      <price></price>
      <modified>2013-07-13 11:20:49</modified>
      <popularity>0004</popularity>
      <performers></performers>
      <tickets></tickets>
      <image>
        <url>http://s2.evcdn.com/images/block/I0-001/014/374/949-4.jpeg_/cole-porters-anything-goes-concert-49.jpeg</url>
        <width>128</width>
        <height>128</height>
        <block>
          <url>http://s2.evcdn.com/images/block/I0-001/014/374/949-4.jpeg_/cole-porters-anything-goes-concert-49.jpeg</url>
          <width>128</width>
          <height>128</height>
        </block>
        <large>
          <url>http://s2.evcdn.com/images/large/I0-001/014/374/949-4.jpeg_/cole-porters-anything-goes-concert-49.jpeg</url>
          <width>480</width>
          <height>480</height>
        </large>
      </image>
      <categories>
        <category>
          <id>performing_arts</id>
          <name>Performing Arts</name>
        </category>
      </categories>
      <subcategories></subcategories>
    </event>
    <event>
      <id>E0-001-059203015-2</id>
      <url>http://eventful.com/cimarron_nm/events/2014-philmont-high-adventure-/E0-001-059203015-2?utm_source=apis&amp;utm_medium=apim&amp;utm_campaign=apic</url>
      <title>2014 Philmont High Adventure</title>
      <description> &lt;p&gt;In addition to registering with Troop 660, you must also register with DelMarVa Council.&lt;p&gt;&lt;a href="http://www.delmarvacouncil.org/event/1317171" title="Register with DelMarVa Council Here" rel="nofollow"&gt;http://www.delmarvacouncil.org/event/1317171&lt;/a&gt;&lt;p&gt;$200 non-refundable deposit required with registration&lt;/p&gt;&lt;/p&gt;&lt;/p&gt;</description>
      <start_time>2014-06-20 13:00:00</start_time>
      <stop_time>2014-07-04 14:00:00</stop_time>
      <venue_id>V0-001-005377381-9</venue_id>
      <all_day>0</all_day>
      <recur_string></recur_string>
      <created>2013-07-16 00:02:39</created>
      <owner>evdb</owner>
      <privacy>1</privacy>
      <free></free>
      <price>Visit EventBrite.com for pricing.
</price>
      <modified>2013-07-16 00:02:39</modified>
      <popularity>0004</popularity>
      <performers></performers>
      <tickets>
        <link>
          <url>http://2014philmont-eventful.eventbrite.com/r/eventful</url>
          <description></description>
          <provider>eventbrite.com</provider>
          <time>2013-07-16 00:02:44</time>
        </link>
      </tickets>
      <image>
        <url>http://s1.evcdn.com/images/block/I0-001/014/386/484-5.gif_/2014-philmont-high-adventure-84.gif</url>
        <width>128</width>
        <height>128</height>
        <block>
          <url>http://s1.evcdn.com/images/block/I0-001/014/386/484-5.gif_/2014-philmont-high-adventure-84.gif</url>
          <width>128</width>
          <height>128</height>
        </block>
        <large>
          <url>http://s1.evcdn.com/images/large/I0-001/014/386/484-5.gif_/2014-philmont-high-adventure-84.gif</url>
          <width>480</width>
          <height>480</height>
        </large>
      </image>
      <categories>
        <category>
          <id>outdoors_recreation</id>
          <name>Outdoors &amp;amp; Recreation</name>
        </category>
        <category>
          <id>sports</id>
          <name>Sports</name>
        </category>
      </categories>
      <subcategories></subcategories>
    </event>
    <event>
      <id>E0-001-058837353-7</id>
      <url>http://eventful.com/newyork_ny/events/mendelssohn-brahms-/E0-001-058837353-7?utm_source=apis&amp;utm_medium=apim&amp;utm_campaign=apic</url>
      <title>Mendelssohn &amp; Brahms</title>
      <description> Chamber Music Society of Lincoln Center presents: Mendelssohn: Selected Lieder ohne Worte (Songs Without Words) for Piano; Mendelssohn: Quintet for Strings no 2 in B flat major, Op. 87; Brahms: Sel...
</description>
      <start_time>2014-05-18 17:00:00</start_time>
      <stop_time></stop_time>
      <venue_id>V0-001-002354770-3</venue_id>
      <all_day>0</all_day>
      <recur_string></recur_string>
      <created>2013-07-04 01:35:21</created>
      <owner>evdb</owner>
      <privacy>1</privacy>
      <free></free>
      <price></price>
      <modified>2013-10-10 03:12:22</modified>
      <popularity>0004</popularity>
      <performers></performers>
      <tickets></tickets>
      <image>
        <url>http://s3.evcdn.com/images/block/I0-001/014/835/658-1.jpeg_/mendelssohn-brahms-58.jpeg</url>
        <width>128</width>
        <height>128</height>
        <block>
          <url>http://s3.evcdn.com/images/block/I0-001/014/835/658-1.jpeg_/mendelssohn-brahms-58.jpeg</url>
          <width>128</width>
          <height>128</height>
        </block>
        <large>
          <url>http://s3.evcdn.com/images/large/I0-001/014/835/658-1.jpeg_/mendelssohn-brahms-58.jpeg</url>
          <width>480</width>
          <height>480</height>
        </large>
      </image>
      <categories>
        <category>
          <id>performing_arts</id>
          <name>Performing Arts</name>
        </category>
      </categories>
      <subcategories></subcategories>
    </event>
    <event>
      <id>E0-001-062258250-7</id>
      <url>http://eventful.com/newyork_ny/events/american-classical-orchestra-prague-/E0-001-062258250-7?utm_source=apis&amp;utm_medium=apim&amp;utm_campaign=apic</url>
      <title>American Classical Orchestra - Prague</title>
      <description></description>
      <start_time>2014-06-05 20:00:00</start_time>
      <stop_time></stop_time>
      <venue_id>V0-001-002354770-3</venue_id>
      <all_day>0</all_day>
      <recur_string></recur_string>
      <created>2013-10-10 13:52:46</created>
      <owner>evdb</owner>
      <privacy>1</privacy>
      <free></free>
      <price></price>
      <modified>2013-10-10 14:04:12</modified>
      <popularity>0004</popularity>
      <performers></performers>
      <tickets></tickets>
      <image>
        <url>http://s4.evcdn.com/images/block/I0-001/014/836/399-8.jpeg_/american-classical-orchestra-prague-99.jpeg</url>
        <width>128</width>
        <height>128</height>
        <block>
          <url>http://s4.evcdn.com/images/block/I0-001/014/836/399-8.jpeg_/american-classical-orchestra-prague-99.jpeg</url>
          <width>128</width>
          <height>128</height>
        </block>
        <large>
          <url>http://s4.evcdn.com/images/large/I0-001/014/836/399-8.jpeg_/american-classical-orchestra-prague-99.jpeg</url>
          <width>480</width>
          <height>480</height>
        </large>
      </image>
      <categories>
        <category>
          <id>performing_arts</id>
          <name>Performing Arts</name>
        </category>
      </categories>
      <subcategories></subcategories>
    </event>
    <event>
      <id>E0-001-058531992-7</id>
      <url>http://eventful.com/iowacity/events/working-group-theatre-out-bounds-/E0-001-058531992-7?utm_source=apis&amp;utm_medium=apim&amp;utm_campaign=apic</url>
      <title>Working Group Theatre, Out of Bounds</title>
      <description> Thursday, May 01, 2014; 7:30 PM &lt;a href="http://www.culturalcorridor.org/calendar_details.asp?R=373664#otherDates" rel="nofollow"&gt;&lt;/a&gt;&lt;br&gt;&lt;a href="http://www.culturalcorridor.org/organization_details.asp?I=20" rel="nofollow"&gt;Hancher&lt;/a&gt;&lt;br&gt;&lt;br&gt;&lt;i&gt;Out of Bounds&lt;/i&gt; is written and will be performed by Sean Christopher Lewis. Lewis will weave together interviews and life experiences in an examination of coaching culture in sports-humorously and poignantly exploring what is out of bounds. A world premiere and Hancher commission.&lt;br&gt;&lt;br&gt;Individuals with disabilities are encouraged to attend all UI-sponsored events. If you are a person with a disability who requires a reasonable accommodation in order to participate in this program, contact Hancher in advance at 319-335-1158. &lt;br&gt;&lt;br&gt;</description>
      <start_time>2014-05-01 19:30:00</start_time>
      <stop_time></stop_time>
      <venue_id>V0-001-000183649-2</venue_id>
      <all_day>0</all_day>
      <recur_string></recur_string>
      <created>2013-06-23 02:18:09</created>
      <owner>evdb</owner>
      <privacy>1</privacy>
      <free></free>
      <price>$10, $22.50, &amp; $25
</price>
      <modified>2013-07-07 00:40:42</modified>
      <popularity>0004</popularity>
      <performers></performers>
      <tickets></tickets>
      <image>
        <url>http://s4.evcdn.com/images/block/I0-001/014/281/059-1.jpeg_/working-group-theatre-out-bounds-59.jpeg</url>
        <width>128</width>
        <height>128</height>
        <block>
          <url>http://s4.evcdn.com/images/block/I0-001/014/281/059-1.jpeg_/working-group-theatre-out-bounds-59.jpeg</url>
          <width>128</width>
          <height>128</height>
        </block>
        <large>
          <url>http://s4.evcdn.com/images/large/I0-001/014/281/059-1.jpeg_/working-group-theatre-out-bounds-59.jpeg</url>
          <width>480</width>
          <height>480</height>
        </large>
      </image>
      <categories>
        <category>
          <id>performing_arts</id>
          <name>Performing Arts</name>
        </category>
      </categories>
      <subcategories>
        <subcategory>
          <id>performing_arts_theatre</id>
          <parent>performing_arts</parent>
          <name>Performing Arts: Theatre</name>
          <short_name>Theatre</short_name>
        </subcategory>
      </subcategories>
    </event>
    <event>
      <id>E0-001-058837346-7</id>
      <url>http://eventful.com/newyork_ny/events/mendelssohn-brahms-/E0-001-058837346-7?utm_source=apis&amp;utm_medium=apim&amp;utm_campaign=apic</url>
      <title>Mendelssohn &amp; Brahms</title>
      <description> Chamber Music Society of Lincoln Center presents: Mendelssohn: Selected Lieder ohne Worte (Songs Without Words) for Piano; Mendelssohn: Quintet for Strings no 2 in B flat major, Op. 87; Brahms: Sel...
</description>
      <start_time>2014-05-16 19:30:00</start_time>
      <stop_time></stop_time>
      <venue_id>V0-001-002354770-3</venue_id>
      <all_day>0</all_day>
      <recur_string></recur_string>
      <created>2013-07-04 01:35:07</created>
      <owner>evdb</owner>
      <privacy>1</privacy>
      <free></free>
      <price></price>
      <modified>2013-10-10 03:12:19</modified>
      <popularity>0004</popularity>
      <performers></performers>
      <tickets></tickets>
      <image>
        <url>http://s3.evcdn.com/images/block/I0-001/014/332/594-8.jpeg_/mendelssohn-brahms-94.jpeg</url>
        <width>128</width>
        <height>128</height>
        <block>
          <url>http://s3.evcdn.com/images/block/I0-001/014/332/594-8.jpeg_/mendelssohn-brahms-94.jpeg</url>
          <width>128</width>
          <height>128</height>
        </block>
        <large>
          <url>http://s3.evcdn.com/images/large/I0-001/014/332/594-8.jpeg_/mendelssohn-brahms-94.jpeg</url>
          <width>480</width>
          <height>480</height>
        </large>
      </image>
      <categories>
        <category>
          <id>performing_arts</id>
          <name>Performing Arts</name>
        </category>
      </categories>
      <subcategories></subcategories>
    </event>
    <event>
      <id>E0-001-058335405-0</id>
      <url>http://eventful.com/events/ladies-night-/E0-001-058335405-0?utm_source=apis&amp;utm_medium=apim&amp;utm_campaign=apic</url>
      <title>Ladies Night</title>
      <description> Midwest Chamber Ensemble presents: Chen Yi: Night Thoughts
</description>
      <start_time>2014-05-11 19:30:00</start_time>
      <stop_time></stop_time>
      <venue_id>V0-001-003855613-0</venue_id>
      <all_day>0</all_day>
      <recur_string></recur_string>
      <created>2013-06-17 02:54:33</created>
      <owner>evdb</owner>
      <privacy>1</privacy>
      <free></free>
      <price></price>
      <modified>2013-06-17 03:39:19</modified>
      <popularity>0004</popularity>
      <performers></performers>
      <tickets></tickets>
      <image>
        <url>http://s3.evcdn.com/images/block/I0-001/013/974/850-4.jpeg_/ladies-night-50.jpeg</url>
        <width>128</width>
        <height>128</height>
        <block>
          <url>http://s3.evcdn.com/images/block/I0-001/013/974/850-4.jpeg_/ladies-night-50.jpeg</url>
          <width>128</width>
          <height>128</height>
        </block>
        <large>
          <url>http://s3.evcdn.com/images/large/I0-001/013/974/850-4.jpeg_/ladies-night-50.jpeg</url>
          <width>480</width>
          <height>480</height>
        </large>
      </image>
      <categories>
        <category>
          <id>performing_arts</id>
          <name>Performing Arts</name>
        </category>
      </categories>
      <subcategories></subcategories>
    </event>
    <event>
      <id>E0-001-061339012-6</id>
      <url>http://eventful.com/newyork_ny/events/beethovens-eroica-symphony-and-leonidas-kavakos-/E0-001-061339012-6?utm_source=apis&amp;utm_medium=apim&amp;utm_campaign=apic</url>
      <title>Beethoven's Eroica Symphony and Leonidas Kavakos</title>
      <description> New York Philharmonic presents: Webern: Im Sommerwind; Berg: Concerto for Violin; Beethoven: Symphony no 3 in E flat major, Op. 55 &amp;quot;Eroica&amp;quot;
</description>
      <start_time>2014-05-08 19:30:00</start_time>
      <stop_time></stop_time>
      <venue_id>V0-001-000349552-7</venue_id>
      <all_day>0</all_day>
      <recur_string></recur_string>
      <created>2013-09-17 05:53:22</created>
      <owner>evdb</owner>
      <privacy>1</privacy>
      <free></free>
      <price></price>
      <modified>2013-09-17 11:17:20</modified>
      <popularity>0004</popularity>
      <performers></performers>
      <tickets></tickets>
      <image>
        <url>http://s2.evcdn.com/images/block/I0-001/014/706/753-8.jpeg_/beethovens-eroica-symphony-and-leonidas-kavakos-53.jpeg</url>
        <width>128</width>
        <height>128</height>
        <block>
          <url>http://s2.evcdn.com/images/block/I0-001/014/706/753-8.jpeg_/beethovens-eroica-symphony-and-leonidas-kavakos-53.jpeg</url>
          <width>128</width>
          <height>128</height>
        </block>
        <large>
          <url>http://s2.evcdn.com/images/large/I0-001/014/706/753-8.jpeg_/beethovens-eroica-symphony-and-leonidas-kavakos-53.jpeg</url>
          <width>480</width>
          <height>480</height>
        </large>
      </image>
      <categories>
        <category>
          <id>performing_arts</id>
          <name>Performing Arts</name>
        </category>
      </categories>
      <subcategories></subcategories>
    </event>
    <event>
      <id>E0-001-061338995-3</id>
      <url>http://eventful.com/newyork_ny/events/beethovens-eroica-symphony-and-leonidas-kavakos-/E0-001-061338995-3?utm_source=apis&amp;utm_medium=apim&amp;utm_campaign=apic</url>
      <title>Beethoven's Eroica Symphony and Leonidas Kavakos</title>
      <description> New York Philharmonic presents: Webern: Im Sommerwind; Berg: Concerto for Violin; Beethoven: Symphony no 3 in E flat major, Op. 55 &amp;quot;Eroica&amp;quot;
</description>
      <start_time>2014-05-10 20:00:00</start_time>
      <stop_time></stop_time>
      <venue_id>V0-001-000349552-7</venue_id>
      <all_day>0</all_day>
      <recur_string></recur_string>
      <created>2013-09-17 05:52:51</created>
      <owner>evdb</owner>
      <privacy>1</privacy>
      <free></free>
      <price></price>
      <modified>2013-09-17 05:52:51</modified>
      <popularity>0004</popularity>
      <performers></performers>
      <tickets></tickets>
      <image>
        <url>http://s3.evcdn.com/images/block/I0-001/014/836/834-6.jpeg_/beethovens-eroica-symphony-and-leonidas-kavakos-34.jpeg</url>
        <width>128</width>
        <height>128</height>
        <block>
          <url>http://s3.evcdn.com/images/block/I0-001/014/836/834-6.jpeg_/beethovens-eroica-symphony-and-leonidas-kavakos-34.jpeg</url>
          <width>128</width>
          <height>128</height>
        </block>
        <large>
          <url>http://s3.evcdn.com/images/large/I0-001/014/836/834-6.jpeg_/beethovens-eroica-symphony-and-leonidas-kavakos-34.jpeg</url>
          <width>480</width>
          <height>480</height>
        </large>
      </image>
      <categories>
        <category>
          <id>performing_arts</id>
          <name>Performing Arts</name>
        </category>
      </categories>
      <subcategories></subcategories>
    </event>
    <event>
      <id>E0-001-058837325-4</id>
      <url>http://eventful.com/newyork_ny/events/music-three-centuries-duos-and-trios-/E0-001-058837325-4?utm_source=apis&amp;utm_medium=apim&amp;utm_campaign=apic</url>
      <title>Music from Three Centuries: Duos and Trios</title>
      <description> Chamber Music Society of Lincoln Center presents: Brahms: Sonata for Clarinet and Piano no 2 in E flat major, Op. 120 no 2; Kodly: Duo for Violin and Cello, Op. 7; Zhou Long: New Work for Clarinet...
</description>
      <start_time>2014-05-06 19:30:00</start_time>
      <stop_time></stop_time>
      <venue_id>V0-001-002354770-3</venue_id>
      <all_day>0</all_day>
      <recur_string></recur_string>
      <created>2013-07-04 01:33:35</created>
      <owner>evdb</owner>
      <privacy>1</privacy>
      <free></free>
      <price></price>
      <modified>2013-10-10 03:12:11</modified>
      <popularity>0004</popularity>
      <performers></performers>
      <tickets></tickets>
      <image>
        <url>http://s3.evcdn.com/images/block/I0-001/014/835/654-5.jpeg_/music-three-centuries-duos-and-trios-54.jpeg</url>
        <width>128</width>
        <height>128</height>
        <block>
          <url>http://s3.evcdn.com/images/block/I0-001/014/835/654-5.jpeg_/music-three-centuries-duos-and-trios-54.jpeg</url>
          <width>128</width>
          <height>128</height>
        </block>
        <large>
          <url>http://s3.evcdn.com/images/large/I0-001/014/835/654-5.jpeg_/music-three-centuries-duos-and-trios-54.jpeg</url>
          <width>480</width>
          <height>480</height>
        </large>
      </image>
      <categories>
        <category>
          <id>performing_arts</id>
          <name>Performing Arts</name>
        </category>
      </categories>
      <subcategories></subcategories>
    </event>
    <event>
      <id>E0-001-062257392-5</id>
      <url>http://eventful.com/newyork_ny/events/bill-frisell-electric-guitar-americaguitar-space-/E0-001-062257392-5?utm_source=apis&amp;utm_medium=apim&amp;utm_campaign=apic</url>
      <title>Bill Frisell: The Electric Guitar in America:Guitar in the Space Age</title>
      <description></description>
      <start_time>2014-06-06 19:00:00</start_time>
      <stop_time></stop_time>
      <venue_id>V0-001-001212546-2</venue_id>
      <all_day>0</all_day>
      <recur_string></recur_string>
      <created>2013-10-10 13:24:06</created>
      <owner>evdb</owner>
      <privacy>1</privacy>
      <free></free>
      <price></price>
      <modified>2013-10-10 13:24:06</modified>
      <popularity>0004</popularity>
      <performers></performers>
      <tickets></tickets>
      <image>
        <url>http://s1.evcdn.com/images/block/I0-001/014/836/084-9.jpeg_/bill-frisell-electric-guitar-americaguitar-space-a-84.jpeg</url>
        <width>128</width>
        <height>128</height>
        <block>
          <url>http://s1.evcdn.com/images/block/I0-001/014/836/084-9.jpeg_/bill-frisell-electric-guitar-americaguitar-space-a-84.jpeg</url>
          <width>128</width>
          <height>128</height>
        </block>
        <large>
          <url>http://s1.evcdn.com/images/large/I0-001/014/836/084-9.jpeg_/bill-frisell-electric-guitar-americaguitar-space-a-84.jpeg</url>
          <width>480</width>
          <height>480</height>
        </large>
      </image>
      <categories>
        <category>
          <id>other</id>
          <name>Other &amp;amp; Miscellaneous</name>
        </category>
      </categories>
      <subcategories></subcategories>
    </event>
    <event>
      <id>E0-001-058837329-0</id>
      <url>http://eventful.com/newyork_ny/events/meet-music-inspector-pulses-mother-/E0-001-058837329-0?utm_source=apis&amp;utm_medium=apim&amp;utm_campaign=apic</url>
      <title>Meet the Music! Inspector Pulse's Mother</title>
      <description> Chamber Music Society of Lincoln Center presents: Program TBA
</description>
      <start_time>2014-05-11 14:00:00</start_time>
      <stop_time></stop_time>
      <venue_id>V0-001-002354770-3</venue_id>
      <all_day>0</all_day>
      <recur_string></recur_string>
      <created>2013-07-04 01:33:52</created>
      <owner>evdb</owner>
      <privacy>1</privacy>
      <free></free>
      <price></price>
      <modified>2013-10-10 03:12:15</modified>
      <popularity>0004</popularity>
      <performers></performers>
      <tickets></tickets>
      <image>
        <url>http://s4.evcdn.com/images/block/I0-001/014/835/655-4.jpeg_/meet-music-inspector-pulses-mother-55.jpeg</url>
        <width>128</width>
        <height>128</height>
        <block>
          <url>http://s4.evcdn.com/images/block/I0-001/014/835/655-4.jpeg_/meet-music-inspector-pulses-mother-55.jpeg</url>
          <width>128</width>
          <height>128</height>
        </block>
        <large>
          <url>http://s4.evcdn.com/images/large/I0-001/014/835/655-4.jpeg_/meet-music-inspector-pulses-mother-55.jpeg</url>
          <width>480</width>
          <height>480</height>
        </large>
      </image>
      <categories>
        <category>
          <id>performing_arts</id>
          <name>Performing Arts</name>
        </category>
      </categories>
      <subcategories></subcategories>
    </event>
    <event>
      <id>E0-001-062257377-6</id>
      <url>http://eventful.com/newyork_ny/events/modern-ellington-/E0-001-062257377-6?utm_source=apis&amp;utm_medium=apim&amp;utm_campaign=apic</url>
      <title>Modern Ellington</title>
      <description></description>
      <start_time>2014-06-05 20:00:00</start_time>
      <stop_time></stop_time>
      <venue_id>V0-001-001212546-2</venue_id>
      <all_day>0</all_day>
      <recur_string></recur_string>
      <created>2013-10-10 13:23:40</created>
      <owner>evdb</owner>
      <privacy>1</privacy>
      <free></free>
      <price></price>
      <modified>2013-10-10 13:23:40</modified>
      <popularity>0004</popularity>
      <performers></performers>
      <tickets></tickets>
      <image>
        <url>http://s3.evcdn.com/images/block/I0-001/014/836/182-0.jpeg_/modern-ellington-82.jpeg</url>
        <width>128</width>
        <height>128</height>
        <block>
          <url>http://s3.evcdn.com/images/block/I0-001/014/836/182-0.jpeg_/modern-ellington-82.jpeg</url>
          <width>128</width>
          <height>128</height>
        </block>
        <large>
          <url>http://s3.evcdn.com/images/large/I0-001/014/836/182-0.jpeg_/modern-ellington-82.jpeg</url>
          <width>480</width>
          <height>480</height>
        </large>
      </image>
      <categories>
        <category>
          <id>other</id>
          <name>Other &amp;amp; Miscellaneous</name>
        </category>
      </categories>
      <subcategories></subcategories>
    </event>
    <event>
      <id>E0-001-057887231-2</id>
      <url>http://eventful.com/houston_tx/events/good-woman-setzuan-/E0-001-057887231-2?utm_source=apis&amp;utm_medium=apim&amp;utm_campaign=apic</url>
      <title>The Good Woman of Setzuan</title>
      <description> Can we practice goodness and create a world to sustain it? In Brecht&amp;#39;s comic, intriguing epic play, this question is raised by one of his most entertaining characters, Shen Teh, the good-hearted, penniless, prostitute who is forced to disguise herself as a savvy businessman named Shui Ta to master the ruthlessness needed to be a &amp;quot;good person&amp;quot; in a brutal world. &lt;br&gt;&lt;br&gt; Recommended for mature audiences.&lt;br&gt;&lt;p&gt;Note: We do our best to ensure all information is accurate. However, it&amp;#39;s a good idea to visit the website listed or contact the organization or venue to verify event details.&lt;/p&gt;</description>
      <start_time>2014-05-30 00:00:00</start_time>
      <stop_time>2014-06-29 00:00:00</stop_time>
      <venue_id>V0-001-001370326-7</venue_id>
      <all_day>2</all_day>
      <recur_string></recur_string>
      <created>2013-06-01 12:13:24</created>
      <owner>evdb</owner>
      <privacy>1</privacy>
      <free></free>
      <price></price>
      <modified>2013-06-01 12:13:24</modified>
      <popularity>0004</popularity>
      <performers></performers>
      <tickets></tickets>
      <image>
        <url>http://s4.evcdn.com/images/block/I0-001/006/614/315-1.jpeg_/good-woman-setzuan-15.jpeg</url>
        <width>128</width>
        <height>128</height>
        <block>
          <url>http://s4.evcdn.com/images/block/I0-001/006/614/315-1.jpeg_/good-woman-setzuan-15.jpeg</url>
          <width>128</width>
          <height>128</height>
        </block>
        <large>
          <url>http://s4.evcdn.com/images/large/I0-001/006/614/315-1.jpeg_/good-woman-setzuan-15.jpeg</url>
          <width>480</width>
          <height>480</height>
        </large>
      </image>
      <categories>
        <category>
          <id>other</id>
          <name>Other &amp;amp; Miscellaneous</name>
        </category>
      </categories>
      <subcategories></subcategories>
    </event>
    <event>
      <id>E0-001-057260490-4</id>
      <url>http://eventful.com/mesa/events/azgfd-hunter-education-course-/E0-001-057260490-4?utm_source=apis&amp;utm_medium=apim&amp;utm_campaign=apic</url>
      <title>AZGFD Hunter Education Course</title>
      <description>  September 17, 2014 - September 18, 2014&lt;br&gt;&lt;a&gt; &lt;strong&gt;AZGFD Hunter Education Course&lt;/strong&gt;&lt;/a&gt;&lt;p&gt;Bass Pro Shops is proud to host this event in our store. Youth big game hunters must attend this class in order to hunt in Arizona. We strongly suggest all hunters take this course at some point. Click here for a full breakdown of the program. &lt;a href="http://www.azgfd.gov/i_e/edits/hunter_education.shtml" rel="nofollow"&gt;http://www.azgfd.gov/i_e/edits/hunter_education.shtml&lt;/a&gt;&lt;p&gt;This class is held in our Fine Gun Room from 5:00PM to 9:00PM.&lt;p&gt;Contact Kip Freeman with any questions. (480) 242-9500.&lt;p&gt;Click here to check class availability. &lt;a href="http://www.azgfd.gov/i_e/edits/class-schedule.shtml" rel="nofollow"&gt;http://www.azgfd.gov/i_e/edits/class-schedule.shtml&lt;/a&gt;&lt;p&gt;Classes are not booked through Bass Pro Shops.&lt;p&gt;  
&lt;/p&gt;&lt;/p&gt;&lt;/p&gt;&lt;/p&gt;&lt;/p&gt;&lt;/p&gt;</description>
      <start_time>2014-09-17 00:00:00</start_time>
      <stop_time>2014-09-18 00:00:00</stop_time>
      <venue_id>V0-001-000408132-1</venue_id>
      <all_day>2</all_day>
      <recur_string></recur_string>
      <created>2013-05-11 05:50:09</created>
      <owner>evdb</owner>
      <privacy>1</privacy>
      <free></free>
      <price></price>
      <modified>2013-05-11 05:50:09</modified>
      <popularity>0004</popularity>
      <performers></performers>
      <tickets></tickets>
      <image></image>
      <categories>
        <category>
          <id>outdoors_recreation</id>
          <name>Outdoors &amp;amp; Recreation</name>
        </category>
        <category>
          <id>sports</id>
          <name>Sports</name>
        </category>
      </categories>
      <subcategories>
        <subcategory>
          <id>outdoors_recreation_nature</id>
          <parent>outdoors_recreation</parent>
          <name>Outdoors &amp;amp; Recreation: Nature</name>
          <short_name>Nature</short_name>
        </subcategory>
      </subcategories>
    </event>
    <event>
      <id>E0-001-057260486-1</id>
      <url>http://eventful.com/mesa/events/azgfd-hunter-education-course-/E0-001-057260486-1?utm_source=apis&amp;utm_medium=apim&amp;utm_campaign=apic</url>
      <title>AZGFD Hunter Education Course</title>
      <description>  September 10, 2014 - September 11, 2014&lt;br&gt;&lt;a&gt; &lt;strong&gt;AZGFD Hunter Education Course&lt;/strong&gt;&lt;/a&gt;&lt;p&gt;Bass Pro Shops is proud to host this event in our store. Youth big game hunters must attend this class in order to hunt in Arizona. We strongly suggest all hunters take this course at some point. Click here for a full breakdown of the program. &lt;a href="http://www.azgfd.gov/i_e/edits/hunter_education.shtml" rel="nofollow"&gt;http://www.azgfd.gov/i_e/edits/hunter_education.shtml&lt;/a&gt;&lt;p&gt;This class is held in our Fine Gun Room from 5:00PM to 9:00PM.&lt;p&gt;Contact Kip Freeman with any questions. (480) 242-9500.&lt;p&gt;Click here to check class availability. &lt;a href="http://www.azgfd.gov/i_e/edits/class-schedule.shtml" rel="nofollow"&gt;http://www.azgfd.gov/i_e/edits/class-schedule.shtml&lt;/a&gt;&lt;p&gt;Classes are not booked through Bass Pro Shops.
&lt;/p&gt;&lt;/p&gt;&lt;/p&gt;&lt;/p&gt;&lt;/p&gt;</description>
      <start_time>2014-09-10 00:00:00</start_time>
      <stop_time>2014-09-11 00:00:00</stop_time>
      <venue_id>V0-001-000408132-1</venue_id>
      <all_day>2</all_day>
      <recur_string></recur_string>
      <created>2013-05-11 05:49:58</created>
      <owner>evdb</owner>
      <privacy>1</privacy>
      <free></free>
      <price></price>
      <modified>2013-05-11 05:49:58</modified>
      <popularity>0004</popularity>
      <performers></performers>
      <tickets></tickets>
      <image></image>
      <categories>
        <category>
          <id>outdoors_recreation</id>
          <name>Outdoors &amp;amp; Recreation</name>
        </category>
        <category>
          <id>sports</id>
          <name>Sports</name>
        </category>
      </categories>
      <subcategories>
        <subcategory>
          <id>outdoors_recreation_nature</id>
          <parent>outdoors_recreation</parent>
          <name>Outdoors &amp;amp; Recreation: Nature</name>
          <short_name>Nature</short_name>
        </subcategory>
      </subcategories>
    </event>
    <event>
      <id>E0-001-058374830-1</id>
      <url>http://eventful.com/santabarbara/events/messiaen-heggie-schumann-rheinberger-/E0-001-058374830-1?utm_source=apis&amp;utm_medium=apim&amp;utm_campaign=apic</url>
      <title>Messiaen, Heggie, Schumann, Rheinberger</title>
      <description> Camerata Pacifica presents: Messiaen: Des canyons aux toiles; Heggie: Winter Roses; Schumann: Adagio and Allegro in A flat major, Op. 70; Rheinberger: Nonet, Op. 139
</description>
      <start_time>2014-05-09 13:00:00</start_time>
      <stop_time></stop_time>
      <venue_id>V0-001-002201526-1</venue_id>
      <all_day>0</all_day>
      <recur_string></recur_string>
      <created>2013-06-18 05:18:22</created>
      <owner>evdb</owner>
      <privacy>1</privacy>
      <free></free>
      <price></price>
      <modified>2013-06-18 05:18:22</modified>
      <popularity>0004</popularity>
      <performers></performers>
      <tickets></tickets>
      <image>
        <url>http://s3.evcdn.com/images/block/I0-001/014/256/922-6.jpeg_/messiaen-heggie-schumann-rheinberger-22.jpeg</url>
        <width>128</width>
        <height>128</height>
        <block>
          <url>http://s3.evcdn.com/images/block/I0-001/014/256/922-6.jpeg_/messiaen-heggie-schumann-rheinberger-22.jpeg</url>
          <width>128</width>
          <height>128</height>
        </block>
        <large>
          <url>http://s3.evcdn.com/images/large/I0-001/014/256/922-6.jpeg_/messiaen-heggie-schumann-rheinberger-22.jpeg</url>
          <width>480</width>
          <height>480</height>
        </large>
      </image>
      <categories>
        <category>
          <id>performing_arts</id>
          <name>Performing Arts</name>
        </category>
      </categories>
      <subcategories></subcategories>
    </event>
    <event>
      <id>E0-001-058738510-0</id>
      <url>http://eventful.com/southhill/events/branson-road-colonial-center-/E0-001-058738510-0?utm_source=apis&amp;utm_medium=apim&amp;utm_campaign=apic</url>
      <title>Branson on the Road - at The Colonial Center</title>
      <description> &lt;p&gt;Don’t be fooled by imitations, the official BRANSON ON THE ROAD will make a stop at The Colonial Center! Featuring classic country, hilarious family-friendly comedy, bluegrass, rockabilly and gospel rolled into one amazing night of entertainment; with performers like Debbie Horton (the only woman to play lead guitar for Johnny Cash), Donnie Wright (the Grand Ole Opry), and Brian Capps.&lt;br&gt;&lt;br&gt;&lt;strong&gt;Admission Fee: &lt;/strong&gt;Tickets are $20.00 each with special, discounted rates for groups of ten people or more. &lt;br&gt;&lt;/p&gt;</description>
      <start_time>2014-07-12 20:00:00</start_time>
      <stop_time>2014-07-12 22:00:00</stop_time>
      <venue_id>V0-001-005152276-1</venue_id>
      <all_day>0</all_day>
      <recur_string></recur_string>
      <created>2013-06-30 16:41:48</created>
      <owner>evdb</owner>
      <privacy>1</privacy>
      <free></free>
      <price>Tickets are $20.00 each with special, discounted rates for groups of ten people or more.</price>
      <modified>2013-09-16 12:11:44</modified>
      <popularity>0004</popularity>
      <performers></performers>
      <tickets></tickets>
      <image>
        <url>http://s1.evcdn.com/images/block/I0-001/014/314/316-8.jpeg_/branson-road-colonial-center-16.jpeg</url>
        <width>128</width>
        <height>128</height>
        <block>
          <url>http://s1.evcdn.com/images/block/I0-001/014/314/316-8.jpeg_/branson-road-colonial-center-16.jpeg</url>
          <width>128</width>
          <height>128</height>
        </block>
        <large>
          <url>http://s1.evcdn.com/images/large/I0-001/014/314/316-8.jpeg_/branson-road-colonial-center-16.jpeg</url>
          <width>480</width>
          <height>480</height>
        </large>
      </image>
      <categories>
        <category>
          <id>community</id>
          <name>Neighborhood</name>
        </category>
      </categories>
      <subcategories></subcategories>
    </event>
    <event>
      <id>E0-001-058895375-9</id>
      <url>http://eventful.com/southhill/events/blocking-workshop-/E0-001-058895375-9?utm_source=apis&amp;utm_medium=apim&amp;utm_campaign=apic</url>
      <title>Blocking Workshop</title>
      <description> &lt;p&gt;Have you ever wondered how actors in a stage performance know where to go and what to do onstage? Attend this free blocking workshop and find out! This workshop is designed for teens and adults only, and is provided by the Colonial Actors Theatre Society and their associates. Call 434-262-4170 or email info@colonialcenterva.org for more information or to register.&lt;br&gt;&lt;br&gt;&lt;strong&gt;Admission Fee: &lt;/strong&gt;FREE ADMISSION &lt;br&gt;&lt;/p&gt;</description>
      <start_time>2014-05-01 18:00:00</start_time>
      <stop_time>2014-05-01 20:00:00</stop_time>
      <venue_id>V0-001-005152276-1</venue_id>
      <all_day>0</all_day>
      <recur_string></recur_string>
      <created>2013-07-06 13:02:46</created>
      <owner>evdb</owner>
      <privacy>1</privacy>
      <free></free>
      <price></price>
      <modified>2013-09-16 12:10:54</modified>
      <popularity>0004</popularity>
      <performers></performers>
      <tickets></tickets>
      <image>
        <url>http://s4.evcdn.com/images/block/I0-001/014/339/339-2.jpeg_/blocking-workshop-39.jpeg</url>
        <width>128</width>
        <height>128</height>
        <block>
          <url>http://s4.evcdn.com/images/block/I0-001/014/339/339-2.jpeg_/blocking-workshop-39.jpeg</url>
          <width>128</width>
          <height>128</height>
        </block>
        <large>
          <url>http://s4.evcdn.com/images/large/I0-001/014/339/339-2.jpeg_/blocking-workshop-39.jpeg</url>
          <width>480</width>
          <height>480</height>
        </large>
      </image>
      <categories>
        <category>
          <id>community</id>
          <name>Neighborhood</name>
        </category>
      </categories>
      <subcategories></subcategories>
    </event>
    <event>
      <id>E0-001-060691632-4</id>
      <url>http://eventful.com/newyork_ny/events/whiteside-piano-series-/E0-001-060691632-4?utm_source=apis&amp;utm_medium=apim&amp;utm_campaign=apic</url>
      <title>Whiteside Piano Series</title>
      <description> </description>
      <start_time>2014-04-30 20:00:00</start_time>
      <stop_time></stop_time>
      <venue_id>V0-001-000157122-1</venue_id>
      <all_day>0</all_day>
      <recur_string></recur_string>
      <created>2013-08-30 17:38:55</created>
      <owner>evdb</owner>
      <privacy>1</privacy>
      <free></free>
      <price></price>
      <modified>2013-09-15 07:26:03</modified>
      <popularity>0004</popularity>
      <performers></performers>
      <tickets></tickets>
      <image>
        <url>http://s1.evcdn.com/images/block/I0-001/004/065/404-6.jpeg_/whiteside-piano-series-04.jpeg</url>
        <width>128</width>
        <height>128</height>
        <block>
          <url>http://s1.evcdn.com/images/block/I0-001/004/065/404-6.jpeg_/whiteside-piano-series-04.jpeg</url>
          <width>128</width>
          <height>128</height>
        </block>
        <large>
          <url>http://s1.evcdn.com/images/large/I0-001/004/065/404-6.jpeg_/whiteside-piano-series-04.jpeg</url>
          <width>480</width>
          <height>480</height>
        </large>
      </image>
      <categories>
        <category>
          <id>performing_arts</id>
          <name>Performing Arts</name>
        </category>
      </categories>
      <subcategories></subcategories>
    </event>
    <event>
      <id>E0-001-061482815-8</id>
      <url>http://eventful.com/irving/events/data-segmentation-data-segmentation-services-webma-/E0-001-061482815-8?utm_source=apis&amp;utm_medium=apim&amp;utm_campaign=apic</url>
      <title>Data segmentation | Data segmentation services | WebmailingLists</title>
      <description> &lt;p&gt;Big information must be managed in the slightest degree times. And with all the hardiness that your info comes with, there&amp;#39;s risk that little items of information stray. to arrange your databases and build it look good and simply searchable, WebmailingLists offers &lt;a href="http://www.webmailinglists.com/data-segmentation.asp" rel="nofollow"&gt;segmentation services&lt;/a&gt; to realize the very best level of information hygiene.&lt;p&gt;For more details,please read our blog :- &lt;a href="http://web-mailinglists.blogspot.com/2013/08/data-appending-ripple-effect-of-bad-data.html" rel="nofollow"&gt;Data Appending- The Ripple Effect of Bad Data&lt;/a&gt;&lt;/p&gt;&lt;/p&gt;</description>
      <start_time>2014-05-20 19:00:00</start_time>
      <stop_time>2014-07-21 22:00:00</stop_time>
      <venue_id>V0-001-001051277-0</venue_id>
      <all_day>0</all_day>
      <recur_string></recur_string>
      <created>2013-09-20 07:49:18</created>
      <owner>evdb</owner>
      <privacy>1</privacy>
      <free></free>
      <price>   0.00 Data segmentation 0.00 &lt;br&gt;&lt;br&gt;
</price>
      <modified>2013-09-20 07:49:18</modified>
      <popularity>0004</popularity>
      <performers></performers>
      <tickets>
        <link>
          <url>http://www.eventbrite.com/event/8414009529/eventful/r/eventful</url>
          <description></description>
          <provider>eventbrite.com</provider>
          <time>2013-09-20 07:49:22</time>
        </link>
      </tickets>
      <image>
        <url>http://s3.evcdn.com/images/block/I0-001/014/727/810-7.gif_/data-segmentation-data-segmentation-services-web-10.gif</url>
        <width>128</width>
        <height>128</height>
        <block>
          <url>http://s3.evcdn.com/images/block/I0-001/014/727/810-7.gif_/data-segmentation-data-segmentation-services-web-10.gif</url>
          <width>128</width>
          <height>128</height>
        </block>
        <large>
          <url>http://s3.evcdn.com/images/large/I0-001/014/727/810-7.gif_/data-segmentation-data-segmentation-services-web-10.gif</url>
          <width>480</width>
          <height>480</height>
        </large>
      </image>
      <categories>
        <category>
          <id>other</id>
          <name>Other &amp;amp; Miscellaneous</name>
        </category>
      </categories>
      <subcategories></subcategories>
    </event>
    <event>
      <id>E0-001-060721285-4</id>
      <url>http://eventful.com/portage_mi/events/gull-lake-partnership-v-all-sports-/E0-001-060721285-4?utm_source=apis&amp;utm_medium=apim&amp;utm_campaign=apic</url>
      <title>Gull Lake Partnership  v All Sports</title>
      <description> Gull Lake Partnership All Sports Class Match &lt;br&gt;&lt;br&gt;Kingdom Field</description>
      <start_time>2014-05-01 13:00:00</start_time>
      <stop_time></stop_time>
      <venue_id>V0-001-000472635-4</venue_id>
      <all_day>0</all_day>
      <recur_string></recur_string>
      <created>2013-08-31 13:34:49</created>
      <owner>evdb</owner>
      <privacy>1</privacy>
      <free></free>
      <price></price>
      <modified>2013-08-31 13:34:49</modified>
      <popularity>0004</popularity>
      <performers></performers>
      <tickets></tickets>
      <image>
        <url>http://s1.evcdn.com/images/block/I0-001/000/442/344-8.gif_/gull-lake-partnership-v-all-sports-44.gif</url>
        <width>128</width>
        <height>128</height>
        <block>
          <url>http://s1.evcdn.com/images/block/I0-001/000/442/344-8.gif_/gull-lake-partnership-v-all-sports-44.gif</url>
          <width>128</width>
          <height>128</height>
        </block>
        <large>
          <url>http://s1.evcdn.com/images/large/I0-001/000/442/344-8.gif_/gull-lake-partnership-v-all-sports-44.gif</url>
          <width>480</width>
          <height>480</height>
        </large>
      </image>
      <categories>
        <category>
          <id>sports</id>
          <name>Sports</name>
        </category>
      </categories>
      <subcategories></subcategories>
    </event>
    <event>
      <id>E0-001-060721352-5</id>
      <url>http://eventful.com/portage_mi/events/gull-lake-partnership-v-all-sports-/E0-001-060721352-5?utm_source=apis&amp;utm_medium=apim&amp;utm_campaign=apic</url>
      <title>Gull Lake Partnership  v All Sports</title>
      <description> Gull Lake Partnership All Sports Class Match &lt;br&gt;&lt;br&gt;Kingdom Field</description>
      <start_time>2014-06-05 13:00:00</start_time>
      <stop_time></stop_time>
      <venue_id>V0-001-000472635-4</venue_id>
      <all_day>0</all_day>
      <recur_string></recur_string>
      <created>2013-08-31 13:38:43</created>
      <owner>evdb</owner>
      <privacy>1</privacy>
      <free></free>
      <price></price>
      <modified>2013-08-31 13:38:43</modified>
      <popularity>0004</popularity>
      <performers></performers>
      <tickets></tickets>
      <image>
        <url>http://s1.evcdn.com/images/block/I0-001/000/442/344-8.gif_/gull-lake-partnership-v-all-sports-44.gif</url>
        <width>128</width>
        <height>128</height>
        <block>
          <url>http://s1.evcdn.com/images/block/I0-001/000/442/344-8.gif_/gull-lake-partnership-v-all-sports-44.gif</url>
          <width>128</width>
          <height>128</height>
        </block>
        <large>
          <url>http://s1.evcdn.com/images/large/I0-001/000/442/344-8.gif_/gull-lake-partnership-v-all-sports-44.gif</url>
          <width>480</width>
          <height>480</height>
        </large>
      </image>
      <categories>
        <category>
          <id>sports</id>
          <name>Sports</name>
        </category>
      </categories>
      <subcategories></subcategories>
    </event>
    <event>
      <id>E0-001-060721350-7</id>
      <url>http://eventful.com/portage_mi/events/gull-lake-partnership-v-all-sports-/E0-001-060721350-7?utm_source=apis&amp;utm_medium=apim&amp;utm_campaign=apic</url>
      <title>Gull Lake Partnership  v All Sports</title>
      <description> Gull Lake Partnership All Sports Class Match &lt;br&gt;&lt;br&gt;Kingdom Field</description>
      <start_time>2014-05-29 13:00:00</start_time>
      <stop_time></stop_time>
      <venue_id>V0-001-000472635-4</venue_id>
      <all_day>0</all_day>
      <recur_string></recur_string>
      <created>2013-08-31 13:38:33</created>
      <owner>evdb</owner>
      <privacy>1</privacy>
      <free></free>
      <price></price>
      <modified>2013-08-31 13:38:33</modified>
      <popularity>0004</popularity>
      <performers></performers>
      <tickets></tickets>
      <image>
        <url>http://s1.evcdn.com/images/block/I0-001/000/442/344-8.gif_/gull-lake-partnership-v-all-sports-44.gif</url>
        <width>128</width>
        <height>128</height>
        <block>
          <url>http://s1.evcdn.com/images/block/I0-001/000/442/344-8.gif_/gull-lake-partnership-v-all-sports-44.gif</url>
          <width>128</width>
          <height>128</height>
        </block>
        <large>
          <url>http://s1.evcdn.com/images/large/I0-001/000/442/344-8.gif_/gull-lake-partnership-v-all-sports-44.gif</url>
          <width>480</width>
          <height>480</height>
        </large>
      </image>
      <categories>
        <category>
          <id>sports</id>
          <name>Sports</name>
        </category>
      </categories>
      <subcategories></subcategories>
    </event>
    <event>
      <id>E0-001-060721286-3</id>
      <url>http://eventful.com/portage_mi/events/gull-lake-partnership-v-all-sports-/E0-001-060721286-3?utm_source=apis&amp;utm_medium=apim&amp;utm_campaign=apic</url>
      <title>Gull Lake Partnership  v All Sports</title>
      <description> Gull Lake Partnership All Sports Class Match &lt;br&gt;&lt;br&gt;Kingdom Field</description>
      <start_time>2014-05-08 13:00:00</start_time>
      <stop_time></stop_time>
      <venue_id>V0-001-000472635-4</venue_id>
      <all_day>0</all_day>
      <recur_string></recur_string>
      <created>2013-08-31 13:34:58</created>
      <owner>evdb</owner>
      <privacy>1</privacy>
      <free></free>
      <price></price>
      <modified>2013-08-31 13:34:58</modified>
      <popularity>0004</popularity>
      <performers></performers>
      <tickets></tickets>
      <image>
        <url>http://s1.evcdn.com/images/block/I0-001/000/442/344-8.gif_/gull-lake-partnership-v-all-sports-44.gif</url>
        <width>128</width>
        <height>128</height>
        <block>
          <url>http://s1.evcdn.com/images/block/I0-001/000/442/344-8.gif_/gull-lake-partnership-v-all-sports-44.gif</url>
          <width>128</width>
          <height>128</height>
        </block>
        <large>
          <url>http://s1.evcdn.com/images/large/I0-001/000/442/344-8.gif_/gull-lake-partnership-v-all-sports-44.gif</url>
          <width>480</width>
          <height>480</height>
        </large>
      </image>
      <categories>
        <category>
          <id>sports</id>
          <name>Sports</name>
        </category>
      </categories>
      <subcategories></subcategories>
    </event>
    <event>
      <id>E0-001-060721342-8</id>
      <url>http://eventful.com/portage_mi/events/gull-lake-partnership-v-all-sports-/E0-001-060721342-8?utm_source=apis&amp;utm_medium=apim&amp;utm_campaign=apic</url>
      <title>Gull Lake Partnership  v All Sports</title>
      <description> Gull Lake Partnership All Sports Class Match &lt;br&gt;&lt;br&gt;Kingdom Field</description>
      <start_time>2014-05-15 13:00:00</start_time>
      <stop_time></stop_time>
      <venue_id>V0-001-000472635-4</venue_id>
      <all_day>0</all_day>
      <recur_string></recur_string>
      <created>2013-08-31 13:38:11</created>
      <owner>evdb</owner>
      <privacy>1</privacy>
      <free></free>
      <price></price>
      <modified>2013-08-31 13:38:11</modified>
      <popularity>0004</popularity>
      <performers></performers>
      <tickets></tickets>
      <image>
        <url>http://s1.evcdn.com/images/block/I0-001/000/442/344-8.gif_/gull-lake-partnership-v-all-sports-44.gif</url>
        <width>128</width>
        <height>128</height>
        <block>
          <url>http://s1.evcdn.com/images/block/I0-001/000/442/344-8.gif_/gull-lake-partnership-v-all-sports-44.gif</url>
          <width>128</width>
          <height>128</height>
        </block>
        <large>
          <url>http://s1.evcdn.com/images/large/I0-001/000/442/344-8.gif_/gull-lake-partnership-v-all-sports-44.gif</url>
          <width>480</width>
          <height>480</height>
        </large>
      </image>
      <categories>
        <category>
          <id>sports</id>
          <name>Sports</name>
        </category>
      </categories>
      <subcategories></subcategories>
    </event>
    <event>
      <id>E0-001-060721347-3</id>
      <url>http://eventful.com/portage_mi/events/gull-lake-partnership-v-all-sports-/E0-001-060721347-3?utm_source=apis&amp;utm_medium=apim&amp;utm_campaign=apic</url>
      <title>Gull Lake Partnership  v All Sports</title>
      <description> Gull Lake Partnership All Sports Class Match &lt;br&gt;&lt;br&gt;Kingdom Field</description>
      <start_time>2014-05-22 13:00:00</start_time>
      <stop_time></stop_time>
      <venue_id>V0-001-000472635-4</venue_id>
      <all_day>0</all_day>
      <recur_string></recur_string>
      <created>2013-08-31 13:38:22</created>
      <owner>evdb</owner>
      <privacy>1</privacy>
      <free></free>
      <price></price>
      <modified>2013-08-31 13:38:22</modified>
      <popularity>0004</popularity>
      <performers></performers>
      <tickets></tickets>
      <image>
        <url>http://s1.evcdn.com/images/block/I0-001/000/442/344-8.gif_/gull-lake-partnership-v-all-sports-44.gif</url>
        <width>128</width>
        <height>128</height>
        <block>
          <url>http://s1.evcdn.com/images/block/I0-001/000/442/344-8.gif_/gull-lake-partnership-v-all-sports-44.gif</url>
          <width>128</width>
          <height>128</height>
        </block>
        <large>
          <url>http://s1.evcdn.com/images/large/I0-001/000/442/344-8.gif_/gull-lake-partnership-v-all-sports-44.gif</url>
          <width>480</width>
          <height>480</height>
        </large>
      </image>
      <categories>
        <category>
          <id>sports</id>
          <name>Sports</name>
        </category>
      </categories>
      <subcategories></subcategories>
    </event>
    <event>
      <id>E0-001-060538847-2</id>
      <url>http://eventful.com/nellysford/events/memorial-day-celebration-wild-wolf-brewing-compa-/E0-001-060538847-2?utm_source=apis&amp;utm_medium=apim&amp;utm_campaign=apic</url>
      <title>Memorial Day Celebration at Wild Wolf Brewing Company</title>
      <description> &lt;p&gt;Celebrate Memorial Day with Food &amp; Drink Specials and live music at Wild Wolf Brewing Company.&lt;br&gt;&lt;br&gt;&lt;br&gt;Last Updated: 8/19/2013 3:19 PM
&lt;/p&gt;</description>
      <start_time>2014-05-26 11:30:00</start_time>
      <stop_time>2014-05-26 22:00:00</stop_time>
      <venue_id>V0-001-005357978-1</venue_id>
      <all_day>0</all_day>
      <recur_string></recur_string>
      <created>2013-08-25 10:30:55</created>
      <owner>evdb</owner>
      <privacy>1</privacy>
      <free></free>
      <price></price>
      <modified>2013-08-25 10:30:55</modified>
      <popularity>0004</popularity>
      <performers></performers>
      <tickets></tickets>
      <image>
        <url>http://s1.evcdn.com/images/block/I0-001/014/545/584-5.jpeg_/memorial-day-celebration-wild-wolf-brewing-company-84.jpeg</url>
        <width>128</width>
        <height>128</height>
        <block>
          <url>http://s1.evcdn.com/images/block/I0-001/014/545/584-5.jpeg_/memorial-day-celebration-wild-wolf-brewing-company-84.jpeg</url>
          <width>128</width>
          <height>128</height>
        </block>
        <large>
          <url>http://s1.evcdn.com/images/large/I0-001/014/545/584-5.jpeg_/memorial-day-celebration-wild-wolf-brewing-company-84.jpeg</url>
          <width>480</width>
          <height>480</height>
        </large>
      </image>
      <categories>
        <category>
          <id>holiday</id>
          <name>Holiday</name>
        </category>
        <category>
          <id>community</id>
          <name>Neighborhood</name>
        </category>
      </categories>
      <subcategories>
        <subcategory>
          <id>community_holiday</id>
          <parent>community</parent>
          <name>Neighborhood: Holiday</name>
          <short_name>Holiday</short_name>
        </subcategory>
      </subcategories>
    </event>
    <event>
      <id>E0-001-058312855-2</id>
      <url>http://eventful.com/chestertown/events/jerry-jones-jerryjonescountrygospeltheoriginalc-/E0-001-058312855-2?utm_source=apis&amp;utm_medium=apim&amp;utm_campaign=apic</url>
      <title>Jerry Jones, "Jerry Jones Country Gospel: The Original Country Music"</title>
      <description></description>
      <start_time>2014-09-28 13:00:00</start_time>
      <stop_time></stop_time>
      <venue_id>V0-001-007072232-6</venue_id>
      <all_day>0</all_day>
      <recur_string></recur_string>
      <created>2013-06-16 05:17:13</created>
      <owner>evdb</owner>
      <privacy>1</privacy>
      <free></free>
      <price>Free</price>
      <modified>2013-10-14 15:17:35</modified>
      <popularity>0004</popularity>
      <performers>
        <performer>
          <id>P0-001-000098473-8</id>
        </performer>
      </performers>
      <tickets></tickets>
      <image></image>
      <categories>
        <category>
          <id>music</id>
          <name>Concerts &amp;amp; Tour Dates</name>
        </category>
      </categories>
      <subcategories>
        <subcategory>
          <id>music_religious</id>
          <parent>music</parent>
          <name>Concerts &amp;amp; Tour Dates: Inspirational</name>
          <short_name>Inspirational</short_name>
        </subcategory>
      </subcategories>
    </event>
    <event>
      <id>E0-001-062560502-1</id>
      <url>http://eventful.com/chicago_il/events/kerry-lang-erhu-pipa-/E0-001-062560502-1?utm_source=apis&amp;utm_medium=apim&amp;utm_campaign=apic</url>
      <title>Kerry Lang, Erhu &amp; Pipa</title>
      <description> Chicago Modern Orchestra Project presents: Program TBA
</description>
      <start_time>2014-09-04 19:00:00</start_time>
      <stop_time></stop_time>
      <venue_id>V0-001-000212323-4</venue_id>
      <all_day>0</all_day>
      <recur_string></recur_string>
      <created>2013-10-18 01:59:58</created>
      <owner>evdb</owner>
      <privacy>1</privacy>
      <free></free>
      <price></price>
      <modified>2013-10-18 01:59:58</modified>
      <popularity>0004</popularity>
      <performers></performers>
      <tickets></tickets>
      <image>
        <url>http://s2.evcdn.com/images/block/I0-001/014/882/721-0.jpeg_/kerry-lang-erhu-pipa-21.jpeg</url>
        <width>128</width>
        <height>128</height>
        <block>
          <url>http://s2.evcdn.com/images/block/I0-001/014/882/721-0.jpeg_/kerry-lang-erhu-pipa-21.jpeg</url>
          <width>128</width>
          <height>128</height>
        </block>
        <large>
          <url>http://s2.evcdn.com/images/large/I0-001/014/882/721-0.jpeg_/kerry-lang-erhu-pipa-21.jpeg</url>
          <width>480</width>
          <height>480</height>
        </large>
      </image>
      <categories>
        <category>
          <id>performing_arts</id>
          <name>Performing Arts</name>
        </category>
      </categories>
      <subcategories></subcategories>
    </event>
    <event>
      <id>E0-001-062080248-9</id>
      <url>http://eventful.com/chicago_il/events/rainbow-rhapsody-/E0-001-062080248-9?utm_source=apis&amp;utm_medium=apim&amp;utm_campaign=apic</url>
      <title>A Rainbow Rhapsody</title>
      <description> Lakeside Pride Music Ensembles  at Center on Halsted Hoover-Leppen Theatre &lt;br&gt;&lt;br&gt; &lt;p&gt;Sappho, the poet of Ancient Greece, proclaimed “Love has the sun’s splendor and beauty,” and in June, we feel the same: what could be more lovely and splendiferous than sunny Chicago during Pride Month! We’re celebrating over 15 years of musical fabulousness with our GAY-LA GRAND FINALE featuring “America’s Classical Music” – Jazz. Wave your rainbow flags and snap your fingers to toe-tapping, ear-catching music by such LGBT composers
&lt;/p&gt;</description>
      <start_time>2014-06-10 00:00:00</start_time>
      <stop_time></stop_time>
      <venue_id>V0-001-000480557-2</venue_id>
      <all_day>2</all_day>
      <recur_string></recur_string>
      <created>2013-10-05 13:50:46</created>
      <owner>evdb</owner>
      <privacy>1</privacy>
      <free></free>
      <price>$12-$20</price>
      <modified>2013-10-05 13:50:46</modified>
      <popularity>0004</popularity>
      <performers></performers>
      <tickets></tickets>
      <image>
        <url>http://s1.evcdn.com/images/block/I0-001/014/809/100-0.jpeg_/rainbow-rhapsody-00.jpeg</url>
        <width>128</width>
        <height>128</height>
        <block>
          <url>http://s1.evcdn.com/images/block/I0-001/014/809/100-0.jpeg_/rainbow-rhapsody-00.jpeg</url>
          <width>128</width>
          <height>128</height>
        </block>
        <large>
          <url>http://s1.evcdn.com/images/large/I0-001/014/809/100-0.jpeg_/rainbow-rhapsody-00.jpeg</url>
          <width>480</width>
          <height>480</height>
        </large>
      </image>
      <categories>
        <category>
          <id>performing_arts</id>
          <name>Performing Arts</name>
        </category>
      </categories>
      <subcategories></subcategories>
    </event>
    <event>
      <id>E0-001-059331361-8</id>
      <url>http://eventful.com/miami_fl/events/benjamin-grosvenor-and-escher-string-quartet-/E0-001-059331361-8?utm_source=apis&amp;utm_medium=apim&amp;utm_campaign=apic</url>
      <title>Benjamin Grosvenor and the Escher String Quartet</title>
      <description> &lt;b&gt;Organization&lt;/b&gt;&lt;br&gt;&lt;a href="http://www.socialmiami.com/affiliates_detail.asp?orgid=2331" rel="nofollow"&gt;Friends of Chamber Music Miami&lt;/a&gt;&lt;br&gt;&lt;br&gt;&lt;b&gt;Primary Category&lt;/b&gt;&lt;br&gt;Concerts &amp; Performances &lt;br&gt;&lt;br&gt;&lt;b&gt;Extras&lt;/b&gt;&lt;br&gt;The series&amp;#39; conclusion on pairs the sensational young British pianist Benjamin Grosvenor and the New York-based Escher String Quartet. Grosvenor has racked up an impressive series of awards and firsts. Milestones include his debut at the BBC Proms in 2011 as the youngest-ever soloist on opening night. Last year, his debut album on the prestigious Decca Classics label was awarded two Gramophone Awards - Instrumental and Young Artist - making him Gramophone&amp;#39;s youngest ever double award winner. Also among the most outstanding classical musicians of the younger generation, the Eschers have performed at prestigious venues and festivals around the world. They recently completed a three-year residency with The Chamber Music Society of Lincoln Center&amp;#39;s CMS 2 program and are recipients of a 2013 Avery Fisher Career Grant.&lt;br&gt;&lt;br&gt;&lt;b&gt;Place&lt;/b&gt;&lt;br&gt;UM Gusman Concert Hall&lt;br&gt;&lt;br&gt;&lt;b&gt;Address&lt;/b&gt;&lt;br&gt;1314 Miller Drive&lt;br&gt; Coral Gables, FL 33146&lt;br&gt;&lt;br&gt;&lt;b&gt;Ticket Cost&lt;/b&gt;&lt;br&gt;$10.00 - $40.00&lt;br&gt;&lt;br&gt;&lt;b&gt;Seating Information&lt;/b&gt;&lt;br&gt;The subscription price for all eight concerts for 2013-14 is $250/$350 (preferred seating). Individual concert tickets are $35/$40 and students are $10. visit http://focm2013.eventbrite.com/ &lt;br&gt;&lt;br&gt;&lt;b&gt;Contact Phone&lt;/b&gt;&lt;br&gt;305-372-2975&lt;br&gt;&lt;br&gt;</description>
      <start_time>2014-05-06 20:00:00</start_time>
      <stop_time></stop_time>
      <venue_id>V0-001-000117159-9</venue_id>
      <all_day>0</all_day>
      <recur_string></recur_string>
      <created>2013-07-20 06:26:29</created>
      <owner>evdb</owner>
      <privacy>1</privacy>
      <free></free>
      <price>$10.00 - $40.00</price>
      <modified>2013-09-08 04:25:59</modified>
      <popularity>0004</popularity>
      <performers></performers>
      <tickets></tickets>
      <image>
        <url>http://s3.evcdn.com/images/block/I0-001/014/653/862-2.jpeg_/benjamin-grosvenor-and-escher-string-quartet-62.jpeg</url>
        <width>128</width>
        <height>128</height>
        <block>
          <url>http://s3.evcdn.com/images/block/I0-001/014/653/862-2.jpeg_/benjamin-grosvenor-and-escher-string-quartet-62.jpeg</url>
          <width>128</width>
          <height>128</height>
        </block>
        <large>
          <url>http://s3.evcdn.com/images/large/I0-001/014/653/862-2.jpeg_/benjamin-grosvenor-and-escher-string-quartet-62.jpeg</url>
          <width>480</width>
          <height>480</height>
        </large>
      </image>
      <categories>
        <category>
          <id>performing_arts</id>
          <name>Performing Arts</name>
        </category>
      </categories>
      <subcategories></subcategories>
    </event>
    <event>
      <id>E0-001-057227305-0</id>
      <url>http://eventful.com/austin_tx/events/pianist-gabriela-montero-performs-mozarts-piano-c-/E0-001-057227305-0?utm_source=apis&amp;utm_medium=apim&amp;utm_campaign=apic</url>
      <title>Pianist Gabriela Montero performs Mozart's Piano Concerto No. 20</title>
      <description> Austin Symphony Orchestra presents: Paterson: Dark Mountains; Mozart: Concerto for Piano no 20 in D minor, K 466; Strauss: Also sprach Zarathustra, Op. 30
</description>
      <start_time>2014-05-16 20:00:00</start_time>
      <stop_time></stop_time>
      <venue_id>V0-001-003753446-9</venue_id>
      <all_day>0</all_day>
      <recur_string></recur_string>
      <created>2013-05-10 02:57:55</created>
      <owner>evdb</owner>
      <privacy>1</privacy>
      <free></free>
      <price></price>
      <modified>2013-05-10 02:57:55</modified>
      <popularity>0004</popularity>
      <performers></performers>
      <tickets></tickets>
      <image>
        <url>http://s3.evcdn.com/images/block/I0-001/014/074/446-1.jpeg_/pianist-gabriela-montero-performs-mozarts-piano-co-46.jpeg</url>
        <width>128</width>
        <height>128</height>
        <block>
          <url>http://s3.evcdn.com/images/block/I0-001/014/074/446-1.jpeg_/pianist-gabriela-montero-performs-mozarts-piano-co-46.jpeg</url>
          <width>128</width>
          <height>128</height>
        </block>
        <large>
          <url>http://s3.evcdn.com/images/large/I0-001/014/074/446-1.jpeg_/pianist-gabriela-montero-performs-mozarts-piano-co-46.jpeg</url>
          <width>480</width>
          <height>480</height>
        </large>
      </image>
      <categories>
        <category>
          <id>performing_arts</id>
          <name>Performing Arts</name>
        </category>
      </categories>
      <subcategories></subcategories>
    </event>
    <event>
      <id>E0-001-059445274-7</id>
      <url>http://eventful.com/boston_ma/events/new-postdoc-orientation-81214-/E0-001-059445274-7?utm_source=apis&amp;utm_medium=apim&amp;utm_campaign=apic</url>
      <title>New Postdoc Orientation 8/12/14</title>
      <description> &lt;p&gt;&lt;em&gt;&lt;strong&gt;IMPORTANT:&lt;/strong&gt; Please note that the information below pertains &lt;strong&gt;only to postdocs who are working in a QUAD department&lt;/strong&gt;. Postdocs working in (and receiving pay from) one of our hospital affiliates should contact their department administrator for information regarding orientation and getting settled. &lt;br&gt;&lt;br&gt;&lt;/em&gt;The HMS/HSDM Office for Postdoctoral Fellows organizes orientations every 6 weeks for new postdocs. The Postdoc orientation is an important opportunity for new postdocs to obtain the necessary resources they need for living and working in and around the HMS/HSDM community. Postdocs learn about the administrative systems at HMS/HSDM and Harvard, research offices and policies, and receive a broad overview and explanation of the many benefits of working at Harvard. &lt;strong&gt;&lt;a href="http://postdoc.hms.harvard.edu/orientation.html" rel="nofollow"&gt;Find out more about orientation HERE.&lt;/a&gt;&lt;/strong&gt;&lt;p&gt;&lt;strong&gt;&lt;br&gt;IMPORTANT: A new policy requires you to sign up for benefits within 30 days of your &lt;em&gt;start date&lt;/em&gt;&lt;/strong&gt;. If you do not receive a Benefits Package at your home mailing address within two weeks of your start date, call the Benefits Services Group at 617/496-4001. If you are unable to attend orientation, you are strongly encouraged to watch the following video for a detailed overview of your benefits: &lt;a href="http://harvie.harvard.edu/static-assets/flash/New_Employee_Orientation_Benefits_Presentation/2013PostDocNEO.htm" rel="nofollow"&gt;&lt;strong&gt;The Benefits of Working at Harvard&lt;/strong&gt;&lt;/a&gt;.&lt;p&gt;&lt;strong&gt;&lt;a href="http://postdoc.hms.harvard.edu/gettingstarted.html" rel="nofollow"&gt;&lt;br&gt;Also see: The Getting Started Guide for New Postdocs.&lt;/a&gt;&lt;/strong&gt;&lt;/p&gt;&lt;/p&gt;&lt;/p&gt;</description>
      <start_time>2014-08-12 12:30:00</start_time>
      <stop_time>2014-08-12 16:00:00</stop_time>
      <venue_id>V0-001-006775999-5</venue_id>
      <all_day>0</all_day>
      <recur_string></recur_string>
      <created>2013-07-23 23:25:31</created>
      <owner>evdb</owner>
      <privacy>1</privacy>
      <free></free>
      <price>   Quad-Based, HMS-Paid Postdocs Only 0.00 &lt;br&gt;&lt;br&gt;
</price>
      <modified>2013-07-23 23:25:31</modified>
      <popularity>0004</popularity>
      <performers></performers>
      <tickets>
        <link>
          <url>http://www.eventbrite.com/event/7579808411/eventful/r/eventful</url>
          <description></description>
          <provider>eventbrite.com</provider>
          <time>2013-07-23 23:25:39</time>
        </link>
      </tickets>
      <image>
        <url>http://s2.evcdn.com/images/block/I0-001/014/422/233-8.gif_/new-postdoc-orientation-81214-33.gif</url>
        <width>128</width>
        <height>128</height>
        <block>
          <url>http://s2.evcdn.com/images/block/I0-001/014/422/233-8.gif_/new-postdoc-orientation-81214-33.gif</url>
          <width>128</width>
          <height>128</height>
        </block>
        <large>
          <url>http://s2.evcdn.com/images/large/I0-001/014/422/233-8.gif_/new-postdoc-orientation-81214-33.gif</url>
          <width>480</width>
          <height>480</height>
        </large>
      </image>
      <categories>
        <category>
          <id>conference</id>
          <name>Conferences &amp;amp; Tradeshows</name>
        </category>
        <category>
          <id>family_fun_kids</id>
          <name>Kids &amp;amp; Family</name>
        </category>
      </categories>
      <subcategories></subcategories>
    </event>
    <event>
      <id>E0-001-055460342-4</id>
      <url>http://eventful.com/boston_ma/events/handel-haydn-society-present-handel-samson-/E0-001-055460342-4?utm_source=apis&amp;utm_medium=apim&amp;utm_campaign=apic</url>
      <title>Handel &amp; Haydn Society Present: Handel Samson</title>
      <description>Handel’s dramatic oratorio, Samson, features epic instrumental color and sumptuous vocal writing that showcases Handel’s virtuosity. For this stunning season finale, Harry Christophers is joined by an international cast of exceptional singers alongside the Period Instrument Orchestra and Chorus. Premiered by H&amp;H in US in 1845, the oratorio tells the well-known Biblical story of the imprisoned hero who falls powerless after his wife, Dalila, cuts off his hair.</description>
      <start_time>2014-05-04 15:00:00</start_time>
      <stop_time></stop_time>
      <venue_id>V0-001-000556523-7</venue_id>
      <all_day>0</all_day>
      <recur_string></recur_string>
      <created>2013-03-25 09:22:12</created>
      <owner>HandelHaydnSociety</owner>
      <privacy>1</privacy>
      <free></free>
      <price>$20.00 - $86.00</price>
      <modified>2013-08-25 11:57:34</modified>
      <popularity>0004</popularity>
      <performers></performers>
      <tickets></tickets>
      <image>
        <url>http://s1.evcdn.com/images/block/I0-001/013/824/932-5.jpeg_/handel-haydn-society-present-handel-samson-32.jpeg</url>
        <width>128</width>
        <height>128</height>
        <block>
          <url>http://s1.evcdn.com/images/block/I0-001/013/824/932-5.jpeg_/handel-haydn-society-present-handel-samson-32.jpeg</url>
          <width>128</width>
          <height>128</height>
        </block>
        <large>
          <url>http://s1.evcdn.com/images/large/I0-001/013/824/932-5.jpeg_/handel-haydn-society-present-handel-samson-32.jpeg</url>
          <width>480</width>
          <height>480</height>
        </large>
      </image>
      <categories>
        <category>
          <id>music</id>
          <name>Concerts &amp;amp; Tour Dates</name>
        </category>
      </categories>
      <subcategories></subcategories>
    </event>
    <event>
      <id>E0-001-062033176-9</id>
      <url>http://eventful.com/bloomington/events/odd-couple-/E0-001-062033176-9?utm_source=apis&amp;utm_medium=apim&amp;utm_campaign=apic</url>
      <title>The Odd Couple</title>
      <description> An American comedy classic, this Tony Award winner centers on mismatched roommates, Oscar and Felix. When recently failed marriages force slovenly Oscar and fastidious Felix to share an apartment, their relationship begins to resemble the patterns of their own disastrous marriages. The roommates must determine&lt;br&gt; whether their differences are irreconcilable. As the audience enjoys the non-stop hilarity, Oscar and Felix realize they are both better people as a result of their friendship.</description>
      <start_time>2014-05-16 00:00:00</start_time>
      <stop_time>2014-06-08 00:00:00</stop_time>
      <venue_id>V0-001-000222830-8</venue_id>
      <all_day>2</all_day>
      <recur_string></recur_string>
      <created>2013-10-04 14:52:02</created>
      <owner>evdb</owner>
      <privacy>1</privacy>
      <free></free>
      <price></price>
      <modified>2013-10-04 14:52:02</modified>
      <popularity>0004</popularity>
      <performers></performers>
      <tickets></tickets>
      <image>
        <url>http://s4.evcdn.com/images/block/I0-001/014/804/431-2.jpeg_/odd-couple-31.jpeg</url>
        <width>128</width>
        <height>128</height>
        <block>
          <url>http://s4.evcdn.com/images/block/I0-001/014/804/431-2.jpeg_/odd-couple-31.jpeg</url>
          <width>128</width>
          <height>128</height>
        </block>
        <large>
          <url>http://s4.evcdn.com/images/large/I0-001/014/804/431-2.jpeg_/odd-couple-31.jpeg</url>
          <width>480</width>
          <height>480</height>
        </large>
      </image>
      <categories>
        <category>
          <id>other</id>
          <name>Other &amp;amp; Miscellaneous</name>
        </category>
      </categories>
      <subcategories></subcategories>
    </event>
    <event>
      <id>E0-001-057311731-7</id>
      <url>http://eventful.com/houston_tx/events/beethovens-triple-concerto-/E0-001-057311731-7?utm_source=apis&amp;utm_medium=apim&amp;utm_campaign=apic</url>
      <title>Beethoven's Triple Concerto</title>
      <description> The Houston Symphony’s Concertmaster Frank Huang and Principal Cellist Brinton Averil Smith join pianist Joyce Yang for a moving performance of Beethoven’s Triple Concerto. After intermission, take-in the brooding tranquility of Sibelius’ Symphony No. 5. In the last movement of this mysterious work, hear a glorious horn theme paint a picture of the summer sun coming through the parting clouds. &lt;br&gt;&lt;br&gt; Program: &lt;br&gt; Bax: Tintagel &lt;br&gt; Beethoven: Concerto for Violin, Cello and Piano, Triple Concerto &lt;br&gt; Sibelius: Symphony No. 5 &lt;br&gt;&lt;br&gt; Artist: Thomas Dausgaard, conductor; Frank Huang, violin; Brinton Averil Smith, cello; Joyce Yang, piano&lt;br&gt;&lt;p&gt;Note: We do our best to ensure all information is accurate. However, it&amp;#39;s a good idea to visit the website listed or contact the organization or venue to verify event details.&lt;/p&gt;</description>
      <start_time>2014-05-01 00:00:00</start_time>
      <stop_time>2014-05-04 00:00:00</stop_time>
      <venue_id>V0-001-005503204-4</venue_id>
      <all_day>2</all_day>
      <recur_string></recur_string>
      <created>2013-05-12 10:49:28</created>
      <owner>evdb</owner>
      <privacy>1</privacy>
      <free></free>
      <price></price>
      <modified>2013-05-12 10:49:28</modified>
      <popularity>0004</popularity>
      <performers></performers>
      <tickets></tickets>
      <image>
        <url>http://s4.evcdn.com/images/block/I0-001/008/347/399-8.jpeg_/beethovens-triple-concerto-99.jpeg</url>
        <width>128</width>
        <height>128</height>
        <block>
          <url>http://s4.evcdn.com/images/block/I0-001/008/347/399-8.jpeg_/beethovens-triple-concerto-99.jpeg</url>
          <width>128</width>
          <height>128</height>
        </block>
        <large>
          <url>http://s4.evcdn.com/images/large/I0-001/008/347/399-8.jpeg_/beethovens-triple-concerto-99.jpeg</url>
          <width>480</width>
          <height>480</height>
        </large>
      </image>
      <categories>
        <category>
          <id>other</id>
          <name>Other &amp;amp; Miscellaneous</name>
        </category>
      </categories>
      <subcategories></subcategories>
    </event>
    <event>
      <id>E0-001-057887217-2</id>
      <url>http://eventful.com/houston_tx/events/symphonic-spectacular-/E0-001-057887217-2?utm_source=apis&amp;utm_medium=apim&amp;utm_campaign=apic</url>
      <title>Symphonic Spectacular!</title>
      <description> With host Sigourney Weaver as your guide, utilizing high definition video imagery stills and animation of landscapes, nature and stunning lighting, we will visually explore classical music’s most beloved hits including, “Waltz of the Flowers,” “1812 Overture” and “Flight of the Bumblebee.” Artist: Michael Krajewski, conductor &lt;p&gt;   &lt;br&gt;&lt;p&gt;Note: We do our best to ensure all information is accurate. However, it&amp;#39;s a good idea to visit the website listed or contact the organization or venue to verify event details.&lt;/p&gt;&lt;/p&gt;</description>
      <start_time>2014-05-23 00:00:00</start_time>
      <stop_time>2014-05-25 00:00:00</stop_time>
      <venue_id>V0-001-005503204-4</venue_id>
      <all_day>2</all_day>
      <recur_string></recur_string>
      <created>2013-06-01 12:12:47</created>
      <owner>evdb</owner>
      <privacy>1</privacy>
      <free></free>
      <price></price>
      <modified>2013-06-01 12:12:47</modified>
      <popularity>0004</popularity>
      <performers></performers>
      <tickets></tickets>
      <image>
        <url>http://s3.evcdn.com/images/block/I0-001/011/536/882-5.jpeg_/symphonic-spectacular-82.jpeg</url>
        <width>128</width>
        <height>128</height>
        <block>
          <url>http://s3.evcdn.com/images/block/I0-001/011/536/882-5.jpeg_/symphonic-spectacular-82.jpeg</url>
          <width>128</width>
          <height>128</height>
        </block>
        <large>
          <url>http://s3.evcdn.com/images/large/I0-001/011/536/882-5.jpeg_/symphonic-spectacular-82.jpeg</url>
          <width>480</width>
          <height>480</height>
        </large>
      </image>
      <categories>
        <category>
          <id>other</id>
          <name>Other &amp;amp; Miscellaneous</name>
        </category>
      </categories>
      <subcategories></subcategories>
    </event>
    <event>
      <id>E0-001-061302520-4</id>
      <url>http://eventful.com/eastmeadow/events/our-house-park-li-style-/E0-001-061302520-4?utm_source=apis&amp;utm_medium=apim&amp;utm_campaign=apic</url>
      <title>Our House at the park LI style</title>
      <description> &lt;p&gt;&lt;strong&gt;Thanks to everyone that came out and supported us with your love, energy, and finacialy.. We have more events coming up, so keep plugged in and we&amp;#39;ll keep you posted.. Please join us on Facebook  @  https://www.facebook.com/groups/ourhouseattheparklongislandstyle/&lt;br&gt;&lt;/strong&gt;&lt;/p&gt;</description>
      <start_time>2014-09-20 11:00:00</start_time>
      <stop_time>2014-09-20 20:00:00</stop_time>
      <venue_id>V0-001-007307298-5</venue_id>
      <all_day>0</all_day>
      <recur_string></recur_string>
      <created>2013-09-16 13:25:40</created>
      <owner>evdb</owner>
      <privacy>1</privacy>
      <free></free>
      <price>Visit EventBrite.com for pricing.</price>
      <modified>2013-10-02 13:35:08</modified>
      <popularity>0004</popularity>
      <performers></performers>
      <tickets>
        <link>
          <url>http://www.eventbrite.com/event/8331572959/eventful/r/eventful</url>
          <description></description>
          <provider>eventbrite.com</provider>
          <time>2013-09-16 13:25:45</time>
        </link>
      </tickets>
      <image>
        <url>http://s2.evcdn.com/images/block/I0-001/014/703/381-4.jpeg_/our-house-park-li-style-81.jpeg</url>
        <width>128</width>
        <height>128</height>
        <block>
          <url>http://s2.evcdn.com/images/block/I0-001/014/703/381-4.jpeg_/our-house-park-li-style-81.jpeg</url>
          <width>128</width>
          <height>128</height>
        </block>
        <large>
          <url>http://s2.evcdn.com/images/large/I0-001/014/703/381-4.jpeg_/our-house-park-li-style-81.jpeg</url>
          <width>480</width>
          <height>480</height>
        </large>
      </image>
      <categories>
        <category>
          <id>other</id>
          <name>Other &amp;amp; Miscellaneous</name>
        </category>
      </categories>
      <subcategories></subcategories>
    </event>
    <event>
      <id>E0-001-057293074-8</id>
      <url>http://eventful.com/portsmouth_nh/events/cos-fan-tutte-mozart-/E0-001-057293074-8?utm_source=apis&amp;utm_medium=apim&amp;utm_campaign=apic</url>
      <title>Così Fan Tutte (Mozart)</title>
      <description>  &lt;p&gt;James Levine conducts the first &lt;em&gt;Live in HD&lt;/em&gt; performance of Mozart’s barbed romance. Lesley Koenig’s sleek production will star Susanna Phillips and Isabel Leonard as the sisters Fiordiligi and Dorabella; Matthew Polenzani and Rodion Pogossov as their fiancés, Ferrando and Guglielmo; Danielle de Niese as their feisty maid Despina; and Maurizio Muraro as the cynical Don Alfonso.&lt;p&gt;&lt;strong&gt;Approximate running time:&lt;/strong&gt; 4:05 &lt;p&gt;&lt;strong&gt;Conductor:&lt;/strong&gt; James Levine &lt;br&gt;&lt;strong&gt;Production:&lt;/strong&gt; Lesley Koenig &lt;br&gt;&lt;strong&gt;Designer:&lt;/strong&gt; Michael Yeargan&lt;br&gt;&lt;strong&gt;Lighting Designer: &lt;/strong&gt;Duane Schuler &lt;br&gt;&lt;strong&gt;Cast:&lt;/strong&gt; Susanna Phillips (Fiordiligi), Isabel Leonard (Dorabella), Danielle de Niese (Despina), Matthew Polenzani (Ferrando), Rodion Pogossov (Guglielmo), Maurizio Muraro (Don Alfonso) &lt;p&gt;&lt;/p&gt;&lt;/p&gt;&lt;/p&gt;&lt;/p&gt;</description>
      <start_time>2014-05-04 12:00:00</start_time>
      <stop_time></stop_time>
      <venue_id>V0-001-000116546-4</venue_id>
      <all_day>0</all_day>
      <recur_string></recur_string>
      <created>2013-05-11 23:52:58</created>
      <owner>evdb</owner>
      <privacy>1</privacy>
      <free></free>
      <price>&lt;p&gt;&lt;strong&gt;Prices:&lt;/strong&gt;&lt;p&gt;&lt;strong&gt;$27.50 ($24.50 members)&lt;/strong&gt;&lt;br&gt;&lt;strong&gt;$15 for 18 &amp; under&lt;br&gt;&lt;/strong&gt;On Sale&lt;p&gt;• Sat., May 11 at noon for NEW Subscribers (members only—same seats for all Met shows) Not available online&lt;br&gt; • Sat., May 18 at noon for Members (who want only some Operas)&lt;br&gt; • Sat., May 25 at noon for Non-Members&lt;p&gt;&lt;em&gt;Already a subscriber? We’ll contact you about renewing!&lt;br&gt;&lt;/em&gt;&lt;br&gt; Buy tickets online, over the phone or in person.&lt;br&gt; Members get the best seats.Not a member yet, but still want to get tickets?&lt;p&gt;&lt;a href="http://www.themusichall.org/support_us/memberships" rel="nofollow"&gt;Join or Renew&lt;/a&gt;&lt;/p&gt;&lt;/p&gt;&lt;/p&gt;&lt;/p&gt;&lt;/p&gt;</price>
      <modified>2013-10-19 16:25:01</modified>
      <popularity>0004</popularity>
      <performers></performers>
      <tickets></tickets>
      <image>
        <url>http://s1.evcdn.com/images/block/I0-001/014/082/848-0.jpeg_/cos-fan-tutte-mozart-48.jpeg</url>
        <width>128</width>
        <height>128</height>
        <block>
          <url>http://s1.evcdn.com/images/block/I0-001/014/082/848-0.jpeg_/cos-fan-tutte-mozart-48.jpeg</url>
          <width>128</width>
          <height>128</height>
        </block>
        <large>
          <url>http://s1.evcdn.com/images/large/I0-001/014/082/848-0.jpeg_/cos-fan-tutte-mozart-48.jpeg</url>
          <width>480</width>
          <height>480</height>
        </large>
      </image>
      <categories>
        <category>
          <id>performing_arts</id>
          <name>Performing Arts</name>
        </category>
      </categories>
      <subcategories></subcategories>
    </event>
    <event>
      <id>E0-001-062449400-2</id>
      <url>http://eventful.com/chicago_il/events/wruck-paupore-pc-/E0-001-062449400-2?utm_source=apis&amp;utm_medium=apim&amp;utm_campaign=apic</url>
      <title>Wruck Paupore PC</title>
      <description>Injured in a car or truck accident, slip and fall, medical malpractice, or nursing home abuse in the Chicago area? You have legal rights.  Don’t let corporations and insurance companies take advantage of you.  We can help you understand your rights and answer all of you questions, all without charge. We offer a fair fee guarantee:  If we don’t recover money for you, we work for free.  We have recovered millions of dollars in damages for our clients because we take the injuries of our clients personally.</description>
      <start_time>2014-10-15 00:00:00</start_time>
      <stop_time>2014-10-17 00:00:00</stop_time>
      <venue_id>V0-001-007398546-7</venue_id>
      <all_day>1</all_day>
      <recur_string></recur_string>
      <created>2013-10-15 21:35:33</created>
      <owner>Pauporechi</owner>
      <privacy>1</privacy>
      <free></free>
      <price></price>
      <modified>2013-10-15 21:35:33</modified>
      <popularity>0004</popularity>
      <performers></performers>
      <tickets></tickets>
      <image>
        <url>http://s4.evcdn.com/images/block/I0-001/014/865/743-5.jpeg_/wruck-paupore-pc-43.jpeg</url>
        <width>128</width>
        <height>128</height>
        <block>
          <url>http://s4.evcdn.com/images/block/I0-001/014/865/743-5.jpeg_/wruck-paupore-pc-43.jpeg</url>
          <width>128</width>
          <height>128</height>
        </block>
        <large>
          <url>http://s4.evcdn.com/images/large/I0-001/014/865/743-5.jpeg_/wruck-paupore-pc-43.jpeg</url>
          <width>480</width>
          <height>480</height>
        </large>
      </image>
      <categories>
        <category>
          <id>business</id>
          <name>Business &amp;amp; Networking</name>
        </category>
      </categories>
      <subcategories></subcategories>
    </event>
    <event>
      <id>E0-001-056773177-2</id>
      <url>http://eventful.com/miamibeach/events/test-trackingpixel-/E0-001-056773177-2?utm_source=apis&amp;utm_medium=apim&amp;utm_campaign=apic</url>
      <title>test trackingpixel</title>
      <description>   &lt;p&gt;&lt;b&gt;Minimum Age:&lt;/b&gt; 21Over
&lt;/p&gt;</description>
      <start_time>2015-04-15 23:00:00</start_time>
      <stop_time></stop_time>
      <venue_id>V0-001-000958390-3</venue_id>
      <all_day>0</all_day>
      <recur_string></recur_string>
      <created>2013-04-26 19:29:49</created>
      <owner>evdb</owner>
      <privacy>1</privacy>
      <free></free>
      <price></price>
      <modified>2013-04-26 19:29:49</modified>
      <popularity>0004</popularity>
      <performers></performers>
      <tickets>
        <link>
          <url>http://www.wantickets.com/Events/ShowEvent.aspx?eventId=127444&amp;affCode=3e8236b52bf14afabf82</url>
          <description></description>
          <provider>wantickets.com</provider>
          <time>2013-04-26 19:29:53</time>
        </link>
      </tickets>
      <image>
        <url>http://s4.evcdn.com/images/block/I0-001/013/996/255-7.jpeg_/test-trackingpixel-55.jpeg</url>
        <width>128</width>
        <height>128</height>
        <block>
          <url>http://s4.evcdn.com/images/block/I0-001/013/996/255-7.jpeg_/test-trackingpixel-55.jpeg</url>
          <width>128</width>
          <height>128</height>
        </block>
        <large>
          <url>http://s4.evcdn.com/images/large/I0-001/013/996/255-7.jpeg_/test-trackingpixel-55.jpeg</url>
          <width>480</width>
          <height>480</height>
        </large>
      </image>
      <categories>
        <category>
          <id>singles_social</id>
          <name>Nightlife &amp;amp; Singles</name>
        </category>
      </categories>
      <subcategories></subcategories>
    </event>
    <event>
      <id>E0-001-060617247-0</id>
      <url>http://eventful.com/cleveland_oh/events/guitar-weekend-master-class-robert-gruca-/E0-001-060617247-0?utm_source=apis&amp;utm_medium=apim&amp;utm_campaign=apic</url>
      <title>Guitar Weekend: Master Class: Robert Gruca</title>
      <description> Cleveland Institute of Music; Guitars International presents: Program TBA
</description>
      <start_time>2014-05-30 10:00:00</start_time>
      <stop_time></stop_time>
      <venue_id>V0-001-001966938-1</venue_id>
      <all_day>0</all_day>
      <recur_string></recur_string>
      <created>2013-08-28 01:54:36</created>
      <owner>evdb</owner>
      <privacy>1</privacy>
      <free></free>
      <price></price>
      <modified>2013-08-28 01:54:36</modified>
      <popularity>0004</popularity>
      <performers></performers>
      <tickets></tickets>
      <image>
        <url>http://s1.evcdn.com/images/block/I0-001/014/595/316-1.jpeg_/guitar-weekend-master-class-robert-gruca-16.jpeg</url>
        <width>128</width>
        <height>128</height>
        <block>
          <url>http://s1.evcdn.com/images/block/I0-001/014/595/316-1.jpeg_/guitar-weekend-master-class-robert-gruca-16.jpeg</url>
          <width>128</width>
          <height>128</height>
        </block>
        <large>
          <url>http://s1.evcdn.com/images/large/I0-001/014/595/316-1.jpeg_/guitar-weekend-master-class-robert-gruca-16.jpeg</url>
          <width>480</width>
          <height>480</height>
        </large>
      </image>
      <categories>
        <category>
          <id>performing_arts</id>
          <name>Performing Arts</name>
        </category>
      </categories>
      <subcategories></subcategories>
    </event>
    <event>
      <id>E0-001-060316603-4</id>
      <url>http://eventful.com/tarponsprings/events/ecosystem-encounters-series-part-ii-uplands-/E0-001-060316603-4?utm_source=apis&amp;utm_medium=apim&amp;utm_campaign=apic</url>
      <title>Ecosystem Encounters Series Part II: Uplands</title>
      <description> &lt;p&gt; Join a University of Florida / IFAS Extension Agent and discover what plants and animals call upland ecosystems home. Learn about upland ecosystem characteristics and how you too can identify upland ecosystems. This program will have lecture and outdoor components. Make sure to wear appropriate outdoor attire (closed-toed shoes, water, hat, bug spray, etc.). &lt;p&gt;If you attend all three parts, you will receive a certificate of completion!  &lt;p&gt;&lt;strong&gt;Reservation policy&lt;/strong&gt;&lt;p&gt;Before continuing, we would like to make you aware of our reservation policies. Cancellations - If your class is canceled for any reason you will be notified no less than 24 hours prior to class start. We will provide a full refund for cancellations made by Pinellas County Extension. Refunds may take up to 30 days to process. Payment - We require full payment at time of reservation so be prepared with a credit card to complete this transaction. Refunds - Refunds will be made in the event of a class cancellation or if the registrant requests a refund 24 hours prior to the class time. Reservations - You must be 18 to make a reservation. If you are under 18 and want to attend a class you must register and attend with a parent or guardian.&lt;p&gt;The Institute of Food and Agricultural Sciences (IFAS) is an Equal Opportunity Institution authorized to provide research, educational information, and other services only to individuals and institutions that function with non-discrimination with respect to race, creed, color, religion, age, disability, sex, sexual orientation, marital status, national origin, political opinions, or affiliations. U.S. Department of Agriculture, Cooperative Extension Service, University of Florida, IFAS, Florida A&amp;M University Cooperative Extension Program, and Boards of County Commissioners Cooperating.&lt;p&gt;&lt;/p&gt;&lt;/p&gt;&lt;/p&gt;&lt;/p&gt;&lt;/p&gt;&lt;/p&gt;</description>
      <start_time>2014-10-25 10:00:00</start_time>
      <stop_time>2014-10-25 12:00:00</stop_time>
      <venue_id>V0-001-000272320-1</venue_id>
      <all_day>0</all_day>
      <recur_string></recur_string>
      <created>2013-08-19 05:32:51</created>
      <owner>evdb</owner>
      <privacy>1</privacy>
      <free></free>
      <price>   Pass 0.00 &lt;br&gt;&lt;br&gt;
</price>
      <modified>2013-08-19 05:32:51</modified>
      <popularity>0004</popularity>
      <performers></performers>
      <tickets>
        <link>
          <url>http://www.eventbrite.com/event/7930503349/eventful/r/eventful</url>
          <description></description>
          <provider>eventbrite.com</provider>
          <time>2013-08-19 05:33:05</time>
        </link>
      </tickets>
      <image>
        <url>http://s4.evcdn.com/images/block/I0-001/014/549/819-6.jpeg_/ecosystem-encounters-series-part-ii-uplands-19.jpeg</url>
        <width>128</width>
        <height>128</height>
        <block>
          <url>http://s4.evcdn.com/images/block/I0-001/014/549/819-6.jpeg_/ecosystem-encounters-series-part-ii-uplands-19.jpeg</url>
          <width>128</width>
          <height>128</height>
        </block>
        <large>
          <url>http://s4.evcdn.com/images/large/I0-001/014/549/819-6.jpeg_/ecosystem-encounters-series-part-ii-uplands-19.jpeg</url>
          <width>480</width>
          <height>480</height>
        </large>
      </image>
      <categories>
        <category>
          <id>conference</id>
          <name>Conferences &amp;amp; Tradeshows</name>
        </category>
        <category>
          <id>outdoors_recreation</id>
          <name>Outdoors &amp;amp; Recreation</name>
        </category>
      </categories>
      <subcategories></subcategories>
    </event>
    <event>
      <id>E0-001-060617223-0</id>
      <url>http://eventful.com/broadviewheights/events/preparatory-cleveland-youth-wind-symphony-/E0-001-060617223-0?utm_source=apis&amp;utm_medium=apim&amp;utm_campaign=apic</url>
      <title>Preparatory: Cleveland Youth Wind Symphony II - Symphonic Winds / Melissa Lichtler</title>
      <description> Cleveland Institute of Music presents: Program TBA
</description>
      <start_time>2014-05-13 19:00:00</start_time>
      <stop_time></stop_time>
      <venue_id>V0-001-004505314-5</venue_id>
      <all_day>0</all_day>
      <recur_string></recur_string>
      <created>2013-08-28 01:53:54</created>
      <owner>evdb</owner>
      <privacy>1</privacy>
      <free></free>
      <price></price>
      <modified>2013-08-28 01:53:54</modified>
      <popularity>0004</popularity>
      <performers></performers>
      <tickets></tickets>
      <image>
        <url>http://s2.evcdn.com/images/block/I0-001/014/595/313-4.jpeg_/preparatory-cleveland-youth-wind-symphony-ii-symp-13.jpeg</url>
        <width>128</width>
        <height>128</height>
        <block>
          <url>http://s2.evcdn.com/images/block/I0-001/014/595/313-4.jpeg_/preparatory-cleveland-youth-wind-symphony-ii-symp-13.jpeg</url>
          <width>128</width>
          <height>128</height>
        </block>
        <large>
          <url>http://s2.evcdn.com/images/large/I0-001/014/595/313-4.jpeg_/preparatory-cleveland-youth-wind-symphony-ii-symp-13.jpeg</url>
          <width>480</width>
          <height>480</height>
        </large>
      </image>
      <categories>
        <category>
          <id>performing_arts</id>
          <name>Performing Arts</name>
        </category>
      </categories>
      <subcategories></subcategories>
    </event>
    <event>
      <id>E0-001-060617216-0</id>
      <url>http://eventful.com/broadviewheights/events/preparatory-cleveland-youth-wind-symphony-/E0-001-060617216-0?utm_source=apis&amp;utm_medium=apim&amp;utm_campaign=apic</url>
      <title>Preparatory: Cleveland Youth Wind Symphony I / Dr. Gary M. Ciepluch</title>
      <description> Cleveland Institute of Music presents: Program TBA
</description>
      <start_time>2014-05-12 19:00:00</start_time>
      <stop_time></stop_time>
      <venue_id>V0-001-004505314-5</venue_id>
      <all_day>0</all_day>
      <recur_string></recur_string>
      <created>2013-08-28 01:53:43</created>
      <owner>evdb</owner>
      <privacy>1</privacy>
      <free></free>
      <price></price>
      <modified>2013-08-28 01:53:43</modified>
      <popularity>0004</popularity>
      <performers></performers>
      <tickets></tickets>
      <image>
        <url>http://s4.evcdn.com/images/block/I0-001/014/595/311-6.jpeg_/preparatory-cleveland-youth-wind-symphony-i-dr-ga-11.jpeg</url>
        <width>128</width>
        <height>128</height>
        <block>
          <url>http://s4.evcdn.com/images/block/I0-001/014/595/311-6.jpeg_/preparatory-cleveland-youth-wind-symphony-i-dr-ga-11.jpeg</url>
          <width>128</width>
          <height>128</height>
        </block>
        <large>
          <url>http://s4.evcdn.com/images/large/I0-001/014/595/311-6.jpeg_/preparatory-cleveland-youth-wind-symphony-i-dr-ga-11.jpeg</url>
          <width>480</width>
          <height>480</height>
        </large>
      </image>
      <categories>
        <category>
          <id>performing_arts</id>
          <name>Performing Arts</name>
        </category>
      </categories>
      <subcategories></subcategories>
    </event>
    <event>
      <id>E0-001-060110559-8</id>
      <url>http://eventful.com/sugarland/events/old-paths-/E0-001-060110559-8?utm_source=apis&amp;utm_medium=apim&amp;utm_campaign=apic</url>
      <title>The Old Paths</title>
      <description> &lt;b&gt;Age Limit: &lt;/b&gt; All Ages&lt;br&gt; &lt;br&gt; The Old Paths&lt;br&gt; &lt;br&gt; &lt;br&gt; &lt;br&gt;</description>
      <start_time>2014-08-02 16:00:00</start_time>
      <stop_time></stop_time>
      <venue_id>V0-001-005913040-5</venue_id>
      <all_day>0</all_day>
      <recur_string></recur_string>
      <created>2013-08-13 04:30:47</created>
      <owner>evdb</owner>
      <privacy>1</privacy>
      <free></free>
      <price></price>
      <modified>2013-08-28 19:30:37</modified>
      <popularity>0004</popularity>
      <performers>
        <performer>
          <id>P0-001-000229329-6</id>
        </performer>
      </performers>
      <tickets></tickets>
      <image></image>
      <categories>
        <category>
          <id>music</id>
          <name>Concerts &amp;amp; Tour Dates</name>
        </category>
      </categories>
      <subcategories>
        <subcategory>
          <id>music_religious</id>
          <parent>music</parent>
          <name>Concerts &amp;amp; Tour Dates: Inspirational</name>
          <short_name>Inspirational</short_name>
        </subcategory>
      </subcategories>
    </event>
    <event>
      <id>E0-001-060956738-7</id>
      <url>http://eventful.com/cleveland_oh/events/cleveland-jazz-orchestra-jazz-odd-time-/E0-001-060956738-7?utm_source=apis&amp;utm_medium=apim&amp;utm_campaign=apic</url>
      <title>Cleveland Jazz Orchestra: Jazz in Odd Time</title>
      <description> &lt;p&gt; The CJO explores the influences of a variety of meters in jazz. Feel the groove and keep the rhythm on a jazz-metric journey around the world from the Viennese waltz to eastern European dances.&lt;p&gt;&lt;strong&gt;Cleveland Jazz Orchestra will be taking reservations for Super Saver Discount Packages starting September 1st by calling 440-945-6428 or visit &lt;a&gt;www.clevelandjazz.org&lt;/a&gt;.&lt;/strong&gt;&lt;p&gt;  &lt;p&gt;&lt;strong&gt;Children Policy:&lt;/strong&gt;&lt;br&gt; Children under two years old are generally not permitted in the theaters. At designated performances Children of all ages are permitted. However, everyone regardless of age must have a ticket. All children must be seated with an adult. Any person disrupting a performance or inhibiting the enjoyment of an event for guests may be removed from the theater without refund.&lt;/p&gt;&lt;/p&gt;&lt;/p&gt;&lt;/p&gt;</description>
      <start_time>2014-05-31 20:00:00</start_time>
      <stop_time></stop_time>
      <venue_id>V0-001-005763511-9</venue_id>
      <all_day>0</all_day>
      <recur_string></recur_string>
      <created>2013-09-07 05:45:06</created>
      <owner>evdb</owner>
      <privacy>1</privacy>
      <free></free>
      <price>$25.00 - $45.00</price>
      <modified>2013-09-07 05:45:06</modified>
      <popularity>0004</popularity>
      <performers></performers>
      <tickets></tickets>
      <image>
        <url>http://s1.evcdn.com/images/block/I0-001/011/192/532-1.jpeg_/cleveland-jazz-orchestra-jazz-odd-time-32.jpeg</url>
        <width>128</width>
        <height>128</height>
        <block>
          <url>http://s1.evcdn.com/images/block/I0-001/011/192/532-1.jpeg_/cleveland-jazz-orchestra-jazz-odd-time-32.jpeg</url>
          <width>128</width>
          <height>128</height>
        </block>
        <large>
          <url>http://s1.evcdn.com/images/large/I0-001/011/192/532-1.jpeg_/cleveland-jazz-orchestra-jazz-odd-time-32.jpeg</url>
          <width>480</width>
          <height>480</height>
        </large>
      </image>
      <categories>
        <category>
          <id>performing_arts</id>
          <name>Performing Arts</name>
        </category>
      </categories>
      <subcategories>
        <subcategory>
          <id>performing_arts_theatre</id>
          <parent>performing_arts</parent>
          <name>Performing Arts: Theatre</name>
          <short_name>Theatre</short_name>
        </subcategory>
      </subcategories>
    </event>
    <event>
      <id>E0-001-059585799-4</id>
      <url>http://eventful.com/events/powerdays-salzburg-/E0-001-059585799-4?utm_source=apis&amp;utm_medium=apim&amp;utm_campaign=apic</url>
      <title>Power-Days Salzburg</title>
      <description> The Power-Days trade fair is a platform for electricians and takes place every two years. Specialists get comprehensive information and individual consultation about the products and services of the exhibitors and are able to attend interesting side events.</description>
      <start_time>2015-03-11 00:00:00</start_time>
      <stop_time>2015-03-13 00:00:00</stop_time>
      <venue_id>V0-001-000240878-2</venue_id>
      <all_day>2</all_day>
      <recur_string></recur_string>
      <created>2013-07-28 01:04:40</created>
      <owner>evdb</owner>
      <privacy>1</privacy>
      <free></free>
      <price></price>
      <modified>2013-10-05 18:41:21</modified>
      <popularity>0004</popularity>
      <performers></performers>
      <tickets></tickets>
      <image>
        <url>http://s3.evcdn.com/images/block/I0-001/014/442/122-1.jpeg_/powerdays-salzburg-22.jpeg</url>
        <width>128</width>
        <height>128</height>
        <block>
          <url>http://s3.evcdn.com/images/block/I0-001/014/442/122-1.jpeg_/powerdays-salzburg-22.jpeg</url>
          <width>128</width>
          <height>128</height>
        </block>
        <large>
          <url>http://s3.evcdn.com/images/large/I0-001/014/442/122-1.jpeg_/powerdays-salzburg-22.jpeg</url>
          <width>480</width>
          <height>480</height>
        </large>
      </image>
      <categories>
        <category>
          <id>other</id>
          <name>Other &amp;amp; Miscellaneous</name>
        </category>
      </categories>
      <subcategories></subcategories>
    </event>
    <event>
      <id>E0-001-059868381-3</id>
      <url>http://eventful.com/events/bws-/E0-001-059868381-3?utm_source=apis&amp;utm_medium=apim&amp;utm_campaign=apic</url>
      <title>BWS</title>
      <description> BWS is Austria’s leading trade fair for timber processing, timber uses and wood finishing. Every 2 years the event showcases all the latest products and is a communication platform and source of information for the skilled crafts, trades, industries and trading outlets.&lt;p&gt;Machines, plants, sector-specific IT solutions and tools are all demonstrated in operation. Part-finished products, fittings, materials and substances, and several other practical goods contribute to this full coverage show for all kinds of manufacturing businesses.&lt;p&gt;Skilled tradesmen and businesses come to discover a unique and compact overview of what suppliers can offer. Visitors from Austria, Bavaria and South Tyrol are all very pleased with the Salzburg location.&lt;/p&gt;&lt;/p&gt;</description>
      <start_time>2015-04-15 00:00:00</start_time>
      <stop_time>2015-04-18 00:00:00</stop_time>
      <venue_id>V0-001-000240878-2</venue_id>
      <all_day>2</all_day>
      <recur_string></recur_string>
      <created>2013-08-06 07:05:19</created>
      <owner>evdb</owner>
      <privacy>1</privacy>
      <free></free>
      <price></price>
      <modified>2013-10-05 18:41:51</modified>
      <popularity>0004</popularity>
      <performers></performers>
      <tickets></tickets>
      <image>
        <url>http://s1.evcdn.com/images/block/I0-001/014/484/292-9.jpeg_/bws-92.jpeg</url>
        <width>128</width>
        <height>128</height>
        <block>
          <url>http://s1.evcdn.com/images/block/I0-001/014/484/292-9.jpeg_/bws-92.jpeg</url>
          <width>128</width>
          <height>128</height>
        </block>
        <large>
          <url>http://s1.evcdn.com/images/large/I0-001/014/484/292-9.jpeg_/bws-92.jpeg</url>
          <width>480</width>
          <height>480</height>
        </large>
      </image>
      <categories>
        <category>
          <id>other</id>
          <name>Other &amp;amp; Miscellaneous</name>
        </category>
      </categories>
      <subcategories></subcategories>
    </event>
    <event>
      <id>E0-001-058088059-0</id>
      <url>http://eventful.com/boston_ma/events/necs-143rd-commencement-exercises-/E0-001-058088059-0?utm_source=apis&amp;utm_medium=apim&amp;utm_campaign=apic</url>
      <title>NEC's 143rd Commencement Exercises</title>
      <description> &lt;strong&gt;Location:&lt;/strong&gt; NEC’s Jordan Hall&lt;br&gt;  Commencement ceremony for approximately 250 students graduating from NEC&amp;#39;s College degree, diploma, and certificate programs and their families.&lt;p&gt;Speakers will include members of the NEC leadership and a student speaker, along with an honorary degree recipient who will give the Commencement Address.&lt;p&gt;The public is welcomed to this event, based on available seats.
&lt;/p&gt;&lt;/p&gt;</description>
      <start_time>2014-05-18 15:00:00</start_time>
      <stop_time></stop_time>
      <venue_id>V0-001-000325909-5</venue_id>
      <all_day>0</all_day>
      <recur_string></recur_string>
      <created>2013-06-08 02:14:34</created>
      <owner>evdb</owner>
      <privacy>1</privacy>
      <free></free>
      <price>Free</price>
      <modified>2013-06-08 02:14:34</modified>
      <popularity>0004</popularity>
      <performers></performers>
      <tickets></tickets>
      <image>
        <url>http://s1.evcdn.com/images/block/I0-001/013/890/832-1.jpeg_/necs-143rd-commencement-exercises-32.jpeg</url>
        <width>128</width>
        <height>128</height>
        <block>
          <url>http://s1.evcdn.com/images/block/I0-001/013/890/832-1.jpeg_/necs-143rd-commencement-exercises-32.jpeg</url>
          <width>128</width>
          <height>128</height>
        </block>
        <large>
          <url>http://s1.evcdn.com/images/large/I0-001/013/890/832-1.jpeg_/necs-143rd-commencement-exercises-32.jpeg</url>
          <width>480</width>
          <height>480</height>
        </large>
      </image>
      <categories>
        <category>
          <id>music</id>
          <name>Concerts &amp;amp; Tour Dates</name>
        </category>
      </categories>
      <subcategories></subcategories>
    </event>
    <event>
      <id>E0-001-058924597-6</id>
      <url>http://eventful.com/boston_ma/events/vanessa-morris-/E0-001-058924597-6?utm_source=apis&amp;utm_medium=apim&amp;utm_campaign=apic</url>
      <title>Vanessa Morris</title>
      <description> &lt;strong&gt;Location:&lt;/strong&gt; Brown Hall&lt;br&gt;  &lt;em&gt;Great artists give free concerts at New England Conservatory—simply because they teach here.&lt;/em&gt;&lt;p&gt;Jazz vocalist and pianist &lt;a href="http://necmusic.edu/faculty/vanessa-morris?lid=10&amp;sid=1" title="Vanessa Morris" rel="nofollow"&gt;Vanessa Morris&lt;/a&gt; will perform a selection of original compositions, jazz standards, and spirituals from the African-American folklore tradition.&lt;p&gt;Guitarist Scott Sandvik performs and records with Morris as a blues and traditional folk duo, and joins her on this concert that will touch upon styles similar to those portrayed on their album, &lt;em&gt;Lead Me To The Rock&lt;/em&gt;.&lt;p&gt;Playing alongside Morris and Sandvik is NEC graduate and leader of jazz septet The Masked Marvels—saxophonist James Merenda &amp;#39;91. 
&lt;/p&gt;&lt;/p&gt;&lt;/p&gt;</description>
      <start_time>2014-05-30 20:00:00</start_time>
      <stop_time></stop_time>
      <venue_id>V0-001-000325909-5</venue_id>
      <all_day>0</all_day>
      <recur_string></recur_string>
      <created>2013-07-07 12:53:37</created>
      <owner>evdb</owner>
      <privacy>1</privacy>
      <free></free>
      <price>Free</price>
      <modified>2013-07-14 07:04:50</modified>
      <popularity>0004</popularity>
      <performers></performers>
      <tickets></tickets>
      <image>
        <url>http://s4.evcdn.com/images/block/I0-001/014/377/783-1.jpeg_/vanessa-morris-83.jpeg</url>
        <width>128</width>
        <height>128</height>
        <block>
          <url>http://s4.evcdn.com/images/block/I0-001/014/377/783-1.jpeg_/vanessa-morris-83.jpeg</url>
          <width>128</width>
          <height>128</height>
        </block>
        <large>
          <url>http://s4.evcdn.com/images/large/I0-001/014/377/783-1.jpeg_/vanessa-morris-83.jpeg</url>
          <width>480</width>
          <height>480</height>
        </large>
      </image>
      <categories>
        <category>
          <id>music</id>
          <name>Concerts &amp;amp; Tour Dates</name>
        </category>
      </categories>
      <subcategories></subcategories>
    </event>
    <event>
      <id>E0-001-058032553-4</id>
      <url>http://eventful.com/boulder/events/vegan-diet-endurance-athletes-/E0-001-058032553-4?utm_source=apis&amp;utm_medium=apim&amp;utm_campaign=apic</url>
      <title>A Vegan Diet for Endurance Athletes</title>
      <description> Ever wonder what are the best pre and post meals for endurance training? Join Bridget, our instructor as she discusses what vegan meals are going to be most beneficial for your long training rides and runs, ensuring that you get the protein and recovery food you need.&lt;br&gt;See how to become a much stronger runner almost immediately after switching to a vegan diet. There are plenty of world-class athletes (and not just endurance runners) that don’t eat meat. Scott Jurek, one of the greatest ultramarathoners of all time (and a Boulder local), is vegan.  (He now holds the American record of 165 miles run in 24 hours!)  Brendan Brazier is a vegan pro Ironman triathlete. Robert Cheeke even makes the vegan diet work for bodybuilding.&lt;br&gt;So come in and learn how a vegan diet can work for you! Must register online before 7/10.</description>
      <start_time>2014-08-14 19:00:00</start_time>
      <stop_time>2014-08-14 20:00:00</stop_time>
      <venue_id>V0-001-006572696-6</venue_id>
      <all_day>0</all_day>
      <recur_string></recur_string>
      <created>2013-06-06 00:37:11</created>
      <owner>evdb</owner>
      <privacy>1</privacy>
      <free></free>
      <price>   A Vegan Diet for Endurance Athletes 22.09 &lt;br&gt;&lt;br&gt;
</price>
      <modified>2013-07-16 08:49:36</modified>
      <popularity>0004</popularity>
      <performers></performers>
      <tickets>
        <link>
          <url>http://veganalthlete-eventful.eventbrite.com/r/eventful</url>
          <description></description>
          <provider>eventbrite.com</provider>
          <time>2013-06-06 00:37:19</time>
        </link>
      </tickets>
      <image>
        <url>http://s3.evcdn.com/images/block/I0-001/014/198/994-6.jpeg_/vegan-diet-endurance-athletes-94.jpeg</url>
        <width>128</width>
        <height>128</height>
        <block>
          <url>http://s3.evcdn.com/images/block/I0-001/014/198/994-6.jpeg_/vegan-diet-endurance-athletes-94.jpeg</url>
          <width>128</width>
          <height>128</height>
        </block>
        <large>
          <url>http://s3.evcdn.com/images/large/I0-001/014/198/994-6.jpeg_/vegan-diet-endurance-athletes-94.jpeg</url>
          <width>480</width>
          <height>480</height>
        </large>
      </image>
      <categories>
        <category>
          <id>conference</id>
          <name>Conferences &amp;amp; Tradeshows</name>
        </category>
        <category>
          <id>food</id>
          <name>Food &amp;amp; Wine</name>
        </category>
      </categories>
      <subcategories></subcategories>
    </event>
    <event>
      <id>E0-001-049164591-4</id>
      <url>http://eventful.com/salem_ct/events/upper-body-core-fusion-group-class-/E0-001-049164591-4?utm_source=apis&amp;utm_medium=apim&amp;utm_campaign=apic</url>
      <title>Upper Body Core Fusion (Group Class)</title>
      <description> &lt;p&gt;UPPER BODY CORE FUSION&lt;p&gt;A 1 hours class to sculpt your upper body + restore your core.&lt;p&gt;&lt;strong&gt;4 Session (1 Month) Ticket&lt;/strong&gt;&lt;p&gt;Register for a month of clases, at a discounted rate, and receive a fat-burning food guide. &lt;p&gt; &lt;p&gt;&lt;strong&gt;3 Person Group Discount - 1 Session&lt;/strong&gt;&lt;p&gt;What better way to catch up with your friends then to work out and get in shape together! Register in groups and save!&lt;/p&gt;&lt;/p&gt;&lt;/p&gt;&lt;/p&gt;&lt;/p&gt;&lt;/p&gt;&lt;/p&gt;</description>
      <start_time>2014-12-26 16:00:00</start_time>
      <stop_time>2014-12-26 17:00:00</stop_time>
      <venue_id>V0-001-006216198-2</venue_id>
      <all_day>0</all_day>
      <recur_string></recur_string>
      <created>2012-06-29 00:08:27</created>
      <owner>evdb</owner>
      <privacy>1</privacy>
      <free></free>
      <price>
</price>
      <modified>2013-03-30 01:58:00</modified>
      <popularity>0004</popularity>
      <performers></performers>
      <tickets>
        <link>
          <url>http://www.eventbrite.com/event/3826130058/eventful/r/eventful</url>
          <description></description>
          <provider>eventbrite.com</provider>
          <time>2012-06-29 00:08:29</time>
        </link>
      </tickets>
      <image>
        <url>http://s3.evcdn.com/images/block/I0-001/013/375/550-2.jpeg_/upper-body-core-fusion-group-class-50.jpeg</url>
        <width>128</width>
        <height>128</height>
        <block>
          <url>http://s3.evcdn.com/images/block/I0-001/013/375/550-2.jpeg_/upper-body-core-fusion-group-class-50.jpeg</url>
          <width>128</width>
          <height>128</height>
        </block>
        <large>
          <url>http://s3.evcdn.com/images/large/I0-001/013/375/550-2.jpeg_/upper-body-core-fusion-group-class-50.jpeg</url>
          <width>480</width>
          <height>480</height>
        </large>
      </image>
      <categories>
        <category>
          <id>other</id>
          <name>Other &amp;amp; Miscellaneous</name>
        </category>
      </categories>
      <subcategories></subcategories>
    </event>
    <event>
      <id>E0-001-049164581-7</id>
      <url>http://eventful.com/salem_ct/events/lower-body-burn-group-class-/E0-001-049164581-7?utm_source=apis&amp;utm_medium=apim&amp;utm_campaign=apic</url>
      <title>Lower Body Burn (Group Class)</title>
      <description> &lt;p&gt;LOWER BODY BURN&lt;p&gt;A 1 hour class that combines lower body firming, toning + fat burn.&lt;p&gt;&lt;strong&gt;4 Session (1 Month) Ticket&lt;/strong&gt;&lt;p&gt;Register for a month of clases, at a discounted rate, and receive a fat-burning food guide. &lt;p&gt; &lt;p&gt;&lt;strong&gt;3 Person Group Discount - 1 Session&lt;/strong&gt;&lt;p&gt;What better way to catch up with your friends then to work out and get in shape together! Register in groups and save!&lt;/p&gt;&lt;/p&gt;&lt;/p&gt;&lt;/p&gt;&lt;/p&gt;&lt;/p&gt;&lt;/p&gt;</description>
      <start_time>2014-12-31 16:00:00</start_time>
      <stop_time>2014-12-31 17:00:00</stop_time>
      <venue_id>V0-001-006216198-2</venue_id>
      <all_day>0</all_day>
      <recur_string></recur_string>
      <created>2012-06-29 00:08:08</created>
      <owner>evdb</owner>
      <privacy>1</privacy>
      <free></free>
      <price>
</price>
      <modified>2013-03-30 01:57:48</modified>
      <popularity>0004</popularity>
      <performers></performers>
      <tickets>
        <link>
          <url>http://www.eventbrite.com/event/3825937482/eventful/r/eventful</url>
          <description></description>
          <provider>eventbrite.com</provider>
          <time>2012-06-29 00:08:11</time>
        </link>
      </tickets>
      <image>
        <url>http://s2.evcdn.com/images/block/I0-001/013/399/297-2.jpeg_/lower-body-burn-group-class-97.jpeg</url>
        <width>128</width>
        <height>128</height>
        <block>
          <url>http://s2.evcdn.com/images/block/I0-001/013/399/297-2.jpeg_/lower-body-burn-group-class-97.jpeg</url>
          <width>128</width>
          <height>128</height>
        </block>
        <large>
          <url>http://s2.evcdn.com/images/large/I0-001/013/399/297-2.jpeg_/lower-body-burn-group-class-97.jpeg</url>
          <width>480</width>
          <height>480</height>
        </large>
      </image>
      <categories>
        <category>
          <id>sports</id>
          <name>Sports</name>
        </category>
      </categories>
      <subcategories></subcategories>
    </event>
    <event>
      <id>E0-001-060841525-4</id>
      <url>http://eventful.com/louisville_ky/events/fanfare-4th-/E0-001-060841525-4?utm_source=apis&amp;utm_medium=apim&amp;utm_campaign=apic</url>
      <title>Fanfare for the 4th</title>
      <description> Louisville Chorus presents: Program TBA
</description>
      <start_time>2014-07-03 19:30:00</start_time>
      <stop_time></stop_time>
      <venue_id>V0-001-001191236-6</venue_id>
      <all_day>0</all_day>
      <recur_string></recur_string>
      <created>2013-09-04 01:32:37</created>
      <owner>evdb</owner>
      <privacy>1</privacy>
      <free></free>
      <price></price>
      <modified>2013-09-11 01:49:56</modified>
      <popularity>0004</popularity>
      <performers></performers>
      <tickets></tickets>
      <image>
        <url>http://s1.evcdn.com/images/block/I0-001/014/672/060-3.jpeg_/fanfare-4th-60.jpeg</url>
        <width>128</width>
        <height>128</height>
        <block>
          <url>http://s1.evcdn.com/images/block/I0-001/014/672/060-3.jpeg_/fanfare-4th-60.jpeg</url>
          <width>128</width>
          <height>128</height>
        </block>
        <large>
          <url>http://s1.evcdn.com/images/large/I0-001/014/672/060-3.jpeg_/fanfare-4th-60.jpeg</url>
          <width>480</width>
          <height>480</height>
        </large>
      </image>
      <categories>
        <category>
          <id>performing_arts</id>
          <name>Performing Arts</name>
        </category>
      </categories>
      <subcategories></subcategories>
    </event>
    <event>
      <id>E0-001-061797832-0</id>
      <url>http://eventful.com/medway/events/june-2014-weekend-/E0-001-061797832-0?utm_source=apis&amp;utm_medium=apim&amp;utm_campaign=apic</url>
      <title>June 2014 Weekend</title>
      <description> Engaged Encounter Weekend June 7th - 9th 2013 Betania II Marian Center, Medway, MA Engaged Couple - $350.00</description>
      <start_time>2014-06-13 19:00:00</start_time>
      <stop_time></stop_time>
      <venue_id>V0-001-006686621-6</venue_id>
      <all_day>0</all_day>
      <recur_string></recur_string>
      <created>2013-09-28 06:15:38</created>
      <owner>evdb</owner>
      <privacy>1</privacy>
      <free></free>
      <price>$350.00</price>
      <modified>2013-09-28 06:15:38</modified>
      <popularity>0004</popularity>
      <performers></performers>
      <tickets>
        <link>
          <url>http://bcee.ticketleap.com/june-2014/</url>
          <description></description>
          <provider>ticketleap.com</provider>
          <time>2013-09-28 06:15:54</time>
        </link>
      </tickets>
      <image>
        <url>http://s2.evcdn.com/images/block/I0-001/013/693/425-2.jpeg_/june-2014-weekend-25.jpeg</url>
        <width>128</width>
        <height>128</height>
        <block>
          <url>http://s2.evcdn.com/images/block/I0-001/013/693/425-2.jpeg_/june-2014-weekend-25.jpeg</url>
          <width>128</width>
          <height>128</height>
        </block>
        <large>
          <url>http://s2.evcdn.com/images/large/I0-001/013/693/425-2.jpeg_/june-2014-weekend-25.jpeg</url>
          <width>480</width>
          <height>480</height>
        </large>
      </image>
      <categories>
        <category>
          <id>other</id>
          <name>Other &amp;amp; Miscellaneous</name>
        </category>
      </categories>
      <subcategories></subcategories>
    </event>
    <event>
      <id>E0-001-062501178-1</id>
      <url>http://eventful.com/indianapolis_in/events/wruck-paupore-pc-/E0-001-062501178-1?utm_source=apis&amp;utm_medium=apim&amp;utm_campaign=apic</url>
      <title>Wruck Paupore PC</title>
      <description>201 North Illinois Street
16th Floor, South Tower
Indianapolis, IN 46204
(317) 436-1082
help@wp-law.com
http://www.wp-law.com/

Our injury lawyers are ready to help, 24-hours a day, if you have been seriously injured in an accident in the Indianapolis area.  Our personal injury lawyers care deeply about the rights of injury victims and want to help make sure that everyone understands their rights.  With a simple phone call, you can make sure that you are not being taken advantage of by an insurance company or corporation and learn what your case is actually worth.  The call is free and the advice is free.</description>
      <start_time>2014-10-16 00:00:00</start_time>
      <stop_time>2014-10-23 00:00:00</stop_time>
      <venue_id>V0-001-007401585-3</venue_id>
      <all_day>1</all_day>
      <recur_string></recur_string>
      <created>2013-10-16 21:16:11</created>
      <owner>PauporeInd</owner>
      <privacy>1</privacy>
      <free></free>
      <price></price>
      <modified>2013-10-16 21:16:11</modified>
      <popularity>0004</popularity>
      <performers></performers>
      <tickets></tickets>
      <image>
        <url>http://s1.evcdn.com/images/block/I0-001/014/874/116-9.jpeg_/wruck-paupore-pc-16.jpeg</url>
        <width>128</width>
        <height>128</height>
        <block>
          <url>http://s1.evcdn.com/images/block/I0-001/014/874/116-9.jpeg_/wruck-paupore-pc-16.jpeg</url>
          <width>128</width>
          <height>128</height>
        </block>
        <large>
          <url>http://s1.evcdn.com/images/large/I0-001/014/874/116-9.jpeg_/wruck-paupore-pc-16.jpeg</url>
          <width>480</width>
          <height>480</height>
        </large>
      </image>
      <categories>
        <category>
          <id>business</id>
          <name>Business &amp;amp; Networking</name>
        </category>
      </categories>
      <subcategories></subcategories>
    </event>
    <event>
      <id>E0-001-062521030-0</id>
      <url>http://eventful.com/losaltos/events/jesuit-alumniae-retreat-friday-may-16-18-/E0-001-062521030-0?utm_source=apis&amp;utm_medium=apim&amp;utm_campaign=apic</url>
      <title>Jesuit Alumni/ae Retreat Friday, May 16 - 18</title>
      <description>Jesuit Alumni/ae Retreat
Friday May 16 - 18

A Non-silent Retreat for Women &amp; Men directed by Bishop Gordon Bennett, S.J. Graduates of Jesuit institutions from around the world will gather to reconnect with the values and principles that were so important in your education. It will be a time to pause and reflect on how we have changed, where is our faith, the way we feel the power of God’s love — and how this affects the way we live our life.

Contact: Carmel Smith
Phone: 650.917.4047
Email: info@jrclosaltos.org

www.jrclosaltos.org

$270

Facebook:
https://www.facebook.com/events/180810648775192/?context=create#</description>
      <start_time>2014-05-16 16:00:00</start_time>
      <stop_time></stop_time>
      <venue_id>V0-001-007402893-6</venue_id>
      <all_day>0</all_day>
      <recur_string></recur_string>
      <created>2013-10-17 08:22:37</created>
      <owner>JRCLosAltos</owner>
      <privacy>1</privacy>
      <free></free>
      <price>$270</price>
      <modified>2013-10-17 08:22:37</modified>
      <popularity>0004</popularity>
      <performers></performers>
      <tickets></tickets>
      <image>
        <url>http://s4.evcdn.com/images/block/I0-001/014/877/923-2.jpeg_/jesuit-alumniae-retreat-friday-may-16-18-23.jpeg</url>
        <width>128</width>
        <height>128</height>
        <block>
          <url>http://s4.evcdn.com/images/block/I0-001/014/877/923-2.jpeg_/jesuit-alumniae-retreat-friday-may-16-18-23.jpeg</url>
          <width>128</width>
          <height>128</height>
        </block>
        <large>
          <url>http://s4.evcdn.com/images/large/I0-001/014/877/923-2.jpeg_/jesuit-alumniae-retreat-friday-may-16-18-23.jpeg</url>
          <width>480</width>
          <height>480</height>
        </large>
      </image>
      <categories>
        <category>
          <id>support</id>
          <name>Health &amp;amp; Wellness</name>
        </category>
        <category>
          <id>religion_spirituality</id>
          <name>Religion &amp;amp; Spirituality</name>
        </category>
      </categories>
      <subcategories>
        <subcategory>
          <id>support_support</id>
          <parent>support</parent>
          <name>Health &amp;amp; Wellness: Support</name>
          <short_name>Support</short_name>
        </subcategory>
      </subcategories>
    </event>
    <event>
      <id>E0-001-062033844-3</id>
      <url>http://eventful.com/burnsville/events/twelfth-night-/E0-001-062033844-3?utm_source=apis&amp;utm_medium=apim&amp;utm_campaign=apic</url>
      <title>Twelfth Night</title>
      <description> The Chameleon Theatre Circle is teaming up with Green T Productions to meld Shakespeare’s irresistible romantic comedy with the visual and movement styles of the Japanese Kabuki tradition! In the kingdom of Illyria, love is turning everyone&amp;#39;s life upside down, from the regal Duke and haughty Countess to their most lowly servants. A shipwreck, disguises, intercepted messages, and questionable fashion choices all play a part in the chaos that drives one of the most beloved comedies of all time.</description>
      <start_time>2014-05-30 00:00:00</start_time>
      <stop_time>2014-06-14 00:00:00</stop_time>
      <venue_id>V0-001-000707007-0</venue_id>
      <all_day>2</all_day>
      <recur_string></recur_string>
      <created>2013-10-04 15:07:28</created>
      <owner>evdb</owner>
      <privacy>1</privacy>
      <free></free>
      <price></price>
      <modified>2013-10-04 15:07:28</modified>
      <popularity>0004</popularity>
      <performers></performers>
      <tickets></tickets>
      <image>
        <url>http://s4.evcdn.com/images/block/I0-001/014/804/579-1.jpeg_/twelfth-night-79.jpeg</url>
        <width>128</width>
        <height>128</height>
        <block>
          <url>http://s4.evcdn.com/images/block/I0-001/014/804/579-1.jpeg_/twelfth-night-79.jpeg</url>
          <width>128</width>
          <height>128</height>
        </block>
        <large>
          <url>http://s4.evcdn.com/images/large/I0-001/014/804/579-1.jpeg_/twelfth-night-79.jpeg</url>
          <width>480</width>
          <height>480</height>
        </large>
      </image>
      <categories>
        <category>
          <id>other</id>
          <name>Other &amp;amp; Miscellaneous</name>
        </category>
      </categories>
      <subcategories></subcategories>
    </event>
    <event>
      <id>E0-001-062033044-1</id>
      <url>http://eventful.com/stpaul/events/civil-war-history-camp-/E0-001-062033044-1?utm_source=apis&amp;utm_medium=apim&amp;utm_campaign=apic</url>
      <title>Civil War History Camp</title>
      <description> Step back in time to discover the stories of Minnesota soldiers and the important role they played in the Civil War. Meet a historical character and explore the life of a soldier through a reproduction uniform and equipment, writing a letter home, and by completing a variety of hands-on activities throughout the day. Recommended for children ages 9-12.</description>
      <start_time>2014-07-10 00:00:00</start_time>
      <stop_time>2014-07-10 00:00:00</stop_time>
      <venue_id>V0-001-000637392-5</venue_id>
      <all_day>2</all_day>
      <recur_string></recur_string>
      <created>2013-10-04 14:47:19</created>
      <owner>evdb</owner>
      <privacy>1</privacy>
      <free></free>
      <price></price>
      <modified>2013-10-04 14:47:19</modified>
      <popularity>0004</popularity>
      <performers></performers>
      <tickets></tickets>
      <image>
        <url>http://s4.evcdn.com/images/block/I0-001/014/804/383-6.jpeg_/civil-war-history-camp-83.jpeg</url>
        <width>128</width>
        <height>128</height>
        <block>
          <url>http://s4.evcdn.com/images/block/I0-001/014/804/383-6.jpeg_/civil-war-history-camp-83.jpeg</url>
          <width>128</width>
          <height>128</height>
        </block>
        <large>
          <url>http://s4.evcdn.com/images/large/I0-001/014/804/383-6.jpeg_/civil-war-history-camp-83.jpeg</url>
          <width>480</width>
          <height>480</height>
        </large>
      </image>
      <categories>
        <category>
          <id>other</id>
          <name>Other &amp;amp; Miscellaneous</name>
        </category>
      </categories>
      <subcategories></subcategories>
    </event>
    <event>
      <id>E0-001-058837360-7</id>
      <url>http://eventful.com/newyork_ny/events/new-music-kaplan-penthouse-/E0-001-058837360-7?utm_source=apis&amp;utm_medium=apim&amp;utm_campaign=apic</url>
      <title>New Music in the Kaplan Penthouse</title>
      <description> Chamber Music Society of Lincoln Center presents: Benjamin: Viola, Viola; Grime: Three Whistler Miniatures for Piano, Violin, and Cello; Watkins: New Work for Cello and Piano; Knussen: Autumnal; Sc...
</description>
      <start_time>2014-05-22 19:30:00</start_time>
      <stop_time></stop_time>
      <venue_id>V0-001-000350272-0</venue_id>
      <all_day>0</all_day>
      <recur_string></recur_string>
      <created>2013-07-04 01:35:33</created>
      <owner>evdb</owner>
      <privacy>1</privacy>
      <free></free>
      <price></price>
      <modified>2013-07-04 01:35:33</modified>
      <popularity>0004</popularity>
      <performers></performers>
      <tickets></tickets>
      <image>
        <url>http://s1.evcdn.com/images/block/I0-001/014/332/596-6.jpeg_/new-music-kaplan-penthouse-96.jpeg</url>
        <width>128</width>
        <height>128</height>
        <block>
          <url>http://s1.evcdn.com/images/block/I0-001/014/332/596-6.jpeg_/new-music-kaplan-penthouse-96.jpeg</url>
          <width>128</width>
          <height>128</height>
        </block>
        <large>
          <url>http://s1.evcdn.com/images/large/I0-001/014/332/596-6.jpeg_/new-music-kaplan-penthouse-96.jpeg</url>
          <width>480</width>
          <height>480</height>
        </large>
      </image>
      <categories>
        <category>
          <id>performing_arts</id>
          <name>Performing Arts</name>
        </category>
      </categories>
      <subcategories></subcategories>
    </event>
    <event>
      <id>E0-001-062459107-7</id>
      <url>http://eventful.com/burlington_nc/events/old-paths-/E0-001-062459107-7?utm_source=apis&amp;utm_medium=apim&amp;utm_campaign=apic</url>
      <title>The Old Paths</title>
      <description> &lt;b&gt;Age Limit: &lt;/b&gt; All Ages&lt;br&gt; &lt;br&gt; The Old Paths&lt;br&gt; &lt;br&gt; &lt;br&gt; &lt;br&gt;</description>
      <start_time>2014-11-16 18:00:00</start_time>
      <stop_time></stop_time>
      <venue_id>V0-001-007399286-5</venue_id>
      <all_day>0</all_day>
      <recur_string></recur_string>
      <created>2013-10-16 03:40:12</created>
      <owner>evdb</owner>
      <privacy>1</privacy>
      <free></free>
      <price></price>
      <modified>2013-10-16 03:40:12</modified>
      <popularity>0004</popularity>
      <performers>
        <performer>
          <id>P0-001-000229329-6</id>
        </performer>
      </performers>
      <tickets></tickets>
      <image></image>
      <categories>
        <category>
          <id>music</id>
          <name>Concerts &amp;amp; Tour Dates</name>
        </category>
      </categories>
      <subcategories>
        <subcategory>
          <id>music_religious</id>
          <parent>music</parent>
          <name>Concerts &amp;amp; Tour Dates: Inspirational</name>
          <short_name>Inspirational</short_name>
        </subcategory>
      </subcategories>
    </event>
    <event>
      <id>E0-001-061835172-4</id>
      <url>http://eventful.com/newyork_ny/events/liszt-inspections-recital-marino-formenti-/E0-001-061835172-4?utm_source=apis&amp;utm_medium=apim&amp;utm_campaign=apic</url>
      <title>Liszt Inspections: Recital by Marino Formenti</title>
      <description> Lincoln Center presents: Liszt: Hungarian Folksongs (5) for Piano, S 245; Cerha: Knabenschwermut; Liszt: Piano Piece No. 2 in A-flat major; Kurtg: ... Waiting for Susan ...; Liszt: Bagatelle witho...
</description>
      <start_time>2014-06-04 21:30:00</start_time>
      <stop_time></stop_time>
      <venue_id>V0-001-000350272-0</venue_id>
      <all_day>0</all_day>
      <recur_string></recur_string>
      <created>2013-09-29 03:22:50</created>
      <owner>evdb</owner>
      <privacy>1</privacy>
      <free></free>
      <price></price>
      <modified>2013-09-29 03:32:58</modified>
      <popularity>0004</popularity>
      <performers></performers>
      <tickets></tickets>
      <image>
        <url>http://s3.evcdn.com/images/block/I0-001/014/835/510-2.jpeg_/liszt-inspections-recital-marino-formenti-10.jpeg</url>
        <width>128</width>
        <height>128</height>
        <block>
          <url>http://s3.evcdn.com/images/block/I0-001/014/835/510-2.jpeg_/liszt-inspections-recital-marino-formenti-10.jpeg</url>
          <width>128</width>
          <height>128</height>
        </block>
        <large>
          <url>http://s3.evcdn.com/images/large/I0-001/014/835/510-2.jpeg_/liszt-inspections-recital-marino-formenti-10.jpeg</url>
          <width>480</width>
          <height>480</height>
        </large>
      </image>
      <categories>
        <category>
          <id>performing_arts</id>
          <name>Performing Arts</name>
        </category>
      </categories>
      <subcategories></subcategories>
    </event>
    <event>
      <id>E0-001-056639213-2</id>
      <url>http://eventful.com/oradell/events/adelphi-chamber-orchestra-/E0-001-056639213-2?utm_source=apis&amp;utm_medium=apim&amp;utm_campaign=apic</url>
      <title>Adelphi Chamber Orchestra</title>
      <description> Adelphi Chamber Orchestra presents: Program TBA
</description>
      <start_time>2014-05-05 16:00:00</start_time>
      <stop_time></stop_time>
      <venue_id>V0-001-000974975-8</venue_id>
      <all_day>0</all_day>
      <recur_string></recur_string>
      <created>2013-04-22 13:33:27</created>
      <owner>evdb</owner>
      <privacy>1</privacy>
      <free></free>
      <price></price>
      <modified>2013-04-22 13:33:27</modified>
      <popularity>0004</popularity>
      <performers></performers>
      <tickets></tickets>
      <image>
        <url>http://s3.evcdn.com/images/block/I0-001/013/975/046-6.jpeg_/adelphi-chamber-orchestra-46.jpeg</url>
        <width>128</width>
        <height>128</height>
        <block>
          <url>http://s3.evcdn.com/images/block/I0-001/013/975/046-6.jpeg_/adelphi-chamber-orchestra-46.jpeg</url>
          <width>128</width>
          <height>128</height>
        </block>
        <large>
          <url>http://s3.evcdn.com/images/large/I0-001/013/975/046-6.jpeg_/adelphi-chamber-orchestra-46.jpeg</url>
          <width>480</width>
          <height>480</height>
        </large>
      </image>
      <categories>
        <category>
          <id>performing_arts</id>
          <name>Performing Arts</name>
        </category>
      </categories>
      <subcategories></subcategories>
    </event>
    <event>
      <id>E0-001-060670752-2</id>
      <url>http://eventful.com/portwashington_wi/events/memories-season-tickets-midweek-matinees-/E0-001-060670752-2?utm_source=apis&amp;utm_medium=apim&amp;utm_campaign=apic</url>
      <title>Memories Season Tickets- Midweek Matinees Package</title>
      <description> Midweeks at Memories Season Tickets Includes one matinee dinner theater ticket to each of the following four productions on the date of your choice (Tuesday and Wednesday afternoons, subject to availability) for $148: 1.) Fox on the Fairway (June 3-18, 2014) 2.) The Kids Left, the Dog Died, Now What?(July 8-23, 2014) 3.) Don’t Say Goodbye, I’m Not Leaving (August 5-20, 2014) 4.) Seniors of the Sahara (September 23- Oct 8, 2014) Single &amp;quot;Midweek Matinees&amp;quot; Package Dinner Theater Ticket - $148.00</description>
      <start_time>2014-06-18 12:30:00</start_time>
      <stop_time></stop_time>
      <venue_id>V0-001-001198311-5</venue_id>
      <all_day>0</all_day>
      <recur_string></recur_string>
      <created>2013-08-30 04:58:37</created>
      <owner>evdb</owner>
      <privacy>1</privacy>
      <free></free>
      <price>$148.00</price>
      <modified>2013-08-30 04:58:37</modified>
      <popularity>0004</popularity>
      <performers></performers>
      <tickets>
        <link>
          <url>http://memoriesballroom.ticketleap.com/memories-season-tickets-midweek-matinees-package/</url>
          <description></description>
          <provider>ticketleap.com</provider>
          <time>2013-08-30 04:58:40</time>
        </link>
      </tickets>
      <image>
        <url>http://s2.evcdn.com/images/block/I0-001/014/606/193-5.jpeg_/memories-season-tickets-midweek-matinees-package-93.jpeg</url>
        <width>128</width>
        <height>128</height>
        <block>
          <url>http://s2.evcdn.com/images/block/I0-001/014/606/193-5.jpeg_/memories-season-tickets-midweek-matinees-package-93.jpeg</url>
          <width>128</width>
          <height>128</height>
        </block>
        <large>
          <url>http://s2.evcdn.com/images/large/I0-001/014/606/193-5.jpeg_/memories-season-tickets-midweek-matinees-package-93.jpeg</url>
          <width>480</width>
          <height>480</height>
        </large>
      </image>
      <categories>
        <category>
          <id>other</id>
          <name>Other &amp;amp; Miscellaneous</name>
        </category>
      </categories>
      <subcategories></subcategories>
    </event>
    <event>
      <id>E0-001-060919643-5</id>
      <url>http://eventful.com/miami_fl/events/karens-birthday-celebration-/E0-001-060919643-5?utm_source=apis&amp;utm_medium=apim&amp;utm_campaign=apic</url>
      <title>Karen's Birthday Celebration</title>
      <description> &lt;p&gt; &lt;p&gt; &lt;p&gt;&lt;strong&gt;Karen&amp;#39;s Birthday &lt;/strong&gt;&lt;p&gt;&lt;strong&gt;Celebration!!!&lt;/strong&gt;&lt;p&gt; &lt;strong&gt;July 18, 2014&lt;/strong&gt;&lt;p&gt;&lt;strong&gt;  Nassau Bahamas&lt;/strong&gt;&lt;p&gt; &lt;p&gt; &lt;p&gt;&lt;strong&gt;Cruise Itinerary&lt;/strong&gt;&lt;p&gt;July 18                Friday               Miami                        &lt;p&gt;July 19                Saturday          Nassau&lt;p&gt;July 20                Sunday            Nassau&lt;p&gt;July 20                Sunday            Fun Day at Sea        &lt;p&gt;July 21                Monday            Miami&lt;p&gt;                   &lt;p&gt;&lt;strong&gt;Cruise Package Includes&lt;/strong&gt;&lt;p&gt;3 Nights aboard Carnival’s Ecstasy Ship&lt;p&gt;All meals and non-carbonated drinks and juices&lt;p&gt;Most on-board activities and entertainment&lt;p&gt;&lt;br&gt;&lt;strong&gt;Karen&amp;#39;s Celebration Details&lt;/strong&gt;&lt;p&gt;All White Dinner Celebration&lt;p&gt;Bahamas Club Night at local club (Not included in cruise price)&lt;p&gt; &lt;p&gt; &lt;p&gt; &lt;p&gt; &lt;p&gt; &lt;p&gt;&lt;strong&gt;Cruise Prices&lt;/strong&gt;&lt;p&gt; &lt;strong&gt;Inside Cabin&lt;/strong&gt;&lt;p&gt; &lt;strong&gt;Double Occupancy –        &lt;/strong&gt;&lt;strong&gt;$480 &lt;/strong&gt;&lt;strong&gt;per person&lt;/strong&gt;&lt;p&gt;  &lt;p&gt;&lt;strong&gt;Ocean View Cabin&lt;/strong&gt;&lt;p&gt;&lt;strong&gt;Double Occupancy –          $525&lt;/strong&gt;&lt;strong&gt; per person&lt;/strong&gt;&lt;p&gt;  &lt;p&gt; &lt;p&gt; &lt;p&gt; &lt;p&gt;&lt;strong&gt;What’s NOT INCLUDED&lt;/strong&gt;&lt;p&gt;&lt;strong&gt;Travel Insurance of &lt;/strong&gt;&lt;strong&gt;$49 &lt;/strong&gt;&lt;strong&gt;or more&lt;/strong&gt;&lt;p&gt; The choice to purchase travel insurance is totally you to you. This is optional. Price is determined on the type of stateroom you choose. Please call for prices.&lt;p&gt; &lt;p&gt;&lt;strong&gt;Gratuities of &lt;/strong&gt;&lt;strong&gt;$34.50&lt;/strong&gt;&lt;strong&gt;&lt;/strong&gt;&lt;p&gt; You pay on the last day of sailing while on the ship. &lt;p&gt; &lt;p&gt;&lt;strong&gt;Payment Guidelines&lt;/strong&gt;&lt;p&gt;This guideline is here to help you stay on track with your payment plan. You can start making payments at any time during the sale of this package. Please note that if you make your first payment well after the start of this payment guideline you should be prepared to catch up with payments as soon as you can so you will not have such a large final payment. It is also your responsibility to stay on top of your roommate to be sure they are making their payments timely as well. Roommate Account summaries are available upon request. Just email us at &lt;a href="mailto:info@premiertravelone.com" rel="nofollow"&gt;info@premiertravelone.com&lt;/a&gt;. As a rule of thumb, by February 1, 2014, 50% of your balance should be paid.&lt;p&gt; &lt;p&gt;$50  – Deposit due on or before Sept. 27&lt;p&gt;$50 or more – October 15&lt;p&gt;$50 or more – November 15&lt;p&gt;$50 or more – December 15&lt;p&gt;$50 or more – January 15&lt;p&gt;$50 or more – February 15&lt;p&gt;$50 or more – March 15&lt;p&gt;$50 or more – April 15&lt;p&gt;FINAL BALANCE DUE May 10, 2014&lt;p&gt; &lt;p&gt;&lt;strong&gt;Cruise Policies&lt;/strong&gt;&lt;p&gt;In order to cruise, you must prove your identity by providing a passport or a birth certificate and government issued ID.&lt;p&gt; &lt;p&gt;&lt;strong&gt;Travel Company Policies&lt;/strong&gt;&lt;p&gt; Every reservation made for this booking will require your acceptance to our &lt;a href="http://www.premiertravelone.com/3/miscellaneous5.htm" rel="nofollow"&gt;Terms &amp; Conditions.&lt;/a&gt;&lt;p&gt; All payments are NON-REFUNDABLE &amp; NON-TRANSFERABLE.&lt;p&gt; You must make monthly payments on your reservation after you initial first deposit of $50. Any payment amount of $50 or more is acceptable.&lt;p&gt; If you fail to make monthly payments your reservation is subject to cancellation and any previous deposits will be forfeited and your room will be re-sold.&lt;p&gt; Rates are subject to change. (We are not sure when the rates will change so please get your first payment in soon to be locked in at the rates above.&lt;p&gt;  &lt;p&gt;&lt;strong&gt;About Premier Travel One&lt;/strong&gt;&lt;p&gt;Premier Travel One has been making cruise reservations since 2008. We have booked over 3,000 clients on cruises and have of 13,000 satisfied clients since we opened in 2008. We are an IATA accredited travel company. We are also registered with the Georgia Secretary of State Office.&lt;p&gt; &lt;p&gt;&lt;strong&gt;Contact Premier Travel One &lt;/strong&gt;&lt;p&gt;Lizzy Boykins, Travel Agent&lt;p&gt;Via Phone: (800) 709-4340&lt;p&gt;Via Email: &lt;a href="mailto:lizzy.premiertravelone@yahoo.com" rel="nofollow"&gt;lizzy.premiertravelone@yahoo.com&lt;/a&gt;&lt;p&gt;Via Facebook: &lt;a href="http://www.facebook.com/premiertravelone" rel="nofollow"&gt;www.facebook.com/premiertravelone&lt;/a&gt;&lt;p&gt; &lt;p&gt; &lt;/p&gt;&lt;/p&gt;&lt;/p&gt;&lt;/p&gt;&lt;/p&gt;&lt;/p&gt;&lt;/p&gt;&lt;/p&gt;&lt;/p&gt;&lt;/p&gt;&lt;/p&gt;&lt;/p&gt;&lt;/p&gt;&lt;/p&gt;&lt;/p&gt;&lt;/p&gt;&lt;/p&gt;&lt;/p&gt;&lt;/p&gt;&lt;/p&gt;&lt;/p&gt;&lt;/p&gt;&lt;/p&gt;&lt;/p&gt;&lt;/p&gt;&lt;/p&gt;&lt;/p&gt;&lt;/p&gt;&lt;/p&gt;&lt;/p&gt;&lt;/p&gt;&lt;/p&gt;&lt;/p&gt;&lt;/p&gt;&lt;/p&gt;&lt;/p&gt;&lt;/p&gt;&lt;/p&gt;&lt;/p&gt;&lt;/p&gt;&lt;/p&gt;&lt;/p&gt;&lt;/p&gt;&lt;/p&gt;&lt;/p&gt;&lt;/p&gt;&lt;/p&gt;&lt;/p&gt;&lt;/p&gt;&lt;/p&gt;&lt;/p&gt;&lt;/p&gt;&lt;/p&gt;&lt;/p&gt;&lt;/p&gt;&lt;/p&gt;&lt;/p&gt;&lt;/p&gt;&lt;/p&gt;&lt;/p&gt;&lt;/p&gt;&lt;/p&gt;&lt;/p&gt;&lt;/p&gt;&lt;/p&gt;&lt;/p&gt;&lt;/p&gt;&lt;/p&gt;&lt;/p&gt;&lt;/p&gt;&lt;/p&gt;&lt;/p&gt;&lt;/p&gt;&lt;/p&gt;&lt;/p&gt;&lt;/p&gt;&lt;/p&gt;</description>
      <start_time>2014-07-18 13:00:00</start_time>
      <stop_time>2014-07-21 16:00:00</stop_time>
      <venue_id>V0-001-000229826-4</venue_id>
      <all_day>0</all_day>
      <recur_string></recur_string>
      <created>2013-09-06 06:20:27</created>
      <owner>evdb</owner>
      <privacy>1</privacy>
      <free></free>
      <price>   50.00 First Deposit of $50 52.24 &lt;br&gt;&lt;br&gt;   Monthly Deposit &lt;br&gt;&lt;br&gt;
</price>
      <modified>2013-09-06 06:20:27</modified>
      <popularity>0004</popularity>
      <performers></performers>
      <tickets>
        <link>
          <url>http://karencelebration-eventful.eventbrite.com/r/eventful</url>
          <description></description>
          <provider>eventbrite.com</provider>
          <time>2013-09-06 06:20:35</time>
        </link>
      </tickets>
      <image>
        <url>http://s1.evcdn.com/images/block/I0-001/014/640/856-1.jpeg_/karens-birthday-celebration-56.jpeg</url>
        <width>128</width>
        <height>128</height>
        <block>
          <url>http://s1.evcdn.com/images/block/I0-001/014/640/856-1.jpeg_/karens-birthday-celebration-56.jpeg</url>
          <width>128</width>
          <height>128</height>
        </block>
        <large>
          <url>http://s1.evcdn.com/images/large/I0-001/014/640/856-1.jpeg_/karens-birthday-celebration-56.jpeg</url>
          <width>480</width>
          <height>480</height>
        </large>
      </image>
      <categories>
        <category>
          <id>singles_social</id>
          <name>Nightlife &amp;amp; Singles</name>
        </category>
      </categories>
      <subcategories></subcategories>
    </event>
    <event>
      <id>E0-001-060238489-1</id>
      <url>http://eventful.com/derry/events/desdemona-and-zoo-story-/E0-001-060238489-1?utm_source=apis&amp;utm_medium=apim&amp;utm_campaign=apic</url>
      <title>Desdemona and The Zoo Story</title>
      <description> theatre KAPOW presents Desdemona: A Play About A Handkerchief by Paula Vogel and The Zoo Story by Edward Albee. Two pillars of American drama, one explosive night of theatre. Desdemona’s frantic search for her infamous missing linen sparks Vogel’s search for what it means to be a woman. Struggling valiantly against class barriers, sexual repression and dirty laundry, can Desdemona chart her own course? In this smart, sexy, funny behind-the-scenes take on Shakespeare’s Othello, Pulitzer Prize-winner Paula Vogel gives us a glimpse of &amp;quot;real&amp;quot; life on Cyprus and what really goes on behind closed doors while Othello is being destroyed by his jealousy. Desdemona pines for a better life without the restrictions of traditional society, all the while egging on her pious maid, Emilia. When Bianca, the town whore, shows up and reveals a secret or two, things start to fall apart as we careen towards the dramatic finale that brings Desdemona together with Othello. The Zoo Story is the play that launched the career of one of America’s most celebrated playwrights, three-time Pulitzer Prize winner and recent recipient of the Edward MacDowell Medal, Edward Albee. It tells the tale of a chance meeting between two men on a bench in the middle of Central Park. Peter is a complacent executive comfortably reading in the park when Jerry, an aggressive loner who has just come from the zoo, badgers him into conversation. An innocent conversation turns to deal with human isolation, loneliness, class differences, and the dangers of inaction within American society. Co-presented with the Greater Derry Arts Council. Adult - $20.00 Senior/Student - $15.00</description>
      <start_time>2014-05-09 19:30:00</start_time>
      <stop_time></stop_time>
      <venue_id>V0-001-007189958-2</venue_id>
      <all_day>0</all_day>
      <recur_string></recur_string>
      <created>2013-08-17 03:57:41</created>
      <owner>evdb</owner>
      <privacy>1</privacy>
      <free></free>
      <price>$15.00 - $20.00</price>
      <modified>2013-08-17 03:57:41</modified>
      <popularity>0004</popularity>
      <performers></performers>
      <tickets>
        <link>
          <url>http://theatrekapow.ticketleap.com/desdemona-zoo-story/dates/May-09-2014_at_0730PM</url>
          <description></description>
          <provider>ticketleap.com</provider>
          <time>2013-08-17 03:57:48</time>
        </link>
      </tickets>
      <image>
        <url>http://s4.evcdn.com/images/block/I0-001/014/540/947-5.jpeg_/desdemona-and-zoo-story-47.jpeg</url>
        <width>128</width>
        <height>128</height>
        <block>
          <url>http://s4.evcdn.com/images/block/I0-001/014/540/947-5.jpeg_/desdemona-and-zoo-story-47.jpeg</url>
          <width>128</width>
          <height>128</height>
        </block>
        <large>
          <url>http://s4.evcdn.com/images/large/I0-001/014/540/947-5.jpeg_/desdemona-and-zoo-story-47.jpeg</url>
          <width>480</width>
          <height>480</height>
        </large>
      </image>
      <categories>
        <category>
          <id>other</id>
          <name>Other &amp;amp; Miscellaneous</name>
        </category>
      </categories>
      <subcategories></subcategories>
    </event>
    <event>
      <id>E0-001-060238497-0</id>
      <url>http://eventful.com/derry/events/desdemona-and-zoo-story-/E0-001-060238497-0?utm_source=apis&amp;utm_medium=apim&amp;utm_campaign=apic</url>
      <title>Desdemona and The Zoo Story</title>
      <description> theatre KAPOW presents Desdemona: A Play About A Handkerchief by Paula Vogel and The Zoo Story by Edward Albee. Two pillars of American drama, one explosive night of theatre. Desdemona’s frantic search for her infamous missing linen sparks Vogel’s search for what it means to be a woman. Struggling valiantly against class barriers, sexual repression and dirty laundry, can Desdemona chart her own course? In this smart, sexy, funny behind-the-scenes take on Shakespeare’s Othello, Pulitzer Prize-winner Paula Vogel gives us a glimpse of &amp;quot;real&amp;quot; life on Cyprus and what really goes on behind closed doors while Othello is being destroyed by his jealousy. Desdemona pines for a better life without the restrictions of traditional society, all the while egging on her pious maid, Emilia. When Bianca, the town whore, shows up and reveals a secret or two, things start to fall apart as we careen towards the dramatic finale that brings Desdemona together with Othello. The Zoo Story is the play that launched the career of one of America’s most celebrated playwrights, three-time Pulitzer Prize winner and recent recipient of the Edward MacDowell Medal, Edward Albee. It tells the tale of a chance meeting between two men on a bench in the middle of Central Park. Peter is a complacent executive comfortably reading in the park when Jerry, an aggressive loner who has just come from the zoo, badgers him into conversation. An innocent conversation turns to deal with human isolation, loneliness, class differences, and the dangers of inaction within American society. Co-presented with the Greater Derry Arts Council. Adult - $20.00 Senior/Student - $15.00</description>
      <start_time>2014-05-10 19:30:00</start_time>
      <stop_time></stop_time>
      <venue_id>V0-001-007189958-2</venue_id>
      <all_day>0</all_day>
      <recur_string></recur_string>
      <created>2013-08-17 03:58:00</created>
      <owner>evdb</owner>
      <privacy>1</privacy>
      <free></free>
      <price>$15.00 - $20.00</price>
      <modified>2013-08-17 04:08:05</modified>
      <popularity>0004</popularity>
      <performers></performers>
      <tickets>
        <link>
          <url>http://theatrekapow.ticketleap.com/desdemona-zoo-story/dates/May-10-2014_at_0730PM</url>
          <description></description>
          <provider>ticketleap.com</provider>
          <time>2013-08-17 03:58:10</time>
        </link>
      </tickets>
      <image>
        <url>http://s4.evcdn.com/images/block/I0-001/014/540/947-5.jpeg_/desdemona-and-zoo-story-47.jpeg</url>
        <width>128</width>
        <height>128</height>
        <block>
          <url>http://s4.evcdn.com/images/block/I0-001/014/540/947-5.jpeg_/desdemona-and-zoo-story-47.jpeg</url>
          <width>128</width>
          <height>128</height>
        </block>
        <large>
          <url>http://s4.evcdn.com/images/large/I0-001/014/540/947-5.jpeg_/desdemona-and-zoo-story-47.jpeg</url>
          <width>480</width>
          <height>480</height>
        </large>
      </image>
      <categories>
        <category>
          <id>other</id>
          <name>Other &amp;amp; Miscellaneous</name>
        </category>
      </categories>
      <subcategories></subcategories>
    </event>
    <event>
      <id>E0-001-062277834-4</id>
      <url>http://eventful.com/cherryhill/events/introducing-new-density-neighborhood-/E0-001-062277834-4?utm_source=apis&amp;utm_medium=apim&amp;utm_campaign=apic</url>
      <title>Introducing New Density to the Neighborhood</title>
      <description> This event offers 1.5 AICP CM credits. 3:30 - 3:45 PM: Registration 3:45 - 4:00 PM: DVRPC Presentation 4:00 - 5:30 PM: Live viewing of APA Audio/Webconference Residents of existing neighborhoods do not always welcome new development, and project opponents often cite density as a primary concern. Discover how to focus community conversations about infill and redevelopment on design. In this program, planning and design experts will explore how communities can use planning, design, and policy to minimize and mitigate the impact on existing neighborhoods of dense infill and redevelopment. Learn how to address neighborhood compatibility concerns without sacrificing the goal of promoting walkable, urban places. In person attendee - $0.00</description>
      <start_time>2014-06-04 15:30:00</start_time>
      <stop_time></stop_time>
      <venue_id>V0-001-006028603-8</venue_id>
      <all_day>0</all_day>
      <recur_string></recur_string>
      <created>2013-10-11 03:18:14</created>
      <owner>evdb</owner>
      <privacy>1</privacy>
      <free></free>
      <price>$0</price>
      <modified>2013-10-11 03:18:14</modified>
      <popularity>0004</popularity>
      <performers></performers>
      <tickets>
        <link>
          <url>http://dvrpc.ticketleap.com/introducing-new-density-to-the-neighborhood/</url>
          <description></description>
          <provider>ticketleap.com</provider>
          <time>2013-10-11 03:18:19</time>
        </link>
      </tickets>
      <image>
        <url>http://s3.evcdn.com/images/block/I0-001/014/597/066-3.jpeg_/introducing-new-density-neighborhood-66.jpeg</url>
        <width>128</width>
        <height>128</height>
        <block>
          <url>http://s3.evcdn.com/images/block/I0-001/014/597/066-3.jpeg_/introducing-new-density-neighborhood-66.jpeg</url>
          <width>128</width>
          <height>128</height>
        </block>
        <large>
          <url>http://s3.evcdn.com/images/large/I0-001/014/597/066-3.jpeg_/introducing-new-density-neighborhood-66.jpeg</url>
          <width>480</width>
          <height>480</height>
        </large>
      </image>
      <categories>
        <category>
          <id>other</id>
          <name>Other &amp;amp; Miscellaneous</name>
        </category>
      </categories>
      <subcategories></subcategories>
    </event>
    <event>
      <id>E0-001-058257503-6</id>
      <url>http://eventful.com/wells/events/13th-annual-antique-show-sale-/E0-001-058257503-6?utm_source=apis&amp;utm_medium=apim&amp;utm_campaign=apic</url>
      <title>13th Annual Antique Show &amp; Sale</title>
      <description> &lt;p&gt;Annual Antique Show &amp; Sale sponsored by the Wells Chamber of Commerce. Held on the grounds of Historic Wells Reserve at Laudholm Farm.&lt;/p&gt;</description>
      <start_time>2014-06-29 00:00:00</start_time>
      <stop_time>2014-06-29 00:00:00</stop_time>
      <venue_id>V0-001-000761594-3</venue_id>
      <all_day>2</all_day>
      <recur_string></recur_string>
      <created>2013-06-13 13:41:55</created>
      <owner>evdb</owner>
      <privacy>1</privacy>
      <free></free>
      <price>Admission $5.00 per person</price>
      <modified>2013-10-13 05:22:18</modified>
      <popularity>0004</popularity>
      <performers></performers>
      <tickets></tickets>
      <image>
        <url>http://s2.evcdn.com/images/block/I0-001/014/280/289-3.jpeg_/13th-annual-antique-show-sale-89.jpeg</url>
        <width>128</width>
        <height>128</height>
        <block>
          <url>http://s2.evcdn.com/images/block/I0-001/014/280/289-3.jpeg_/13th-annual-antique-show-sale-89.jpeg</url>
          <width>128</width>
          <height>128</height>
        </block>
        <large>
          <url>http://s2.evcdn.com/images/large/I0-001/014/280/289-3.jpeg_/13th-annual-antique-show-sale-89.jpeg</url>
          <width>480</width>
          <height>480</height>
        </large>
      </image>
      <categories>
        <category>
          <id>support</id>
          <name>Health &amp;amp; Wellness</name>
        </category>
        <category>
          <id>community</id>
          <name>Neighborhood</name>
        </category>
        <category>
          <id>outdoors_recreation</id>
          <name>Outdoors &amp;amp; Recreation</name>
        </category>
      </categories>
      <subcategories>
        <subcategory>
          <id>support_support</id>
          <parent>support</parent>
          <name>Health &amp;amp; Wellness: Support</name>
          <short_name>Support</short_name>
        </subcategory>
      </subcategories>
    </event>
    <event>
      <id>E0-001-062330352-7</id>
      <url>http://eventful.com/bayside/events/open-house-/E0-001-062330352-7?utm_source=apis&amp;utm_medium=apim&amp;utm_campaign=apic</url>
      <title>Open House</title>
      <description></description>
      <start_time>2014-08-25 13:00:00</start_time>
      <stop_time></stop_time>
      <venue_id>V0-001-003837333-3</venue_id>
      <all_day>0</all_day>
      <recur_string></recur_string>
      <created>2013-10-12 10:39:58</created>
      <owner>evdb</owner>
      <privacy>1</privacy>
      <free></free>
      <price></price>
      <modified>2013-10-19 16:29:01</modified>
      <popularity>0004</popularity>
      <performers></performers>
      <tickets></tickets>
      <image>
        <url>http://s1.evcdn.com/images/block/I0-001/014/846/004-2.jpeg_/open-house-04.jpeg</url>
        <width>128</width>
        <height>128</height>
        <block>
          <url>http://s1.evcdn.com/images/block/I0-001/014/846/004-2.jpeg_/open-house-04.jpeg</url>
          <width>128</width>
          <height>128</height>
        </block>
        <large>
          <url>http://s1.evcdn.com/images/large/I0-001/014/846/004-2.jpeg_/open-house-04.jpeg</url>
          <width>480</width>
          <height>480</height>
        </large>
      </image>
      <categories>
        <category>
          <id>community</id>
          <name>Neighborhood</name>
        </category>
        <category>
          <id>business</id>
          <name>Business &amp;amp; Networking</name>
        </category>
        <category>
          <id>sales</id>
          <name>Sales &amp;amp; Retail</name>
        </category>
      </categories>
      <subcategories></subcategories>
    </event>
    <event>
      <id>E0-001-061887503-9</id>
      <url>http://eventful.com/houston_tx/events/bs-spring-/E0-001-061887503-9?utm_source=apis&amp;utm_medium=apim&amp;utm_campaign=apic</url>
      <title>The B's of Spring</title>
      <description> &lt;p&gt;&lt;p&gt;The Houston Choral Society presents &lt;strong&gt;&lt;i&gt;The B&amp;#39;s of Spring&lt;/i&gt;&lt;/strong&gt;, Saturday, May 3, 2014, 7:30 PM, at Foundry United Methodist Church at 8350 Jones Road at Highway 290.&lt;p&gt;Our audience should be buzzing about our Spring concert which will highlight works of several Big B’s in the classical world – Bach, Beethoven, Britten and Bernstein.&lt;p&gt;The beginning piece will be by Rimsky-Korsakov and, while not a B, the selection is “Flight of the Bumble Bee” from &lt;i&gt;The Tale of Tsar Saltan&lt;/i&gt;, so it still fits the theme. The evening will showcase the talent of our singers with “Sheep May Safely Graze” from Bach’s Cantata No. 208 and Beethoven’s “Fantasy in C Minor, Op. 80” for piano, chorus and orchestra. We offer a belated acknowledgement of Benjamin Britten’s Centennial observance with our performance of “Rejoice in the Lamb, Op. 30.”&lt;p&gt;We will conclude the evening by honoring one of the greatest American composers, Leonard Bernstein, with his magnificent “Chichester Psalms,” one of Bernstein’s most popular choral/orchestral compositions.&lt;p&gt;This is one concert you will not want to miss. Please join us at 7:00 PM for an informative pre-concert lecture.&lt;br&gt;&lt;/p&gt;&lt;/p&gt;&lt;/p&gt;&lt;/p&gt;&lt;/p&gt;&lt;/p&gt;</description>
      <start_time>2014-05-03 19:00:00</start_time>
      <stop_time></stop_time>
      <venue_id>V0-001-000379120-9</venue_id>
      <all_day>0</all_day>
      <recur_string></recur_string>
      <created>2013-09-30 13:18:30</created>
      <owner>evdb</owner>
      <privacy>1</privacy>
      <free></free>
      <price></price>
      <modified>2013-09-30 13:18:30</modified>
      <popularity>0004</popularity>
      <performers></performers>
      <tickets></tickets>
      <image>
        <url>http://s1.evcdn.com/images/block/I0-001/014/780/476-2.jpeg_/bs-spring-76.jpeg</url>
        <width>128</width>
        <height>128</height>
        <block>
          <url>http://s1.evcdn.com/images/block/I0-001/014/780/476-2.jpeg_/bs-spring-76.jpeg</url>
          <width>128</width>
          <height>128</height>
        </block>
        <large>
          <url>http://s1.evcdn.com/images/large/I0-001/014/780/476-2.jpeg_/bs-spring-76.jpeg</url>
          <width>480</width>
          <height>480</height>
        </large>
      </image>
      <categories>
        <category>
          <id>other</id>
          <name>Other &amp;amp; Miscellaneous</name>
        </category>
      </categories>
      <subcategories></subcategories>
    </event>
    <event>
      <id>E0-001-057260746-0</id>
      <url>http://eventful.com/mesa/events/ccw-course-/E0-001-057260746-0?utm_source=apis&amp;utm_medium=apim&amp;utm_campaign=apic</url>
      <title>CCW Course</title>
      <description>  December 13, 2014&lt;br&gt;&lt;a&gt; &lt;strong&gt;CCW Course&lt;/strong&gt;&lt;/a&gt;&lt;p&gt;This firearms safety training program is the Arizona Department of Public Safety approved curriculum. Course fee includes training in an air conditioned classroom environment using a blend of oral instruction, visual aids, demonstrations, multimedia video, and hands-on experience in the Bass Pro Shops on-site shooting range.&lt;br&gt;&lt;br&gt;  Course Fee: $60&lt;br&gt; Course Fee does not include the Arizona Department of Public Safety application fee of $60&lt;br&gt;&lt;br&gt;  For more information and to book your seat, please contact:&lt;br&gt; Kip Freeman at 480-242-9500
&lt;/p&gt;</description>
      <start_time>2014-12-13 00:00:00</start_time>
      <stop_time>2014-12-13 00:00:00</stop_time>
      <venue_id>V0-001-000408132-1</venue_id>
      <all_day>2</all_day>
      <recur_string></recur_string>
      <created>2013-05-11 05:59:55</created>
      <owner>evdb</owner>
      <privacy>1</privacy>
      <free></free>
      <price></price>
      <modified>2013-05-11 06:10:10</modified>
      <popularity>0004</popularity>
      <performers></performers>
      <tickets></tickets>
      <image></image>
      <categories>
        <category>
          <id>outdoors_recreation</id>
          <name>Outdoors &amp;amp; Recreation</name>
        </category>
        <category>
          <id>sports</id>
          <name>Sports</name>
        </category>
      </categories>
      <subcategories>
        <subcategory>
          <id>outdoors_recreation_nature</id>
          <parent>outdoors_recreation</parent>
          <name>Outdoors &amp;amp; Recreation: Nature</name>
          <short_name>Nature</short_name>
        </subcategory>
      </subcategories>
    </event>
    <event>
      <id>E0-001-057260498-6</id>
      <url>http://eventful.com/mesa/events/azgfd-hunter-education-course-/E0-001-057260498-6?utm_source=apis&amp;utm_medium=apim&amp;utm_campaign=apic</url>
      <title>AZGFD Hunter Education Course</title>
      <description>  November 5, 2014 - November 6, 2014&lt;br&gt;&lt;a&gt; &lt;strong&gt;AZGFD Hunter Education Course&lt;/strong&gt;&lt;/a&gt;&lt;p&gt;Bass Pro Shops is proud to host this event in our store. Youth big game hunters must attend this class in order to hunt in Arizona. We strongly suggest all hunters take this course at some point. Click here for a full breakdown of the program. &lt;a href="http://www.azgfd.gov/i_e/edits/hunter_education.shtml" rel="nofollow"&gt;http://www.azgfd.gov/i_e/edits/hunter_education.shtml&lt;/a&gt;&lt;p&gt;This class is held in our Fine Gun Room from 5:00PM to 9:00PM.&lt;p&gt;Contact Kip Freeman with any questions. (480) 242-9500.&lt;p&gt;Click here to check class availability. &lt;a href="http://www.azgfd.gov/i_e/edits/class-schedule.shtml" rel="nofollow"&gt;http://www.azgfd.gov/i_e/edits/class-schedule.shtml&lt;/a&gt;&lt;p&gt;Classes are not booked through Bass Pro Shops.
&lt;/p&gt;&lt;/p&gt;&lt;/p&gt;&lt;/p&gt;&lt;/p&gt;</description>
      <start_time>2014-11-05 00:00:00</start_time>
      <stop_time>2014-11-06 00:00:00</stop_time>
      <venue_id>V0-001-000408132-1</venue_id>
      <all_day>2</all_day>
      <recur_string></recur_string>
      <created>2013-05-11 05:50:31</created>
      <owner>evdb</owner>
      <privacy>1</privacy>
      <free></free>
      <price></price>
      <modified>2013-05-11 05:50:31</modified>
      <popularity>0004</popularity>
      <performers></performers>
      <tickets></tickets>
      <image></image>
      <categories>
        <category>
          <id>outdoors_recreation</id>
          <name>Outdoors &amp;amp; Recreation</name>
        </category>
        <category>
          <id>sports</id>
          <name>Sports</name>
        </category>
      </categories>
      <subcategories>
        <subcategory>
          <id>outdoors_recreation_nature</id>
          <parent>outdoors_recreation</parent>
          <name>Outdoors &amp;amp; Recreation: Nature</name>
          <short_name>Nature</short_name>
        </subcategory>
      </subcategories>
    </event>
    <event>
      <id>E0-001-057260504-6</id>
      <url>http://eventful.com/mesa/events/azgfd-hunter-education-course-/E0-001-057260504-6?utm_source=apis&amp;utm_medium=apim&amp;utm_campaign=apic</url>
      <title>AZGFD Hunter Education Course</title>
      <description>  November 12, 2014 - November 13, 2014&lt;br&gt;&lt;a&gt; &lt;strong&gt;AZGFD Hunter Education Course&lt;/strong&gt;&lt;/a&gt;&lt;p&gt;Bass Pro Shops is proud to host this event in our store. Youth big game hunters must attend this class in order to hunt in Arizona. We strongly suggest all hunters take this course at some point. Click here for a full breakdown of the program. &lt;a href="http://www.azgfd.gov/i_e/edits/hunter_education.shtml" rel="nofollow"&gt;http://www.azgfd.gov/i_e/edits/hunter_education.shtml&lt;/a&gt;&lt;p&gt;This class is held in our Fine Gun Room from 5:00PM to 9:00PM.&lt;p&gt;Contact Kip Freeman with any questions. (480) 242-9500.&lt;p&gt;Click here to check class availability. &lt;a href="http://www.azgfd.gov/i_e/edits/class-schedule.shtml" rel="nofollow"&gt;http://www.azgfd.gov/i_e/edits/class-schedule.shtml&lt;/a&gt;&lt;p&gt;Classes are not booked through Bass Pro Shops.
&lt;/p&gt;&lt;/p&gt;&lt;/p&gt;&lt;/p&gt;&lt;/p&gt;</description>
      <start_time>2014-11-12 00:00:00</start_time>
      <stop_time>2014-11-13 00:00:00</stop_time>
      <venue_id>V0-001-000408132-1</venue_id>
      <all_day>2</all_day>
      <recur_string></recur_string>
      <created>2013-05-11 05:50:47</created>
      <owner>evdb</owner>
      <privacy>1</privacy>
      <free></free>
      <price></price>
      <modified>2013-05-11 05:50:47</modified>
      <popularity>0004</popularity>
      <performers></performers>
      <tickets></tickets>
      <image></image>
      <categories>
        <category>
          <id>outdoors_recreation</id>
          <name>Outdoors &amp;amp; Recreation</name>
        </category>
        <category>
          <id>sports</id>
          <name>Sports</name>
        </category>
      </categories>
      <subcategories>
        <subcategory>
          <id>outdoors_recreation_nature</id>
          <parent>outdoors_recreation</parent>
          <name>Outdoors &amp;amp; Recreation: Nature</name>
          <short_name>Nature</short_name>
        </subcategory>
      </subcategories>
    </event>
    <event>
      <id>E0-001-060617320-2</id>
      <url>http://eventful.com/cleveland_oh/events/guitar-weekend-master-class-soloduo-/E0-001-060617320-2?utm_source=apis&amp;utm_medium=apim&amp;utm_campaign=apic</url>
      <title>Guitar Weekend: Master Class: SoloDuo</title>
      <description> Cleveland Institute of Music; Guitars International presents: Program TBA
</description>
      <start_time>2014-06-01 11:30:00</start_time>
      <stop_time></stop_time>
      <venue_id>V0-001-001966938-1</venue_id>
      <all_day>0</all_day>
      <recur_string></recur_string>
      <created>2013-08-28 01:56:59</created>
      <owner>evdb</owner>
      <privacy>1</privacy>
      <free></free>
      <price></price>
      <modified>2013-08-28 01:56:59</modified>
      <popularity>0004</popularity>
      <performers></performers>
      <tickets></tickets>
      <image>
        <url>http://s2.evcdn.com/images/block/I0-001/014/595/329-5.jpeg_/guitar-weekend-master-class-soloduo-29.jpeg</url>
        <width>128</width>
        <height>128</height>
        <block>
          <url>http://s2.evcdn.com/images/block/I0-001/014/595/329-5.jpeg_/guitar-weekend-master-class-soloduo-29.jpeg</url>
          <width>128</width>
          <height>128</height>
        </block>
        <large>
          <url>http://s2.evcdn.com/images/large/I0-001/014/595/329-5.jpeg_/guitar-weekend-master-class-soloduo-29.jpeg</url>
          <width>480</width>
          <height>480</height>
        </large>
      </image>
      <categories>
        <category>
          <id>performing_arts</id>
          <name>Performing Arts</name>
        </category>
      </categories>
      <subcategories></subcategories>
    </event>
    <event>
      <id>E0-001-060617208-1</id>
      <url>http://eventful.com/cleveland_oh/events/preparatory-honors-recital-/E0-001-060617208-1?utm_source=apis&amp;utm_medium=apim&amp;utm_campaign=apic</url>
      <title>Preparatory: Honors Recital</title>
      <description> Cleveland Institute of Music presents: Program TBA
</description>
      <start_time>2014-05-10 19:00:00</start_time>
      <stop_time></stop_time>
      <venue_id>V0-001-001966938-1</venue_id>
      <all_day>0</all_day>
      <recur_string></recur_string>
      <created>2013-08-28 01:53:32</created>
      <owner>evdb</owner>
      <privacy>1</privacy>
      <free></free>
      <price></price>
      <modified>2013-08-28 01:53:32</modified>
      <popularity>0004</popularity>
      <performers></performers>
      <tickets></tickets>
      <image>
        <url>http://s3.evcdn.com/images/block/I0-001/014/595/310-7.jpeg_/preparatory-honors-recital-10.jpeg</url>
        <width>128</width>
        <height>128</height>
        <block>
          <url>http://s3.evcdn.com/images/block/I0-001/014/595/310-7.jpeg_/preparatory-honors-recital-10.jpeg</url>
          <width>128</width>
          <height>128</height>
        </block>
        <large>
          <url>http://s3.evcdn.com/images/large/I0-001/014/595/310-7.jpeg_/preparatory-honors-recital-10.jpeg</url>
          <width>480</width>
          <height>480</height>
        </large>
      </image>
      <categories>
        <category>
          <id>performing_arts</id>
          <name>Performing Arts</name>
        </category>
      </categories>
      <subcategories></subcategories>
    </event>
    <event>
      <id>E0-001-060617185-1</id>
      <url>http://eventful.com/cleveland_oh/events/chamber-music-woodwind-ensembles-/E0-001-060617185-1?utm_source=apis&amp;utm_medium=apim&amp;utm_campaign=apic</url>
      <title>Chamber Music: Woodwind Ensembles</title>
      <description> Cleveland Institute of Music presents: Program TBA
</description>
      <start_time>2014-04-30 19:30:00</start_time>
      <stop_time></stop_time>
      <venue_id>V0-001-001966938-1</venue_id>
      <all_day>0</all_day>
      <recur_string></recur_string>
      <created>2013-08-28 01:52:52</created>
      <owner>evdb</owner>
      <privacy>1</privacy>
      <free></free>
      <price></price>
      <modified>2013-08-28 01:52:52</modified>
      <popularity>0004</popularity>
      <performers></performers>
      <tickets></tickets>
      <image>
        <url>http://s3.evcdn.com/images/block/I0-001/014/595/306-4.jpeg_/chamber-music-woodwind-ensembles-06.jpeg</url>
        <width>128</width>
        <height>128</height>
        <block>
          <url>http://s3.evcdn.com/images/block/I0-001/014/595/306-4.jpeg_/chamber-music-woodwind-ensembles-06.jpeg</url>
          <width>128</width>
          <height>128</height>
        </block>
        <large>
          <url>http://s3.evcdn.com/images/large/I0-001/014/595/306-4.jpeg_/chamber-music-woodwind-ensembles-06.jpeg</url>
          <width>480</width>
          <height>480</height>
        </large>
      </image>
      <categories>
        <category>
          <id>performing_arts</id>
          <name>Performing Arts</name>
        </category>
      </categories>
      <subcategories></subcategories>
    </event>
    <event>
      <id>E0-001-060617327-5</id>
      <url>http://eventful.com/cleveland_oh/events/guitar-weekend-robert-gruca-/E0-001-060617327-5?utm_source=apis&amp;utm_medium=apim&amp;utm_campaign=apic</url>
      <title>Guitar Weekend: Robert Gruca</title>
      <description> Cleveland Institute of Music; Guitars International presents: Program TBA
</description>
      <start_time>2014-06-01 14:45:00</start_time>
      <stop_time></stop_time>
      <venue_id>V0-001-001966938-1</venue_id>
      <all_day>0</all_day>
      <recur_string></recur_string>
      <created>2013-08-28 01:57:15</created>
      <owner>evdb</owner>
      <privacy>1</privacy>
      <free></free>
      <price></price>
      <modified>2013-08-28 01:57:15</modified>
      <popularity>0004</popularity>
      <performers></performers>
      <tickets></tickets>
      <image>
        <url>http://s4.evcdn.com/images/block/I0-001/014/595/331-0.jpeg_/guitar-weekend-robert-gruca-31.jpeg</url>
        <width>128</width>
        <height>128</height>
        <block>
          <url>http://s4.evcdn.com/images/block/I0-001/014/595/331-0.jpeg_/guitar-weekend-robert-gruca-31.jpeg</url>
          <width>128</width>
          <height>128</height>
        </block>
        <large>
          <url>http://s4.evcdn.com/images/large/I0-001/014/595/331-0.jpeg_/guitar-weekend-robert-gruca-31.jpeg</url>
          <width>480</width>
          <height>480</height>
        </large>
      </image>
      <categories>
        <category>
          <id>performing_arts</id>
          <name>Performing Arts</name>
        </category>
      </categories>
      <subcategories></subcategories>
    </event>
    <event>
      <id>E0-001-060617293-9</id>
      <url>http://eventful.com/cleveland_oh/events/guitar-weekend-recital-nigel-north-carrie-han-/E0-001-060617293-9?utm_source=apis&amp;utm_medium=apim&amp;utm_campaign=apic</url>
      <title>Guitar Weekend: Recital: Nigel North / Carrie Hannemann Shaw</title>
      <description> Cleveland Institute of Music; Guitars International presents: Program TBA
</description>
      <start_time>2014-05-31 16:00:00</start_time>
      <stop_time></stop_time>
      <venue_id>V0-001-001966938-1</venue_id>
      <all_day>0</all_day>
      <recur_string></recur_string>
      <created>2013-08-28 01:56:09</created>
      <owner>evdb</owner>
      <privacy>1</privacy>
      <free></free>
      <price></price>
      <modified>2013-08-28 01:56:09</modified>
      <popularity>0004</popularity>
      <performers></performers>
      <tickets></tickets>
      <image>
        <url>http://s2.evcdn.com/images/block/I0-001/014/595/325-9.jpeg_/guitar-weekend-recital-nigel-north-carrie-hannema-25.jpeg</url>
        <width>128</width>
        <height>128</height>
        <block>
          <url>http://s2.evcdn.com/images/block/I0-001/014/595/325-9.jpeg_/guitar-weekend-recital-nigel-north-carrie-hannema-25.jpeg</url>
          <width>128</width>
          <height>128</height>
        </block>
        <large>
          <url>http://s2.evcdn.com/images/large/I0-001/014/595/325-9.jpeg_/guitar-weekend-recital-nigel-north-carrie-hannema-25.jpeg</url>
          <width>480</width>
          <height>480</height>
        </large>
      </image>
      <categories>
        <category>
          <id>performing_arts</id>
          <name>Performing Arts</name>
        </category>
      </categories>
      <subcategories></subcategories>
    </event>
    <event>
      <id>E0-001-060269118-0</id>
      <url>http://eventful.com/nellysford/events/veterans-day-wild-wolf-anniversary-party-/E0-001-060269118-0?utm_source=apis&amp;utm_medium=apim&amp;utm_campaign=apic</url>
      <title>Veteran's Day &amp; Wild Wolf Anniversary Party</title>
      <description> &lt;p&gt;Veteran&amp;#39;s Day &amp; Wild Wolf Anniversary Party at Wild Wolf Brewing Company.&lt;br&gt;&lt;br&gt;&lt;br&gt;Last Updated: 8/13/2013 3:55 PM
&lt;/p&gt;</description>
      <start_time>2014-11-11 11:30:00</start_time>
      <stop_time>2014-11-11 22:00:00</stop_time>
      <venue_id>V0-001-005357978-1</venue_id>
      <all_day>0</all_day>
      <recur_string></recur_string>
      <created>2013-08-17 21:20:09</created>
      <owner>evdb</owner>
      <privacy>1</privacy>
      <free></free>
      <price></price>
      <modified>2013-08-17 21:20:09</modified>
      <popularity>0004</popularity>
      <performers></performers>
      <tickets></tickets>
      <image>
        <url>http://s1.evcdn.com/images/block/I0-001/014/545/584-5.jpeg_/veterans-day-wild-wolf-anniversary-party-84.jpeg</url>
        <width>128</width>
        <height>128</height>
        <block>
          <url>http://s1.evcdn.com/images/block/I0-001/014/545/584-5.jpeg_/veterans-day-wild-wolf-anniversary-party-84.jpeg</url>
          <width>128</width>
          <height>128</height>
        </block>
        <large>
          <url>http://s1.evcdn.com/images/large/I0-001/014/545/584-5.jpeg_/veterans-day-wild-wolf-anniversary-party-84.jpeg</url>
          <width>480</width>
          <height>480</height>
        </large>
      </image>
      <categories>
        <category>
          <id>community</id>
          <name>Neighborhood</name>
        </category>
      </categories>
      <subcategories></subcategories>
    </event>
    <event>
      <id>E0-001-060617342-4</id>
      <url>http://eventful.com/cleveland_oh/events/guitar-weekend-recital-jason-vieaux-julian-la-/E0-001-060617342-4?utm_source=apis&amp;utm_medium=apim&amp;utm_campaign=apic</url>
      <title>Guitar Weekend: Recital: Jason Vieaux / Julian Labro</title>
      <description> Cleveland Institute of Music; Guitars International presents: Program TBA
</description>
      <start_time>2014-06-01 19:30:00</start_time>
      <stop_time></stop_time>
      <venue_id>V0-001-001966938-1</venue_id>
      <all_day>0</all_day>
      <recur_string></recur_string>
      <created>2013-08-28 01:57:40</created>
      <owner>evdb</owner>
      <privacy>1</privacy>
      <free></free>
      <price></price>
      <modified>2013-08-28 01:57:40</modified>
      <popularity>0004</popularity>
      <performers></performers>
      <tickets></tickets>
      <image>
        <url>http://s2.evcdn.com/images/block/I0-001/014/595/333-8.jpeg_/guitar-weekend-recital-jason-vieaux-julian-labro-33.jpeg</url>
        <width>128</width>
        <height>128</height>
        <block>
          <url>http://s2.evcdn.com/images/block/I0-001/014/595/333-8.jpeg_/guitar-weekend-recital-jason-vieaux-julian-labro-33.jpeg</url>
          <width>128</width>
          <height>128</height>
        </block>
        <large>
          <url>http://s2.evcdn.com/images/large/I0-001/014/595/333-8.jpeg_/guitar-weekend-recital-jason-vieaux-julian-labro-33.jpeg</url>
          <width>480</width>
          <height>480</height>
        </large>
      </image>
      <categories>
        <category>
          <id>performing_arts</id>
          <name>Performing Arts</name>
        </category>
      </categories>
      <subcategories></subcategories>
    </event>
    <event>
      <id>E0-001-060617314-1</id>
      <url>http://eventful.com/cleveland_oh/events/guitar-weekend-recital-soloduo-/E0-001-060617314-1?utm_source=apis&amp;utm_medium=apim&amp;utm_campaign=apic</url>
      <title>Guitar Weekend: Recital: SoloDuo</title>
      <description> Cleveland Institute of Music; Guitars International presents: Program TBA
</description>
      <start_time>2014-05-31 20:00:00</start_time>
      <stop_time></stop_time>
      <venue_id>V0-001-001966938-1</venue_id>
      <all_day>0</all_day>
      <recur_string></recur_string>
      <created>2013-08-28 01:56:45</created>
      <owner>evdb</owner>
      <privacy>1</privacy>
      <free></free>
      <price></price>
      <modified>2013-08-28 01:56:45</modified>
      <popularity>0004</popularity>
      <performers></performers>
      <tickets></tickets>
      <image>
        <url>http://s3.evcdn.com/images/block/I0-001/014/595/326-8.jpeg_/guitar-weekend-recital-soloduo-26.jpeg</url>
        <width>128</width>
        <height>128</height>
        <block>
          <url>http://s3.evcdn.com/images/block/I0-001/014/595/326-8.jpeg_/guitar-weekend-recital-soloduo-26.jpeg</url>
          <width>128</width>
          <height>128</height>
        </block>
        <large>
          <url>http://s3.evcdn.com/images/large/I0-001/014/595/326-8.jpeg_/guitar-weekend-recital-soloduo-26.jpeg</url>
          <width>480</width>
          <height>480</height>
        </large>
      </image>
      <categories>
        <category>
          <id>performing_arts</id>
          <name>Performing Arts</name>
        </category>
      </categories>
      <subcategories></subcategories>
    </event>
    <event>
      <id>E0-001-060617280-5</id>
      <url>http://eventful.com/cleveland_oh/events/guitar-weekend-master-class-jason-vieaux-/E0-001-060617280-5?utm_source=apis&amp;utm_medium=apim&amp;utm_campaign=apic</url>
      <title>Guitar Weekend: Master Class: Jason Vieaux</title>
      <description> Cleveland Institute of Music; Guitars International presents: Program TBA
</description>
      <start_time>2014-05-31 09:00:00</start_time>
      <stop_time></stop_time>
      <venue_id>V0-001-001966938-1</venue_id>
      <all_day>0</all_day>
      <recur_string></recur_string>
      <created>2013-08-28 01:55:37</created>
      <owner>evdb</owner>
      <privacy>1</privacy>
      <free></free>
      <price></price>
      <modified>2013-08-28 01:55:37</modified>
      <popularity>0004</popularity>
      <performers></performers>
      <tickets></tickets>
      <image>
        <url>http://s2.evcdn.com/images/block/I0-001/014/595/321-3.jpeg_/guitar-weekend-master-class-jason-vieaux-21.jpeg</url>
        <width>128</width>
        <height>128</height>
        <block>
          <url>http://s2.evcdn.com/images/block/I0-001/014/595/321-3.jpeg_/guitar-weekend-master-class-jason-vieaux-21.jpeg</url>
          <width>128</width>
          <height>128</height>
        </block>
        <large>
          <url>http://s2.evcdn.com/images/large/I0-001/014/595/321-3.jpeg_/guitar-weekend-master-class-jason-vieaux-21.jpeg</url>
          <width>480</width>
          <height>480</height>
        </large>
      </image>
      <categories>
        <category>
          <id>performing_arts</id>
          <name>Performing Arts</name>
        </category>
      </categories>
      <subcategories></subcategories>
    </event>
    <event>
      <id>E0-001-060617271-7</id>
      <url>http://eventful.com/cleveland_oh/events/guitar-weekend-recital-petra-polackova-/E0-001-060617271-7?utm_source=apis&amp;utm_medium=apim&amp;utm_campaign=apic</url>
      <title>Guitar Weekend: Recital / Petra Polackova</title>
      <description> Cleveland Institute of Music; Guitars International presents: Program TBA
</description>
      <start_time>2014-05-30 20:00:00</start_time>
      <stop_time></stop_time>
      <venue_id>V0-001-001966938-1</venue_id>
      <all_day>0</all_day>
      <recur_string></recur_string>
      <created>2013-08-28 01:55:20</created>
      <owner>evdb</owner>
      <privacy>1</privacy>
      <free></free>
      <price></price>
      <modified>2013-08-28 01:55:20</modified>
      <popularity>0004</popularity>
      <performers></performers>
      <tickets></tickets>
      <image>
        <url>http://s1.evcdn.com/images/block/I0-001/014/595/320-4.jpeg_/guitar-weekend-recital-petra-polackova-20.jpeg</url>
        <width>128</width>
        <height>128</height>
        <block>
          <url>http://s1.evcdn.com/images/block/I0-001/014/595/320-4.jpeg_/guitar-weekend-recital-petra-polackova-20.jpeg</url>
          <width>128</width>
          <height>128</height>
        </block>
        <large>
          <url>http://s1.evcdn.com/images/large/I0-001/014/595/320-4.jpeg_/guitar-weekend-recital-petra-polackova-20.jpeg</url>
          <width>480</width>
          <height>480</height>
        </large>
      </image>
      <categories>
        <category>
          <id>performing_arts</id>
          <name>Performing Arts</name>
        </category>
      </categories>
      <subcategories></subcategories>
    </event>
    <event>
      <id>E0-001-060617262-9</id>
      <url>http://eventful.com/cleveland_oh/events/guitar-weekend-exhibition-fine-contemporary-cl-/E0-001-060617262-9?utm_source=apis&amp;utm_medium=apim&amp;utm_campaign=apic</url>
      <title>Guitar Weekend: Exhibition of Fine COntemporary Classical Guitars</title>
      <description> Cleveland Institute of Music; Guitars International presents: Program TBA
</description>
      <start_time>2014-05-30 16:30:00</start_time>
      <stop_time></stop_time>
      <venue_id>V0-001-001966938-1</venue_id>
      <all_day>0</all_day>
      <recur_string></recur_string>
      <created>2013-08-28 01:54:57</created>
      <owner>evdb</owner>
      <privacy>1</privacy>
      <free></free>
      <price></price>
      <modified>2013-08-28 01:54:57</modified>
      <popularity>0004</popularity>
      <performers></performers>
      <tickets></tickets>
      <image>
        <url>http://s3.evcdn.com/images/block/I0-001/014/595/318-9.jpeg_/guitar-weekend-exhibition-fine-contemporary-classi-18.jpeg</url>
        <width>128</width>
        <height>128</height>
        <block>
          <url>http://s3.evcdn.com/images/block/I0-001/014/595/318-9.jpeg_/guitar-weekend-exhibition-fine-contemporary-classi-18.jpeg</url>
          <width>128</width>
          <height>128</height>
        </block>
        <large>
          <url>http://s3.evcdn.com/images/large/I0-001/014/595/318-9.jpeg_/guitar-weekend-exhibition-fine-contemporary-classi-18.jpeg</url>
          <width>480</width>
          <height>480</height>
        </large>
      </image>
      <categories>
        <category>
          <id>performing_arts</id>
          <name>Performing Arts</name>
        </category>
      </categories>
      <subcategories></subcategories>
    </event>
    <event>
      <id>E0-001-060617289-6</id>
      <url>http://eventful.com/cleveland_oh/events/guitar-weekend-master-class-petra-polackova-/E0-001-060617289-6?utm_source=apis&amp;utm_medium=apim&amp;utm_campaign=apic</url>
      <title>Guitar Weekend: Master Class: Petra Polackova</title>
      <description> Cleveland Institute of Music; Guitars International presents: Program TBA
</description>
      <start_time>2014-05-31 12:45:00</start_time>
      <stop_time></stop_time>
      <venue_id>V0-001-001966938-1</venue_id>
      <all_day>0</all_day>
      <recur_string></recur_string>
      <created>2013-08-28 01:55:59</created>
      <owner>evdb</owner>
      <privacy>1</privacy>
      <free></free>
      <price></price>
      <modified>2013-08-28 01:55:59</modified>
      <popularity>0004</popularity>
      <performers></performers>
      <tickets></tickets>
      <image>
        <url>http://s1.evcdn.com/images/block/I0-001/014/595/324-0.jpeg_/guitar-weekend-master-class-petra-polackova-24.jpeg</url>
        <width>128</width>
        <height>128</height>
        <block>
          <url>http://s1.evcdn.com/images/block/I0-001/014/595/324-0.jpeg_/guitar-weekend-master-class-petra-polackova-24.jpeg</url>
          <width>128</width>
          <height>128</height>
        </block>
        <large>
          <url>http://s1.evcdn.com/images/large/I0-001/014/595/324-0.jpeg_/guitar-weekend-master-class-petra-polackova-24.jpeg</url>
          <width>480</width>
          <height>480</height>
        </large>
      </image>
      <categories>
        <category>
          <id>performing_arts</id>
          <name>Performing Arts</name>
        </category>
      </categories>
      <subcategories></subcategories>
    </event>
    <event>
      <id>E0-001-061339138-3</id>
      <url>http://eventful.com/newyork_ny/events/alan-gilbert-conducts-hk-grubers-gloria-pig-tale-/E0-001-061339138-3?utm_source=apis&amp;utm_medium=apim&amp;utm_campaign=apic</url>
      <title>Alan Gilbert Conducts HK Grubers Gloria A Pig Tale</title>
      <description> New York Philharmonic presents: Gruber: Gloria - A Pig Tale
</description>
      <start_time>2014-05-29 19:00:00</start_time>
      <stop_time></stop_time>
      <venue_id>V0-001-000228997-4</venue_id>
      <all_day>0</all_day>
      <recur_string></recur_string>
      <created>2013-09-17 05:56:48</created>
      <owner>evdb</owner>
      <privacy>1</privacy>
      <free></free>
      <price></price>
      <modified>2013-09-17 05:56:48</modified>
      <popularity>0004</popularity>
      <performers></performers>
      <tickets></tickets>
      <image>
        <url>http://s2.evcdn.com/images/block/I0-001/014/706/769-9.jpeg_/alan-gilbert-conducts-hk-grubers-gloria-pig-tale-69.jpeg</url>
        <width>128</width>
        <height>128</height>
        <block>
          <url>http://s2.evcdn.com/images/block/I0-001/014/706/769-9.jpeg_/alan-gilbert-conducts-hk-grubers-gloria-pig-tale-69.jpeg</url>
          <width>128</width>
          <height>128</height>
        </block>
        <large>
          <url>http://s2.evcdn.com/images/large/I0-001/014/706/769-9.jpeg_/alan-gilbert-conducts-hk-grubers-gloria-pig-tale-69.jpeg</url>
          <width>480</width>
          <height>480</height>
        </large>
      </image>
      <categories>
        <category>
          <id>performing_arts</id>
          <name>Performing Arts</name>
        </category>
      </categories>
      <subcategories></subcategories>
    </event>
    <event>
      <id>E0-001-060808367-5</id>
      <url>http://eventful.com/cleveland_oh/events/cjo-plugged-its-electric-may-3-/E0-001-060808367-5?utm_source=apis&amp;utm_medium=apim&amp;utm_campaign=apic</url>
      <title>CJO Plugged In: It's Electric - May 3</title>
      <description> &lt;p&gt;CJO wraps up its Plugged In series with a jazz fusion concert mixing funk and R&amp;B rhythms from the 70s and 80s with today’s popular tunes.&lt;p&gt;&lt;em&gt;. . .&lt;/em&gt;&lt;p&gt;&lt;em&gt;We give subscribers the best possible seats in a section on a first-come, first-serve basis. Our ticketing system does not allow for selection of specific seats at this time, just seats within a section. &lt;/em&gt;&lt;p&gt;For more information, visit &lt;a href="http://www.clevelandjazz.org/" rel="nofollow"&gt;www.clevelandjazz.org&lt;/a&gt;.&lt;p&gt;Ticket Processing—Ticket orders are processed in order of receipt, with Season Ticket Discount Package orders receiving priority over single ticket orders. Seating areas will be ticketed from the center outward. Seating for &lt;em&gt;Plugged In&lt;/em&gt; at Kennedy&amp;#39;s Cabaret and the Jingle Bell Jazz Matinee at the Hanna are general admission. Reserved seating is not available.&lt;p&gt;Wheelchair-Accessible Seating—The Hanna Theatre offers wheelchair accessible seating in the Dress Circle seating area. Please call 440.945.6428 for more info.&lt;p&gt;We apologize but &lt;em&gt;Plugged In&lt;/em&gt; concerts at Kennedy&amp;#39;s Cabaret are not handicapped accessible.&lt;p&gt;Ticket Exchanges Refunds, Donations—All ticket sales are final. No refunds. However, tickets for one CJO concert at PlayhouseSquare may be exchanged for another CJO concert at PlayhouseSquare, subject to seating availability (tickets must be in the same seating area). If you cannot use or exchange your tickets, you may return them to CJO as a tax-deductible donation.&lt;p&gt;Tickets will be mailed to the address provided after your order is processed, generally within 7-10 business days. Super Saver Discount packages must be ordered by October 1, 2013. Ticket orders are filled on a first-come, first-served basis with CENTER section filled first. No refunds—however, tickets for one CJO concert at PlayhouseSquare may be exchanged for tickets to another CJO concert at PlayhouseSquare, in the same seating section, subject to availability. &lt;em&gt;Plugged In&lt;/em&gt; and &lt;em&gt;Jingle Bell Jazz Family Matinee&lt;/em&gt; are sold separately; no refunds or exchanges.&lt;p&gt;Phone: 440.945.6428. Please leave a message and CJO staff will return your call within 48 hours.&lt;/p&gt;&lt;/p&gt;&lt;/p&gt;&lt;/p&gt;&lt;/p&gt;&lt;/p&gt;&lt;/p&gt;&lt;/p&gt;&lt;/p&gt;&lt;/p&gt;</description>
      <start_time>2014-05-03 20:00:00</start_time>
      <stop_time>2014-05-03 21:00:00</stop_time>
      <venue_id>V0-001-007268617-0</venue_id>
      <all_day>0</all_day>
      <recur_string></recur_string>
      <created>2013-09-03 00:52:06</created>
      <owner>evdb</owner>
      <privacy>1</privacy>
      <free></free>
      <price>   26.00 General Admission 26.00 &lt;br&gt;&lt;br&gt;
</price>
      <modified>2013-09-03 00:52:06</modified>
      <popularity>0004</popularity>
      <performers></performers>
      <tickets>
        <link>
          <url>http://itselectricmay3-eventful.eventbrite.com/r/eventful</url>
          <description></description>
          <provider>eventbrite.com</provider>
          <time>2013-09-03 00:52:11</time>
        </link>
      </tickets>
      <image>
        <url>http://s4.evcdn.com/images/block/I0-001/014/622/603-7.png_/cjo-plugged-its-electric-may-3-03.png</url>
        <width>128</width>
        <height>128</height>
        <block>
          <url>http://s4.evcdn.com/images/block/I0-001/014/622/603-7.png_/cjo-plugged-its-electric-may-3-03.png</url>
          <width>128</width>
          <height>128</height>
        </block>
        <large>
          <url>http://s4.evcdn.com/images/large/I0-001/014/622/603-7.png_/cjo-plugged-its-electric-may-3-03.png</url>
          <width>480</width>
          <height>480</height>
        </large>
      </image>
      <categories>
        <category>
          <id>other</id>
          <name>Other &amp;amp; Miscellaneous</name>
        </category>
      </categories>
      <subcategories></subcategories>
    </event>
    <event>
      <id>E0-001-060808364-8</id>
      <url>http://eventful.com/cleveland_oh/events/cjo-plugged-its-electric-may-2-/E0-001-060808364-8?utm_source=apis&amp;utm_medium=apim&amp;utm_campaign=apic</url>
      <title>CJO Plugged In: It's Electric - May 2</title>
      <description> &lt;p&gt;CJO wraps up its Plugged In series with a jazz fusion concert mixing funk and R&amp;B rhythms from the 70s and 80s with today’s popular tunes.&lt;p&gt;&lt;em&gt;. . .&lt;/em&gt;&lt;p&gt;&lt;em&gt;We give subscribers the best possible seats in a section on a first-come, first-serve basis. Our ticketing system does not allow for selection of specific seats at this time, just seats within a section. &lt;/em&gt;&lt;p&gt;For more information, visit &lt;a href="http://www.clevelandjazz.org/" rel="nofollow"&gt;www.clevelandjazz.org&lt;/a&gt;.&lt;p&gt;Ticket Processing—Ticket orders are processed in order of receipt, with Season Ticket Discount Package orders receiving priority over single ticket orders. Seating areas will be ticketed from the center outward. Seating for &lt;em&gt;Plugged In&lt;/em&gt; at Kennedy&amp;#39;s Cabaret and the Jingle Bell Jazz Matinee at the Hanna are general admission. Reserved seating is not available.&lt;p&gt;Wheelchair-Accessible Seating—The Hanna Theatre offers wheelchair accessible seating in the Dress Circle seating area. Please call 440.945.6428 for more info.&lt;p&gt;We apologize but &lt;em&gt;Plugged In&lt;/em&gt; concerts at Kennedy&amp;#39;s Cabaret are not handicapped accessible.&lt;p&gt;Ticket Exchanges Refunds, Donations—All ticket sales are final. No refunds. However, tickets for one CJO concert at PlayhouseSquare may be exchanged for another CJO concert at PlayhouseSquare, subject to seating availability (tickets must be in the same seating area). If you cannot use or exchange your tickets, you may return them to CJO as a tax-deductible donation.&lt;p&gt;Tickets will be mailed to the address provided after your order is processed, generally within 7-10 business days. Super Saver Discount packages must be ordered by October 1, 2013. Ticket orders are filled on a first-come, first-served basis with CENTER section filled first. No refunds—however, tickets for one CJO concert at PlayhouseSquare may be exchanged for tickets to another CJO concert at PlayhouseSquare, in the same seating section, subject to availability. &lt;em&gt;Plugged In&lt;/em&gt; and &lt;em&gt;Jingle Bell Jazz Family Matinee&lt;/em&gt; are sold separately; no refunds or exchanges.&lt;p&gt;Phone: 440.945.6428. Please leave a message and CJO staff will return your call within 48 hours.&lt;/p&gt;&lt;/p&gt;&lt;/p&gt;&lt;/p&gt;&lt;/p&gt;&lt;/p&gt;&lt;/p&gt;&lt;/p&gt;&lt;/p&gt;&lt;/p&gt;</description>
      <start_time>2014-05-02 20:00:00</start_time>
      <stop_time>2014-05-02 21:00:00</stop_time>
      <venue_id>V0-001-007268617-0</venue_id>
      <all_day>0</all_day>
      <recur_string></recur_string>
      <created>2013-09-03 00:52:02</created>
      <owner>evdb</owner>
      <privacy>1</privacy>
      <free></free>
      <price>   26.00 General Admission 26.00 &lt;br&gt;&lt;br&gt;
</price>
      <modified>2013-09-03 00:52:02</modified>
      <popularity>0004</popularity>
      <performers></performers>
      <tickets>
        <link>
          <url>http://itselectricmay2-eventful.eventbrite.com/r/eventful</url>
          <description></description>
          <provider>eventbrite.com</provider>
          <time>2013-09-03 00:52:05</time>
        </link>
      </tickets>
      <image>
        <url>http://s2.evcdn.com/images/block/I0-001/014/622/601-9.png_/cjo-plugged-its-electric-may-2-01.png</url>
        <width>128</width>
        <height>128</height>
        <block>
          <url>http://s2.evcdn.com/images/block/I0-001/014/622/601-9.png_/cjo-plugged-its-electric-may-2-01.png</url>
          <width>128</width>
          <height>128</height>
        </block>
        <large>
          <url>http://s2.evcdn.com/images/large/I0-001/014/622/601-9.png_/cjo-plugged-its-electric-may-2-01.png</url>
          <width>480</width>
          <height>480</height>
        </large>
      </image>
      <categories>
        <category>
          <id>other</id>
          <name>Other &amp;amp; Miscellaneous</name>
        </category>
      </categories>
      <subcategories></subcategories>
    </event>
    <event>
      <id>E0-001-060351718-6</id>
      <url>http://eventful.com/akron/events/wizard-oz-featuring-frisch-marionettes-/E0-001-060351718-6?utm_source=apis&amp;utm_medium=apim&amp;utm_campaign=apic</url>
      <title>THE WIZARD OF OZ featuring the Frisch Marionettes</title>
      <description> THE WIZARD OF OZ is an American fairy tale! The Frisch Marionettes turn it into an inspiring story about unlocking the potential that exists within each of us! Celebrate America&amp;#39;s rich musical heritage as you travel down the Yellow Brick Road with Dorothy to find out why a Lion,Tin Man and Straw Man are all singing the Blues. Two performance of THE WIZARD OF OZ will be held on Thursday, May 22, 2014 11:00 a.m. and 12:30 p.m. Tickets for groups of 25 or more are $3.00 if purchased before April 26, 2014. They are $4.00 for groups less than 25 if purchased before April 26, 2014. All tickets are $5.00 if purchased after April 25, 2014. Tickets will be available at the door. Drawing inspiration from the great European troupes such as the Salzburg Marionette Theatre, Frisch endeavors to bring one of the great old-world arts to young, contemporary imaginations. Every aspect of a Frisch Marionette production is designed, handcrafted, created, and recorded in their own workshops. Each and every puppet is hand carved, every costume is sewn and custom tailored for for each character. Frisch takes great pride in our craft, but even more so in excited, twinkling eyes of wonder that surround them at the end of each performance.&lt;br&gt; &lt;br&gt; 
</description>
      <start_time>2014-05-22 11:00:00</start_time>
      <stop_time>2014-05-22 12:00:00</stop_time>
      <venue_id>V0-001-000671297-5</venue_id>
      <all_day>0</all_day>
      <recur_string></recur_string>
      <created>2013-08-20 01:15:38</created>
      <owner>evdb</owner>
      <privacy>1</privacy>
      <free></free>
      <price>3 - 5 USD </price>
      <modified>2013-08-20 01:15:38</modified>
      <popularity>0004</popularity>
      <performers>
        <performer>
          <id>P0-001-000210927-0</id>
        </performer>
      </performers>
      <tickets></tickets>
      <image>
        <url>http://s3.evcdn.com/images/block/I0-001/002/320/078-7.jpeg_/the-wizard-of-oz-78.jpeg</url>
        <width>128</width>
        <height>128</height>
        <block>
          <url>http://s3.evcdn.com/images/block/I0-001/002/320/078-7.jpeg_/the-wizard-of-oz-78.jpeg</url>
          <width>128</width>
          <height>128</height>
        </block>
        <large>
          <url>http://s3.evcdn.com/images/large/I0-001/002/320/078-7.jpeg_/the-wizard-of-oz-78.jpeg</url>
          <width>480</width>
          <height>480</height>
        </large>
      </image>
      <categories>
        <category>
          <id>performing_arts</id>
          <name>Performing Arts</name>
        </category>
      </categories>
      <subcategories></subcategories>
    </event>
    <event>
      <id>E0-001-062078598-8</id>
      <url>http://eventful.com/santamonica/events/lacos-westside-connections-3-/E0-001-062078598-8?utm_source=apis&amp;utm_medium=apim&amp;utm_campaign=apic</url>
      <title>LACO's Westside Connections 3</title>
      <description> Curated by concertmaster Margaret Batjer, this innovative LACO chamber music series on the Westside explores musical connections, and this year invites you to take a look at the connections between mu...
</description>
      <start_time>2014-05-15 19:30:00</start_time>
      <stop_time>2014-05-15 00:00:00</stop_time>
      <venue_id>V0-001-004559381-0</venue_id>
      <all_day>0</all_day>
      <recur_string></recur_string>
      <created>2013-10-05 12:52:39</created>
      <owner>evdb</owner>
      <privacy>1</privacy>
      <free></free>
      <price>Full series subscriptions to the 3-concert series are available now at $135. Call Andrew or Megan at 213 622 7001 1. Single tickets are on sale in January 2014.</price>
      <modified>2013-10-05 12:52:39</modified>
      <popularity>0004</popularity>
      <performers></performers>
      <tickets></tickets>
      <image>
        <url>http://s4.evcdn.com/images/block/I0-001/014/808/927-2.jpeg_/lacos-westside-connections-3-27.jpeg</url>
        <width>128</width>
        <height>128</height>
        <block>
          <url>http://s4.evcdn.com/images/block/I0-001/014/808/927-2.jpeg_/lacos-westside-connections-3-27.jpeg</url>
          <width>128</width>
          <height>128</height>
        </block>
        <large>
          <url>http://s4.evcdn.com/images/large/I0-001/014/808/927-2.jpeg_/lacos-westside-connections-3-27.jpeg</url>
          <width>480</width>
          <height>480</height>
        </large>
      </image>
      <categories>
        <category>
          <id>performing_arts</id>
          <name>Performing Arts</name>
        </category>
      </categories>
      <subcategories>
        <subcategory>
          <id>performing_arts_opera</id>
          <parent>performing_arts</parent>
          <name>Performing Arts: Opera</name>
          <short_name>Opera</short_name>
        </subcategory>
        <subcategory>
          <id>performing_arts_theatre</id>
          <parent>performing_arts</parent>
          <name>Performing Arts: Theatre</name>
          <short_name>Theatre</short_name>
        </subcategory>
      </subcategories>
    </event>
    <event>
      <id>E0-001-061921213-0</id>
      <url>http://eventful.com/wilmington_de/events/mlomanie-dcca-/E0-001-061921213-0?utm_source=apis&amp;utm_medium=apim&amp;utm_campaign=apic</url>
      <title>Mélomanie at the DCCA</title>
      <description>&lt;b&gt;Mélomanie at the DCCA&lt;/b&gt;

Mélomanie – the internationally acclaimed Wilmington music ensemble noted for provocative pairings of early and contemporary works - makes an exciting move this fall, bringing its concert series to the Delaware Center for the Contemporary Arts.

&lt;b&gt;Mélomanie 2013 - 2014 Schedule&lt;/b&gt;

Sunday, October 6 - 2 pm
Sunday, January 26 - 2 pm
Sunday, March 9 - 2 pm
Sunday, May 11 - 2 pm

Purchase tickets at: www.melomanie.org
DCCA Members receive a discount with the code “DCCA.”

http://www.thedcca.org/dccamelomanie</description>
      <start_time>2014-05-11 14:00:00</start_time>
      <stop_time>2014-05-11 16:00:00</stop_time>
      <venue_id>V0-001-000359498-9</venue_id>
      <all_day>0</all_day>
      <recur_string></recur_string>
      <created>2013-10-01 12:51:56</created>
      <owner>scottydcca</owner>
      <privacy>1</privacy>
      <free>0</free>
      <price>$0 - $20</price>
      <modified>2013-10-01 12:51:56</modified>
      <popularity>0004</popularity>
      <performers></performers>
      <tickets></tickets>
      <image>
        <url>http://s1.evcdn.com/images/block/I0-001/014/647/936-5.jpeg_/mlomanie-dcca-36.jpeg</url>
        <width>128</width>
        <height>128</height>
        <block>
          <url>http://s1.evcdn.com/images/block/I0-001/014/647/936-5.jpeg_/mlomanie-dcca-36.jpeg</url>
          <width>128</width>
          <height>128</height>
        </block>
        <large>
          <url>http://s1.evcdn.com/images/large/I0-001/014/647/936-5.jpeg_/mlomanie-dcca-36.jpeg</url>
          <width>480</width>
          <height>480</height>
        </large>
      </image>
      <categories>
        <category>
          <id>music</id>
          <name>Concerts &amp;amp; Tour Dates</name>
        </category>
      </categories>
      <subcategories></subcategories>
    </event>
    <event>
      <id>E0-001-062571586-9</id>
      <url>http://eventful.com/events/ch-apt-meeting-/E0-001-062571586-9?utm_source=apis&amp;utm_medium=apim&amp;utm_campaign=apic</url>
      <title>CH APT Meeting</title>
      <description>  CH APT Meeting  - lakeforest - Wed May 21 at  9:00AM  West Campus Board Room Lake Forest  IL   &lt;br&gt;&lt;br&gt;&lt;b&gt;event syndication&lt;/b&gt; by &lt;b&gt;&lt;i&gt;Syndical.com&lt;i&gt;&lt;/i&gt;&lt;/i&gt;&lt;/b&gt; &lt;br&gt;&lt;br&gt;&lt;b&gt;from Account: &lt;/b&gt;lakeforest </description>
      <start_time>2014-05-21 09:00:00</start_time>
      <stop_time>2014-05-21 10:30:00</stop_time>
      <venue_id>V0-001-006384627-5</venue_id>
      <all_day>0</all_day>
      <recur_string></recur_string>
      <created>2013-10-18 07:53:00</created>
      <owner>syndical_events</owner>
      <privacy>1</privacy>
      <free></free>
      <price></price>
      <modified>2013-10-18 07:53:00</modified>
      <popularity>0004</popularity>
      <performers></performers>
      <tickets></tickets>
      <image>
        <url>http://s3.evcdn.com/images/block/I0-001/014/883/826-1.png_/ch-apt-meeting-26.png</url>
        <width>128</width>
        <height>128</height>
        <block>
          <url>http://s3.evcdn.com/images/block/I0-001/014/883/826-1.png_/ch-apt-meeting-26.png</url>
          <width>128</width>
          <height>128</height>
        </block>
        <large>
          <url>http://s3.evcdn.com/images/large/I0-001/014/883/826-1.png_/ch-apt-meeting-26.png</url>
          <width>480</width>
          <height>480</height>
        </large>
      </image>
      <categories>
        <category>
          <id>food</id>
          <name>Food &amp;amp; Wine</name>
        </category>
        <category>
          <id>attractions</id>
          <name>Museums &amp;amp; Attractions</name>
        </category>
        <category>
          <id>community</id>
          <name>Neighborhood</name>
        </category>
        <category>
          <id>business</id>
          <name>Business &amp;amp; Networking</name>
        </category>
      </categories>
      <subcategories></subcategories>
    </event>
    <event>
      <id>E0-001-059251429-2</id>
      <url>http://eventful.com/seattle_wa/events/tax-savings-engineering-firms-/E0-001-059251429-2?utm_source=apis&amp;utm_medium=apim&amp;utm_campaign=apic</url>
      <title>Tax Savings For Engineering Firms</title>
      <description>In this Webcast, Seattle CPA, Jessica Chisholm, will discuss tax tips for those in the Construction, Engineering, and Architecture fields. Jessica will address entity selection, the home office deduction, deferring payroll taxes on owners, and more. She will also discuss the Domestic Production Activities Deduction and the tax savings it can provide business owners in these fields. If you own or want to own a business in construction, engineering, or architecture then this webcast can provide you with valuable information on how to save tax dollars and maximize your tax deductions.
This is a webcast!!
Register for free at: http://smallbusinesswebcast.com
All Webcasts are presented in Pacific Standard Time.</description>
      <start_time>2014-06-03 09:00:00</start_time>
      <stop_time>2014-06-03 10:00:00</stop_time>
      <venue_id>V0-001-003443209-0</venue_id>
      <all_day>0</all_day>
      <recur_string></recur_string>
      <created>2013-07-17 15:29:03</created>
      <owner>SmallBusinessWebcast</owner>
      <privacy>1</privacy>
      <free>1</free>
      <price></price>
      <modified>2013-07-17 15:29:03</modified>
      <popularity>0004</popularity>
      <performers></performers>
      <tickets></tickets>
      <image>
        <url>http://s1.evcdn.com/images/block/I0-001/014/394/428-4.jpeg_/tax-savings-engineering-firms-28.jpeg</url>
        <width>128</width>
        <height>128</height>
        <block>
          <url>http://s1.evcdn.com/images/block/I0-001/014/394/428-4.jpeg_/tax-savings-engineering-firms-28.jpeg</url>
          <width>128</width>
          <height>128</height>
        </block>
        <large>
          <url>http://s1.evcdn.com/images/large/I0-001/014/394/428-4.jpeg_/tax-savings-engineering-firms-28.jpeg</url>
          <width>480</width>
          <height>480</height>
        </large>
      </image>
      <categories>
        <category>
          <id>conference</id>
          <name>Conferences &amp;amp; Tradeshows</name>
        </category>
        <category>
          <id>learning_education</id>
          <name>Education</name>
        </category>
        <category>
          <id>business</id>
          <name>Business &amp;amp; Networking</name>
        </category>
      </categories>
      <subcategories></subcategories>
    </event>
    <event>
      <id>E0-001-060671124-2</id>
      <url>http://eventful.com/lowell/events/integrating-technology-imovie-ipad-/E0-001-060671124-2?utm_source=apis&amp;utm_medium=apim&amp;utm_campaign=apic</url>
      <title>Integrating Technology with iMovie on the iPad</title>
      <description> Details coming soon STAFF - $0.00</description>
      <start_time>2014-05-08 16:00:00</start_time>
      <stop_time></stop_time>
      <venue_id>V0-001-006989922-4</venue_id>
      <all_day>0</all_day>
      <recur_string></recur_string>
      <created>2013-08-30 05:12:56</created>
      <owner>evdb</owner>
      <privacy>1</privacy>
      <free></free>
      <price>$0</price>
      <modified>2013-09-21 05:55:18</modified>
      <popularity>0004</popularity>
      <performers></performers>
      <tickets>
        <link>
          <url>http://lpsd-technology-department.ticketleap.com/-imovie-on-the-ipad/dates/May-08-2014_at_0400PM</url>
          <description></description>
          <provider>ticketleap.com</provider>
          <time>2013-08-30 05:13:01</time>
        </link>
      </tickets>
      <image>
        <url>http://s2.evcdn.com/images/block/I0-001/014/606/209-5.jpeg_/integrating-technology-imovie-ipad-09.jpeg</url>
        <width>128</width>
        <height>128</height>
        <block>
          <url>http://s2.evcdn.com/images/block/I0-001/014/606/209-5.jpeg_/integrating-technology-imovie-ipad-09.jpeg</url>
          <width>128</width>
          <height>128</height>
        </block>
        <large>
          <url>http://s2.evcdn.com/images/large/I0-001/014/606/209-5.jpeg_/integrating-technology-imovie-ipad-09.jpeg</url>
          <width>480</width>
          <height>480</height>
        </large>
      </image>
      <categories>
        <category>
          <id>other</id>
          <name>Other &amp;amp; Miscellaneous</name>
        </category>
      </categories>
      <subcategories></subcategories>
    </event>
    <event>
      <id>E0-001-033511441-1</id>
      <url>http://eventful.com/cincinnati_oh/events/healthy-living-screenings-/E0-001-033511441-1?utm_source=apis&amp;utm_medium=apim&amp;utm_campaign=apic</url>
      <title>Healthy Living Screenings</title>
      <description> &lt;p&gt;Presented by Radio One Cincinnati&lt;p&gt;With Faith Daniels, on-air radio personality.More Information: Phone: (513)679-6000&lt;br&gt;&lt;a href="http://www.cincinnatiusa.com/cinlink.aspType=Event&amp;ID=121276&amp;Website=http://www.wizfm.com2C+www.1230thebuzz.com2C+www.mojocincy.com&amp;Name=Healthy20Living20Screenings" rel="nofollow"&gt;Visit Website&lt;/a&gt;&lt;br&gt;&lt;br&gt;&lt;/p&gt;&lt;/p&gt;</description>
      <start_time>1969-12-31 15:59:59</start_time>
      <stop_time></stop_time>
      <venue_id>V0-001-000254821-1</venue_id>
      <all_day>2</all_day>
      <recur_string></recur_string>
      <created>2010-09-04 18:17:26</created>
      <owner>evdb</owner>
      <privacy>1</privacy>
      <free></free>
      <price>Free</price>
      <modified>2011-05-31 16:36:57</modified>
      <popularity>0004</popularity>
      <performers></performers>
      <tickets></tickets>
      <image>
        <url>http://s2.evcdn.com/images/block/I0-001/000/996/165-1.jpeg_/healthy-living-screenings-65.jpeg</url>
        <width>128</width>
        <height>128</height>
        <block>
          <url>http://s2.evcdn.com/images/block/I0-001/000/996/165-1.jpeg_/healthy-living-screenings-65.jpeg</url>
          <width>128</width>
          <height>128</height>
        </block>
        <large>
          <url>http://s2.evcdn.com/images/large/I0-001/000/996/165-1.jpeg_/healthy-living-screenings-65.jpeg</url>
          <width>480</width>
          <height>480</height>
        </large>
      </image>
      <categories>
        <category>
          <id>other</id>
          <name>Other &amp;amp; Miscellaneous</name>
        </category>
      </categories>
      <subcategories></subcategories>
    </event>
    <event>
      <id>E0-001-057624872-4</id>
      <url>http://eventful.com/akron/events/akron-symphony-chorus-concert-/E0-001-057624872-4?utm_source=apis&amp;utm_medium=apim&amp;utm_campaign=apic</url>
      <title>Akron Symphony Chorus Concert</title>
      <description> Akron Symphony Chorus presents: Program TBA
</description>
      <start_time>2014-05-18 15:00:00</start_time>
      <stop_time></stop_time>
      <venue_id>V0-001-006226166-2</venue_id>
      <all_day>0</all_day>
      <recur_string></recur_string>
      <created>2013-05-23 02:56:08</created>
      <owner>evdb</owner>
      <privacy>1</privacy>
      <free></free>
      <price></price>
      <modified>2013-05-23 02:56:08</modified>
      <popularity>0004</popularity>
      <performers></performers>
      <tickets></tickets>
      <image>
        <url>http://s1.evcdn.com/images/block/I0-001/014/134/508-1.jpeg_/akron-symphony-chorus-concert-08.jpeg</url>
        <width>128</width>
        <height>128</height>
        <block>
          <url>http://s1.evcdn.com/images/block/I0-001/014/134/508-1.jpeg_/akron-symphony-chorus-concert-08.jpeg</url>
          <width>128</width>
          <height>128</height>
        </block>
        <large>
          <url>http://s1.evcdn.com/images/large/I0-001/014/134/508-1.jpeg_/akron-symphony-chorus-concert-08.jpeg</url>
          <width>480</width>
          <height>480</height>
        </large>
      </image>
      <categories>
        <category>
          <id>performing_arts</id>
          <name>Performing Arts</name>
        </category>
      </categories>
      <subcategories></subcategories>
    </event>
    <event>
      <id>E0-001-058374825-9</id>
      <url>http://eventful.com/losangeles_ca/events/messiaen-heggie-schumann-rheinberger-/E0-001-058374825-9?utm_source=apis&amp;utm_medium=apim&amp;utm_campaign=apic</url>
      <title>Messiaen, Heggie, Schumann, Rheinberger</title>
      <description> Camerata Pacifica presents: Messiaen: Des canyons aux toiles; Heggie: Winter Roses; Schumann: Adagio and Allegro in A flat major, Op. 70; Rheinberger: Nonet, Op. 139
</description>
      <start_time>2014-05-08 20:00:00</start_time>
      <stop_time></stop_time>
      <venue_id>V0-001-000324275-8</venue_id>
      <all_day>0</all_day>
      <recur_string></recur_string>
      <created>2013-06-18 05:18:05</created>
      <owner>evdb</owner>
      <privacy>1</privacy>
      <free></free>
      <price></price>
      <modified>2013-06-18 05:18:05</modified>
      <popularity>0004</popularity>
      <performers></performers>
      <tickets></tickets>
      <image>
        <url>http://s3.evcdn.com/images/block/I0-001/014/256/922-6.jpeg_/messiaen-heggie-schumann-rheinberger-22.jpeg</url>
        <width>128</width>
        <height>128</height>
        <block>
          <url>http://s3.evcdn.com/images/block/I0-001/014/256/922-6.jpeg_/messiaen-heggie-schumann-rheinberger-22.jpeg</url>
          <width>128</width>
          <height>128</height>
        </block>
        <large>
          <url>http://s3.evcdn.com/images/large/I0-001/014/256/922-6.jpeg_/messiaen-heggie-schumann-rheinberger-22.jpeg</url>
          <width>480</width>
          <height>480</height>
        </large>
      </image>
      <categories>
        <category>
          <id>performing_arts</id>
          <name>Performing Arts</name>
        </category>
      </categories>
      <subcategories></subcategories>
    </event>
    <event>
      <id>E0-001-051462936-5</id>
      <url>http://eventful.com/columbus_oh/events/ohio-state-university-football-vs-virginia-tech-/E0-001-051462936-5?utm_source=apis&amp;utm_medium=apim&amp;utm_campaign=apic</url>
      <title>Ohio State University Football vs. Virginia Tech</title>
      <description></description>
      <start_time>2014-09-20 00:00:00</start_time>
      <stop_time>2014-09-20 00:00:00</stop_time>
      <venue_id>V0-001-006405341-0</venue_id>
      <all_day>2</all_day>
      <recur_string></recur_string>
      <created>2012-09-24 20:40:54</created>
      <owner>evdb</owner>
      <privacy>1</privacy>
      <free></free>
      <price></price>
      <modified>2013-02-09 11:51:36</modified>
      <popularity>0004</popularity>
      <performers>
        <performer>
          <id>P0-001-000160642-0</id>
        </performer>
      </performers>
      <tickets></tickets>
      <image></image>
      <categories>
        <category>
          <id>sports</id>
          <name>Sports</name>
        </category>
      </categories>
      <subcategories>
        <subcategory>
          <id>sports_football</id>
          <parent>sports</parent>
          <name>Sports: Football</name>
          <short_name>Football</short_name>
        </subcategory>
      </subcategories>
    </event>
    <event>
      <id>E0-001-056803547-1</id>
      <url>http://eventful.com/chicago_il/events/fade-out-fade-/E0-001-056803547-1?utm_source=apis&amp;utm_medium=apim&amp;utm_campaign=apic</url>
      <title>Fade Out – Fade In</title>
      <description>Porchlight Music Theatre  at Stage 773 &lt;br&gt;&lt;br&gt; &lt;p&gt;Originally starring Carol Burnett, this hilarious musical spoofs the Hollywood film industry during the 1930s, when silent movies diminished to make way for &amp;#39;talkies&amp;#39;. The story centers on “Hope Springfield,” an actress who makes up in talent what she lacks in ‘beauty.’ Accidentally given the lead role in a brand new &amp;#39;talkie&amp;#39;, the final film is shelved. The producer&amp;#39;s nephew, however, manages to arrange a sneak viewing, which results in the film becoming a huge success. Fade Out – Fade In opened at the Mark Hellinger Theatre, May 26, 1964 and played 271 total performances.
&lt;/p&gt;</description>
      <start_time>2014-05-21 00:00:00</start_time>
      <stop_time></stop_time>
      <venue_id>V0-001-006380852-1</venue_id>
      <all_day>2</all_day>
      <recur_string></recur_string>
      <created>2013-04-27 13:43:03</created>
      <owner>Jolene_DQ</owner>
      <privacy>1</privacy>
      <free></free>
      <price></price>
      <modified>2013-09-23 13:26:58</modified>
      <popularity>0004</popularity>
      <performers></performers>
      <tickets></tickets>
      <image>
        <url>http://s3.evcdn.com/images/block/I0-001/003/956/586-1.jpeg_/fade-out-fade-86.jpeg</url>
        <width>128</width>
        <height>128</height>
        <block>
          <url>http://s3.evcdn.com/images/block/I0-001/003/956/586-1.jpeg_/fade-out-fade-86.jpeg</url>
          <width>128</width>
          <height>128</height>
        </block>
        <large>
          <url>http://s3.evcdn.com/images/large/I0-001/003/956/586-1.jpeg_/fade-out-fade-86.jpeg</url>
          <width>480</width>
          <height>480</height>
        </large>
      </image>
      <categories>
        <category>
          <id>performing_arts</id>
          <name>Performing Arts</name>
        </category>
      </categories>
      <subcategories></subcategories>
    </event>
    <event>
      <id>E0-001-061339121-3</id>
      <url>http://eventful.com/newyork_ny/events/us-premiere-toshio-hosokawas-raven-staged-/E0-001-061339121-3?utm_source=apis&amp;utm_medium=apim&amp;utm_campaign=apic</url>
      <title>U.S. Premiere of Toshio Hosokawa's The Raven (Staged)</title>
      <description> Gotham Chamber Opera presents: Caplet: Conte fantastique after Edgar Allan Poe&amp;#39;s &amp;quot;Masque of the Red Death&amp;quot;; Hosokawa: The Raven
</description>
      <start_time>2014-05-28 19:30:00</start_time>
      <stop_time></stop_time>
      <venue_id>V0-001-000325296-8</venue_id>
      <all_day>0</all_day>
      <recur_string></recur_string>
      <created>2013-09-17 05:56:13</created>
      <owner>evdb</owner>
      <privacy>1</privacy>
      <free></free>
      <price></price>
      <modified>2013-10-14 10:04:45</modified>
      <popularity>0004</popularity>
      <performers></performers>
      <tickets></tickets>
      <image>
        <url>http://s3.evcdn.com/images/block/I0-001/014/706/766-2.jpeg_/us-premiere-toshio-hosokawas-raven-staged-66.jpeg</url>
        <width>128</width>
        <height>128</height>
        <block>
          <url>http://s3.evcdn.com/images/block/I0-001/014/706/766-2.jpeg_/us-premiere-toshio-hosokawas-raven-staged-66.jpeg</url>
          <width>128</width>
          <height>128</height>
        </block>
        <large>
          <url>http://s3.evcdn.com/images/large/I0-001/014/706/766-2.jpeg_/us-premiere-toshio-hosokawas-raven-staged-66.jpeg</url>
          <width>480</width>
          <height>480</height>
        </large>
      </image>
      <categories>
        <category>
          <id>performing_arts</id>
          <name>Performing Arts</name>
        </category>
      </categories>
      <subcategories></subcategories>
    </event>
    <event>
      <id>E0-001-061339125-9</id>
      <url>http://eventful.com/newyork_ny/events/us-premiere-toshio-hosokawas-raven-staged-/E0-001-061339125-9?utm_source=apis&amp;utm_medium=apim&amp;utm_campaign=apic</url>
      <title>U.S. Premiere of Toshio Hosokawa's The Raven (Staged)</title>
      <description> Gotham Chamber Opera presents: Caplet: Conte fantastique after Edgar Allan Poe&amp;#39;s &amp;quot;Masque of the Red Death&amp;quot;; Hosokawa: The Raven
</description>
      <start_time>2014-05-30 20:00:00</start_time>
      <stop_time></stop_time>
      <venue_id>V0-001-000325296-8</venue_id>
      <all_day>0</all_day>
      <recur_string></recur_string>
      <created>2013-09-17 05:56:22</created>
      <owner>evdb</owner>
      <privacy>1</privacy>
      <free></free>
      <price></price>
      <modified>2013-10-14 10:04:48</modified>
      <popularity>0004</popularity>
      <performers></performers>
      <tickets></tickets>
      <image>
        <url>http://s3.evcdn.com/images/block/I0-001/014/706/766-2.jpeg_/us-premiere-toshio-hosokawas-raven-staged-66.jpeg</url>
        <width>128</width>
        <height>128</height>
        <block>
          <url>http://s3.evcdn.com/images/block/I0-001/014/706/766-2.jpeg_/us-premiere-toshio-hosokawas-raven-staged-66.jpeg</url>
          <width>128</width>
          <height>128</height>
        </block>
        <large>
          <url>http://s3.evcdn.com/images/large/I0-001/014/706/766-2.jpeg_/us-premiere-toshio-hosokawas-raven-staged-66.jpeg</url>
          <width>480</width>
          <height>480</height>
        </large>
      </image>
      <categories>
        <category>
          <id>performing_arts</id>
          <name>Performing Arts</name>
        </category>
      </categories>
      <subcategories></subcategories>
    </event>
    <event>
      <id>E0-001-059816025-1</id>
      <url>http://eventful.com/ithaca/events/cornell-alumni-association-travel-program-alaska-adv-/E0-001-059816025-1?utm_source=apis&amp;utm_medium=apim&amp;utm_campaign=apic</url>
      <title>Cornell Alumni Association Travel Program: Alaska Adventures</title>
      <description> Seattle, Washington; Seymour Narrows, Ketchikan, Tracy Arm, Wrangell, Alaska; Prince Rupert, B.C. Canada Seattle, Washington; Seymour Narrows, Ketchikan, Tracy Arm, Wrangell, Alaska; Prince Rupert, B.C. Canada&lt;p&gt;Drive along the Amalfi Coast, one of the most amazing Mediterranean shores, and delight in the colorful architecture of the vertical town of Positano and the charming resort town of Amalfi. Sample local delicacies, talk with area residents about life in Italy and travel back in time with a visit to Naples’ historic center and renowned Museo Archeologico Nazionale. From approx. $2795 per person &lt;br&gt;For more info&lt;/p&gt;</description>
      <start_time>2014-07-24 00:00:00</start_time>
      <stop_time></stop_time>
      <venue_id>V0-001-000324420-6</venue_id>
      <all_day>2</all_day>
      <recur_string></recur_string>
      <created>2013-08-05 06:57:24</created>
      <owner>evdb</owner>
      <privacy>1</privacy>
      <free></free>
      <price>Please see event website for details.</price>
      <modified>2013-09-28 22:50:02</modified>
      <popularity>0004</popularity>
      <performers></performers>
      <tickets></tickets>
      <image>
        <url>http://s2.evcdn.com/images/block/I0-001/014/770/005-9.png_/cornell-alumni-association-travel-program-alaska-a-05.png</url>
        <width>128</width>
        <height>128</height>
        <block>
          <url>http://s2.evcdn.com/images/block/I0-001/014/770/005-9.png_/cornell-alumni-association-travel-program-alaska-a-05.png</url>
          <width>128</width>
          <height>128</height>
        </block>
        <large>
          <url>http://s2.evcdn.com/images/large/I0-001/014/770/005-9.png_/cornell-alumni-association-travel-program-alaska-a-05.png</url>
          <width>480</width>
          <height>480</height>
        </large>
      </image>
      <categories>
        <category>
          <id>learning_education</id>
          <name>Education</name>
        </category>
        <category>
          <id>schools_alumni</id>
          <name>University &amp;amp; Alumni</name>
        </category>
      </categories>
      <subcategories></subcategories>
    </event>
    <event>
      <id>E0-001-056606278-1</id>
      <url>http://eventful.com/oklahomacity_ok/events/okc-philharmonic-presents-1812-overture-fin-/E0-001-056606278-1?utm_source=apis&amp;utm_medium=apim&amp;utm_campaign=apic</url>
      <title>OKC Philharmonic presents: 1812 Overture Finale featuring the Canterbury Choral Society</title>
      <description> &lt;p&gt;The Oklahoma City Philharmonic and the Canterbury Choral Society combine to bring 1812 Overture Finale to the Civic Center Music Hall. This concert is the eighth in the Philharmonic’s 2013-2014 Classics series. The orchestra and choir perform “La Mer” by Debussy, the Polovtsian Dances from “Prince Igor” by Borodin, “Daphnis et Chloe: Suite No. 2” by Ravel, and Tchaikovsky’s famous “1812 Overture.”&lt;br&gt;&lt;br&gt;&lt;/p&gt;</description>
      <start_time>2014-05-10 00:00:00</start_time>
      <stop_time></stop_time>
      <venue_id>V0-001-000209337-7</venue_id>
      <all_day>2</all_day>
      <recur_string></recur_string>
      <created>2013-04-21 16:41:57</created>
      <owner>evdb</owner>
      <privacy>1</privacy>
      <free></free>
      <price></price>
      <modified>2013-10-19 21:10:29</modified>
      <popularity>0004</popularity>
      <performers></performers>
      <tickets></tickets>
      <image>
        <url>http://s3.evcdn.com/images/block/I0-001/014/892/786-6.jpeg_/okc-philharmonic-presents-1812-overture-finale-fea-86.jpeg</url>
        <width>128</width>
        <height>128</height>
        <block>
          <url>http://s3.evcdn.com/images/block/I0-001/014/892/786-6.jpeg_/okc-philharmonic-presents-1812-overture-finale-fea-86.jpeg</url>
          <width>128</width>
          <height>128</height>
        </block>
        <large>
          <url>http://s3.evcdn.com/images/large/I0-001/014/892/786-6.jpeg_/okc-philharmonic-presents-1812-overture-finale-fea-86.jpeg</url>
          <width>480</width>
          <height>480</height>
        </large>
      </image>
      <categories>
        <category>
          <id>other</id>
          <name>Other &amp;amp; Miscellaneous</name>
        </category>
      </categories>
      <subcategories></subcategories>
    </event>
    <event>
      <id>E0-001-060617361-9</id>
      <url>http://eventful.com/cleveland_oh/events/summercim-young-composers-program-concert-/E0-001-060617361-9?utm_source=apis&amp;utm_medium=apim&amp;utm_campaign=apic</url>
      <title>Summer@CIM: Young Composers Program Concert</title>
      <description> Cleveland Institute of Music presents: Program TBA
</description>
      <start_time>2014-06-20 19:00:00</start_time>
      <stop_time></stop_time>
      <venue_id>V0-001-001966938-1</venue_id>
      <all_day>0</all_day>
      <recur_string></recur_string>
      <created>2013-08-28 01:58:20</created>
      <owner>evdb</owner>
      <privacy>1</privacy>
      <free></free>
      <price></price>
      <modified>2013-08-28 01:58:20</modified>
      <popularity>0004</popularity>
      <performers></performers>
      <tickets></tickets>
      <image>
        <url>http://s4.evcdn.com/images/block/I0-001/014/595/335-6.jpeg_/summercim-young-composers-program-concert-35.jpeg</url>
        <width>128</width>
        <height>128</height>
        <block>
          <url>http://s4.evcdn.com/images/block/I0-001/014/595/335-6.jpeg_/summercim-young-composers-program-concert-35.jpeg</url>
          <width>128</width>
          <height>128</height>
        </block>
        <large>
          <url>http://s4.evcdn.com/images/large/I0-001/014/595/335-6.jpeg_/summercim-young-composers-program-concert-35.jpeg</url>
          <width>480</width>
          <height>480</height>
        </large>
      </image>
      <categories>
        <category>
          <id>performing_arts</id>
          <name>Performing Arts</name>
        </category>
      </categories>
      <subcategories></subcategories>
    </event>
    <event>
      <id>E0-001-057453716-5</id>
      <url>http://eventful.com/collegepark/events/umd-symphony-orchestra-american-pie-/E0-001-057453716-5?utm_source=apis&amp;utm_medium=apim&amp;utm_campaign=apic</url>
      <title>UMD Symphony Orchestra: American Pie</title>
      <description> &lt;p&gt;Continuing their exploration of the relationship between movement and music, UMSO musicians will take a choreographic approach to Aaron Copland’s &lt;em&gt;Appalachian Spring&lt;/em&gt;. The orchestra members will perform the work from memory with movement design from UMD alumna and renowned choreographer Liz Lerman.&lt;p&gt;The program also includes Dutilleux’s &lt;em&gt;Metaboles&lt;/em&gt; and Gershwin/ Bennett’s &lt;em&gt;Porgy and Bess: Symphonic Picture&lt;/em&gt;.&lt;p&gt;The Music in Mind series celebrates the role of music in our culture and our lives, explores sources of inspiration and points of intersection in musical traditions, and presents music in a context that encourages reflection and discovery.&lt;p&gt;Proceeds from Music in Mind concerts benefit the School of Music’s undergraduate scholarship fund.&lt;br&gt;&lt;br&gt;&lt;br&gt;
&lt;/p&gt;&lt;/p&gt;&lt;/p&gt;&lt;/p&gt;</description>
      <start_time>2014-05-04 16:00:00</start_time>
      <stop_time></stop_time>
      <venue_id>V0-001-000307861-2</venue_id>
      <all_day>0</all_day>
      <recur_string></recur_string>
      <created>2013-05-17 12:44:15</created>
      <owner>evdb</owner>
      <privacy>1</privacy>
      <free></free>
      <price>Regular: $30&lt;br&gt;Subscriber: $24&lt;br&gt;Senior Citizen: $25&lt;br&gt;UMD Alumni Association: $25&lt;br&gt;UMD Faculty &amp; Staff: $24&lt;br&gt;Students &amp; Youth: $10&lt;br&gt;</price>
      <modified>2013-05-28 14:23:50</modified>
      <popularity>0004</popularity>
      <performers></performers>
      <tickets></tickets>
      <image>
        <url>http://s1.evcdn.com/images/block/I0-001/014/108/560-2.jpeg_/umd-symphony-orchestra-american-pie-60.jpeg</url>
        <width>128</width>
        <height>128</height>
        <block>
          <url>http://s1.evcdn.com/images/block/I0-001/014/108/560-2.jpeg_/umd-symphony-orchestra-american-pie-60.jpeg</url>
          <width>128</width>
          <height>128</height>
        </block>
        <large>
          <url>http://s1.evcdn.com/images/large/I0-001/014/108/560-2.jpeg_/umd-symphony-orchestra-american-pie-60.jpeg</url>
          <width>480</width>
          <height>480</height>
        </large>
      </image>
      <categories>
        <category>
          <id>performing_arts</id>
          <name>Performing Arts</name>
        </category>
      </categories>
      <subcategories></subcategories>
    </event>
    <event>
      <id>E0-001-059834439-4</id>
      <url>http://eventful.com/arrington_va/events/mothers-day-inglewood-lavender-farm-/E0-001-059834439-4?utm_source=apis&amp;utm_medium=apim&amp;utm_campaign=apic</url>
      <title>Mothers Day at Inglewood Lavender Farm</title>
      <description> &lt;p&gt;Make your own lavender filled sachets and eye pillows from pre-made forms. Appropriate for all skill levels. Decorate with embroidery and ribbons. Learn about the history and uses of lavender. Includes refreshments.&lt;br&gt;&lt;br&gt;&lt;strong&gt;Admission Fee: &lt;/strong&gt;special 2 for $50.00 includes refreshments &lt;br&gt;Last Updated: 8/8/2013 2:47 PM
&lt;/p&gt;</description>
      <start_time>2014-05-11 12:00:00</start_time>
      <stop_time>2014-05-11 13:30:00</stop_time>
      <venue_id>V0-001-006764771-5</venue_id>
      <all_day>0</all_day>
      <recur_string></recur_string>
      <created>2013-08-05 16:57:07</created>
      <owner>evdb</owner>
      <privacy>1</privacy>
      <free></free>
      <price>special 2 for $50.00 includes refreshments</price>
      <modified>2013-08-10 13:06:14</modified>
      <popularity>0004</popularity>
      <performers></performers>
      <tickets></tickets>
      <image>
        <url>http://s4.evcdn.com/images/block/I0-001/013/676/743-8.jpeg_/mothers-day-inglewood-lavender-farm-43.jpeg</url>
        <width>128</width>
        <height>128</height>
        <block>
          <url>http://s4.evcdn.com/images/block/I0-001/013/676/743-8.jpeg_/mothers-day-inglewood-lavender-farm-43.jpeg</url>
          <width>128</width>
          <height>128</height>
        </block>
        <large>
          <url>http://s4.evcdn.com/images/large/I0-001/013/676/743-8.jpeg_/mothers-day-inglewood-lavender-farm-43.jpeg</url>
          <width>480</width>
          <height>480</height>
        </large>
      </image>
      <categories>
        <category>
          <id>holiday</id>
          <name>Holiday</name>
        </category>
        <category>
          <id>community</id>
          <name>Neighborhood</name>
        </category>
      </categories>
      <subcategories>
        <subcategory>
          <id>community_holiday</id>
          <parent>community</parent>
          <name>Neighborhood: Holiday</name>
          <short_name>Holiday</short_name>
        </subcategory>
      </subcategories>
    </event>
    <event>
      <id>E0-001-061520402-7</id>
      <url>http://eventful.com/ithaca/events/cau-travel-program-croatia-and-montenegro-historic-c-/E0-001-061520402-7?utm_source=apis&amp;utm_medium=apim&amp;utm_campaign=apic</url>
      <title>CAU travel program: Croatia and Montenegro: Historic Cities by the Sea, with Holly Case</title>
      <description> Croatia, Montenegro, Mediterranean, Dubrovnik, Hvar, Split, Venice Croatia, Montenegro, Mediterranean, Dubrovnik, Hvar, Split, Venice, Dubrovnik, Dubrovnik-Neretva&lt;p&gt;On one of the loveliest cruise itineraries of the Mediterranean, this exploration of cities on the eastern side of the Adriatic features striking beauty, fabulous architecture and art from many cultures, and a rich political history. &lt;br&gt;Our adventure begins in Dubrovnik, Croatia, with its medieval splendors. Next, through southern Europe&amp;#39;s only fjord, we will reach Kotor, Montenegro, one of the most striking and best-preserved towns along the Adriatic. From Ploce, Croatia, a thriving center under the Ottoman Turks in the fifteenth century, we will go to Korcula Island, where the walls and guard tower of its medieval town are still intact. &lt;br&gt;Among the pleasures of other stops, we&amp;#39;ll stroll the lavender-scented streets of Hvar, the Mediterranean&amp;#39;s newest Riviera, and tour the palace of Diocletian in Split. After cruising the Kornati Archipelago and touring Rab Island, we&amp;#39;ll cross the Adriatic and disembark in Venice, &amp;quot;La Serenissima,&amp;quot; once mistress of the Adriatic. &lt;br&gt;Cornell historian Holly Case, an expert on the Adriatic, will be CAU&amp;#39;s faculty leader on this exceptional cruise, lecturing on the political history of this storied and often volatile part of the world. Our home for the journey is the beautiful all-suite, one hundred-guest Corinthian. &lt;br&gt;Program website: &lt;a href="http://www.sce.cornell.edu/cau/off_campus/courses.php?v=17095" rel="nofollow"&gt;www.sce.cornell.edu/cau/off_campus/courses.php?v=17095&lt;/a&gt;&lt;br&gt;This program is part of Cornell Adult University’s (CAU), which offers acclaimed education vacations designed and led by Cornell faculty. Programs include off-campus travel adventures and week-long on-campus summer courses open to all, including Cornell alumni, families, and friends. &lt;br&gt;For more information and to register, visit &lt;a href="http://www.cau.cornell.edu/" rel="nofollow"&gt;www.cau.cornell.edu&lt;/a&gt; , e-mail &lt;a href="mailto:cauinfo@cornell.edu" rel="nofollow"&gt;cauinfo@cornell.edu&lt;/a&gt; , or call 607.255.6260.&lt;/p&gt;</description>
      <start_time>2014-08-07 00:00:00</start_time>
      <stop_time></stop_time>
      <venue_id>V0-001-000324420-6</venue_id>
      <all_day>2</all_day>
      <recur_string></recur_string>
      <created>2013-09-21 05:51:05</created>
      <owner>evdb</owner>
      <privacy>1</privacy>
      <free></free>
      <price>Please see event website for details.</price>
      <modified>2013-09-28 22:36:35</modified>
      <popularity>0004</popularity>
      <performers></performers>
      <tickets></tickets>
      <image>
        <url>http://s2.evcdn.com/images/block/I0-001/014/770/005-9.png_/cau-travel-program-croatia-and-montenegro-historic-05.png</url>
        <width>128</width>
        <height>128</height>
        <block>
          <url>http://s2.evcdn.com/images/block/I0-001/014/770/005-9.png_/cau-travel-program-croatia-and-montenegro-historic-05.png</url>
          <width>128</width>
          <height>128</height>
        </block>
        <large>
          <url>http://s2.evcdn.com/images/large/I0-001/014/770/005-9.png_/cau-travel-program-croatia-and-montenegro-historic-05.png</url>
          <width>480</width>
          <height>480</height>
        </large>
      </image>
      <categories>
        <category>
          <id>learning_education</id>
          <name>Education</name>
        </category>
        <category>
          <id>schools_alumni</id>
          <name>University &amp;amp; Alumni</name>
        </category>
      </categories>
      <subcategories></subcategories>
    </event>
    <event>
      <id>E0-001-060960873-6</id>
      <url>http://eventful.com/ithaca/events/cornell-alumni-association-travel-program-baltic-mar-/E0-001-060960873-6?utm_source=apis&amp;utm_medium=apim&amp;utm_campaign=apic</url>
      <title>Cornell Alumni Association Travel Program: Baltic Marvels</title>
      <description> Copenhagen, Denmark; Berlin, Germany; Tallin, Estonia; St. Petersburg, Russia; Helsinki, Finland; Stockholm, Sweden Copenhagen, Denmark; Berlin, Germany; Tallin, Estonia; St. Petersburg, Russia; Helsinki, Finland; Stockholm, Sweden&lt;p&gt;Drive along the Amalfi Coast, one of the most amazing Mediterranean shores, and delight in the colorful architecture of the vertical town of Positano and the charming resort town of Amalfi. Sample local delicacies, talk with area residents about life in Italy and travel back in time with a visit to Naples’ historic center and renowned Museo Archeologico Nazionale. From approx. $2795 per person &lt;br&gt;For more info&lt;/p&gt;</description>
      <start_time>2014-08-13 00:00:00</start_time>
      <stop_time></stop_time>
      <venue_id>V0-001-000324420-6</venue_id>
      <all_day>2</all_day>
      <recur_string></recur_string>
      <created>2013-09-07 07:27:58</created>
      <owner>evdb</owner>
      <privacy>1</privacy>
      <free></free>
      <price>Please see event website for details.</price>
      <modified>2013-09-28 22:50:08</modified>
      <popularity>0004</popularity>
      <performers></performers>
      <tickets></tickets>
      <image>
        <url>http://s2.evcdn.com/images/block/I0-001/014/770/005-9.png_/cornell-alumni-association-travel-program-baltic-m-05.png</url>
        <width>128</width>
        <height>128</height>
        <block>
          <url>http://s2.evcdn.com/images/block/I0-001/014/770/005-9.png_/cornell-alumni-association-travel-program-baltic-m-05.png</url>
          <width>128</width>
          <height>128</height>
        </block>
        <large>
          <url>http://s2.evcdn.com/images/large/I0-001/014/770/005-9.png_/cornell-alumni-association-travel-program-baltic-m-05.png</url>
          <width>480</width>
          <height>480</height>
        </large>
      </image>
      <categories>
        <category>
          <id>learning_education</id>
          <name>Education</name>
        </category>
        <category>
          <id>schools_alumni</id>
          <name>University &amp;amp; Alumni</name>
        </category>
      </categories>
      <subcategories></subcategories>
    </event>
    <event>
      <id>E0-001-059100173-7</id>
      <url>http://eventful.com/tarponsprings/events/botany-101-/E0-001-059100173-7?utm_source=apis&amp;utm_medium=apim&amp;utm_campaign=apic</url>
      <title>Botany 101</title>
      <description> &lt;p&gt;How do plants work?  How do they interact with the environment?  How do they defend themselves?  We will investigate the fascinating and complex Plant Kingdom in an introduction to Botanical Science.  Both classroom and outdoor activities included.  Recommended for adults.  Free.  Registration required. &lt;p&gt;&lt;strong&gt;&lt;/strong&gt; &lt;p&gt;&lt;strong&gt;Reservation policy&lt;/strong&gt;&lt;p&gt;Before continuing, we would like to make you aware of our reservation policies. Cancellations - If your class is canceled for any reason you will be notified no less than 24 hours prior to class start. We will provide a full refund for cancellations made by Pinellas County Extension. Refunds may take up to 30 days to process. Payment - We require full payment at time of reservation so be prepared with a credit card to complete this transaction. Refunds - Refunds will be made in the event of a class cancellation or if the registrant requests a refund 24 hours prior to the class time. Reservations - You must be 18 to make a reservation. If you are under 18 and want to attend a class you must register and attend with a parent or guardian.&lt;p&gt; &lt;p&gt; &lt;p&gt;The Institute of Food and Agricultural Sciences (IFAS) is an Equal Opportunity Institution authorized to provide research, educational information, and other services only to individuals and institutions that function with non-discrimination with respect to race, creed, color, religion, age, disability, sex, sexual orientation, marital status, national origin, political opinions, or affiliations. U.S. Department of Agriculture, Cooperative Extension Service, University of Florida, IFAS, Florida A&amp;M University Cooperative Extension Program, and Boards of County Commissioners Cooperating.&lt;p&gt;&lt;/p&gt;&lt;/p&gt;&lt;/p&gt;&lt;/p&gt;&lt;/p&gt;&lt;/p&gt;&lt;/p&gt;&lt;/p&gt;</description>
      <start_time>2014-11-01 12:30:00</start_time>
      <stop_time>2014-11-01 14:00:00</stop_time>
      <venue_id>V0-001-000272320-1</venue_id>
      <all_day>0</all_day>
      <recur_string></recur_string>
      <created>2013-07-12 18:43:20</created>
      <owner>evdb</owner>
      <privacy>1</privacy>
      <free></free>
      <price>   Pass 0.00 &lt;br&gt;&lt;br&gt;
</price>
      <modified>2013-07-15 05:41:23</modified>
      <popularity>0004</popularity>
      <performers></performers>
      <tickets>
        <link>
          <url>http://www.eventbrite.com/event/7447944001/eventful/r/eventful</url>
          <description></description>
          <provider>eventbrite.com</provider>
          <time>2013-07-12 18:43:26</time>
        </link>
      </tickets>
      <image>
        <url>http://s4.evcdn.com/images/block/I0-001/014/372/251-2.gif_/botany-101-51.gif</url>
        <width>128</width>
        <height>128</height>
        <block>
          <url>http://s4.evcdn.com/images/block/I0-001/014/372/251-2.gif_/botany-101-51.gif</url>
          <width>128</width>
          <height>128</height>
        </block>
        <large>
          <url>http://s4.evcdn.com/images/large/I0-001/014/372/251-2.gif_/botany-101-51.gif</url>
          <width>480</width>
          <height>480</height>
        </large>
      </image>
      <categories>
        <category>
          <id>conference</id>
          <name>Conferences &amp;amp; Tradeshows</name>
        </category>
        <category>
          <id>outdoors_recreation</id>
          <name>Outdoors &amp;amp; Recreation</name>
        </category>
      </categories>
      <subcategories></subcategories>
    </event>
    <event>
      <id>E0-001-060617369-1</id>
      <url>http://eventful.com/cleveland_oh/events/summercim-young-composers-program-concert-/E0-001-060617369-1?utm_source=apis&amp;utm_medium=apim&amp;utm_campaign=apic</url>
      <title>Summer@CIM: Young Composers Program Concert</title>
      <description> Cleveland Institute of Music presents: Program TBA
</description>
      <start_time>2014-06-21 12:00:00</start_time>
      <stop_time></stop_time>
      <venue_id>V0-001-001966938-1</venue_id>
      <all_day>0</all_day>
      <recur_string></recur_string>
      <created>2013-08-28 01:58:32</created>
      <owner>evdb</owner>
      <privacy>1</privacy>
      <free></free>
      <price></price>
      <modified>2013-08-28 01:58:32</modified>
      <popularity>0004</popularity>
      <performers></performers>
      <tickets></tickets>
      <image>
        <url>http://s4.evcdn.com/images/block/I0-001/014/595/335-6.jpeg_/summercim-young-composers-program-concert-35.jpeg</url>
        <width>128</width>
        <height>128</height>
        <block>
          <url>http://s4.evcdn.com/images/block/I0-001/014/595/335-6.jpeg_/summercim-young-composers-program-concert-35.jpeg</url>
          <width>128</width>
          <height>128</height>
        </block>
        <large>
          <url>http://s4.evcdn.com/images/large/I0-001/014/595/335-6.jpeg_/summercim-young-composers-program-concert-35.jpeg</url>
          <width>480</width>
          <height>480</height>
        </large>
      </image>
      <categories>
        <category>
          <id>performing_arts</id>
          <name>Performing Arts</name>
        </category>
      </categories>
      <subcategories></subcategories>
    </event>
    <event>
      <id>E0-001-061642282-4</id>
      <url>http://eventful.com/falmouth/events/overnight-sail-jewell-island-2014-/E0-001-061642282-4?utm_source=apis&amp;utm_medium=apim&amp;utm_campaign=apic</url>
      <title>Overnight Sail to Jewell Island 2014</title>
      <description> &lt;p&gt;&lt;strong&gt;What to Expect:&lt;/strong&gt; Explore a full day and night on Casco Bay. We will sail around the islands of Casco Bay during the day and by late afternoon, we will anchor in Cocktail Cove at Jewell Island. You then row ashore with your camping gear, pick a campsite and explore one of the best islands of Casco Bay.  Just relax and enjoy the ride. Listen to the wind in the sails and the rush of the water against the hull. The stress just melts away. Often we will see harbor seals and the occasional porpoise. Depending on the wind and the weather, there are so many routes that can be taken.&lt;p&gt;&lt;strong&gt;Duration:&lt;/strong&gt; 24 hours (10:30-10:30)&lt;p&gt;The price is for up to 3 passangers. Event Capacity of 1 = 1 Group&lt;p&gt;&lt;strong&gt;Parking:&lt;/strong&gt; Parking is free at Handy Boat for this event.&lt;p&gt;The Marisa III is a 1974 30&amp;#39; Pearson fully rigged for cruising Casco Bay. She sleeps 5, has a galley with a 2 burner alcohol stove, head, radar, GPS, charts, inboard Westerbeke Diesel engine, roller furling, tiller controlled and a breeze to sail.&lt;p&gt;&lt;strong&gt;What to Bring:&lt;/strong&gt; You should dress appropriate to the weather. Proper attire includes soft soled shoes.&lt;br&gt;(Tennis or deck shoes - &lt;strong&gt;no black soles&lt;/strong&gt;) Sweater and or jacket, Sunglasses with safety strap. Hats and&lt;br&gt;gloves optional but recommended and Sunscreen. Foul weather gear is recommended for days that have a&lt;br&gt;30% or greater chance of rain. Snacks and drinks are permitted aboard but no glass containers please. Food and beverages for 1 lunch, 1 dinner 1 breakfast.&lt;p&gt;Be sure to visit handyboat.com for more information.&lt;/p&gt;&lt;/p&gt;&lt;/p&gt;&lt;/p&gt;&lt;/p&gt;&lt;/p&gt;&lt;/p&gt;</description>
      <start_time>2014-05-15 10:30:00</start_time>
      <stop_time>2014-10-09 17:00:00</stop_time>
      <venue_id>V0-001-001526966-0</venue_id>
      <all_day>0</all_day>
      <recur_string></recur_string>
      <created>2013-09-24 10:42:04</created>
      <owner>evdb</owner>
      <privacy>1</privacy>
      <free></free>
      <price>   450.00 Overnight Sail 473.45 &lt;br&gt;&lt;br&gt;
</price>
      <modified>2013-09-24 10:42:04</modified>
      <popularity>0004</popularity>
      <performers></performers>
      <tickets>
        <link>
          <url>http://jewellisland2014-eventful.eventbrite.com/r/eventful</url>
          <description></description>
          <provider>eventbrite.com</provider>
          <time>2013-09-24 10:42:09</time>
        </link>
      </tickets>
      <image>
        <url>http://s2.evcdn.com/images/block/I0-001/014/749/189-6.jpeg_/overnight-sail-jewell-island-2014-89.jpeg</url>
        <width>128</width>
        <height>128</height>
        <block>
          <url>http://s2.evcdn.com/images/block/I0-001/014/749/189-6.jpeg_/overnight-sail-jewell-island-2014-89.jpeg</url>
          <width>128</width>
          <height>128</height>
        </block>
        <large>
          <url>http://s2.evcdn.com/images/large/I0-001/014/749/189-6.jpeg_/overnight-sail-jewell-island-2014-89.jpeg</url>
          <width>480</width>
          <height>480</height>
        </large>
      </image>
      <categories>
        <category>
          <id>outdoors_recreation</id>
          <name>Outdoors &amp;amp; Recreation</name>
        </category>
      </categories>
      <subcategories></subcategories>
    </event>
    <event>
      <id>E0-001-057561664-5</id>
      <url>http://eventful.com/newyork_ny/events/2014-new-york-regional-meeting-may-2014-date-tbd-/E0-001-057561664-5?utm_source=apis&amp;utm_medium=apim&amp;utm_campaign=apic</url>
      <title>2014 New York A+ Regional Meeting (May 2014 date TBD)</title>
      <description> &lt;p&gt;A+: an Association of Asian Corporate Directors is hosting a Regional Meeting in New York City.&lt;p&gt;In the evening, current and future Fortune 500 directors are invited to a reception and dinner.   We will speak on a hot topic on corporate governance.&lt;p&gt;In the late afternoon, Fortune 500 directors will meet to form a community and discuss A+ strategy.&lt;p&gt;&lt;/p&gt;&lt;/p&gt;&lt;/p&gt;&lt;/p&gt;</description>
      <start_time>2014-05-01 08:00:00</start_time>
      <stop_time>2014-05-31 20:00:00</stop_time>
      <venue_id>V0-001-001258854-6</venue_id>
      <all_day>0</all_day>
      <recur_string></recur_string>
      <created>2013-05-20 19:23:26</created>
      <owner>evdb</owner>
      <privacy>1</privacy>
      <free></free>
      <price>   2014 A+ New York Regional Meeting 1.00 &lt;br&gt;&lt;br&gt;
</price>
      <modified>2013-06-13 12:26:54</modified>
      <popularity>0004</popularity>
      <performers></performers>
      <tickets>
        <link>
          <url>http://2014-aplus-newyork-regional-eventful.eventbrite.com/r/eventful</url>
          <description></description>
          <provider>eventbrite.com</provider>
          <time>2013-05-20 19:23:37</time>
        </link>
      </tickets>
      <image>
        <url>http://s1.evcdn.com/images/block/I0-001/014/123/428-0.png_/2014-new-york-regional-meeting-may-2014-date-tbd-28.png</url>
        <width>128</width>
        <height>128</height>
        <block>
          <url>http://s1.evcdn.com/images/block/I0-001/014/123/428-0.png_/2014-new-york-regional-meeting-may-2014-date-tbd-28.png</url>
          <width>128</width>
          <height>128</height>
        </block>
        <large>
          <url>http://s1.evcdn.com/images/large/I0-001/014/123/428-0.png_/2014-new-york-regional-meeting-may-2014-date-tbd-28.png</url>
          <width>480</width>
          <height>480</height>
        </large>
      </image>
      <categories>
        <category>
          <id>conference</id>
          <name>Conferences &amp;amp; Tradeshows</name>
        </category>
      </categories>
      <subcategories></subcategories>
    </event>
    <event>
      <id>E0-001-056738765-0</id>
      <url>http://eventful.com/newyork_ny/events/collected-stories-/E0-001-056738765-0?utm_source=apis&amp;utm_medium=apim&amp;utm_campaign=apic</url>
      <title>Collected Stories</title>
      <description> 
 
</description>
      <start_time>2014-04-30 18:00:00</start_time>
      <stop_time></stop_time>
      <venue_id>V0-001-000342003-7</venue_id>
      <all_day>0</all_day>
      <recur_string></recur_string>
      <created>2013-04-25 12:25:56</created>
      <owner>evdb</owner>
      <privacy>1</privacy>
      <free></free>
      <price></price>
      <modified>2013-04-25 12:36:09</modified>
      <popularity>0004</popularity>
      <performers></performers>
      <tickets></tickets>
      <image></image>
      <categories>
        <category>
          <id>performing_arts</id>
          <name>Performing Arts</name>
        </category>
      </categories>
      <subcategories></subcategories>
    </event>
    <event>
      <id>E0-001-056750779-5</id>
      <url>http://eventful.com/newyork_ny/events/florian-boesch-/E0-001-056750779-5?utm_source=apis&amp;utm_medium=apim&amp;utm_campaign=apic</url>
      <title>Florian Boesch</title>
      <description> 
 
</description>
      <start_time>2014-05-09 19:30:00</start_time>
      <stop_time></stop_time>
      <venue_id>V0-001-000342003-7</venue_id>
      <all_day>0</all_day>
      <recur_string></recur_string>
      <created>2013-04-25 23:55:56</created>
      <owner>evdb</owner>
      <privacy>1</privacy>
      <free></free>
      <price></price>
      <modified>2013-04-25 23:55:56</modified>
      <popularity>0004</popularity>
      <performers></performers>
      <tickets></tickets>
      <image></image>
      <categories>
        <category>
          <id>music</id>
          <name>Concerts &amp;amp; Tour Dates</name>
        </category>
      </categories>
      <subcategories></subcategories>
    </event>
    <event>
      <id>E0-001-061381215-0</id>
      <url>http://eventful.com/arlington/events/fake-city-id-71814-smith-system-driver-safety-t-/E0-001-061381215-0?utm_source=apis&amp;utm_medium=apim&amp;utm_campaign=apic</url>
      <title>Fake City, ID - 7/18/14 - Smith System Driver Safety Training</title>
      <description> &lt;p&gt;&lt;strong&gt;The Smith System&lt;/strong&gt;&lt;strong&gt; Driver Safety Course&lt;/strong&gt;&lt;p&gt;On behalf of the entire Smith System team, we would like thank you for participating in our driver safety course that is sponsored by Lilly. This course shows the importance Lilly places on your safety and well being. &lt;p&gt;At Smith, we have seen the results of our training over a 61-year period. We know this training will give you a new awareness of how you drive and what you can do to be safer on the road. That’s important for you and for Lilly, but we also know that this training will apply to your families as well. This course will teach you see what other drivers do not see and you will realize that driving is not hands-feet but eye-mind.&lt;p&gt;If you have any questions, please contact Linda Laws or Becky Long at 800-777-7648. &lt;/p&gt;&lt;/p&gt;&lt;/p&gt;&lt;/p&gt;</description>
      <start_time>2014-07-18 08:00:00</start_time>
      <stop_time>2014-07-18 17:00:00</stop_time>
      <venue_id>V0-001-007317087-0</venue_id>
      <all_day>0</all_day>
      <recur_string></recur_string>
      <created>2013-09-18 00:45:08</created>
      <owner>evdb</owner>
      <privacy>1</privacy>
      <free></free>
      <price>  Once registered, there will be fees involved for Lilly Company for any changes or cancellations.  0.00 Lilly or Elanco Rep 0.00 &lt;br&gt;&lt;br&gt;
</price>
      <modified>2013-09-18 00:45:08</modified>
      <popularity>0004</popularity>
      <performers></performers>
      <tickets>
        <link>
          <url>http://www.eventbrite.com/event/8377618683/eventful/r/eventful</url>
          <description></description>
          <provider>eventbrite.com</provider>
          <time>2013-09-18 00:45:13</time>
        </link>
      </tickets>
      <image>
        <url>http://s4.evcdn.com/images/block/I0-001/014/711/427-0.png_/fake-city-id-71814-smith-system-driver-safety-tr-27.png</url>
        <width>128</width>
        <height>128</height>
        <block>
          <url>http://s4.evcdn.com/images/block/I0-001/014/711/427-0.png_/fake-city-id-71814-smith-system-driver-safety-tr-27.png</url>
          <width>128</width>
          <height>128</height>
        </block>
        <large>
          <url>http://s4.evcdn.com/images/large/I0-001/014/711/427-0.png_/fake-city-id-71814-smith-system-driver-safety-tr-27.png</url>
          <width>480</width>
          <height>480</height>
        </large>
      </image>
      <categories>
        <category>
          <id>conference</id>
          <name>Conferences &amp;amp; Tradeshows</name>
        </category>
      </categories>
      <subcategories></subcategories>
    </event>
    <event>
      <id>E0-001-057883761-0</id>
      <url>http://eventful.com/columbus_oh/events/frog-prince-end-season-bonus-/E0-001-057883761-0?utm_source=apis&amp;utm_medium=apim&amp;utm_campaign=apic</url>
      <title>The Frog Prince - End of the Season Bonus</title>
      <description> &lt;p&gt;&lt;p&gt;&lt;br&gt;&lt;p&gt; &lt;p&gt;&lt;strong&gt;June 4 – 15, 2014&lt;/strong&gt;&lt;br&gt;&lt;p&gt;Wednesdays - Saturdays at 10:00 AM&lt;p&gt;Sundays at 1:00 PM&lt;p&gt;*Sensory-Friendly performance: Sunday, June 8 at 5:00 PM&lt;br&gt;&lt;p&gt; &lt;p&gt; &lt;p&gt; &lt;p&gt;You can’t judge a book by its cover. Would a prince be princely even if he was green and covered with slime? Would you kiss a frog that was mean, selfish and arrogant – even if you knew he was a prince? Join Columbus Children’s Theatre’s Professional Touring Company as we hop through the hysterical retelling of the Grimm Brothers’ classic tale of humility and forgiveness complete with audience participation.&lt;p&gt; &lt;p&gt; &lt;p&gt; &lt;p&gt;Based on the story by The Brothers Grimm&lt;p&gt;Adapted by William Goldsmith &lt;p&gt; &lt;em&gt;50 Minutes, Recommended for everyone age 3 and older&lt;/em&gt;&lt;p&gt; &lt;p&gt; &lt;p&gt;&lt;strong&gt;Tickets &lt;/strong&gt;&lt;p&gt;$13 all children, seniors and students&lt;p&gt;$16 all adults&lt;p&gt;&lt;em&gt;*Sensory-Friendly performance: Sunday, June 8 at 5:00 pm. This performance will be adapted to fit the needs of children with autism or sensory sensitivity. Seating is general admission and tickets must be purchased directly through the CCT Box Office by calling 614-224-6672. &lt;/em&gt;&lt;p&gt;&lt;em&gt;Social Stories will be available for download 30 days before the performance.&lt;br&gt;&lt;/em&gt;&lt;p&gt;&lt;strong&gt;Tickets go on sale to the general public Tuesday, March 25th at 9:30am. &lt;/strong&gt;&lt;p&gt;&lt;strong&gt; &lt;/strong&gt;&lt;strong&gt;Season Subscribers may purchase tickets now.&lt;/strong&gt;&lt;p&gt;&lt;strong&gt; &lt;/strong&gt;&lt;p&gt; &lt;p&gt;&lt;strong&gt; &lt;/strong&gt;&lt;p&gt;&lt;strong&gt;Order by Phone: 614-224-6672 &lt;/strong&gt;&lt;strong&gt;Order Online: &lt;a href="http://www.ticketmaster.com/" rel="nofollow"&gt;&lt;/a&gt;&lt;/strong&gt;&lt;p&gt; &lt;p&gt;&lt;strong&gt;Park Street Theatre&lt;/strong&gt;&lt;p&gt;&lt;strong&gt; &lt;/strong&gt;512 Park Street&lt;p&gt; Columbus, OH 43215&lt;p&gt; &lt;/p&gt;&lt;/p&gt;&lt;/p&gt;&lt;/p&gt;&lt;/p&gt;&lt;/p&gt;&lt;/p&gt;&lt;/p&gt;&lt;/p&gt;&lt;/p&gt;&lt;/p&gt;&lt;/p&gt;&lt;/p&gt;&lt;/p&gt;&lt;/p&gt;&lt;/p&gt;&lt;/p&gt;&lt;/p&gt;&lt;/p&gt;&lt;/p&gt;&lt;/p&gt;&lt;/p&gt;&lt;/p&gt;&lt;/p&gt;&lt;/p&gt;&lt;/p&gt;&lt;/p&gt;&lt;/p&gt;&lt;/p&gt;&lt;/p&gt;&lt;/p&gt;&lt;/p&gt;&lt;/p&gt;&lt;/p&gt;&lt;/p&gt;</description>
      <start_time>2014-06-04 00:00:00</start_time>
      <stop_time>2013-06-04 15:00:00</stop_time>
      <venue_id>V0-001-000246508-8</venue_id>
      <all_day>2</all_day>
      <recur_string></recur_string>
      <created>2013-06-01 09:43:00</created>
      <owner>evdb</owner>
      <privacy>1</privacy>
      <free></free>
      <price></price>
      <modified>2013-06-22 22:20:21</modified>
      <popularity>0004</popularity>
      <performers></performers>
      <tickets></tickets>
      <image>
        <url>http://s4.evcdn.com/images/block/I0-001/014/173/751-0.jpeg_/frog-prince-end-season-bonus-51.jpeg</url>
        <width>128</width>
        <height>128</height>
        <block>
          <url>http://s4.evcdn.com/images/block/I0-001/014/173/751-0.jpeg_/frog-prince-end-season-bonus-51.jpeg</url>
          <width>128</width>
          <height>128</height>
        </block>
        <large>
          <url>http://s4.evcdn.com/images/large/I0-001/014/173/751-0.jpeg_/frog-prince-end-season-bonus-51.jpeg</url>
          <width>480</width>
          <height>480</height>
        </large>
      </image>
      <categories>
        <category>
          <id>performing_arts</id>
          <name>Performing Arts</name>
        </category>
      </categories>
      <subcategories></subcategories>
    </event>
    <event>
      <id>E0-001-056613766-9</id>
      <url>http://eventful.com/nashville_tn/events/6show-parking-package-4200-/E0-001-056613766-9?utm_source=apis&amp;utm_medium=apim&amp;utm_campaign=apic</url>
      <title>6-Show Parking Package - $42.00</title>
      <description>   
</description>
      <start_time>2014-06-30 21:30:00</start_time>
      <stop_time></stop_time>
      <venue_id>V0-001-006565454-4</venue_id>
      <all_day>0</all_day>
      <recur_string></recur_string>
      <created>2013-04-21 20:36:53</created>
      <owner>evdb</owner>
      <privacy>1</privacy>
      <free></free>
      <price>
</price>
      <modified>2013-04-22 01:33:46</modified>
      <popularity>0004</popularity>
      <performers></performers>
      <tickets></tickets>
      <image>
        <url>http://s1.evcdn.com/images/block/I0-001/013/897/680-9.gif_/6show-parking-package-4200-80.gif</url>
        <width>128</width>
        <height>128</height>
        <block>
          <url>http://s1.evcdn.com/images/block/I0-001/013/897/680-9.gif_/6show-parking-package-4200-80.gif</url>
          <width>128</width>
          <height>128</height>
        </block>
        <large>
          <url>http://s1.evcdn.com/images/large/I0-001/013/897/680-9.gif_/6show-parking-package-4200-80.gif</url>
          <width>480</width>
          <height>480</height>
        </large>
      </image>
      <categories>
        <category>
          <id>other</id>
          <name>Other &amp;amp; Miscellaneous</name>
        </category>
      </categories>
      <subcategories></subcategories>
    </event>
    <event>
      <id>E0-001-057131495-2</id>
      <url>http://eventful.com/events/childrens-event-example-/E0-001-057131495-2?utm_source=apis&amp;utm_medium=apim&amp;utm_campaign=apic</url>
      <title>Children's Event Example</title>
      <description> 
</description>
      <start_time>2015-05-06 19:00:00</start_time>
      <stop_time>2015-05-06 21:00:00</stop_time>
      <venue_id>V0-001-006881270-5</venue_id>
      <all_day>0</all_day>
      <recur_string></recur_string>
      <created>2013-05-07 05:48:55</created>
      <owner>evdb</owner>
      <privacy>1</privacy>
      <free></free>
      <price>   Normal Registration 0.00 &lt;br&gt;&lt;br&gt;
</price>
      <modified>2013-05-07 05:48:55</modified>
      <popularity>0004</popularity>
      <performers></performers>
      <tickets>
        <link>
          <url>http://www.eventbrite.com/event/6417660395/eventful/r/eventful</url>
          <description></description>
          <provider>eventbrite.com</provider>
          <time>2013-05-07 05:48:58</time>
        </link>
      </tickets>
      <image>
        <url>http://s4.evcdn.com/images/block/I0-001/014/058/019-1.png_/childrens-event-example-19.png</url>
        <width>128</width>
        <height>128</height>
        <block>
          <url>http://s4.evcdn.com/images/block/I0-001/014/058/019-1.png_/childrens-event-example-19.png</url>
          <width>128</width>
          <height>128</height>
        </block>
        <large>
          <url>http://s4.evcdn.com/images/large/I0-001/014/058/019-1.png_/childrens-event-example-19.png</url>
          <width>480</width>
          <height>480</height>
        </large>
      </image>
      <categories>
        <category>
          <id>conference</id>
          <name>Conferences &amp;amp; Tradeshows</name>
        </category>
        <category>
          <id>family_fun_kids</id>
          <name>Kids &amp;amp; Family</name>
        </category>
      </categories>
      <subcategories></subcategories>
    </event>
    <event>
      <id>E0-001-062496345-0</id>
      <url>http://eventful.com/southbend/events/wruck-paupore-pc-/E0-001-062496345-0?utm_source=apis&amp;utm_medium=apim&amp;utm_campaign=apic</url>
      <title>Wruck Paupore PC</title>
      <description>123 NW 4th Street, Suite 419
Evansville, IN 47708
(812) 952-9033
help@wp-law.com
http://www.wp-law.com/

You may be able to recover substantial money if you’ve been injured in an auto accident, by nursing home abuse, medical malpractice, or a slip-and-fall injury in the Evansville area.  Don’t let an insurance company take advantage of you because you don’t know what your case is worth.  Just make a free call to our legal helpline and one of our experienced injury lawyers will answer all of your questions and make sure you know your rights and the value of your case.   We have helped thousands of clients and have recover millions of dollars for victims.  You pay nothing for us to get started and won’t pay us for our services if we don’t win money for you.</description>
      <start_time>2014-10-16 00:00:00</start_time>
      <stop_time>2014-10-23 00:00:00</stop_time>
      <venue_id>V0-001-007080702-5</venue_id>
      <all_day>1</all_day>
      <recur_string></recur_string>
      <created>2013-10-16 18:51:40</created>
      <owner>WPPCEvansville</owner>
      <privacy>1</privacy>
      <free></free>
      <price></price>
      <modified>2013-10-16 18:51:40</modified>
      <popularity>0004</popularity>
      <performers></performers>
      <tickets></tickets>
      <image>
        <url>http://s2.evcdn.com/images/block/I0-001/014/873/161-2.jpeg_/wruck-paupore-pc-61.jpeg</url>
        <width>128</width>
        <height>128</height>
        <block>
          <url>http://s2.evcdn.com/images/block/I0-001/014/873/161-2.jpeg_/wruck-paupore-pc-61.jpeg</url>
          <width>128</width>
          <height>128</height>
        </block>
        <large>
          <url>http://s2.evcdn.com/images/large/I0-001/014/873/161-2.jpeg_/wruck-paupore-pc-61.jpeg</url>
          <width>480</width>
          <height>480</height>
        </large>
      </image>
      <categories>
        <category>
          <id>business</id>
          <name>Business &amp;amp; Networking</name>
        </category>
      </categories>
      <subcategories></subcategories>
    </event>
    <event>
      <id>E0-001-051038399-7</id>
      <url>http://eventful.com/losangeles_ca/events/sghs-class-2004-contact-information-updatesu-/E0-001-051038399-7?utm_source=apis&amp;utm_medium=apim&amp;utm_campaign=apic</url>
      <title>SGHS Class of 2004 -- Contact Information Update/Submission</title>
      <description> &lt;p&gt;IMPORTANT MESSAGE FROM THE REUNION COMMITTEE: &lt;br&gt;&lt;br&gt;  If you are interested in staying connected with the upcoming class of 2004 reunion news/event(s) , please continue to send us your current mailing/e-mail information. Also, please forward this on to anyone who has not received information about the reunion. We cannot possibly have everyone’s current information, and by no means has anyone been purposely left off our mailing list. Furthermore, if you know somebody who has not received our emails, and has not been listed here or on Our ClassReport Website, it is possible that the current e-mail we have for them was sent back to us. Again, please have everyone who has not received news of our webpage and/or has not signed up and submitted there contact information to do so by visiting the address listed below or email me your updated personal contact information. &lt;br&gt;&lt;br&gt; Thank You So Very Much!&lt;br&gt;&lt;br&gt; Sincerely,&lt;br&gt; Sam Gonzalez &lt;br&gt;&lt;br&gt;&lt;br&gt; *c/o 2004 LINK: &lt;a href="http://www.classreport.org/usa/ca/south_gate/sghs/2004/" rel="nofollow nofollow" rel="nofollow nofollow" rel="nofollow nofollow"&gt;http://www.classreport.org/usa/ca/south_gate/sghs/2004/&lt;/a&gt;&lt;p&gt;*Class Facebook: &lt;a href="https://www.facebook.com/rams2004" title="https://www.facebook.com/rams2004" rel="nofollow"&gt;https://www.facebook.com/rams2004&lt;/a&gt;&lt;p&gt; &lt;p&gt; &lt;p&gt;=&amp;gt; SGHS Class of 2004-- Ten Year Reunion Information will be announced as it becomes available...&lt;/p&gt;&lt;/p&gt;&lt;/p&gt;&lt;/p&gt;&lt;/p&gt;</description>
      <start_time>2014-06-14 16:00:00</start_time>
      <stop_time>2014-06-14 22:00:00</stop_time>
      <venue_id>V0-001-000349112-3</venue_id>
      <all_day>0</all_day>
      <recur_string></recur_string>
      <created>2012-09-07 14:14:08</created>
      <owner>evdb</owner>
      <privacy>1</privacy>
      <free></free>
      <price>   Contact Registration Sunmission 0.00 &lt;br&gt;&lt;br&gt;
</price>
      <modified>2012-10-05 04:10:59</modified>
      <popularity>0004</popularity>
      <performers>
        <performer>
          <id>P0-001-000091673-7</id>
        </performer>
      </performers>
      <tickets>
        <link>
          <url>http://sghs04-eventful.eventbrite.com/r/eventful</url>
          <description></description>
          <provider>eventbrite.com</provider>
          <time>2012-09-07 14:14:12</time>
        </link>
      </tickets>
      <image></image>
      <categories>
        <category>
          <id>music</id>
          <name>Concerts &amp;amp; Tour Dates</name>
        </category>
        <category>
          <id>singles_social</id>
          <name>Nightlife &amp;amp; Singles</name>
        </category>
      </categories>
      <subcategories>
        <subcategory>
          <id>music_dance</id>
          <parent>music</parent>
          <name>Concerts &amp;amp; Tour Dates: Dance</name>
          <short_name>Dance</short_name>
        </subcategory>
        <subcategory>
          <id>music_rock</id>
          <parent>music</parent>
          <name>Concerts &amp;amp; Tour Dates: Rock</name>
          <short_name>Rock</short_name>
        </subcategory>
      </subcategories>
    </event>
    <event>
      <id>E0-001-047840117-1</id>
      <url>http://eventful.com/missoula/events/bls-basic-life-support-healthcare-providerrenewals-/E0-001-047840117-1?utm_source=apis&amp;utm_medium=apim&amp;utm_campaign=apic</url>
      <title>BLS (Basic Life Support) for the Healthcare Provider-Renewals-8:30-10:30 am</title>
      <description> &lt;p&gt;&lt;a href="http://www.communitymed.org/uploads/BLS%20HCP%20Review%20Packet%20%202011%20Updated%20August%202%202011.pdf" rel="nofollow"&gt;Printable Study Guide&lt;/a&gt;&lt;p&gt; &lt;p&gt;The American Heart Association strongly promotes knowledge and proficiency in BLS, ACLS, and PALS and has developed instructional materials for this purpose.  Use of these materials in an educational course does not represent course sponsorship by The American Heart Association, and any fees charged for such a course do not represent income to the  Association. &lt;p&gt;&lt;/p&gt;&lt;/p&gt;&lt;/p&gt;&lt;/p&gt;</description>
      <start_time>2014-06-11 08:30:00</start_time>
      <stop_time>2014-06-11 10:30:00</stop_time>
      <venue_id>V0-001-000632198-6</venue_id>
      <all_day>0</all_day>
      <recur_string></recur_string>
      <created>2012-04-27 14:08:33</created>
      <owner>evdb</owner>
      <privacy>1</privacy>
      <free></free>
      <price></price>
      <modified>2013-10-15 17:20:15</modified>
      <popularity>0004</popularity>
      <performers></performers>
      <tickets>
        <link>
          <url>http://www.eventbrite.com/event/3434437495/eventful/r/eventful</url>
          <description></description>
          <provider>eventbrite.com</provider>
          <time>2012-04-27 14:08:37</time>
        </link>
      </tickets>
      <image>
        <url>http://s2.evcdn.com/images/block/I0-001/014/864/593-5.jpeg_/bls-basic-life-support-healthcare-providerrenewals-93.jpeg</url>
        <width>128</width>
        <height>128</height>
        <block>
          <url>http://s2.evcdn.com/images/block/I0-001/014/864/593-5.jpeg_/bls-basic-life-support-healthcare-providerrenewals-93.jpeg</url>
          <width>128</width>
          <height>128</height>
        </block>
        <large>
          <url>http://s2.evcdn.com/images/large/I0-001/014/864/593-5.jpeg_/bls-basic-life-support-healthcare-providerrenewals-93.jpeg</url>
          <width>480</width>
          <height>480</height>
        </large>
      </image>
      <categories>
        <category>
          <id>conference</id>
          <name>Conferences &amp;amp; Tradeshows</name>
        </category>
      </categories>
      <subcategories></subcategories>
    </event>
    <event>
      <id>E0-001-060342877-6</id>
      <url>http://eventful.com/miami_fl/events/brendas-annual-family-friends-cruise-/E0-001-060342877-6?utm_source=apis&amp;utm_medium=apim&amp;utm_campaign=apic</url>
      <title>Brenda's Annual Family &amp; Friends Cruise</title>
      <description> &lt;p&gt; &lt;p&gt;&lt;p&gt;&lt;strong&gt;Brenda&amp;#39;s Annual&lt;/strong&gt;&lt;p&gt;&lt;strong&gt; Family &amp; Friends Cruise&lt;/strong&gt;&lt;p&gt;&lt;strong&gt;Carnival Conquest&lt;/strong&gt;&lt;p&gt;&lt;strong&gt;July 20-27, 2014&lt;/strong&gt;&lt;p&gt; &lt;p&gt; &lt;p&gt;&lt;strong&gt;Cruise Itinierary:&lt;/strong&gt; &lt;p&gt; &lt;p&gt;&lt;strong&gt;Day&lt;/strong&gt;&lt;/p&gt;&lt;/p&gt;&lt;/p&gt;&lt;/p&gt;&lt;/p&gt;&lt;/p&gt;&lt;/p&gt;&lt;/p&gt;&lt;/p&gt;&lt;/p&gt;&lt;/p&gt;</description>
      <start_time>2014-07-20 16:00:00</start_time>
      <stop_time>2014-07-27 19:00:00</stop_time>
      <venue_id>V0-001-007233867-1</venue_id>
      <all_day>0</all_day>
      <recur_string></recur_string>
      <created>2013-08-19 18:28:05</created>
      <owner>evdb</owner>
      <privacy>1</privacy>
      <free></free>
      <price>Visit EventBrite.com for pricing.</price>
      <modified>2013-09-20 23:24:07</modified>
      <popularity>0004</popularity>
      <performers></performers>
      <tickets>
        <link>
          <url>http://brendascruise-eventful.eventbrite.com/r/eventful</url>
          <description></description>
          <provider>eventbrite.com</provider>
          <time>2013-08-19 18:28:11</time>
        </link>
      </tickets>
      <image>
        <url>http://s3.evcdn.com/images/block/I0-001/014/553/346-2.jpeg_/brendas-annual-family-friends-cruise-46.jpeg</url>
        <width>128</width>
        <height>128</height>
        <block>
          <url>http://s3.evcdn.com/images/block/I0-001/014/553/346-2.jpeg_/brendas-annual-family-friends-cruise-46.jpeg</url>
          <width>128</width>
          <height>128</height>
        </block>
        <large>
          <url>http://s3.evcdn.com/images/large/I0-001/014/553/346-2.jpeg_/brendas-annual-family-friends-cruise-46.jpeg</url>
          <width>480</width>
          <height>480</height>
        </large>
      </image>
      <categories>
        <category>
          <id>other</id>
          <name>Other &amp;amp; Miscellaneous</name>
        </category>
      </categories>
      <subcategories></subcategories>
    </event>
    <event>
      <id>E0-001-060183574-1</id>
      <url>http://eventful.com/newyork_ny/events/american-europe-focus-germany-/E0-001-060183574-1?utm_source=apis&amp;utm_medium=apim&amp;utm_campaign=apic</url>
      <title>AN AMERICAN IN EUROPE - Focus Germany</title>
      <description> &lt;p&gt;THE SEMINAR (country focus Germany)&lt;p&gt;There is no surer place for our words and actions to be more misinterpreted then on foreign ground. &lt;p&gt;Knowledge of the business practices, behavior patterns and even the culturally rooted emotional undercurrent of your foreign clients or team is a must if being competitive is your goal. It is as crucial to good business ethics as it is to the wellbeing of everyone involved.&lt;p&gt;The subjects covered in this seminar range from culture-awareness training (with the focus on the American/German connection) to communication and performance coaching in the European context. You will walk away with real know-how and an expanded mind-set when conducting business in Europe.&lt;p&gt;&lt;em&gt;       “To understand Europe, you have to &lt;/em&gt;&lt;em&gt;be a genius - or French&amp;quot; &lt;/em&gt;&lt;p&gt;And although being a genius - or French, according to &lt;em&gt;Madeleine Albright&lt;/em&gt; &amp;#39;s quote might be helpful, it cannot replace the kind of know-how that focused intercultural training can equip you with.&lt;p&gt;&lt;br&gt;&lt;p&gt;THE PROGRAM &lt;ul&gt;&lt;li&gt;The DNA of Europe  – differences in corporate culture, business conduct and office ethics&lt;li&gt;The German mind: approach &amp; expectations in meetings and negotiations&lt;li&gt;The multi-cultural team (creating an atmosphere of collaboration)&lt;li&gt;The things that matter: delegating style, praise &amp; critique&lt;li&gt;Virtual etiquette &amp; follow up&lt;li&gt;Culture-consciousness: trust and collaboration&lt;li&gt;Sensitize your performance: communication style, body language and personality&lt;li&gt;How to connect to Germans on a social level&lt;li&gt;Staying authentic: integration vs. adaptation&lt;/li&gt;&lt;/li&gt;&lt;/li&gt;&lt;/li&gt;&lt;/li&gt;&lt;/li&gt;&lt;/li&gt;&lt;/li&gt;&lt;/li&gt;&lt;/ul&gt;&lt;p&gt;   WHAT YOU CAN EXPECT &lt;p&gt;A rich repertoire of know-how relevant to your job and target country. Simulated situational activities will  keep you active and engaged. You will work on your performance style in the German/American context and expand your communication skills and effectiveness with your German partners.&lt;p&gt;&lt;br&gt;&lt;p&gt; &lt;p&gt; &lt;/p&gt;&lt;/p&gt;&lt;/p&gt;&lt;/p&gt;&lt;/p&gt;&lt;/p&gt;&lt;/p&gt;&lt;/p&gt;&lt;/p&gt;&lt;/p&gt;&lt;/p&gt;&lt;/p&gt;&lt;/p&gt;</description>
      <start_time>2014-11-14 09:00:00</start_time>
      <stop_time>2014-11-14 17:00:00</stop_time>
      <venue_id>V0-001-000578238-4</venue_id>
      <all_day>0</all_day>
      <recur_string></recur_string>
      <created>2013-08-15 15:44:47</created>
      <owner>evdb</owner>
      <privacy>1</privacy>
      <free></free>
      <price>  INSIDER - Training for International Business INSIDER Training for International Business 589.95 &lt;br&gt;&lt;br&gt;
</price>
      <modified>2013-08-20 12:08:37</modified>
      <popularity>0004</popularity>
      <performers></performers>
      <tickets>
        <link>
          <url>http://european-american-business-eventful.eventbrite.com/r/eventful</url>
          <description></description>
          <provider>eventbrite.com</provider>
          <time>2013-08-15 15:44:52</time>
        </link>
      </tickets>
      <image>
        <url>http://s4.evcdn.com/images/block/I0-001/014/553/183-5.jpeg_/american-europe-focus-germany-83.jpeg</url>
        <width>128</width>
        <height>128</height>
        <block>
          <url>http://s4.evcdn.com/images/block/I0-001/014/553/183-5.jpeg_/american-europe-focus-germany-83.jpeg</url>
          <width>128</width>
          <height>128</height>
        </block>
        <large>
          <url>http://s4.evcdn.com/images/large/I0-001/014/553/183-5.jpeg_/american-europe-focus-germany-83.jpeg</url>
          <width>480</width>
          <height>480</height>
        </large>
      </image>
      <categories>
        <category>
          <id>conference</id>
          <name>Conferences &amp;amp; Tradeshows</name>
        </category>
        <category>
          <id>sales</id>
          <name>Sales &amp;amp; Retail</name>
        </category>
      </categories>
      <subcategories></subcategories>
    </event>
    <event>
      <id>E0-001-052172789-6</id>
      <url>http://eventful.com/wilmington/events/social-vanguard-marketing-/E0-001-052172789-6?utm_source=apis&amp;utm_medium=apim&amp;utm_campaign=apic</url>
      <title>Social Vanguard Marketing</title>
      <description>Social Vanguard Marketing is a company that will bring your website to life with redesign, SEO , event listings, email marketing &amp; social media marketing. We create custom campaigns or just fill into your existing marketing strategy. Contact us to see what we can do for you.</description>
      <start_time>2015-06-25 18:00:00</start_time>
      <stop_time>2015-06-25 19:00:00</stop_time>
      <venue_id>V0-001-006436440-4</venue_id>
      <all_day>0</all_day>
      <recur_string></recur_string>
      <created>2012-10-28 15:22:39</created>
      <owner>WingedServices</owner>
      <privacy>1</privacy>
      <free>1</free>
      <price></price>
      <modified>2012-10-28 15:22:39</modified>
      <popularity>0004</popularity>
      <performers></performers>
      <tickets></tickets>
      <image>
        <url>http://s4.evcdn.com/images/block/I0-001/012/265/383-7.jpeg_/social-vanguard-marketing-83.jpeg</url>
        <width>128</width>
        <height>128</height>
        <block>
          <url>http://s4.evcdn.com/images/block/I0-001/012/265/383-7.jpeg_/social-vanguard-marketing-83.jpeg</url>
          <width>128</width>
          <height>128</height>
        </block>
        <large>
          <url>http://s4.evcdn.com/images/large/I0-001/012/265/383-7.jpeg_/social-vanguard-marketing-83.jpeg</url>
          <width>480</width>
          <height>480</height>
        </large>
      </image>
      <categories>
        <category>
          <id>conference</id>
          <name>Conferences &amp;amp; Tradeshows</name>
        </category>
        <category>
          <id>business</id>
          <name>Business &amp;amp; Networking</name>
        </category>
        <category>
          <id>clubs_associations</id>
          <name>Organizations &amp;amp; Meetups</name>
        </category>
      </categories>
      <subcategories></subcategories>
    </event>
    <event>
      <id>E0-001-062213174-7</id>
      <url>http://eventful.com/secaucus/events/jonathan-louis-workshop-new-jersey-/E0-001-062213174-7?utm_source=apis&amp;utm_medium=apim&amp;utm_campaign=apic</url>
      <title>JONATHAN LOUIS WORKSHOP in NEW JERSEY</title>
      <description> An Energy Workshop is specifically designed to help unlock the true potential of your own energy. Class will consist of: (6) six hours of intense teaching, followed by a (2) hour Mediumship session. (class participation will be strongly encouraged). For more information, visit Jonathan&amp;#39;s website: www.Jonathan-Louis.com 1st session: 9am - 12pm2nd session: 1pm - 4pm3rd session: 4pm - 6pm (A special Medium Session, where Jonathan will connect people in the class with their loved ones and friends on the Other Side). Adult - $350.00</description>
      <start_time>2014-05-17 09:00:00</start_time>
      <stop_time></stop_time>
      <venue_id>V0-001-001715620-9</venue_id>
      <all_day>0</all_day>
      <recur_string></recur_string>
      <created>2013-10-09 04:24:22</created>
      <owner>evdb</owner>
      <privacy>1</privacy>
      <free></free>
      <price>$350.00</price>
      <modified>2013-10-09 04:24:22</modified>
      <popularity>0004</popularity>
      <performers></performers>
      <tickets>
        <link>
          <url>http://jonathan-louis.ticketleap.com/jonathanlouis-workshop-in-new-jersey-51714/</url>
          <description></description>
          <provider>ticketleap.com</provider>
          <time>2013-10-09 04:24:34</time>
        </link>
      </tickets>
      <image>
        <url>http://s1.evcdn.com/images/block/I0-001/013/666/868-7.jpeg_/jonathan-louis-workshop-new-jersey-68.jpeg</url>
        <width>128</width>
        <height>128</height>
        <block>
          <url>http://s1.evcdn.com/images/block/I0-001/013/666/868-7.jpeg_/jonathan-louis-workshop-new-jersey-68.jpeg</url>
          <width>128</width>
          <height>128</height>
        </block>
        <large>
          <url>http://s1.evcdn.com/images/large/I0-001/013/666/868-7.jpeg_/jonathan-louis-workshop-new-jersey-68.jpeg</url>
          <width>480</width>
          <height>480</height>
        </large>
      </image>
      <categories>
        <category>
          <id>other</id>
          <name>Other &amp;amp; Miscellaneous</name>
        </category>
      </categories>
      <subcategories></subcategories>
    </event>
    <event>
      <id>E0-001-057866402-3</id>
      <url>http://eventful.com/indianapolis_in/events/music-masters-mozart-beethoven-/E0-001-057866402-3?utm_source=apis&amp;utm_medium=apim&amp;utm_campaign=apic</url>
      <title>MUSIC OF THE MASTERS: MOZART &amp; BEETHOVEN</title>
      <description> Indianapolis Symphony Orchestra; Lilly Classical Series presents: Schumann: Overture to Manfred, op. 115; Mozart: Concerto for Piano no 25 in C major, K 503; Beethoven: Symphony no 4 in B flat majo...
</description>
      <start_time>2014-05-17 17:30:00</start_time>
      <stop_time></stop_time>
      <venue_id>V0-001-000398154-7</venue_id>
      <all_day>0</all_day>
      <recur_string></recur_string>
      <created>2013-06-01 01:33:15</created>
      <owner>evdb</owner>
      <privacy>1</privacy>
      <free></free>
      <price></price>
      <modified>2013-06-01 01:45:06</modified>
      <popularity>0004</popularity>
      <performers></performers>
      <tickets></tickets>
      <image>
        <url>http://s1.evcdn.com/images/block/I0-001/014/171/800-1.jpeg_/music-masters-mozart-beethoven-00.jpeg</url>
        <width>128</width>
        <height>128</height>
        <block>
          <url>http://s1.evcdn.com/images/block/I0-001/014/171/800-1.jpeg_/music-masters-mozart-beethoven-00.jpeg</url>
          <width>128</width>
          <height>128</height>
        </block>
        <large>
          <url>http://s1.evcdn.com/images/large/I0-001/014/171/800-1.jpeg_/music-masters-mozart-beethoven-00.jpeg</url>
          <width>480</width>
          <height>480</height>
        </large>
      </image>
      <categories>
        <category>
          <id>performing_arts</id>
          <name>Performing Arts</name>
        </category>
      </categories>
      <subcategories></subcategories>
    </event>
    <event>
      <id>E0-001-060030480-0</id>
      <url>http://eventful.com/martinsville/events/expressions-2014-/E0-001-060030480-0?utm_source=apis&amp;utm_medium=apim&amp;utm_campaign=apic</url>
      <title>Expressions 2014</title>
      <description> &lt;p&gt;Offering an eclectic mix of styles and media, &lt;em&gt;Expressions &lt;/em&gt;is one of the most popular events in Piedmont Arts&amp;#39; exhibition schedule. Presented by the Lynwood Artists and Piedmont Arts, this open-entry juried art exhibit features work by local and regional artists. This exhibit remains admission free through the membership support of people like you.&lt;br&gt;&lt;br&gt;&lt;br&gt;&lt;/p&gt;</description>
      <start_time>2014-05-10 00:00:00</start_time>
      <stop_time>2014-07-04 00:00:00</stop_time>
      <venue_id>V0-001-000355587-4</venue_id>
      <all_day>2</all_day>
      <recur_string></recur_string>
      <created>2013-08-10 12:57:20</created>
      <owner>evdb</owner>
      <privacy>1</privacy>
      <free></free>
      <price></price>
      <modified>2013-09-16 12:19:56</modified>
      <popularity>0004</popularity>
      <performers></performers>
      <tickets></tickets>
      <image>
        <url>http://s1.evcdn.com/images/block/I0-001/009/919/624-9.jpeg_/expressions-2014-24.jpeg</url>
        <width>128</width>
        <height>128</height>
        <block>
          <url>http://s1.evcdn.com/images/block/I0-001/009/919/624-9.jpeg_/expressions-2014-24.jpeg</url>
          <width>128</width>
          <height>128</height>
        </block>
        <large>
          <url>http://s1.evcdn.com/images/large/I0-001/009/919/624-9.jpeg_/expressions-2014-24.jpeg</url>
          <width>480</width>
          <height>480</height>
        </large>
      </image>
      <categories>
        <category>
          <id>community</id>
          <name>Neighborhood</name>
        </category>
      </categories>
      <subcategories></subcategories>
    </event>
    <event>
      <id>E0-001-059939744-5</id>
      <url>http://eventful.com/boston_ma/events/emmanuel-music-sunday-cantata-series-54-/E0-001-059939744-5?utm_source=apis&amp;utm_medium=apim&amp;utm_campaign=apic</url>
      <title>Emmanuel Music - Sunday Cantata Series: 5/4</title>
      <description></description>
      <start_time>2014-05-04 10:00:00</start_time>
      <stop_time></stop_time>
      <venue_id>V0-001-001487911-4</venue_id>
      <all_day>0</all_day>
      <recur_string></recur_string>
      <created>2013-08-07 19:13:51</created>
      <owner>evdb</owner>
      <privacy>1</privacy>
      <free></free>
      <price></price>
      <modified>2013-09-29 15:37:59</modified>
      <popularity>0004</popularity>
      <performers></performers>
      <tickets></tickets>
      <image>
        <url>http://s4.evcdn.com/images/block/I0-001/014/495/423-3.jpeg_/emmanuel-music-sunday-cantata-series-54-23.jpeg</url>
        <width>128</width>
        <height>128</height>
        <block>
          <url>http://s4.evcdn.com/images/block/I0-001/014/495/423-3.jpeg_/emmanuel-music-sunday-cantata-series-54-23.jpeg</url>
          <width>128</width>
          <height>128</height>
        </block>
        <large>
          <url>http://s4.evcdn.com/images/large/I0-001/014/495/423-3.jpeg_/emmanuel-music-sunday-cantata-series-54-23.jpeg</url>
          <width>480</width>
          <height>480</height>
        </large>
      </image>
      <categories>
        <category>
          <id>music</id>
          <name>Concerts &amp;amp; Tour Dates</name>
        </category>
      </categories>
      <subcategories></subcategories>
    </event>
    <event>
      <id>E0-001-059939753-3</id>
      <url>http://eventful.com/boston_ma/events/emmanuel-music-sunday-cantata-series-518-/E0-001-059939753-3?utm_source=apis&amp;utm_medium=apim&amp;utm_campaign=apic</url>
      <title>Emmanuel Music - Sunday Cantata Series: 5/18</title>
      <description></description>
      <start_time>2014-05-18 10:00:00</start_time>
      <stop_time></stop_time>
      <venue_id>V0-001-001487911-4</venue_id>
      <all_day>0</all_day>
      <recur_string></recur_string>
      <created>2013-08-07 19:14:07</created>
      <owner>evdb</owner>
      <privacy>1</privacy>
      <free></free>
      <price></price>
      <modified>2013-09-29 15:38:07</modified>
      <popularity>0004</popularity>
      <performers></performers>
      <tickets></tickets>
      <image>
        <url>http://s2.evcdn.com/images/block/I0-001/014/495/425-1.jpeg_/emmanuel-music-sunday-cantata-series-518-25.jpeg</url>
        <width>128</width>
        <height>128</height>
        <block>
          <url>http://s2.evcdn.com/images/block/I0-001/014/495/425-1.jpeg_/emmanuel-music-sunday-cantata-series-518-25.jpeg</url>
          <width>128</width>
          <height>128</height>
        </block>
        <large>
          <url>http://s2.evcdn.com/images/large/I0-001/014/495/425-1.jpeg_/emmanuel-music-sunday-cantata-series-518-25.jpeg</url>
          <width>480</width>
          <height>480</height>
        </large>
      </image>
      <categories>
        <category>
          <id>music</id>
          <name>Concerts &amp;amp; Tour Dates</name>
        </category>
      </categories>
      <subcategories></subcategories>
    </event>
    <event>
      <id>E0-001-059939748-1</id>
      <url>http://eventful.com/boston_ma/events/emmanuel-music-sunday-cantata-series-511-/E0-001-059939748-1?utm_source=apis&amp;utm_medium=apim&amp;utm_campaign=apic</url>
      <title>Emmanuel Music - Sunday Cantata Series: 5/11</title>
      <description></description>
      <start_time>2014-05-11 10:00:00</start_time>
      <stop_time></stop_time>
      <venue_id>V0-001-001487911-4</venue_id>
      <all_day>0</all_day>
      <recur_string></recur_string>
      <created>2013-08-07 19:14:01</created>
      <owner>evdb</owner>
      <privacy>1</privacy>
      <free></free>
      <price></price>
      <modified>2013-09-29 15:38:05</modified>
      <popularity>0004</popularity>
      <performers></performers>
      <tickets></tickets>
      <image>
        <url>http://s1.evcdn.com/images/block/I0-001/014/495/424-2.jpeg_/emmanuel-music-sunday-cantata-series-511-24.jpeg</url>
        <width>128</width>
        <height>128</height>
        <block>
          <url>http://s1.evcdn.com/images/block/I0-001/014/495/424-2.jpeg_/emmanuel-music-sunday-cantata-series-511-24.jpeg</url>
          <width>128</width>
          <height>128</height>
        </block>
        <large>
          <url>http://s1.evcdn.com/images/large/I0-001/014/495/424-2.jpeg_/emmanuel-music-sunday-cantata-series-511-24.jpeg</url>
          <width>480</width>
          <height>480</height>
        </large>
      </image>
      <categories>
        <category>
          <id>music</id>
          <name>Concerts &amp;amp; Tour Dates</name>
        </category>
      </categories>
      <subcategories></subcategories>
    </event>
    <event>
      <id>E0-001-061339023-2</id>
      <url>http://eventful.com/newyork_ny/events/beethovens-eroica-symphony-and-leonidas-kavakos-/E0-001-061339023-2?utm_source=apis&amp;utm_medium=apim&amp;utm_campaign=apic</url>
      <title>Beethoven's Eroica Symphony and Leonidas Kavakos</title>
      <description> New York Philharmonic presents: Webern: Im Sommerwind; Berg: Concerto for Violin; Beethoven: Symphony no 3 in E flat major, Op. 55 &amp;quot;Eroica&amp;quot;
</description>
      <start_time>2014-05-09 20:00:00</start_time>
      <stop_time></stop_time>
      <venue_id>V0-001-000349552-7</venue_id>
      <all_day>0</all_day>
      <recur_string></recur_string>
      <created>2013-09-17 05:53:39</created>
      <owner>evdb</owner>
      <privacy>1</privacy>
      <free></free>
      <price></price>
      <modified>2013-09-17 11:17:21</modified>
      <popularity>0004</popularity>
      <performers></performers>
      <tickets></tickets>
      <image>
        <url>http://s2.evcdn.com/images/block/I0-001/014/706/753-8.jpeg_/beethovens-eroica-symphony-and-leonidas-kavakos-53.jpeg</url>
        <width>128</width>
        <height>128</height>
        <block>
          <url>http://s2.evcdn.com/images/block/I0-001/014/706/753-8.jpeg_/beethovens-eroica-symphony-and-leonidas-kavakos-53.jpeg</url>
          <width>128</width>
          <height>128</height>
        </block>
        <large>
          <url>http://s2.evcdn.com/images/large/I0-001/014/706/753-8.jpeg_/beethovens-eroica-symphony-and-leonidas-kavakos-53.jpeg</url>
          <width>480</width>
          <height>480</height>
        </large>
      </image>
      <categories>
        <category>
          <id>performing_arts</id>
          <name>Performing Arts</name>
        </category>
      </categories>
      <subcategories></subcategories>
    </event>
    <event>
      <id>E0-001-061339067-6</id>
      <url>http://eventful.com/newyork_ny/events/haitink-conducts-mahlers-symphony-no-3-/E0-001-061339067-6?utm_source=apis&amp;utm_medium=apim&amp;utm_campaign=apic</url>
      <title>Haitink Conducts Mahler's Symphony No. 3</title>
      <description> New York Philharmonic presents: Mahler: Symphony no 3 in D minor
</description>
      <start_time>2014-05-17 20:00:00</start_time>
      <stop_time></stop_time>
      <venue_id>V0-001-000349552-7</venue_id>
      <all_day>0</all_day>
      <recur_string></recur_string>
      <created>2013-09-17 05:54:49</created>
      <owner>evdb</owner>
      <privacy>1</privacy>
      <free></free>
      <price></price>
      <modified>2013-09-17 11:16:54</modified>
      <popularity>0004</popularity>
      <performers></performers>
      <tickets></tickets>
      <image>
        <url>http://s1.evcdn.com/images/block/I0-001/014/836/836-4.jpeg_/haitink-conducts-mahlers-symphony-no-3-36.jpeg</url>
        <width>128</width>
        <height>128</height>
        <block>
          <url>http://s1.evcdn.com/images/block/I0-001/014/836/836-4.jpeg_/haitink-conducts-mahlers-symphony-no-3-36.jpeg</url>
          <width>128</width>
          <height>128</height>
        </block>
        <large>
          <url>http://s1.evcdn.com/images/large/I0-001/014/836/836-4.jpeg_/haitink-conducts-mahlers-symphony-no-3-36.jpeg</url>
          <width>480</width>
          <height>480</height>
        </large>
      </image>
      <categories>
        <category>
          <id>performing_arts</id>
          <name>Performing Arts</name>
        </category>
      </categories>
      <subcategories></subcategories>
    </event>
    <event>
      <id>E0-001-057082740-4</id>
      <url>http://eventful.com/nellysford/events/celebrate-mothers-day-wild-wolf-brewing-company-/E0-001-057082740-4?utm_source=apis&amp;utm_medium=apim&amp;utm_campaign=apic</url>
      <title>Celebrate Mother's Day at Wild Wolf Brewing Company</title>
      <description> &lt;p&gt;Join us at Wild Wolf Brewing Company to celebrate Mother&amp;#39;s Day. Enjoy our Sunday Brunch from 11AM to 3PM along with live music. Regular menu available all day until 10PM. &lt;p&gt; &lt;p&gt;&lt;br&gt;&lt;p&gt; &lt;br&gt;&lt;br&gt;&lt;br&gt;Last Updated: 8/19/2013 3:05 PM
&lt;/p&gt;&lt;/p&gt;&lt;/p&gt;&lt;/p&gt;</description>
      <start_time>2014-05-11 11:30:00</start_time>
      <stop_time>2014-05-11 15:00:00</stop_time>
      <venue_id>V0-001-005357978-1</venue_id>
      <all_day>0</all_day>
      <recur_string></recur_string>
      <created>2013-05-05 18:39:17</created>
      <owner>evdb</owner>
      <privacy>1</privacy>
      <free></free>
      <price></price>
      <modified>2013-08-25 10:13:59</modified>
      <popularity>0004</popularity>
      <performers></performers>
      <tickets></tickets>
      <image>
        <url>http://s3.evcdn.com/images/block/I0-001/010/870/922-8.jpeg_/celebrate-mothers-day-wild-wolf-brewing-company-22.jpeg</url>
        <width>128</width>
        <height>128</height>
        <block>
          <url>http://s3.evcdn.com/images/block/I0-001/010/870/922-8.jpeg_/celebrate-mothers-day-wild-wolf-brewing-company-22.jpeg</url>
          <width>128</width>
          <height>128</height>
        </block>
        <large>
          <url>http://s3.evcdn.com/images/large/I0-001/010/870/922-8.jpeg_/celebrate-mothers-day-wild-wolf-brewing-company-22.jpeg</url>
          <width>480</width>
          <height>480</height>
        </large>
      </image>
      <categories>
        <category>
          <id>holiday</id>
          <name>Holiday</name>
        </category>
        <category>
          <id>community</id>
          <name>Neighborhood</name>
        </category>
      </categories>
      <subcategories>
        <subcategory>
          <id>community_holiday</id>
          <parent>community</parent>
          <name>Neighborhood: Holiday</name>
          <short_name>Holiday</short_name>
        </subcategory>
      </subcategories>
    </event>
    <event>
      <id>E0-001-053820065-2</id>
      <url>http://eventful.com/walkertown/events/family-reunion-/E0-001-053820065-2?utm_source=apis&amp;utm_medium=apim&amp;utm_campaign=apic</url>
      <title>family reunion</title>
      <description> family reunion price Adult - $60.00 child - $30.00 Adult tshirt - $15.00</description>
      <start_time>2014-07-03 15:00:00</start_time>
      <stop_time></stop_time>
      <venue_id>V0-001-006668354-3</venue_id>
      <all_day>0</all_day>
      <recur_string></recur_string>
      <created>2013-01-15 01:59:49</created>
      <owner>evdb</owner>
      <privacy>1</privacy>
      <free></free>
      <price>$15.00 - $60.00</price>
      <modified>2013-08-19 07:03:25</modified>
      <popularity>0004</popularity>
      <performers></performers>
      <tickets>
        <link>
          <url>http://rashaad.ticketleap.com/family-reunion/</url>
          <description></description>
          <provider>ticketleap.com</provider>
          <time>2013-01-15 01:59:53</time>
        </link>
      </tickets>
      <image>
        <url>http://s3.evcdn.com/images/block/I0-001/013/490/154-2.jpeg_/family-reunion-54.jpeg</url>
        <width>128</width>
        <height>128</height>
        <block>
          <url>http://s3.evcdn.com/images/block/I0-001/013/490/154-2.jpeg_/family-reunion-54.jpeg</url>
          <width>128</width>
          <height>128</height>
        </block>
        <large>
          <url>http://s3.evcdn.com/images/large/I0-001/013/490/154-2.jpeg_/family-reunion-54.jpeg</url>
          <width>480</width>
          <height>480</height>
        </large>
      </image>
      <categories>
        <category>
          <id>other</id>
          <name>Other &amp;amp; Miscellaneous</name>
        </category>
      </categories>
      <subcategories></subcategories>
    </event>
    <event>
      <id>E0-001-060267676-5</id>
      <url>http://eventful.com/nellysford/events/cinco-mayo-food-drink-specials-/E0-001-060267676-5?utm_source=apis&amp;utm_medium=apim&amp;utm_campaign=apic</url>
      <title>Cinco de Mayo food &amp; Drink Specials</title>
      <description> &lt;p&gt;Celebrate Cinco de Mayo with Food &amp; Drink Specials at Wild Wolf Brewing Company.&lt;br&gt;&lt;br&gt;&lt;br&gt;Last Updated: 8/13/2013 10:19 AM
&lt;/p&gt;</description>
      <start_time>2014-05-05 11:30:00</start_time>
      <stop_time>2014-05-05 22:00:00</stop_time>
      <venue_id>V0-001-005357978-1</venue_id>
      <all_day>0</all_day>
      <recur_string></recur_string>
      <created>2013-08-17 20:49:24</created>
      <owner>evdb</owner>
      <privacy>1</privacy>
      <free></free>
      <price></price>
      <modified>2013-08-17 20:49:24</modified>
      <popularity>0004</popularity>
      <performers></performers>
      <tickets></tickets>
      <image>
        <url>http://s1.evcdn.com/images/block/I0-001/014/545/584-5.jpeg_/cinco-mayo-food-drink-specials-84.jpeg</url>
        <width>128</width>
        <height>128</height>
        <block>
          <url>http://s1.evcdn.com/images/block/I0-001/014/545/584-5.jpeg_/cinco-mayo-food-drink-specials-84.jpeg</url>
          <width>128</width>
          <height>128</height>
        </block>
        <large>
          <url>http://s1.evcdn.com/images/large/I0-001/014/545/584-5.jpeg_/cinco-mayo-food-drink-specials-84.jpeg</url>
          <width>480</width>
          <height>480</height>
        </large>
      </image>
      <categories>
        <category>
          <id>holiday</id>
          <name>Holiday</name>
        </category>
        <category>
          <id>community</id>
          <name>Neighborhood</name>
        </category>
      </categories>
      <subcategories>
        <subcategory>
          <id>community_holiday</id>
          <parent>community</parent>
          <name>Neighborhood: Holiday</name>
          <short_name>Holiday</short_name>
        </subcategory>
      </subcategories>
    </event>
    <event>
      <id>E0-001-060268466-7</id>
      <url>http://eventful.com/nellysford/events/memorial-day-food-drink-specials-/E0-001-060268466-7?utm_source=apis&amp;utm_medium=apim&amp;utm_campaign=apic</url>
      <title>Memorial Day Food &amp; Drink Specials</title>
      <description> &lt;p&gt;Celebrate Memorial Day with Food &amp; Drink Specials at Wild Wolf Brewing Company.&lt;br&gt;&lt;br&gt;&lt;br&gt;Last Updated: 8/13/2013 11:19 AM
&lt;/p&gt;</description>
      <start_time>2014-05-26 11:30:00</start_time>
      <stop_time>2014-05-26 22:00:00</stop_time>
      <venue_id>V0-001-005357978-1</venue_id>
      <all_day>0</all_day>
      <recur_string></recur_string>
      <created>2013-08-17 21:06:23</created>
      <owner>evdb</owner>
      <privacy>1</privacy>
      <free></free>
      <price></price>
      <modified>2013-08-17 21:06:23</modified>
      <popularity>0004</popularity>
      <performers></performers>
      <tickets></tickets>
      <image>
        <url>http://s1.evcdn.com/images/block/I0-001/014/545/584-5.jpeg_/memorial-day-food-drink-specials-84.jpeg</url>
        <width>128</width>
        <height>128</height>
        <block>
          <url>http://s1.evcdn.com/images/block/I0-001/014/545/584-5.jpeg_/memorial-day-food-drink-specials-84.jpeg</url>
          <width>128</width>
          <height>128</height>
        </block>
        <large>
          <url>http://s1.evcdn.com/images/large/I0-001/014/545/584-5.jpeg_/memorial-day-food-drink-specials-84.jpeg</url>
          <width>480</width>
          <height>480</height>
        </large>
      </image>
      <categories>
        <category>
          <id>holiday</id>
          <name>Holiday</name>
        </category>
        <category>
          <id>community</id>
          <name>Neighborhood</name>
        </category>
      </categories>
      <subcategories>
        <subcategory>
          <id>community_holiday</id>
          <parent>community</parent>
          <name>Neighborhood: Holiday</name>
          <short_name>Holiday</short_name>
        </subcategory>
      </subcategories>
    </event>
    <event>
      <id>E0-001-061214314-1</id>
      <url>http://eventful.com/ithaca/events/cornell-club-sarasotamanatee-red-and-white-luncheon-/E0-001-061214314-1?utm_source=apis&amp;utm_medium=apim&amp;utm_campaign=apic</url>
      <title>Cornell Club of Sarasota-Manatee - Red and White Luncheon</title>
      <description> Sarasota, FL Sarasota, FL, Sarasota, Florida&lt;p&gt;May &lt;br&gt;Thursday, the 8th &lt;br&gt;Michael&amp;#39;s On East &lt;br&gt;11:30 a.m. – 1:45 p.m. &lt;br&gt;Red and White Luncheon &lt;br&gt;Tom Tryon &lt;br&gt;Opinion Editor, Herald-Tribune Media Group , Chairman of the Editorial Board &lt;br&gt;&amp;quot;News and Opinions Dealing with Issues&amp;quot;&lt;/p&gt;</description>
      <start_time>2014-05-08 11:30:00</start_time>
      <stop_time></stop_time>
      <venue_id>V0-001-000324420-6</venue_id>
      <all_day>0</all_day>
      <recur_string></recur_string>
      <created>2013-09-14 06:36:38</created>
      <owner>evdb</owner>
      <privacy>1</privacy>
      <free></free>
      <price>Please see event website for details.</price>
      <modified>2013-09-28 23:03:59</modified>
      <popularity>0004</popularity>
      <performers></performers>
      <tickets></tickets>
      <image>
        <url>http://s2.evcdn.com/images/block/I0-001/014/770/005-9.png_/cornell-club-sarasotamanatee-red-and-white-lunche-05.png</url>
        <width>128</width>
        <height>128</height>
        <block>
          <url>http://s2.evcdn.com/images/block/I0-001/014/770/005-9.png_/cornell-club-sarasotamanatee-red-and-white-lunche-05.png</url>
          <width>128</width>
          <height>128</height>
        </block>
        <large>
          <url>http://s2.evcdn.com/images/large/I0-001/014/770/005-9.png_/cornell-club-sarasotamanatee-red-and-white-lunche-05.png</url>
          <width>480</width>
          <height>480</height>
        </large>
      </image>
      <categories>
        <category>
          <id>learning_education</id>
          <name>Education</name>
        </category>
        <category>
          <id>schools_alumni</id>
          <name>University &amp;amp; Alumni</name>
        </category>
      </categories>
      <subcategories></subcategories>
    </event>
    <event>
      <id>E0-001-062552137-6</id>
      <url>http://eventful.com/roseville_ca/events/kenny-frye-band-/E0-001-062552137-6?utm_source=apis&amp;utm_medium=apim&amp;utm_campaign=apic</url>
      <title>Kenny Frye Band</title>
      <description>A Kenny Frye show can be surprising, but always a lot of fun. Catch the show and see for yourself why people all over the map are cheering for this great country band.</description>
      <start_time>2014-06-21 20:00:00</start_time>
      <stop_time>2014-06-21 23:00:00</stop_time>
      <venue_id>V0-001-000279895-9</venue_id>
      <all_day>0</all_day>
      <recur_string></recur_string>
      <created>2013-10-17 22:12:57</created>
      <owner>Keyster1</owner>
      <privacy>1</privacy>
      <free></free>
      <price></price>
      <modified>2013-10-17 22:12:57</modified>
      <popularity>0004</popularity>
      <performers></performers>
      <tickets></tickets>
      <image>
        <url>http://s1.evcdn.com/images/block/I0-001/014/881/520-6.jpeg_/kenny-frye-band-20.jpeg</url>
        <width>128</width>
        <height>128</height>
        <block>
          <url>http://s1.evcdn.com/images/block/I0-001/014/881/520-6.jpeg_/kenny-frye-band-20.jpeg</url>
          <width>128</width>
          <height>128</height>
        </block>
        <large>
          <url>http://s1.evcdn.com/images/large/I0-001/014/881/520-6.jpeg_/kenny-frye-band-20.jpeg</url>
          <width>480</width>
          <height>480</height>
        </large>
      </image>
      <categories>
        <category>
          <id>music</id>
          <name>Concerts &amp;amp; Tour Dates</name>
        </category>
        <category>
          <id>family_fun_kids</id>
          <name>Kids &amp;amp; Family</name>
        </category>
      </categories>
      <subcategories></subcategories>
    </event>
    <event>
      <id>E0-001-060030656-1</id>
      <url>http://eventful.com/martinsville/events/martinsville-culture-crawl-/E0-001-060030656-1?utm_source=apis&amp;utm_medium=apim&amp;utm_campaign=apic</url>
      <title>Martinsville Culture Crawl</title>
      <description> &lt;p&gt;Martinsville Culture Crawl is a celebration of arts and culture in Uptown Martinsville. Join the fun by visiting Martinsville&amp;#39;s many participating museums, art studios, shops and restaurants.  Special events, including live music, community theatre and cocktail parties, will take place at different venues between 4 pm – 9 pm. Tickets can be purchased online or at participating venues.&lt;br&gt;&lt;br&gt;&lt;strong&gt;Admission Fee: &lt;/strong&gt;$10 Suggested Donation &lt;br&gt;&lt;/p&gt;</description>
      <start_time>2014-09-06 16:00:00</start_time>
      <stop_time>2014-09-06 21:00:00</stop_time>
      <venue_id>V0-001-000418976-6</venue_id>
      <all_day>0</all_day>
      <recur_string></recur_string>
      <created>2013-08-10 13:04:51</created>
      <owner>evdb</owner>
      <privacy>1</privacy>
      <free></free>
      <price>$10 Suggested Donation</price>
      <modified>2013-09-29 13:28:15</modified>
      <popularity>0004</popularity>
      <performers></performers>
      <tickets></tickets>
      <image>
        <url>http://s1.evcdn.com/images/block/I0-001/014/509/368-1.jpeg_/martinsville-culture-crawl-68.jpeg</url>
        <width>128</width>
        <height>128</height>
        <block>
          <url>http://s1.evcdn.com/images/block/I0-001/014/509/368-1.jpeg_/martinsville-culture-crawl-68.jpeg</url>
          <width>128</width>
          <height>128</height>
        </block>
        <large>
          <url>http://s1.evcdn.com/images/large/I0-001/014/509/368-1.jpeg_/martinsville-culture-crawl-68.jpeg</url>
          <width>480</width>
          <height>480</height>
        </large>
      </image>
      <categories>
        <category>
          <id>community</id>
          <name>Neighborhood</name>
        </category>
      </categories>
      <subcategories></subcategories>
    </event>
    <event>
      <id>E0-001-060207251-6</id>
      <url>http://eventful.com/boston_ma/events/chameleon-arts-ensemble-light-and-shade-repose-/E0-001-060207251-6?utm_source=apis&amp;utm_medium=apim&amp;utm_campaign=apic</url>
      <title>Chameleon Arts Ensemble: where light and shade repose</title>
      <description> Beethoven: Sonata for Violin and Piano no 5 in F major, Op. 24 &amp;quot;Spring&amp;quot;; Chen: 66 Times: The Voice of Pines and Cedars; Hovhaness: Upon Enchanted Ground, Op. 90 no 1; Bruckner: Quintet for Strings ...
</description>
      <start_time>2014-05-18 16:00:00</start_time>
      <stop_time></stop_time>
      <venue_id>V0-001-000231742-6</venue_id>
      <all_day>0</all_day>
      <recur_string></recur_string>
      <created>2013-08-16 06:24:30</created>
      <owner>evdb</owner>
      <privacy>1</privacy>
      <free></free>
      <price></price>
      <modified>2013-08-16 06:34:36</modified>
      <popularity>0004</popularity>
      <performers></performers>
      <tickets></tickets>
      <image>
        <url>http://s1.evcdn.com/images/block/I0-001/014/537/660-9.jpeg_/chameleon-arts-ensemble-light-and-shade-repose-60.jpeg</url>
        <width>128</width>
        <height>128</height>
        <block>
          <url>http://s1.evcdn.com/images/block/I0-001/014/537/660-9.jpeg_/chameleon-arts-ensemble-light-and-shade-repose-60.jpeg</url>
          <width>128</width>
          <height>128</height>
        </block>
        <large>
          <url>http://s1.evcdn.com/images/large/I0-001/014/537/660-9.jpeg_/chameleon-arts-ensemble-light-and-shade-repose-60.jpeg</url>
          <width>480</width>
          <height>480</height>
        </large>
      </image>
      <categories>
        <category>
          <id>performing_arts</id>
          <name>Performing Arts</name>
        </category>
      </categories>
      <subcategories></subcategories>
    </event>
    <event>
      <id>E0-001-061559819-3</id>
      <url>http://eventful.com/palmbay/events/broadway-unplugged-/E0-001-061559819-3?utm_source=apis&amp;utm_medium=apim&amp;utm_campaign=apic</url>
      <title>Broadway Unplugged</title>
      <description> &lt;b&gt;Organization&lt;/b&gt;&lt;br&gt;&lt;a href="http://www.socialmiami.com/affiliates_detail.asp?orgid=2160" rel="nofollow"&gt;South Miami-Dade Cultural Arts Center&lt;/a&gt;&lt;br&gt;&lt;br&gt;&lt;b&gt;Primary Category&lt;/b&gt;&lt;br&gt;Concerts &amp; Performances &lt;br&gt;&lt;br&gt;&lt;b&gt;Extras&lt;/b&gt;&lt;br&gt;Broadway&amp;#39;s hottest performers present an intimate evening packed with popular songs from New York&amp;#39;s hottest musical shows!&lt;br&gt;&lt;br&gt;&lt;b&gt;Place&lt;/b&gt;&lt;br&gt;South Miami-Dade Cultural Arts Center&lt;br&gt;&lt;br&gt;&lt;b&gt;Address&lt;/b&gt;&lt;br&gt;10950 SW 211 Street&lt;br&gt; Cutler Bay, FL 33189&lt;br&gt;&lt;br&gt;&lt;b&gt;Ticket Cost&lt;/b&gt;&lt;br&gt;$25.00 - $30.00&lt;br&gt;&lt;br&gt;&lt;b&gt;Seating Information&lt;/b&gt;&lt;br&gt;www.smdcac.org&lt;br&gt;&lt;br&gt;&lt;b&gt;Contact Phone&lt;/b&gt;&lt;br&gt;786-573-5300&lt;br&gt;&lt;br&gt;</description>
      <start_time>2014-05-31 19:30:00</start_time>
      <stop_time></stop_time>
      <venue_id>V0-001-004969936-1</venue_id>
      <all_day>0</all_day>
      <recur_string></recur_string>
      <created>2013-09-22 00:05:49</created>
      <owner>evdb</owner>
      <privacy>1</privacy>
      <free></free>
      <price>$25.00 - $30.00</price>
      <modified>2013-09-22 00:05:49</modified>
      <popularity>0004</popularity>
      <performers></performers>
      <tickets></tickets>
      <image>
        <url>http://s1.evcdn.com/images/block/I0-001/010/387/420-8.jpeg_/broadway-unplugged-20.jpeg</url>
        <width>128</width>
        <height>128</height>
        <block>
          <url>http://s1.evcdn.com/images/block/I0-001/010/387/420-8.jpeg_/broadway-unplugged-20.jpeg</url>
          <width>128</width>
          <height>128</height>
        </block>
        <large>
          <url>http://s1.evcdn.com/images/large/I0-001/010/387/420-8.jpeg_/broadway-unplugged-20.jpeg</url>
          <width>480</width>
          <height>480</height>
        </large>
      </image>
      <categories>
        <category>
          <id>performing_arts</id>
          <name>Performing Arts</name>
        </category>
      </categories>
      <subcategories></subcategories>
    </event>
    <event>
      <id>E0-001-062213554-9</id>
      <url>http://eventful.com/alachua/events/farm-table-dinner-may-10th-chef-sandra-carlisi-east-/E0-001-062213554-9?utm_source=apis&amp;utm_medium=apim&amp;utm_campaign=apic</url>
      <title>Farm to Table Dinner May 10th Chef Sandra Carlisi of East End Eatery</title>
      <description> Join us for our 2013-2014 Farm to Table Dinner Series , where delicious food from our farm and surrounding local farms will be artfully prepared by Gainesville area celebrity chefs, highlighting our wonderful local food culture. Among our goals as a nascent sustainable farm is to explore new and interesting ways to connect people to food and community. The farm dinner scenario accomplishes this with style. Each dinner will be a one-night-only four course creation based on what’s ripe and good from our fields. We will be pairing a wine or local beer with each course. These dinners will make the perfect anniversary gift, birthday present, family occasion, group outing, romantic date, or just a wonderful way to experience the farm.Why? The money raised at each dinner will go toward any number of pertinent projects that must happen in order keep the farm rockin’ and rollin’ and to further the Swallowtail mission of cultivating the farm as a model of true sustainability. The purchase of your ticket will directly contribute to the growth and well being of our farm. The food will be superb, of course, and the experience truly magic, but our motivation is not profit driven. Our goal is to make our farm better through the support of our community. We have lots of folks who support us faithfully through the grit of their labor. The dinners enable you to uplift the farm with a wine glass in place of a spade.Where? Dinners will be held at a family style harvest table surrounded by the beautiful bounty from our gardens. You will enjoy the freshest possible fare and sip on local Swamphead beer or Organic, American wine, with a lovely view of the farm fields and the rolling hills beyond.What? 4:30 pm – Guests will arrive to the farm to a cold beverage and a beautiful view. Feel free to dress casually and wear comfortable shoes. Take in the scene and enjoy!5:30 – We will talk a bit about our farm, who we are, and what we are all about. After our brief introduction we will take you on a tour of the farm where you will have an opportunity to see the various projects you have helped to materialize.6:30- We will gather back at the harvest table for cocktails, music, good company, and appetizers. During this time you will get a chance to meet the chef, and they will talk a bit about the meal they have prepared for you.7:00 – Cheers! The rest of the courses will follow from here. Take your time and enjoy your meal. After all, It’s a one night only seasonal dinner prepared with love. Ticket - $80.00</description>
      <start_time>2014-05-10 17:30:00</start_time>
      <stop_time></stop_time>
      <venue_id>V0-001-006651406-7</venue_id>
      <all_day>0</all_day>
      <recur_string></recur_string>
      <created>2013-10-09 04:49:16</created>
      <owner>evdb</owner>
      <privacy>1</privacy>
      <free></free>
      <price>$80.00</price>
      <modified>2013-10-09 04:49:16</modified>
      <popularity>0004</popularity>
      <performers></performers>
      <tickets>
        <link>
          <url>http://swallowtail.ticketleap.com/farmto-table-dinner-may10/</url>
          <description></description>
          <provider>ticketleap.com</provider>
          <time>2013-10-09 04:49:26</time>
        </link>
      </tickets>
      <image>
        <url>http://s1.evcdn.com/images/block/I0-001/013/463/036-1.jpeg_/farm-table-dinner-may-10th-chef-sandra-carlisi-eas-36.jpeg</url>
        <width>128</width>
        <height>128</height>
        <block>
          <url>http://s1.evcdn.com/images/block/I0-001/013/463/036-1.jpeg_/farm-table-dinner-may-10th-chef-sandra-carlisi-eas-36.jpeg</url>
          <width>128</width>
          <height>128</height>
        </block>
        <large>
          <url>http://s1.evcdn.com/images/large/I0-001/013/463/036-1.jpeg_/farm-table-dinner-may-10th-chef-sandra-carlisi-eas-36.jpeg</url>
          <width>480</width>
          <height>480</height>
        </large>
      </image>
      <categories>
        <category>
          <id>other</id>
          <name>Other &amp;amp; Miscellaneous</name>
        </category>
      </categories>
      <subcategories></subcategories>
    </event>
    <event>
      <id>E0-001-060483951-7</id>
      <url>http://eventful.com/eastlansing/events/lyrical-classes-ages-1114-/E0-001-060483951-7?utm_source=apis&amp;utm_medium=apim&amp;utm_campaign=apic</url>
      <title>Lyrical Classes (ages 11-14)</title>
      <description> &lt;p&gt;Ticket price includes 9 months of tuition.&lt;/p&gt;</description>
      <start_time>2014-05-29 05:00:00</start_time>
      <stop_time>2013-09-12 00:00:00</stop_time>
      <venue_id>V0-001-007241259-3</venue_id>
      <all_day>0</all_day>
      <recur_string></recur_string>
      <created>2013-08-24 00:11:58</created>
      <owner>evdb</owner>
      <privacy>1</privacy>
      <free></free>
      <price>   50.00 Lyrical Class (ages 11-14) 53.74 &lt;br&gt;&lt;br&gt;
</price>
      <modified>2013-09-09 16:58:15</modified>
      <popularity>0004</popularity>
      <performers></performers>
      <tickets>
        <link>
          <url>http://lyrical-lansing-eventful.eventbrite.com/r/eventful</url>
          <description></description>
          <provider>eventbrite.com</provider>
          <time>2013-09-16 22:04:04</time>
        </link>
        <link>
          <url>http://www.eventbrite.com/event/8016027153/eventful/r/eventful</url>
          <description></description>
          <provider>eventbrite.com</provider>
          <time>2013-08-24 00:12:03</time>
        </link>
      </tickets>
      <image>
        <url>http://s3.evcdn.com/images/block/I0-001/014/575/602-7.jpeg_/lyrical-classes-ages-1114-02.jpeg</url>
        <width>128</width>
        <height>128</height>
        <block>
          <url>http://s3.evcdn.com/images/block/I0-001/014/575/602-7.jpeg_/lyrical-classes-ages-1114-02.jpeg</url>
          <width>128</width>
          <height>128</height>
        </block>
        <large>
          <url>http://s3.evcdn.com/images/large/I0-001/014/575/602-7.jpeg_/lyrical-classes-ages-1114-02.jpeg</url>
          <width>480</width>
          <height>480</height>
        </large>
      </image>
      <categories>
        <category>
          <id>other</id>
          <name>Other &amp;amp; Miscellaneous</name>
        </category>
      </categories>
      <subcategories></subcategories>
    </event>
    <event>
      <id>E0-001-062278210-7</id>
      <url>http://eventful.com/harrisburg_pa/events/gamut-theatre-summer-academy-2014-/E0-001-062278210-7?utm_source=apis&amp;utm_medium=apim&amp;utm_campaign=apic</url>
      <title>Gamut Theatre Summer Academy 2014</title>
      <description> GTSA is a summer theatre intensive for students ages 7-9 and 10-15. Students are immersed in the study of Theatre, Stage Combat, Dance, Voice, Writing, and Design/Tech. Our accredited teaching staff is comprised of caring, creative, and highly talented teachers and professionals who specialize in working with children/youth and have a background in the arts. Children laugh and learn as they participate in age-appropriate activities and instruction, and rehearse and perform their own play in a safe and fun environment. No experience necessary. Each intensive takes place over one week and culminates in a Friday night production starring the students. A student can participate in one, two, three or all four weeks! FOUR WEEKS EARLY BIRD DISCOUNT - Deposit Only - $550.00 THREE WEEKS EARLY BIRD DISCOUNT - $950.00 TWO WEEKS EARLY BIRD DISCOUNT - $675.00 THREE WEEKS EARLY BIRD DISCOUNT - Deposit Only - $475.00 ONE WEEK - $375.00 ONE WEEK - Deposit Only - $187.50 TWO WEEKS - $695.00 TWO WEEKS - Deposit Only - $347.50 THREE WEEKS - $995.00 ONE WEEK EARLY BIRD DISCOUNT - Deposit Only - $175.00 ONE WEEK EARLY BIRD DISCOUNT - $350.00 THREE WEEKS - Deposit Only - $497.50 FOUR WEEKS - $1200.00 FOUR WEEKS - Deposit Only - $600.00 TWO WEEKS EARLY BIRD DISCOUNT - Deposit Only - $337.50 FOUR WEEKS EARLY BIRD DISCOUNT - $1100.00</description>
      <start_time>2014-07-07 08:00:00</start_time>
      <stop_time></stop_time>
      <venue_id>V0-001-000656878-1</venue_id>
      <all_day>0</all_day>
      <recur_string></recur_string>
      <created>2013-10-11 03:31:46</created>
      <owner>evdb</owner>
      <privacy>1</privacy>
      <free></free>
      <price>$175.00 - $1200.00</price>
      <modified>2013-10-11 03:31:46</modified>
      <popularity>0004</popularity>
      <performers></performers>
      <tickets>
        <link>
          <url>http://gamutplays.ticketleap.com/gamuttheatre-summer-academy-2014/</url>
          <description></description>
          <provider>ticketleap.com</provider>
          <time>2013-10-11 03:31:49</time>
        </link>
      </tickets>
      <image>
        <url>http://s3.evcdn.com/images/block/I0-001/013/577/138-2.jpeg_/gamut-theatre-summer-academy-2014-38.jpeg</url>
        <width>128</width>
        <height>128</height>
        <block>
          <url>http://s3.evcdn.com/images/block/I0-001/013/577/138-2.jpeg_/gamut-theatre-summer-academy-2014-38.jpeg</url>
          <width>128</width>
          <height>128</height>
        </block>
        <large>
          <url>http://s3.evcdn.com/images/large/I0-001/013/577/138-2.jpeg_/gamut-theatre-summer-academy-2014-38.jpeg</url>
          <width>480</width>
          <height>480</height>
        </large>
      </image>
      <categories>
        <category>
          <id>other</id>
          <name>Other &amp;amp; Miscellaneous</name>
        </category>
      </categories>
      <subcategories></subcategories>
    </event>
    <event>
      <id>E0-001-060117551-5</id>
      <url>http://eventful.com/chicago_il/events/500-first-place-prize-music-industry-seminar-chi-/E0-001-060117551-5?utm_source=apis&amp;utm_medium=apim&amp;utm_campaign=apic</url>
      <title>$500 First Place Prize Music Industry Seminar In Chicago 2014</title>
      <description> &lt;p&gt;2 HOT 4 AIRWAVES&lt;p&gt; &lt;a href="http://www.2hot4airwaves.com/" rel="nofollow"&gt;http://www.2hot4airwaves.com&lt;/a&gt;&lt;p&gt;&lt;a href="http://www.2hot4airwaves.com/" rel="nofollow"&gt;&lt;/a&gt;&lt;p&gt; &lt;p&gt;The purpose of this Seminar is to award those few people that will go the extra mile to promote themselves and not rely on Managers, Agents and Promoters. We want to see what you have done in the past to promote your career so this is your time to show off and showing off could pay off.&lt;p&gt;&lt;strong&gt;Free Ticket Rules&lt;/strong&gt;&lt;ul&gt;&lt;li&gt;You may only register for 1 ticket&lt;li&gt;You must use your real name because you will be required to show ID &lt;li&gt;You can participate in the $500 contest but you will not receive 6 months free promotion&lt;/li&gt;&lt;/li&gt;&lt;/li&gt;&lt;/ul&gt;&lt;p&gt;&lt;strong&gt;Paid Ticket Rules&lt;/strong&gt;&lt;ul&gt;&lt;li&gt;You may purchase multiple tickets&lt;li&gt;You must use your real name because you will be required to show ID&lt;li&gt;You will receive 6 months of free promotion even if you are not the first prize winner&lt;li&gt;Your Artist name will be on the t-shirts for all events we promote for up to 1 year after the event&lt;/li&gt;&lt;/li&gt;&lt;/li&gt;&lt;/li&gt;&lt;/ul&gt;&lt;p&gt;After you have performed you will have to leave the room so that everyone will have a chance to do the full rotation. The winner will receive a text for him or her come back to collect their $500 cash first prize, 1 hour of studio time at Smash Studios compliments of Yvonne Wilcox, Pen Name and do their award acceptance video that we will post on YouTube, Facebook and other Social Networks. Our judges will start picking the winner at 10pm and the announcement will be made at 11pm. If there is a tie then the both of you will have to do another short LIVE performance and we will pick someone from the waiting area to help us judge. I DO NOT JUDGE and our judges are hired just for this occasion and have no affiliation with me or my associates.&lt;p&gt; &lt;br&gt;Candidate will be judged on originality, effectiveness of the lyrics, choice of beats for the lyrics, body language and promotion efforts for their career.&lt;br&gt;&lt;br&gt;The purpose of the Music Industry Seminar is to provide free publicity to people already in the Music Industry and also create a networking environment for people that are interested in the Music Industry but do not know how or where to get started.&lt;br&gt;&lt;br&gt;Food and Non-Alcoholic Beverages will be served and attendees are welcome to perform live on stage if time permits.&lt;br&gt;&lt;br&gt;Social Media and other websites has changed the Music Industry Business and people working in the industry should be able to change the way they promote their talents.&lt;p&gt; &lt;p&gt; &lt;br&gt;&lt;strong&gt;&lt;/strong&gt;&lt;strong&gt;&lt;br&gt;&lt;/strong&gt;&lt;strong&gt;&lt;br&gt;&lt;/strong&gt;&lt;p&gt;&lt;p&gt; &lt;p&gt; &lt;p&gt;&lt;strong&gt;**718-838-9907 Serious Inquires Only&lt;/strong&gt;** &lt;/p&gt;&lt;/p&gt;&lt;/p&gt;&lt;/p&gt;&lt;/p&gt;&lt;/p&gt;&lt;/p&gt;&lt;/p&gt;&lt;/p&gt;&lt;/p&gt;&lt;/p&gt;&lt;/p&gt;&lt;/p&gt;&lt;/p&gt;&lt;/p&gt;</description>
      <start_time>2014-06-07 18:00:00</start_time>
      <stop_time>2014-06-07 22:00:00</stop_time>
      <venue_id>V0-001-005943753-9</venue_id>
      <all_day>0</all_day>
      <recur_string></recur_string>
      <created>2013-08-13 12:03:41</created>
      <owner>evdb</owner>
      <privacy>1</privacy>
      <free></free>
      <price>   12.00 Music Industry Seminar 12.00 &lt;br&gt;&lt;br&gt;   0.00 Free Tickets to Music Industry Seminar 0.00 &lt;br&gt;&lt;br&gt;
</price>
      <modified>2013-10-11 07:26:02</modified>
      <popularity>0004</popularity>
      <performers></performers>
      <tickets>
        <link>
          <url>http://musicindustryseminaril-eventful.eventbrite.com/r/eventful</url>
          <description></description>
          <provider>eventbrite.com</provider>
          <time>2013-08-13 12:03:44</time>
        </link>
      </tickets>
      <image>
        <url>http://s3.evcdn.com/images/block/I0-001/014/523/006-0.gif_/500-first-place-prize-music-industry-seminar-chica-06.gif</url>
        <width>128</width>
        <height>128</height>
        <block>
          <url>http://s3.evcdn.com/images/block/I0-001/014/523/006-0.gif_/500-first-place-prize-music-industry-seminar-chica-06.gif</url>
          <width>128</width>
          <height>128</height>
        </block>
        <large>
          <url>http://s3.evcdn.com/images/large/I0-001/014/523/006-0.gif_/500-first-place-prize-music-industry-seminar-chica-06.gif</url>
          <width>480</width>
          <height>480</height>
        </large>
      </image>
      <categories>
        <category>
          <id>music</id>
          <name>Concerts &amp;amp; Tour Dates</name>
        </category>
      </categories>
      <subcategories></subcategories>
    </event>
    <event>
      <id>E0-001-024653062-7</id>
      <url>http://eventful.com/cincinnati_oh/events/jr-brow-/E0-001-024653062-7?utm_source=apis&amp;utm_medium=apim&amp;utm_campaign=apic</url>
      <title>JR Brow</title>
      <description> &lt;p&gt;With Ryan Fohl, emcee.&lt;p&gt;Presented by &lt;a href="http://www.cincinnatiusa.com/cinlink.aspType=Event&amp;ID=18877&amp;Website=http://www.gobananascomedy.com&amp;Name=JR20Brow" rel="nofollow"&gt;Go Bananas&lt;/a&gt; Go Bananas is a comedy club in Montgomery. &lt;p&gt;&lt;b&gt;Type of event:&lt;/b&gt; On Stage - Comedy&lt;br&gt;&lt;/p&gt;&lt;/p&gt;&lt;/p&gt;</description>
      <start_time>1969-12-31 15:59:59</start_time>
      <stop_time></stop_time>
      <venue_id>V0-001-000815292-8</venue_id>
      <all_day>2</all_day>
      <recur_string></recur_string>
      <created>2009-09-12 13:43:17</created>
      <owner>evdb</owner>
      <privacy>1</privacy>
      <free></free>
      <price></price>
      <modified>2011-05-31 10:30:08</modified>
      <popularity>0004</popularity>
      <performers></performers>
      <tickets></tickets>
      <image>
        <url>http://s4.evcdn.com/images/block/I0-001/001/544/039-9.jpeg_/jr-brow-39.jpeg</url>
        <width>128</width>
        <height>128</height>
        <block>
          <url>http://s4.evcdn.com/images/block/I0-001/001/544/039-9.jpeg_/jr-brow-39.jpeg</url>
          <width>128</width>
          <height>128</height>
        </block>
        <large>
          <url>http://s4.evcdn.com/images/large/I0-001/001/544/039-9.jpeg_/jr-brow-39.jpeg</url>
          <width>480</width>
          <height>480</height>
        </large>
      </image>
      <categories>
        <category>
          <id>other</id>
          <name>Other &amp;amp; Miscellaneous</name>
        </category>
      </categories>
      <subcategories></subcategories>
    </event>
    <event>
      <id>E0-001-060267971-7</id>
      <url>http://eventful.com/nellysford/events/fourth-july-food-drink-specials-/E0-001-060267971-7?utm_source=apis&amp;utm_medium=apim&amp;utm_campaign=apic</url>
      <title>Fourth of July Food &amp; Drink Specials</title>
      <description> &lt;p&gt;Celebrate the Fourth of July at Wild Wolf Brewing Company with Food &amp; Drink Specials, plus Live Music.&lt;br&gt;&lt;br&gt;&lt;br&gt;Last Updated: 8/13/2013 11:32 AM
&lt;/p&gt;</description>
      <start_time>2014-07-04 11:30:00</start_time>
      <stop_time>2014-07-04 22:00:00</stop_time>
      <venue_id>V0-001-005357978-1</venue_id>
      <all_day>0</all_day>
      <recur_string></recur_string>
      <created>2013-08-17 20:55:25</created>
      <owner>evdb</owner>
      <privacy>1</privacy>
      <free></free>
      <price></price>
      <modified>2013-08-17 20:55:25</modified>
      <popularity>0004</popularity>
      <performers></performers>
      <tickets></tickets>
      <image>
        <url>http://s1.evcdn.com/images/block/I0-001/014/545/584-5.jpeg_/fourth-july-food-drink-specials-84.jpeg</url>
        <width>128</width>
        <height>128</height>
        <block>
          <url>http://s1.evcdn.com/images/block/I0-001/014/545/584-5.jpeg_/fourth-july-food-drink-specials-84.jpeg</url>
          <width>128</width>
          <height>128</height>
        </block>
        <large>
          <url>http://s1.evcdn.com/images/large/I0-001/014/545/584-5.jpeg_/fourth-july-food-drink-specials-84.jpeg</url>
          <width>480</width>
          <height>480</height>
        </large>
      </image>
      <categories>
        <category>
          <id>holiday</id>
          <name>Holiday</name>
        </category>
        <category>
          <id>community</id>
          <name>Neighborhood</name>
        </category>
      </categories>
      <subcategories>
        <subcategory>
          <id>community_holiday</id>
          <parent>community</parent>
          <name>Neighborhood: Holiday</name>
          <short_name>Holiday</short_name>
        </subcategory>
      </subcategories>
    </event>
    <event>
      <id>E0-001-060267606-6</id>
      <url>http://eventful.com/lovingston/events/celebrating-veterans-democracy-vineyards-/E0-001-060267606-6?utm_source=apis&amp;utm_medium=apim&amp;utm_campaign=apic</url>
      <title>Celebrating Veterans at Democracy Vineyards</title>
      <description> &lt;p&gt;Celebrating Veterans at Democracy Vineyards. Live music by Rag Top on a special day honoring those who have served our nation in the military. Discounts to anyone with a military or Department of Veterans Affairs ID.&lt;br&gt;&lt;br&gt;&lt;br&gt;Last Updated: 8/16/2013 11:28 AM
&lt;/p&gt;</description>
      <start_time>2014-11-09 14:00:00</start_time>
      <stop_time>2014-11-09 17:00:00</stop_time>
      <venue_id>V0-001-006297925-7</venue_id>
      <all_day>0</all_day>
      <recur_string></recur_string>
      <created>2013-08-17 20:47:53</created>
      <owner>evdb</owner>
      <privacy>1</privacy>
      <free></free>
      <price></price>
      <modified>2013-08-17 20:47:53</modified>
      <popularity>0004</popularity>
      <performers></performers>
      <tickets></tickets>
      <image>
        <url>http://s1.evcdn.com/images/block/I0-001/013/970/160-0.jpeg_/celebrating-veterans-democracy-vineyards-60.jpeg</url>
        <width>128</width>
        <height>128</height>
        <block>
          <url>http://s1.evcdn.com/images/block/I0-001/013/970/160-0.jpeg_/celebrating-veterans-democracy-vineyards-60.jpeg</url>
          <width>128</width>
          <height>128</height>
        </block>
        <large>
          <url>http://s1.evcdn.com/images/large/I0-001/013/970/160-0.jpeg_/celebrating-veterans-democracy-vineyards-60.jpeg</url>
          <width>480</width>
          <height>480</height>
        </large>
      </image>
      <categories>
        <category>
          <id>community</id>
          <name>Neighborhood</name>
        </category>
        <category>
          <id>politics_activism</id>
          <name>Politics &amp;amp; Activism</name>
        </category>
      </categories>
      <subcategories></subcategories>
    </event>
    <event>
      <id>E0-001-061520441-6</id>
      <url>http://eventful.com/ithaca/events/cau-travel-program-italy-concept-time-parma-and-bolo-/E0-001-061520441-6?utm_source=apis&amp;utm_medium=apim&amp;utm_campaign=apic</url>
      <title>CAU travel program: Italy: The Concept of Time in Parma and Bologna from Copernicus to Cosmology, with Martha Haynes and Riccardo Giovanelli</title>
      <description> Italy, Parma, Bologna, Busseto Italy, Parma, Bologna, Busseto, Parma, Emilia Romagna&lt;p&gt;Astronomy and timekeeping have been connected for at least five thousand years. Early calendars were based on three obvious repeating cycles: the solar day, the lunar month, and the solar year. During the Renaissance, astronomers at universities in both Parma and Bologna precisely observed the nature of the celestial bodies, focusing especially on the sun&amp;#39;s motion. Even before 1500, Copernicus, then a student at Bologna, became convinced that the geocentric model was wrong—forty years before he published his famous book! &lt;br&gt;Today, historical astronomical clocks, sundials, analemmas (sun calendars), and solar meridians abound in northern Italy. Cornell astronomers Martha Haynes and Riccardo Giovanelli will lead our exploration of the astronomical basis of time, showing us how the historical devices work and how the concept of time has advanced from Copernican times to today&amp;#39;s era of precision cosmology. &lt;br&gt;Walking the streets of Parma and Bologna and visiting towns and castles in the provinces around them, we’ll decipher the sun calendars in the main squares in Parma and in Busseto, the birthplace of Verdi. We will also enjoy other cultural highlights and savor the still-rich connections between the humanities and the sciences in Emilia-Romagna as we contemplate how time and age relate to fine cheese, wine, and the unrivaled prosciutto di Parma. &lt;br&gt;Program website: &lt;a href="http://www.sce.cornell.edu/cau/off_campus/courses.php" rel="nofollow"&gt;www.sce.cornell.edu/cau/off_campus/courses.php&lt;/a&gt;? &lt;br&gt;v=17094 &lt;br&gt;This program is part of Cornell Adult University’s (CAU), which offers acclaimed education vacations designed and led by Cornell faculty. Programs include off-campus travel adventures and week-long on-campus summer courses open to all, including Cornell alumni, families, and friends. &lt;br&gt;For more information and to register, visit &lt;a href="http://www.cau.cornell.edu/" rel="nofollow"&gt;www.cau.cornell.edu&lt;/a&gt; , e-mail&lt;/p&gt;</description>
      <start_time>2014-07-14 00:00:00</start_time>
      <stop_time></stop_time>
      <venue_id>V0-001-000324420-6</venue_id>
      <all_day>2</all_day>
      <recur_string></recur_string>
      <created>2013-09-21 05:52:04</created>
      <owner>evdb</owner>
      <privacy>1</privacy>
      <free></free>
      <price>Please see event website for details.</price>
      <modified>2013-09-28 22:36:39</modified>
      <popularity>0004</popularity>
      <performers></performers>
      <tickets></tickets>
      <image>
        <url>http://s2.evcdn.com/images/block/I0-001/014/770/005-9.png_/cau-travel-program-italy-concept-time-parma-and-bo-05.png</url>
        <width>128</width>
        <height>128</height>
        <block>
          <url>http://s2.evcdn.com/images/block/I0-001/014/770/005-9.png_/cau-travel-program-italy-concept-time-parma-and-bo-05.png</url>
          <width>128</width>
          <height>128</height>
        </block>
        <large>
          <url>http://s2.evcdn.com/images/large/I0-001/014/770/005-9.png_/cau-travel-program-italy-concept-time-parma-and-bo-05.png</url>
          <width>480</width>
          <height>480</height>
        </large>
      </image>
      <categories>
        <category>
          <id>learning_education</id>
          <name>Education</name>
        </category>
        <category>
          <id>schools_alumni</id>
          <name>University &amp;amp; Alumni</name>
        </category>
      </categories>
      <subcategories></subcategories>
    </event>
    <event>
      <id>E0-001-059816032-1</id>
      <url>http://eventful.com/ithaca/events/cornell-alumni-association-travel-program-national-p-/E0-001-059816032-1?utm_source=apis&amp;utm_medium=apim&amp;utm_campaign=apic</url>
      <title>Cornell Alumni Association Travel Program: National Parks and Lodges of the Old West</title>
      <description> Rapid City, S. Dakota; Jackson, Wyoming Rapid City, S. Dakota; Jackson, Wyoming&lt;p&gt;Drive along the Amalfi Coast, one of the most amazing Mediterranean shores, and delight in the colorful architecture of the vertical town of Positano and the charming resort town of Amalfi. Sample local delicacies, talk with area residents about life in Italy and travel back in time with a visit to Naples’ historic center and renowned Museo Archeologico Nazionale. From approx. $2795 per person &lt;br&gt;For more info&lt;/p&gt;</description>
      <start_time>2014-07-12 00:00:00</start_time>
      <stop_time></stop_time>
      <venue_id>V0-001-000324420-6</venue_id>
      <all_day>2</all_day>
      <recur_string></recur_string>
      <created>2013-08-05 06:57:40</created>
      <owner>evdb</owner>
      <privacy>1</privacy>
      <free></free>
      <price>Please see event website for details.</price>
      <modified>2013-09-28 22:50:33</modified>
      <popularity>0004</popularity>
      <performers></performers>
      <tickets></tickets>
      <image>
        <url>http://s2.evcdn.com/images/block/I0-001/014/770/005-9.png_/cornell-alumni-association-travel-program-national-05.png</url>
        <width>128</width>
        <height>128</height>
        <block>
          <url>http://s2.evcdn.com/images/block/I0-001/014/770/005-9.png_/cornell-alumni-association-travel-program-national-05.png</url>
          <width>128</width>
          <height>128</height>
        </block>
        <large>
          <url>http://s2.evcdn.com/images/large/I0-001/014/770/005-9.png_/cornell-alumni-association-travel-program-national-05.png</url>
          <width>480</width>
          <height>480</height>
        </large>
      </image>
      <categories>
        <category>
          <id>learning_education</id>
          <name>Education</name>
        </category>
        <category>
          <id>schools_alumni</id>
          <name>University &amp;amp; Alumni</name>
        </category>
      </categories>
      <subcategories></subcategories>
    </event>
    <event>
      <id>E0-001-061520491-1</id>
      <url>http://eventful.com/ithaca/events/cau-travel-program-plays-thing-london-theater-glenn-/E0-001-061520491-1?utm_source=apis&amp;utm_medium=apim&amp;utm_campaign=apic</url>
      <title>CAU travel program: The Play&amp;#194;'s the Thing: London Theater, with Glenn Altschuler and David Feldshuh</title>
      <description> London, England London, England, London, England&lt;p&gt;Legendary acting teacher Stella Adler says of the Greek word “theater,” “It means ‘the seeing place.’ It is the place people come to see the truth about life.” And such a range of truths we will see during CAU’s fourteenth journey to enjoy the perennially exciting London stage, with its varied, riveting, often intimate productions. &lt;br&gt;We’ll take in five plays in the West End and at the Royal National Theatre, framed by illuminating pre-performance lectures and post-performance discussions led by David Feldshuh and Glenn Altschuler (who will select the plays this winter). Enriching our visit, we will have an hour-long discussion with a British actor appearing in one of our plays and take a fascinating tour backstage at the National Theatre, seeing how the costumes and sets are constructed. &lt;br&gt;As a practicing director, actor, and playwright, David will focus our attention on the theatrical possibilities and challenges of each production, while Glenn will emphasize the themes and contexts of the plays. Together, they will help us to explore the imaginative process necessary to transform the written script of each play into a dynamic theatrical experience. &lt;br&gt;Program website: &lt;a href="http://www.sce.cornell.edu/cau/off_campus/courses.php?v=17093" rel="nofollow"&gt;www.sce.cornell.edu/cau/off_campus/courses.php?v=17093&lt;/a&gt;&lt;br&gt;This program is part of Cornell Adult University’s (CAU), which offers acclaimed education vacations designed and led by Cornell faculty. Programs include off-campus travel adventures and week-long on-campus summer courses open to all, including Cornell alumni, families, and friends. &lt;br&gt;For more information and to register, visit &lt;a href="http://www.cau.cornell.edu/" rel="nofollow"&gt;www.cau.cornell.edu&lt;/a&gt; , e-mail &lt;a href="mailto:cauinfo@cornell.edu" rel="nofollow"&gt;cauinfo@cornell.edu&lt;/a&gt; , or call 607.255.6260.&lt;/p&gt;</description>
      <start_time>2014-05-04 00:00:00</start_time>
      <stop_time></stop_time>
      <venue_id>V0-001-000324420-6</venue_id>
      <all_day>2</all_day>
      <recur_string></recur_string>
      <created>2013-09-21 05:53:06</created>
      <owner>evdb</owner>
      <privacy>1</privacy>
      <free></free>
      <price>Please see event website for details.</price>
      <modified>2013-09-28 22:36:47</modified>
      <popularity>0004</popularity>
      <performers></performers>
      <tickets></tickets>
      <image>
        <url>http://s2.evcdn.com/images/block/I0-001/014/770/005-9.png_/cau-travel-program-plays-thing-london-theater-glen-05.png</url>
        <width>128</width>
        <height>128</height>
        <block>
          <url>http://s2.evcdn.com/images/block/I0-001/014/770/005-9.png_/cau-travel-program-plays-thing-london-theater-glen-05.png</url>
          <width>128</width>
          <height>128</height>
        </block>
        <large>
          <url>http://s2.evcdn.com/images/large/I0-001/014/770/005-9.png_/cau-travel-program-plays-thing-london-theater-glen-05.png</url>
          <width>480</width>
          <height>480</height>
        </large>
      </image>
      <categories>
        <category>
          <id>learning_education</id>
          <name>Education</name>
        </category>
        <category>
          <id>schools_alumni</id>
          <name>University &amp;amp; Alumni</name>
        </category>
      </categories>
      <subcategories></subcategories>
    </event>
    <event>
      <id>E0-001-058963366-7</id>
      <url>http://eventful.com/ithaca/events/cornell-alumni-association-travel-program-classical-/E0-001-058963366-7?utm_source=apis&amp;utm_medium=apim&amp;utm_campaign=apic</url>
      <title>Cornell Alumni Association Travel Program: Classical Highlights of China</title>
      <description> Beijing, Shanghai, Xian, China Beijing, Shanghai, Xian, China, Xi&amp;#39;an, Shaanxi&lt;p&gt;Drive along the Amalfi Coast, one of the most amazing Mediterranean shores, and delight in the colorful architecture of the vertical town of Positano and the charming resort town of Amalfi. Sample local delicacies, talk with area residents about life in Italy and travel back in time with a visit to Naples’ historic center and renowned Museo Archeologico Nazionale. From approx. $2795 per person &lt;br&gt;For more info&lt;/p&gt;</description>
      <start_time>2014-06-09 00:00:00</start_time>
      <stop_time></stop_time>
      <venue_id>V0-001-000324420-6</venue_id>
      <all_day>2</all_day>
      <recur_string></recur_string>
      <created>2013-07-08 23:50:36</created>
      <owner>evdb</owner>
      <privacy>1</privacy>
      <free></free>
      <price>Please see event website for details.</price>
      <modified>2013-09-28 22:50:21</modified>
      <popularity>0004</popularity>
      <performers></performers>
      <tickets></tickets>
      <image>
        <url>http://s2.evcdn.com/images/block/I0-001/014/770/005-9.png_/cornell-alumni-association-travel-program-classica-05.png</url>
        <width>128</width>
        <height>128</height>
        <block>
          <url>http://s2.evcdn.com/images/block/I0-001/014/770/005-9.png_/cornell-alumni-association-travel-program-classica-05.png</url>
          <width>128</width>
          <height>128</height>
        </block>
        <large>
          <url>http://s2.evcdn.com/images/large/I0-001/014/770/005-9.png_/cornell-alumni-association-travel-program-classica-05.png</url>
          <width>480</width>
          <height>480</height>
        </large>
      </image>
      <categories>
        <category>
          <id>learning_education</id>
          <name>Education</name>
        </category>
        <category>
          <id>schools_alumni</id>
          <name>University &amp;amp; Alumni</name>
        </category>
      </categories>
      <subcategories></subcategories>
    </event>
    <event>
      <id>E0-001-060030682-6</id>
      <url>http://eventful.com/montebello_va/events/montebello-community-market-/E0-001-060030682-6?utm_source=apis&amp;utm_medium=apim&amp;utm_campaign=apic</url>
      <title>Montebello Community Market</title>
      <description> &lt;p&gt;Arts and crafts fair with large flea market. Bake sale, bluegrass music, and food. Fire and rescue equipment on display. Berry cobbler a specialty of the fair.&lt;br&gt;&lt;br&gt;&lt;br&gt;Last Updated: 8/6/2013 10:18 AM
&lt;/p&gt;</description>
      <start_time>2014-08-31 10:00:00</start_time>
      <stop_time>2014-08-31 16:00:00</stop_time>
      <venue_id>V0-001-001537314-9</venue_id>
      <all_day>0</all_day>
      <recur_string></recur_string>
      <created>2013-08-10 13:06:04</created>
      <owner>evdb</owner>
      <privacy>1</privacy>
      <free></free>
      <price></price>
      <modified>2013-08-10 13:06:04</modified>
      <popularity>0004</popularity>
      <performers></performers>
      <tickets></tickets>
      <image>
        <url>http://s3.evcdn.com/images/block/I0-001/014/509/374-2.jpeg_/montebello-community-market-74.jpeg</url>
        <width>128</width>
        <height>128</height>
        <block>
          <url>http://s3.evcdn.com/images/block/I0-001/014/509/374-2.jpeg_/montebello-community-market-74.jpeg</url>
          <width>128</width>
          <height>128</height>
        </block>
        <large>
          <url>http://s3.evcdn.com/images/large/I0-001/014/509/374-2.jpeg_/montebello-community-market-74.jpeg</url>
          <width>480</width>
          <height>480</height>
        </large>
      </image>
      <categories>
        <category>
          <id>community</id>
          <name>Neighborhood</name>
        </category>
      </categories>
      <subcategories></subcategories>
    </event>
    <event>
      <id>E0-001-059178116-1</id>
      <url>http://eventful.com/scottsdale/events/6-steps-putting-your-business-autopilot-/E0-001-059178116-1?utm_source=apis&amp;utm_medium=apim&amp;utm_campaign=apic</url>
      <title>6 Steps to Putting Your Business on Autopilot</title>
      <description> &lt;p&gt;&lt;strong&gt;“6 Steps to Putting Your &lt;br&gt;Business on Autopilot&lt;/strong&gt;&lt;strong&gt;”&lt;/strong&gt; &lt;p&gt;Complimentary Workshop&lt;p&gt; &lt;p&gt;You will discover...&lt;ul&gt;&lt;li&gt; Clarity on moving your business from a state of chaos, to a state of control!&lt;li&gt; 5 factors to boost 10% that increase your profits 61%&lt;li&gt; The most important factor in hiring any new team&lt;li&gt; Learn which ONE personality trait can skyrocket your sales!&lt;/li&gt;&lt;/li&gt;&lt;/li&gt;&lt;/li&gt;&lt;/ul&gt;&lt;p&gt;AND SO MUCH MORE!&lt;p&gt; &lt;p&gt;“I am improving my conversion ratio and my average sales are up 30%!”&lt;p&gt; &lt;p&gt;&lt;p&gt;Don’t you owe it to yourself to invest some of your time learning how your business can reach its full potential?  Over 15,000+ business owners in 40 countries trust &lt;strong&gt;ActionCOACH &lt;/strong&gt;to help them get control of their time, earn more money, build better teams and get more out of life! It is through your success that together we will be putting over 25,000 new jobs back into the economy.&lt;p&gt;&lt;br&gt;&lt;p&gt;- Refreshments Provided -&lt;/p&gt;&lt;/p&gt;&lt;/p&gt;&lt;/p&gt;&lt;/p&gt;&lt;/p&gt;&lt;/p&gt;&lt;/p&gt;&lt;/p&gt;&lt;/p&gt;&lt;/p&gt;&lt;/p&gt;</description>
      <start_time>2014-05-13 12:25:00</start_time>
      <stop_time>2014-05-13 15:00:00</stop_time>
      <venue_id>V0-001-005905158-8</venue_id>
      <all_day>0</all_day>
      <recur_string></recur_string>
      <created>2013-07-15 05:43:08</created>
      <owner>evdb</owner>
      <privacy>1</privacy>
      <free></free>
      <price>Visit EventBrite.com for pricing.
</price>
      <modified>2013-07-15 05:53:11</modified>
      <popularity>0004</popularity>
      <performers></performers>
      <tickets>
        <link>
          <url>http://lechtersixsteps-eventful.eventbrite.com/r/eventful</url>
          <description></description>
          <provider>eventbrite.com</provider>
          <time>2013-07-15 05:43:20</time>
        </link>
      </tickets>
      <image>
        <url>http://s4.evcdn.com/images/block/I0-001/014/328/459-9.jpeg_/6-steps-putting-your-business-autopilot-59.jpeg</url>
        <width>128</width>
        <height>128</height>
        <block>
          <url>http://s4.evcdn.com/images/block/I0-001/014/328/459-9.jpeg_/6-steps-putting-your-business-autopilot-59.jpeg</url>
          <width>128</width>
          <height>128</height>
        </block>
        <large>
          <url>http://s4.evcdn.com/images/large/I0-001/014/328/459-9.jpeg_/6-steps-putting-your-business-autopilot-59.jpeg</url>
          <width>480</width>
          <height>480</height>
        </large>
      </image>
      <categories>
        <category>
          <id>conference</id>
          <name>Conferences &amp;amp; Tradeshows</name>
        </category>
      </categories>
      <subcategories></subcategories>
    </event>
    <event>
      <id>E0-001-057453742-0</id>
      <url>http://eventful.com/collegepark/events/umd-wind-orchestra-contrasts-/E0-001-057453742-0?utm_source=apis&amp;utm_medium=apim&amp;utm_campaign=apic</url>
      <title>UMD Wind Orchestra: Contrasts</title>
      <description> &lt;p&gt;This final program of the UMD Wind Orchestra’s 2013–2014 season pairs the playful rhythms and varied orchestral textures of Magnus Lindberg’s &lt;em&gt;Gran Duo&lt;/em&gt; with the blended, consistent and serene qualities of Steve Reich’s &lt;em&gt;Tehillim&lt;/em&gt;.&lt;p&gt;Lindberg, who served as Composer-in-Residence with the New York Philharmonic from 2009–2011, is known for using musical language that is highly complex yet highly full of vim and verve. Reich is one of the pioneering composers of minimal music; his 1981 work &lt;em&gt;Tehillim&lt;/em&gt; was the first major composition to reference his new-found interest in his Jewish heritage and it is seen as something of a departure from his earlier, more experimental, works.&lt;p&gt;The concert opens with a preview of the UMD Symphony Orchestra’s original interpretation of Copland’s &lt;em&gt;Appalachian Spring&lt;/em&gt; with movement design by UMD alumna and renowned choreographer Liz Lerman.&lt;br&gt;&lt;br&gt;&lt;br&gt;
&lt;/p&gt;&lt;/p&gt;&lt;/p&gt;</description>
      <start_time>2014-05-02 20:00:00</start_time>
      <stop_time></stop_time>
      <venue_id>V0-001-000307861-2</venue_id>
      <all_day>0</all_day>
      <recur_string></recur_string>
      <created>2013-05-17 12:45:12</created>
      <owner>evdb</owner>
      <privacy>1</privacy>
      <free></free>
      <price>Regular: $25&lt;br&gt;Subscriber: $20&lt;br&gt;Senior Citizen: $20&lt;br&gt;UMD Alumni Association: $20&lt;br&gt;UMD Faculty &amp; Staff: $20&lt;br&gt;Students &amp; Youth: $10&lt;br&gt;</price>
      <modified>2013-05-28 14:24:28</modified>
      <popularity>0004</popularity>
      <performers></performers>
      <tickets></tickets>
      <image>
        <url>http://s3.evcdn.com/images/block/I0-001/014/108/570-9.jpeg_/umd-wind-orchestra-contrasts-70.jpeg</url>
        <width>128</width>
        <height>128</height>
        <block>
          <url>http://s3.evcdn.com/images/block/I0-001/014/108/570-9.jpeg_/umd-wind-orchestra-contrasts-70.jpeg</url>
          <width>128</width>
          <height>128</height>
        </block>
        <large>
          <url>http://s3.evcdn.com/images/large/I0-001/014/108/570-9.jpeg_/umd-wind-orchestra-contrasts-70.jpeg</url>
          <width>480</width>
          <height>480</height>
        </large>
      </image>
      <categories>
        <category>
          <id>performing_arts</id>
          <name>Performing Arts</name>
        </category>
      </categories>
      <subcategories></subcategories>
    </event>
    <event>
      <id>E0-001-058209274-6</id>
      <url>http://eventful.com/union_nj/events/nj-common-core-communities-practice-/E0-001-058209274-6?utm_source=apis&amp;utm_medium=apim&amp;utm_campaign=apic</url>
      <title>NJ Common Core Communities of Practice</title>
      <description> --[if gte mso 9]&amp;gt; 0 0 1 107 616 Kean University 5 1 722 14.0 [endif]--&amp;gt; &lt;p&gt;&lt;strong&gt;NJ Common Core Communities of Practice&lt;/strong&gt;&lt;p&gt;Common Core Communities of Practice focus on grassroots improvement of practice and provide a collaborative onsite/virtual workspace for teachers to connect instructional practices and inspire creative implementation, gain in-depth knowledge and take immediate action steps to enhance learning and teaching. In addition to collaborative work, each CoP meeting will feature a teacher expert on a specific topic identified by participants.&lt;p&gt;&lt;br&gt;&lt;strong&gt; Lauren Marrocco&lt;/strong&gt; graduated from Kean University with a bachelor&amp;#39;s degree in elementary education in 2003 and a master&amp;#39;s degree in educational administration and supervision in 2009. In 2009, she also received National Board Certification in reading and language arts literacy. She began her teaching career in 2003 at the Edward J. Patten Elementary School in Perth Amboy, N.J.&lt;p&gt;&lt;br&gt;&lt;p&gt;Lauren’s workshops will be held from &lt;strong&gt;8:00-12:00&lt;/strong&gt; in &lt;strong&gt;Hutchinson Hall Room 306&lt;/strong&gt; at the Kean University, Union Campus. A continental breakfast will be served and participants may bring a brown bag lunch.&lt;p&gt; &lt;/p&gt;&lt;/p&gt;&lt;/p&gt;&lt;/p&gt;&lt;/p&gt;&lt;/p&gt;</description>
      <start_time>2014-06-07 08:00:00</start_time>
      <stop_time>2014-06-07 12:00:00</stop_time>
      <venue_id>V0-001-000325337-4</venue_id>
      <all_day>0</all_day>
      <recur_string></recur_string>
      <created>2013-06-11 16:36:47</created>
      <owner>evdb</owner>
      <privacy>1</privacy>
      <free></free>
      <price>   NJ Common Core Communities of Practice 20.00 &lt;br&gt;&lt;br&gt;
</price>
      <modified>2013-06-11 16:36:47</modified>
      <popularity>0004</popularity>
      <performers></performers>
      <tickets>
        <link>
          <url>http://www.eventbrite.com/event/7052266519/eventful/r/eventful</url>
          <description></description>
          <provider>eventbrite.com</provider>
          <time>2013-06-11 16:40:05</time>
        </link>
      </tickets>
      <image>
        <url>http://s4.evcdn.com/images/block/I0-001/014/226/623-1.jpeg_/nj-common-core-communities-practice-23.jpeg</url>
        <width>128</width>
        <height>128</height>
        <block>
          <url>http://s4.evcdn.com/images/block/I0-001/014/226/623-1.jpeg_/nj-common-core-communities-practice-23.jpeg</url>
          <width>128</width>
          <height>128</height>
        </block>
        <large>
          <url>http://s4.evcdn.com/images/large/I0-001/014/226/623-1.jpeg_/nj-common-core-communities-practice-23.jpeg</url>
          <width>480</width>
          <height>480</height>
        </large>
      </image>
      <categories>
        <category>
          <id>conference</id>
          <name>Conferences &amp;amp; Tradeshows</name>
        </category>
      </categories>
      <subcategories></subcategories>
    </event>
    <event>
      <id>E0-001-060617192-1</id>
      <url>http://eventful.com/cleveland_oh/events/chamber-music-intensive-string-quartet-seminar-/E0-001-060617192-1?utm_source=apis&amp;utm_medium=apim&amp;utm_campaign=apic</url>
      <title>Chamber Music: Intensive String Quartet Seminar Gala Concert</title>
      <description> Cleveland Institute of Music presents: Program TBA
</description>
      <start_time>2014-05-01 19:00:00</start_time>
      <stop_time></stop_time>
      <venue_id>V0-001-001966938-1</venue_id>
      <all_day>0</all_day>
      <recur_string></recur_string>
      <created>2013-08-28 01:53:01</created>
      <owner>evdb</owner>
      <privacy>1</privacy>
      <free></free>
      <price></price>
      <modified>2013-08-28 01:53:01</modified>
      <popularity>0004</popularity>
      <performers></performers>
      <tickets></tickets>
      <image>
        <url>http://s4.evcdn.com/images/block/I0-001/014/595/307-3.jpeg_/chamber-music-intensive-string-quartet-seminar-gal-07.jpeg</url>
        <width>128</width>
        <height>128</height>
        <block>
          <url>http://s4.evcdn.com/images/block/I0-001/014/595/307-3.jpeg_/chamber-music-intensive-string-quartet-seminar-gal-07.jpeg</url>
          <width>128</width>
          <height>128</height>
        </block>
        <large>
          <url>http://s4.evcdn.com/images/large/I0-001/014/595/307-3.jpeg_/chamber-music-intensive-string-quartet-seminar-gal-07.jpeg</url>
          <width>480</width>
          <height>480</height>
        </large>
      </image>
      <categories>
        <category>
          <id>performing_arts</id>
          <name>Performing Arts</name>
        </category>
      </categories>
      <subcategories></subcategories>
    </event>
    <event>
      <id>E0-001-060617288-7</id>
      <url>http://eventful.com/cleveland_oh/events/guitar-weekend-lecture-master-guitar-maker-/E0-001-060617288-7?utm_source=apis&amp;utm_medium=apim&amp;utm_campaign=apic</url>
      <title>Guitar Weekend: Lecture: Master Guitar Maker</title>
      <description> Cleveland Institute of Music; Guitars International presents: Program TBA
</description>
      <start_time>2014-05-31 11:30:00</start_time>
      <stop_time></stop_time>
      <venue_id>V0-001-001966938-1</venue_id>
      <all_day>0</all_day>
      <recur_string></recur_string>
      <created>2013-08-28 01:55:49</created>
      <owner>evdb</owner>
      <privacy>1</privacy>
      <free></free>
      <price></price>
      <modified>2013-08-28 01:55:49</modified>
      <popularity>0004</popularity>
      <performers></performers>
      <tickets></tickets>
      <image>
        <url>http://s4.evcdn.com/images/block/I0-001/014/595/323-1.jpeg_/guitar-weekend-lecture-master-guitar-maker-23.jpeg</url>
        <width>128</width>
        <height>128</height>
        <block>
          <url>http://s4.evcdn.com/images/block/I0-001/014/595/323-1.jpeg_/guitar-weekend-lecture-master-guitar-maker-23.jpeg</url>
          <width>128</width>
          <height>128</height>
        </block>
        <large>
          <url>http://s4.evcdn.com/images/large/I0-001/014/595/323-1.jpeg_/guitar-weekend-lecture-master-guitar-maker-23.jpeg</url>
          <width>480</width>
          <height>480</height>
        </large>
      </image>
      <categories>
        <category>
          <id>performing_arts</id>
          <name>Performing Arts</name>
        </category>
      </categories>
      <subcategories></subcategories>
    </event>
    <event>
      <id>E0-001-060617335-4</id>
      <url>http://eventful.com/cleveland_oh/events/guitar-weekend-lecture-baroqueperformancepract-/E0-001-060617335-4?utm_source=apis&amp;utm_medium=apim&amp;utm_campaign=apic</url>
      <title>Guitar Weekend: Lecture: "Baroque Performance Practice on the Classical Guitar: Phrasing and Ornamentation" / Nigel North</title>
      <description> Cleveland Institute of Music; Guitars International presents: Program TBA
</description>
      <start_time>2014-06-01 18:15:00</start_time>
      <stop_time></stop_time>
      <venue_id>V0-001-001966938-1</venue_id>
      <all_day>0</all_day>
      <recur_string></recur_string>
      <created>2013-08-28 01:57:26</created>
      <owner>evdb</owner>
      <privacy>1</privacy>
      <free></free>
      <price></price>
      <modified>2013-08-28 01:57:26</modified>
      <popularity>0004</popularity>
      <performers></performers>
      <tickets></tickets>
      <image>
        <url>http://s1.evcdn.com/images/block/I0-001/014/595/332-9.jpeg_/guitar-weekend-lecture-baroqueperformancepracticeo-32.jpeg</url>
        <width>128</width>
        <height>128</height>
        <block>
          <url>http://s1.evcdn.com/images/block/I0-001/014/595/332-9.jpeg_/guitar-weekend-lecture-baroqueperformancepracticeo-32.jpeg</url>
          <width>128</width>
          <height>128</height>
        </block>
        <large>
          <url>http://s1.evcdn.com/images/large/I0-001/014/595/332-9.jpeg_/guitar-weekend-lecture-baroqueperformancepracticeo-32.jpeg</url>
          <width>480</width>
          <height>480</height>
        </large>
      </image>
      <categories>
        <category>
          <id>performing_arts</id>
          <name>Performing Arts</name>
        </category>
      </categories>
      <subcategories></subcategories>
    </event>
    <event>
      <id>E0-001-060658779-7</id>
      <url>http://eventful.com/newyork_ny/events/shabbat-after-dark-20s-and-30s-/E0-001-060658779-7?utm_source=apis&amp;utm_medium=apim&amp;utm_campaign=apic</url>
      <title>Shabbat After Dark for 20s and 30s</title>
      <description> 6:00 p.m. (come any time)2013: September 27, October 25, November 22, December 202014: January 24, February 21, March 28, April 25, May 23, June 13 It’s back! After a hugely successful inaugural year, SWFS is proud to present Shabbat After Dark once again. Meet other 20s and 30s at these energetic Shabbat services featuring our full band. Following services, join us for some drinks, casual conversation with your peers, and the sweet taste of Insomnia Cookies. Services begin at 6:00 p.m., join us anytime. RSVP required, so we can save you a space Questions, contact rabbifersko@swfs.org SWFS Shabbat After Dark May 23, 2014 - $0.00</description>
      <start_time>2014-05-23 18:00:00</start_time>
      <stop_time></stop_time>
      <venue_id>V0-001-001507634-3</venue_id>
      <all_day>0</all_day>
      <recur_string></recur_string>
      <created>2013-08-29 21:15:37</created>
      <owner>evdb</owner>
      <privacy>1</privacy>
      <free></free>
      <price>$0</price>
      <modified>2013-09-12 04:48:51</modified>
      <popularity>0004</popularity>
      <performers></performers>
      <tickets>
        <link>
          <url>http://swfs.ticketleap.com/shabbat-after-dark/dates/May-23-2014_at_0600PM</url>
          <description></description>
          <provider>ticketleap.com</provider>
          <time>2013-08-29 21:15:41</time>
        </link>
      </tickets>
      <image>
        <url>http://s3.evcdn.com/images/block/I0-001/013/464/742-2.jpeg_/shabbat-after-dark-20s-and-30s-42.jpeg</url>
        <width>128</width>
        <height>128</height>
        <block>
          <url>http://s3.evcdn.com/images/block/I0-001/013/464/742-2.jpeg_/shabbat-after-dark-20s-and-30s-42.jpeg</url>
          <width>128</width>
          <height>128</height>
        </block>
        <large>
          <url>http://s3.evcdn.com/images/large/I0-001/013/464/742-2.jpeg_/shabbat-after-dark-20s-and-30s-42.jpeg</url>
          <width>480</width>
          <height>480</height>
        </large>
      </image>
      <categories>
        <category>
          <id>other</id>
          <name>Other &amp;amp; Miscellaneous</name>
        </category>
      </categories>
      <subcategories></subcategories>
    </event>
    <event>
      <id>E0-001-061835143-2</id>
      <url>http://eventful.com/newyork_ny/events/kaufman-music-centers-special-music-school-high-/E0-001-061835143-2?utm_source=apis&amp;utm_medium=apim&amp;utm_campaign=apic</url>
      <title>Kaufman Music Centers Special Music School High School and Face the Music</title>
      <description> Face The Music; Kaufman Music Center presents: Iyer: Three Fragments; Huang Ruo: The Lost Garden: Chamber Concerto no 2
</description>
      <start_time>2014-06-01 11:00:00</start_time>
      <stop_time></stop_time>
      <venue_id>V0-001-007336654-7</venue_id>
      <all_day>0</all_day>
      <recur_string></recur_string>
      <created>2013-09-29 03:21:43</created>
      <owner>evdb</owner>
      <privacy>1</privacy>
      <free></free>
      <price></price>
      <modified>2013-09-29 03:21:43</modified>
      <popularity>0004</popularity>
      <performers></performers>
      <tickets></tickets>
      <image>
        <url>http://s3.evcdn.com/images/block/I0-001/014/770/938-8.jpeg_/kaufman-music-centers-special-music-school-high-sc-38.jpeg</url>
        <width>128</width>
        <height>128</height>
        <block>
          <url>http://s3.evcdn.com/images/block/I0-001/014/770/938-8.jpeg_/kaufman-music-centers-special-music-school-high-sc-38.jpeg</url>
          <width>128</width>
          <height>128</height>
        </block>
        <large>
          <url>http://s3.evcdn.com/images/large/I0-001/014/770/938-8.jpeg_/kaufman-music-centers-special-music-school-high-sc-38.jpeg</url>
          <width>480</width>
          <height>480</height>
        </large>
      </image>
      <categories>
        <category>
          <id>performing_arts</id>
          <name>Performing Arts</name>
        </category>
      </categories>
      <subcategories></subcategories>
    </event>
    <event>
      <id>E0-001-057453662-5</id>
      <url>http://eventful.com/collegepark/events/twilight-los-angeles-1992-/E0-001-057453662-5?utm_source=apis&amp;utm_medium=apim&amp;utm_campaign=apic</url>
      <title>Twilight: Los Angeles, 1992</title>
      <description> &lt;p&gt;In 1991, the violent police assault of African American Rodney King ignited international outrage after being captured on videotape and aired widely. A year later in 1992, in the aftermath of the trial and acquittal of the police officers charged with assault, protest and riots broke out in the streets of Los Angeles, where the incident took place.&lt;p&gt;MacArthur ‘Genius’ award-winning playwright and actress Anna Deavere Smith weaves a stunning, comprehensive portrait through the verbatim words of 40 people from the ashes of the riots in this explosive piece of documentary theatre. Nominated for the 1994 Tony Award for Best Play, &lt;em&gt;Twilight: Los Angeles, 1992&lt;/em&gt; is the result of nearly 300 interviews Smith conducted in a nine-month span with gang members, police officers, lawyers, activists and shopkeepers from a diversity of class and racial backgrounds.&lt;p&gt;&lt;em&gt;Twilight&lt;/em&gt; offers a searing look at the impact of social, economic and political lines that divide not only a city, but also a nation, through the lens of a seminal moment in modern United States history.&lt;p&gt;TWILIGHT: LOS ANGELES, 1992 is presented by special arrangement with Dramatists Play Service, Inc., New York.&lt;p&gt;&lt;a href="http://claricesmithcenter.umd.edu/series/civil-war-civil-rights" rel="nofollow"&gt;&lt;/a&gt;&lt;p&gt;This event is part of our &lt;a href="http://claricesmithcenter.umd.edu/series/civil-war-civil-rights" rel="nofollow"&gt;&lt;strong&gt;Civil War to Civil Rights: The Well-Being of a Nation&lt;/strong&gt;&lt;/a&gt; series.&lt;br&gt;&lt;br&gt;&lt;br&gt;
&lt;/p&gt;&lt;/p&gt;&lt;/p&gt;&lt;/p&gt;&lt;/p&gt;&lt;/p&gt;</description>
      <start_time>2014-05-03 19:30:00</start_time>
      <stop_time></stop_time>
      <venue_id>V0-001-000307861-2</venue_id>
      <all_day>0</all_day>
      <recur_string></recur_string>
      <created>2013-05-17 12:42:33</created>
      <owner>evdb</owner>
      <privacy>1</privacy>
      <free></free>
      <price>Regular: $25&lt;br&gt;Subscriber: $20&lt;br&gt;Senior Citizen: $20&lt;br&gt;UMD Alumni Association: $20&lt;br&gt;UMD Faculty &amp; Staff: $20&lt;br&gt;Students &amp; Youth: $10&lt;br&gt;</price>
      <modified>2013-09-29 06:26:41</modified>
      <popularity>0004</popularity>
      <performers></performers>
      <tickets></tickets>
      <image>
        <url>http://s4.evcdn.com/images/block/I0-001/014/582/299-5.jpeg_/twilight-los-angeles-1992-99.jpeg</url>
        <width>128</width>
        <height>128</height>
        <block>
          <url>http://s4.evcdn.com/images/block/I0-001/014/582/299-5.jpeg_/twilight-los-angeles-1992-99.jpeg</url>
          <width>128</width>
          <height>128</height>
        </block>
        <large>
          <url>http://s4.evcdn.com/images/large/I0-001/014/582/299-5.jpeg_/twilight-los-angeles-1992-99.jpeg</url>
          <width>480</width>
          <height>480</height>
        </large>
      </image>
      <categories>
        <category>
          <id>performing_arts</id>
          <name>Performing Arts</name>
        </category>
      </categories>
      <subcategories></subcategories>
    </event>
    <event>
      <id>E0-001-047205165-5</id>
      <url>http://eventful.com/wallopsisland/events/junior-marine-biologist-coastal-mammals-marin-/E0-001-047205165-5?utm_source=apis&amp;utm_medium=apim&amp;utm_campaign=apic</url>
      <title>Junior Marine Biologist- Coastal Mammals- Marine Science Consortium</title>
      <description> &lt;p&gt;Dolphins, ponies, squirrels, oh my! The Eastern Shore is home to a unique collection of mammals, including bottle-nosed dolphins, the endangered Delmarva Fox Squirrel, and the famous wild ponies of Assateague Island. During this camp, participants will learn the basics of mammalogy and how mammals survive and interact in the coastal and marine habitats of Virginia’s Eastern Shore. Set live-traps for small mammals on the MSC campus, learn how to identify dolphins for dolphin research, and take home your very own mammal skull. Age 13-15&lt;br&gt;&lt;a href="https://msconsortium.wufoo.com/forms/residential-summer-camp-2013-application-form/" rel="nofollow"&gt;&lt;/a&gt;&lt;br&gt;&lt;strong&gt;Admission Fee: &lt;/strong&gt;$599/person &lt;br&gt;&lt;/p&gt;</description>
      <start_time>2014-07-27 00:00:00</start_time>
      <stop_time>2014-08-01 00:00:00</stop_time>
      <venue_id>V0-001-005152033-8</venue_id>
      <all_day>2</all_day>
      <recur_string></recur_string>
      <created>2012-03-31 15:06:26</created>
      <owner>evdb</owner>
      <privacy>1</privacy>
      <free></free>
      <price>$599/person</price>
      <modified>2013-09-16 12:32:00</modified>
      <popularity>0004</popularity>
      <performers></performers>
      <tickets></tickets>
      <image>
        <url>http://s1.evcdn.com/images/block/I0-001/007/434/012-0.jpeg_/junior-marine-biologist-coastal-mammals-marine-sci-12.jpeg</url>
        <width>128</width>
        <height>128</height>
        <block>
          <url>http://s1.evcdn.com/images/block/I0-001/007/434/012-0.jpeg_/junior-marine-biologist-coastal-mammals-marine-sci-12.jpeg</url>
          <width>128</width>
          <height>128</height>
        </block>
        <large>
          <url>http://s1.evcdn.com/images/large/I0-001/007/434/012-0.jpeg_/junior-marine-biologist-coastal-mammals-marine-sci-12.jpeg</url>
          <width>480</width>
          <height>480</height>
        </large>
      </image>
      <categories>
        <category>
          <id>community</id>
          <name>Neighborhood</name>
        </category>
      </categories>
      <subcategories></subcategories>
    </event>
    <event>
      <id>E0-001-061094478-6</id>
      <url>http://eventful.com/york_pa/events/harley-davidson-factory-tour-721-89-/E0-001-061094478-6?utm_source=apis&amp;utm_medium=apim&amp;utm_campaign=apic</url>
      <title>Harley Davidson Factory Tour 7-21 8-9</title>
      <description> &lt;p&gt;Harley Davidson Factory Tour made avaiable exclusively to CVMA members based upon participation.  Not more than 18 persons permitted per tour group.&lt;/p&gt;</description>
      <start_time>2014-06-21 08:00:00</start_time>
      <stop_time>2014-06-21 09:00:00</stop_time>
      <venue_id>V0-001-007290928-4</venue_id>
      <all_day>0</all_day>
      <recur_string></recur_string>
      <created>2013-09-11 02:23:49</created>
      <owner>evdb</owner>
      <privacy>1</privacy>
      <free></free>
      <price>  Harley Davidson Factory Tour 0.00 Harley Davidson Factory Tour 0.00 &lt;br&gt;&lt;br&gt;
</price>
      <modified>2013-09-11 02:23:49</modified>
      <popularity>0004</popularity>
      <performers></performers>
      <tickets>
        <link>
          <url>http://www.eventbrite.com/event/8273567463/eventful/r/eventful</url>
          <description></description>
          <provider>eventbrite.com</provider>
          <time>2013-09-11 02:23:51</time>
        </link>
      </tickets>
      <image>
        <url>http://s3.evcdn.com/images/block/I0-001/014/672/406-1.jpeg_/harley-davidson-factory-tour-721-89-06.jpeg</url>
        <width>128</width>
        <height>128</height>
        <block>
          <url>http://s3.evcdn.com/images/block/I0-001/014/672/406-1.jpeg_/harley-davidson-factory-tour-721-89-06.jpeg</url>
          <width>128</width>
          <height>128</height>
        </block>
        <large>
          <url>http://s3.evcdn.com/images/large/I0-001/014/672/406-1.jpeg_/harley-davidson-factory-tour-721-89-06.jpeg</url>
          <width>480</width>
          <height>480</height>
        </large>
      </image>
      <categories>
        <category>
          <id>other</id>
          <name>Other &amp;amp; Miscellaneous</name>
        </category>
      </categories>
      <subcategories></subcategories>
    </event>
   </events>
  <total_events>585865</total_events>
  <total_venues>144572</total_venues>
  <total_performers>15572</total_performers>
</result>
